[0.027s] Invoking command in '/home/dorson/Documents/github/Doe/src/doe_control/build/doe_control': CMAKE_PREFIX_PATH=${CMAKE_PREFIX_PATH}:/opt/ros/jazzy DEBUGINFOD_URLS=https://debuginfod.ubuntu.com /usr/bin/cmake --build /home/dorson/Documents/github/Doe/src/doe_control/build/doe_control -- -j20 -l20
[0.168s] [ 50%] [32mBuilding CXX object CMakeFiles/thrust_publisher.dir/src/thrust_publisher.cpp.o[0m
[3.906s] [01m[K/home/dorson/Documents/github/Doe/src/doe_control/src/thrust_publisher.cpp:[m[K In member function ‘[01m[Kvoid doe_control::ThrustPublisher::[01;32m[KwrenchCallback[m[K(geometry_msgs::msg::Wrench_<std::allocator<void> >::SharedPtr) const[m[K’:
[3.906s] [01m[K/home/dorson/Documents/github/Doe/src/doe_control/src/thrust_publisher.cpp:122:34:[m[K [01;31m[Kerror: [m[Kno matching function for call to ‘[01m[Kto_string(std_msgs::msg::UInt32_<std::allocator<void> >&)[m[K’
[3.906s]   122 |         std::cout<<[01;31m[Kstd::to_string(signal_msg)[m[K<<std::endl;
[3.906s]       |                    [01;31m[K~~~~~~~~~~~~~~^~~~~~~~~~~~[m[K
[3.906s] In file included from [01m[K/opt/ros/jazzy/include/rclcpp/rclcpp/copy_all_parameter_values.hpp:25[m[K,
[3.906s]                  from [01m[K/opt/ros/jazzy/include/rclcpp/rclcpp/rclcpp.hpp:171[m[K,
[3.906s]                  from [01m[K/home/dorson/Documents/github/Doe/src/doe_control/include/doe_control/thrust_publisher.hpp:9[m[K,
[3.907s]                  from [01m[K/home/dorson/Documents/github/Doe/src/doe_control/src/thrust_publisher.cpp:1[m[K:
[3.907s] [01m[K/opt/ros/jazzy/include/rclcpp/rclcpp/parameter.hpp:289:1:[m[K [01;36m[Knote: [m[Kcandidate: ‘[01m[Kstd::string std::[01;32m[Kto_string[m[K(const rclcpp::Parameter&)[m[K’
[3.907s]   289 | [01;36m[Kto_string[m[K(const rclcpp::Parameter & param);
[3.907s]       | [01;36m[K^~~~~~~~~[m[K
[3.907s] [01m[K/opt/ros/jazzy/include/rclcpp/rclcpp/parameter.hpp:289:37:[m[K [01;36m[Knote: [m[K  no known conversion for argument 1 from ‘[01m[Kstd_msgs::msg::UInt32_<std::allocator<void> >[m[K’ to ‘[01m[Kconst rclcpp::Parameter&[m[K’
[3.907s]   289 | to_string([01;36m[Kconst rclcpp::Parameter & param[m[K);
[3.907s]       |           [01;36m[K~~~~~~~~~~~~~~~~~~~~~~~~~~^~~~~[m[K
[3.907s] [01m[K/opt/ros/jazzy/include/rclcpp/rclcpp/parameter.hpp:294:1:[m[K [01;36m[Knote: [m[Kcandidate: ‘[01m[Kstd::string std::[01;32m[Kto_string[m[K(const vector<rclcpp::Parameter>&)[m[K’
[3.907s]   294 | [01;36m[Kto_string[m[K(const std::vector<rclcpp::Parameter> & parameters);
[3.907s]       | [01;36m[K^~~~~~~~~[m[K
[3.907s] [01m[K/opt/ros/jazzy/include/rclcpp/rclcpp/parameter.hpp:294:50:[m[K [01;36m[Knote: [m[K  no known conversion for argument 1 from ‘[01m[Kstd_msgs::msg::UInt32_<std::allocator<void> >[m[K’ to ‘[01m[Kconst std::vector<rclcpp::Parameter>&[m[K’
[3.908s]   294 | o_string([01;36m[Kconst std::vector<rclcpp::Parameter> & parameters[m[K);
[3.908s]       |          [01;36m[K~~~~~~~~~~~~~~~~~~~~~~~~~~~~~~~~~~~~~~~^~~~~~~~~~[m[K
[3.908s] 
[3.908s] In file included from [01m[K/usr/include/c++/13/string:54[m[K,
[3.908s]                  from [01m[K/usr/local/include/opencv4/opencv2/core/cvstd.hpp:56[m[K,
[3.908s]                  from [01m[K/usr/local/include/opencv4/opencv2/core/base.hpp:58[m[K,
[3.908s]                  from [01m[K/usr/local/include/opencv4/opencv2/core.hpp:53[m[K,
[3.908s]                  from [01m[K/home/dorson/Documents/github/Doe/src/doe_control/include/doe_control/thrust_publisher.hpp:8[m[K:
[3.908s] [01m[K/usr/include/c++/13/bits/basic_string.h:4162:3:[m[K [01;36m[Knote: [m[Kcandidate: ‘[01m[Kstd::string std::__cxx11::[01;32m[Kto_string[m[K(int)[m[K’
[3.908s]  4162 |   [01;36m[Kto_string[m[K(int __val)
[3.908s]       |   [01;36m[K^~~~~~~~~[m[K
[3.908s] [01m[K/usr/include/c++/13/bits/basic_string.h:4162:17:[m[K [01;36m[Knote: [m[K  no known conversion for argument 1 from ‘[01m[Kstd_msgs::msg::UInt32_<std::allocator<void> >[m[K’ to ‘[01m[Kint[m[K’
[3.909s]  4162 |   to_string([01;36m[Kint __val[m[K)
[3.909s]       |             [01;36m[K~~~~^~~~~[m[K
[3.909s] [01m[K/usr/include/c++/13/bits/basic_string.h:4177:3:[m[K [01;36m[Knote: [m[Kcandidate: ‘[01m[Kstd::string std::__cxx11::[01;32m[Kto_string[m[K(unsigned int)[m[K’
[3.909s]  4177 |   [01;36m[Kto_string[m[K(unsigned __val)
[3.909s]       |   [01;36m[K^~~~~~~~~[m[K
[3.909s] [01m[K/usr/include/c++/13/bits/basic_string.h:4177:22:[m[K [01;36m[Knote: [m[K  no known conversion for argument 1 from ‘[01m[Kstd_msgs::msg::UInt32_<std::allocator<void> >[m[K’ to ‘[01m[Kunsigned int[m[K’
[3.909s]  4177 |   to_string([01;36m[Kunsigned __val[m[K)
[3.909s]       |             [01;36m[K~~~~~~~~~^~~~~[m[K
[3.909s] [01m[K/usr/include/c++/13/bits/basic_string.h:4189:3:[m[K [01;36m[Knote: [m[Kcandidate: ‘[01m[Kstd::string std::__cxx11::[01;32m[Kto_string[m[K(long int)[m[K’
[3.909s]  4189 |   [01;36m[Kto_string[m[K(long __val)
[3.909s]       |   [01;36m[K^~~~~~~~~[m[K
[3.909s] [01m[K/usr/include/c++/13/bits/basic_string.h:4189:18:[m[K [01;36m[Knote: [m[K  no known conversion for argument 1 from ‘[01m[Kstd_msgs::msg::UInt32_<std::allocator<void> >[m[K’ to ‘[01m[Klong int[m[K’
[3.910s]  4189 |   to_string([01;36m[Klong __val[m[K)
[3.910s]       |             [01;36m[K~~~~~^~~~~[m[K
[3.910s] [01m[K/usr/include/c++/13/bits/basic_string.h:4204:3:[m[K [01;36m[Knote: [m[Kcandidate: ‘[01m[Kstd::string std::__cxx11::[01;32m[Kto_string[m[K(long unsigned int)[m[K’
[3.910s]  4204 |   [01;36m[Kto_string[m[K(unsigned long __val)
[3.910s]       |   [01;36m[K^~~~~~~~~[m[K
[3.910s] [01m[K/usr/include/c++/13/bits/basic_string.h:4204:27:[m[K [01;36m[Knote: [m[K  no known conversion for argument 1 from ‘[01m[Kstd_msgs::msg::UInt32_<std::allocator<void> >[m[K’ to ‘[01m[Klong unsigned int[m[K’
[3.910s]  4204 |   to_string([01;36m[Kunsigned long __val[m[K)
[3.910s]       |             [01;36m[K~~~~~~~~~~~~~~^~~~~[m[K
[3.910s] [01m[K/usr/include/c++/13/bits/basic_string.h:4216:3:[m[K [01;36m[Knote: [m[Kcandidate: ‘[01m[Kstd::string std::__cxx11::[01;32m[Kto_string[m[K(long long int)[m[K’
[3.910s]  4216 |   [01;36m[Kto_string[m[K(long long __val)
[3.910s]       |   [01;36m[K^~~~~~~~~[m[K
[3.910s] [01m[K/usr/include/c++/13/bits/basic_string.h:4216:23:[m[K [01;36m[Knote: [m[K  no known conversion for argument 1 from ‘[01m[Kstd_msgs::msg::UInt32_<std::allocator<void> >[m[K’ to ‘[01m[Klong long int[m[K’
[3.911s]  4216 |   to_string([01;36m[Klong long __val[m[K)
[3.911s]       |             [01;36m[K~~~~~~~~~~^~~~~[m[K
[3.911s] [01m[K/usr/include/c++/13/bits/basic_string.h:4229:3:[m[K [01;36m[Knote: [m[Kcandidate: ‘[01m[Kstd::string std::__cxx11::[01;32m[Kto_string[m[K(long long unsigned int)[m[K’
[3.911s]  4229 |   [01;36m[Kto_string[m[K(unsigned long long __val)
[3.911s]       |   [01;36m[K^~~~~~~~~[m[K
[3.911s] [01m[K/usr/include/c++/13/bits/basic_string.h:4229:32:[m[K [01;36m[Knote: [m[K  no known conversion for argument 1 from ‘[01m[Kstd_msgs::msg::UInt32_<std::allocator<void> >[m[K’ to ‘[01m[Klong long unsigned int[m[K’
[3.911s]  4229 |   to_string([01;36m[Kunsigned long long __val[m[K)
[3.911s]       |             [01;36m[K~~~~~~~~~~~~~~~~~~~^~~~~[m[K
[3.911s] [01m[K/usr/include/c++/13/bits/basic_string.h:4241:3:[m[K [01;36m[Knote: [m[Kcandidate: ‘[01m[Kstd::string std::__cxx11::[01;32m[Kto_string[m[K(float)[m[K’
[3.911s]  4241 |   [01;36m[Kto_string[m[K(float __val)
[3.911s]       |   [01;36m[K^~~~~~~~~[m[K
[3.911s] [01m[K/usr/include/c++/13/bits/basic_string.h:4241:19:[m[K [01;36m[Knote: [m[K  no known conversion for argument 1 from ‘[01m[Kstd_msgs::msg::UInt32_<std::allocator<void> >[m[K’ to ‘[01m[Kfloat[m[K’
[3.912s]  4241 |   to_string([01;36m[Kfloat __val[m[K)
[3.912s]       |             [01;36m[K~~~~~~^~~~~[m[K
[3.912s] [01m[K/usr/include/c++/13/bits/basic_string.h:4251:3:[m[K [01;36m[Knote: [m[Kcandidate: ‘[01m[Kstd::string std::__cxx11::[01;32m[Kto_string[m[K(double)[m[K’
[3.912s]  4251 |   [01;36m[Kto_string[m[K(double __val)
[3.912s]       |   [01;36m[K^~~~~~~~~[m[K
[3.912s] [01m[K/usr/include/c++/13/bits/basic_string.h:4251:20:[m[K [01;36m[Knote: [m[K  no known conversion for argument 1 from ‘[01m[Kstd_msgs::msg::UInt32_<std::allocator<void> >[m[K’ to ‘[01m[Kdouble[m[K’
[3.912s]  4251 |   to_string([01;36m[Kdouble __val[m[K)
[3.912s]       |             [01;36m[K~~~~~~~^~~~~[m[K
[3.912s] [01m[K/usr/include/c++/13/bits/basic_string.h:4261:3:[m[K [01;36m[Knote: [m[Kcandidate: ‘[01m[Kstd::string std::__cxx11::[01;32m[Kto_string[m[K(long double)[m[K’
[3.912s]  4261 |   [01;36m[Kto_string[m[K(long double __val)
[3.912s]       |   [01;36m[K^~~~~~~~~[m[K
[3.912s] [01m[K/usr/include/c++/13/bits/basic_string.h:4261:25:[m[K [01;36m[Knote: [m[K  no known conversion for argument 1 from ‘[01m[Kstd_msgs::msg::UInt32_<std::allocator<void> >[m[K’ to ‘[01m[Klong double[m[K’
[3.912s]  4261 |   to_string([01;36m[Klong double __val[m[K)
[3.913s]       |             [01;36m[K~~~~~~~~~~~~^~~~~[m[K
[7.821s] gmake[2]: *** [CMakeFiles/thrust_publisher.dir/build.make:76: CMakeFiles/thrust_publisher.dir/src/thrust_publisher.cpp.o] Error 1
[7.821s] gmake[1]: *** [CMakeFiles/Makefile2:137: CMakeFiles/thrust_publisher.dir/all] Error 2
[7.822s] gmake: *** [Makefile:146: all] Error 2
[7.825s] Invoked command in '/home/dorson/Documents/github/Doe/src/doe_control/build/doe_control' returned '2': CMAKE_PREFIX_PATH=${CMAKE_PREFIX_PATH}:/opt/ros/jazzy DEBUGINFOD_URLS=https://debuginfod.ubuntu.com /usr/bin/cmake --build /home/dorson/Documents/github/Doe/src/doe_control/build/doe_control -- -j20 -l20
