[0.024s] Invoking command in '/home/dorson/Documents/github/Doe/src/doe_control/build/doe_control': CMAKE_PREFIX_PATH=${CMAKE_PREFIX_PATH}:/opt/ros/jazzy DEBUGINFOD_URLS=https://debuginfod.ubuntu.com /usr/bin/cmake --build /home/dorson/Documents/github/Doe/src/doe_control/build/doe_control -- -j20 -l20
[0.137s] [ 50%] [32mBuilding CXX object CMakeFiles/thrust_publisher.dir/src/thrust_publisher.cpp.o[0m
[14.743s] [100%] [32m[1mLinking CXX executable thrust_publisher[0m
[15.338s] [100%] Built target thrust_publisher
[15.361s] Invoked command in '/home/dorson/Documents/github/Doe/src/doe_control/build/doe_control' returned '0': CMAKE_PREFIX_PATH=${CMAKE_PREFIX_PATH}:/opt/ros/jazzy DEBUGINFOD_URLS=https://debuginfod.ubuntu.com /usr/bin/cmake --build /home/dorson/Documents/github/Doe/src/doe_control/build/doe_control -- -j20 -l20
[15.429s] Invoking command in '/home/dorson/Documents/github/Doe/src/doe_control/build/doe_control': CMAKE_PREFIX_PATH=${CMAKE_PREFIX_PATH}:/opt/ros/jazzy DEBUGINFOD_URLS=https://debuginfod.ubuntu.com /usr/bin/cmake --install /home/dorson/Documents/github/Doe/src/doe_control/build/doe_control
[15.459s] -- Install configuration: ""
[15.460s] -- Installing: /home/dorson/Documents/github/Doe/src/doe_control/install/doe_control/lib/doe_control/thrust_publisher
[15.481s] -- Set non-toolchain portion of runtime path of "/home/dorson/Documents/github/Doe/src/doe_control/install/doe_control/lib/doe_control/thrust_publisher" to ""
[15.481s] -- Up-to-date: /home/dorson/Documents/github/Doe/src/doe_control/install/doe_control/share/doe_control//launch
[15.481s] -- Up-to-date: /home/dorson/Documents/github/Doe/src/doe_control/install/doe_control/share/doe_control//launch/thrust_publisher_launch.py
[15.481s] -- Up-to-date: /home/dorson/Documents/github/Doe/src/doe_control/install/doe_control/share/doe_control//config
[15.482s] -- Up-to-date: /home/dorson/Documents/github/Doe/src/doe_control/install/doe_control/share/doe_control//config/thruster_config.yaml
[15.482s] -- Up-to-date: /home/dorson/Documents/github/Doe/src/doe_control/install/doe_control/share/ament_index/resource_index/package_run_dependencies/doe_control
[15.482s] -- Up-to-date: /home/dorson/Documents/github/Doe/src/doe_control/install/doe_control/share/ament_index/resource_index/parent_prefix_path/doe_control
[15.482s] -- Up-to-date: /home/dorson/Documents/github/Doe/src/doe_control/install/doe_control/share/doe_control/environment/ament_prefix_path.sh
[15.482s] -- Up-to-date: /home/dorson/Documents/github/Doe/src/doe_control/install/doe_control/share/doe_control/environment/ament_prefix_path.dsv
[15.482s] -- Up-to-date: /home/dorson/Documents/github/Doe/src/doe_control/install/doe_control/share/doe_control/environment/path.sh
[15.483s] -- Up-to-date: /home/dorson/Documents/github/Doe/src/doe_control/install/doe_control/share/doe_control/environment/path.dsv
[15.483s] -- Up-to-date: /home/dorson/Documents/github/Doe/src/doe_control/install/doe_control/share/doe_control/local_setup.bash
[15.483s] -- Up-to-date: /home/dorson/Documents/github/Doe/src/doe_control/install/doe_control/share/doe_control/local_setup.sh
[15.483s] -- Up-to-date: /home/dorson/Documents/github/Doe/src/doe_control/install/doe_control/share/doe_control/local_setup.zsh
[15.483s] -- Up-to-date: /home/dorson/Documents/github/Doe/src/doe_control/install/doe_control/share/doe_control/local_setup.dsv
[15.484s] -- Installing: /home/dorson/Documents/github/Doe/src/doe_control/install/doe_control/share/doe_control/package.dsv
[15.486s] -- Up-to-date: /home/dorson/Documents/github/Doe/src/doe_control/install/doe_control/share/ament_index/resource_index/packages/doe_control
[15.486s] -- Up-to-date: /home/dorson/Documents/github/Doe/src/doe_control/install/doe_control/share/doe_control/cmake/doe_controlConfig.cmake
[15.487s] -- Up-to-date: /home/dorson/Documents/github/Doe/src/doe_control/install/doe_control/share/doe_control/cmake/doe_controlConfig-version.cmake
[15.487s] -- Up-to-date: /home/dorson/Documents/github/Doe/src/doe_control/install/doe_control/share/doe_control/package.xml
[15.490s] Invoked command in '/home/dorson/Documents/github/Doe/src/doe_control/build/doe_control' returned '0': CMAKE_PREFIX_PATH=${CMAKE_PREFIX_PATH}:/opt/ros/jazzy DEBUGINFOD_URLS=https://debuginfod.ubuntu.com /usr/bin/cmake --install /home/dorson/Documents/github/Doe/src/doe_control/build/doe_control
