[0.371s] DEBUG:colcon:Command line arguments: ['/usr/bin/colcon', 'build']
[0.371s] DEBUG:colcon:Parsed command line arguments: Namespace(log_base=None, log_level=None, verb_name='build', build_base='build', install_base='install', merge_install=False, symlink_install=False, test_result_base=None, continue_on_error=False, executor='parallel', parallel_workers=20, event_handlers=None, ignore_user_meta=False, metas=['./colcon.meta'], base_paths=['.'], packages_ignore=None, packages_ignore_regex=None, paths=None, packages_up_to=None, packages_up_to_regex=None, packages_above=None, packages_above_and_dependencies=None, packages_above_depth=None, packages_select_by_dep=None, packages_skip_by_dep=None, packages_skip_up_to=None, packages_select_build_failed=False, packages_skip_build_finished=False, packages_select_test_failures=False, packages_skip_test_passed=False, packages_select=None, packages_skip=None, packages_select_regex=None, packages_skip_regex=None, packages_start=None, packages_end=None, allow_overriding=[], cmake_args=None, cmake_target=None, cmake_target_skip_unavailable=False, cmake_clean_cache=False, cmake_clean_first=False, cmake_force_configure=False, ament_cmake_args=None, catkin_cmake_args=None, catkin_skip_building_tests=False, mixin_files=None, mixin=None, verb_parser=<colcon_mixin.mixin.mixin_argument.MixinArgumentDecorator object at 0x749829d6e600>, verb_extension=<colcon_core.verb.build.BuildVerb object at 0x749829d6e090>, main=<bound method BuildVerb.main of <colcon_core.verb.build.BuildVerb object at 0x749829d6e090>>, mixin_verb=('build',))
[0.457s] Level 1:colcon.colcon_core.package_discovery:discover_packages(colcon_meta) check parameters
[0.457s] Level 1:colcon.colcon_core.package_discovery:discover_packages(recursive) check parameters
[0.457s] Level 1:colcon.colcon_core.package_discovery:discover_packages(ignore) check parameters
[0.457s] Level 1:colcon.colcon_core.package_discovery:discover_packages(path) check parameters
[0.457s] Level 1:colcon.colcon_core.package_discovery:discover_packages(colcon_meta) discover
[0.457s] Level 1:colcon.colcon_core.package_discovery:discover_packages(recursive) discover
[0.457s] INFO:colcon.colcon_core.package_discovery:Crawling recursively for packages in '/home/dorson/Documents/github/Doe/src/doe_control'
[0.457s] Level 1:colcon.colcon_core.package_identification:_identify(.) by extensions ['ignore', 'ignore_ament_install']
[0.458s] Level 1:colcon.colcon_core.package_identification:_identify(.) by extension 'ignore'
[0.458s] Level 1:colcon.colcon_core.package_identification:_identify(.) by extension 'ignore_ament_install'
[0.458s] Level 1:colcon.colcon_core.package_identification:_identify(.) by extensions ['colcon_pkg']
[0.458s] Level 1:colcon.colcon_core.package_identification:_identify(.) by extension 'colcon_pkg'
[0.458s] Level 1:colcon.colcon_core.package_identification:_identify(.) by extensions ['colcon_meta']
[0.458s] Level 1:colcon.colcon_core.package_identification:_identify(.) by extension 'colcon_meta'
[0.458s] Level 1:colcon.colcon_core.package_identification:_identify(.) by extensions ['ros']
[0.458s] Level 1:colcon.colcon_core.package_identification:_identify(.) by extension 'ros'
[0.536s] DEBUG:colcon.colcon_core.package_identification:Package '.' with type 'ros.ament_cmake' and name 'doe_control'
[0.536s] Level 1:colcon.colcon_core.package_discovery:discover_packages(recursive) using defaults
[0.536s] Level 1:colcon.colcon_core.package_discovery:discover_packages(ignore) discover
[0.536s] Level 1:colcon.colcon_core.package_discovery:discover_packages(ignore) using defaults
[0.536s] Level 1:colcon.colcon_core.package_discovery:discover_packages(path) discover
[0.536s] Level 1:colcon.colcon_core.package_discovery:discover_packages(path) using defaults
[0.581s] Level 1:colcon.colcon_core.package_discovery:discover_packages(prefix_path) check parameters
[0.581s] Level 1:colcon.colcon_core.package_discovery:discover_packages(prefix_path) discover
[0.588s] DEBUG:colcon.colcon_installed_package_information.package_discovery:Found 1 installed packages in /home/dorson/Documents/github/Doe/src/doe_control/install
[0.589s] DEBUG:colcon.colcon_installed_package_information.package_discovery:Found 1 installed packages in /home/dorson/Documents/github/Doe/install
[0.592s] DEBUG:colcon.colcon_installed_package_information.package_discovery:Found 413 installed packages in /opt/ros/jazzy
[0.594s] Level 1:colcon.colcon_core.package_discovery:discover_packages(prefix_path) using defaults
[0.685s] Level 5:colcon.colcon_core.verb:set package 'doe_control' build argument 'cmake_args' from command line to 'None'
[0.685s] Level 5:colcon.colcon_core.verb:set package 'doe_control' build argument 'cmake_target' from command line to 'None'
[0.685s] Level 5:colcon.colcon_core.verb:set package 'doe_control' build argument 'cmake_target_skip_unavailable' from command line to 'False'
[0.685s] Level 5:colcon.colcon_core.verb:set package 'doe_control' build argument 'cmake_clean_cache' from command line to 'False'
[0.685s] Level 5:colcon.colcon_core.verb:set package 'doe_control' build argument 'cmake_clean_first' from command line to 'False'
[0.685s] Level 5:colcon.colcon_core.verb:set package 'doe_control' build argument 'cmake_force_configure' from command line to 'False'
[0.685s] Level 5:colcon.colcon_core.verb:set package 'doe_control' build argument 'ament_cmake_args' from command line to 'None'
[0.685s] Level 5:colcon.colcon_core.verb:set package 'doe_control' build argument 'catkin_cmake_args' from command line to 'None'
[0.685s] Level 5:colcon.colcon_core.verb:set package 'doe_control' build argument 'catkin_skip_building_tests' from command line to 'False'
[0.685s] DEBUG:colcon.colcon_core.verb:Building package 'doe_control' with the following arguments: {'ament_cmake_args': None, 'build_base': '/home/dorson/Documents/github/Doe/src/doe_control/build/doe_control', 'catkin_cmake_args': None, 'catkin_skip_building_tests': False, 'cmake_args': None, 'cmake_clean_cache': False, 'cmake_clean_first': False, 'cmake_force_configure': False, 'cmake_target': None, 'cmake_target_skip_unavailable': False, 'install_base': '/home/dorson/Documents/github/Doe/src/doe_control/install/doe_control', 'merge_install': False, 'path': '/home/dorson/Documents/github/Doe/src/doe_control', 'symlink_install': False, 'test_result_base': None}
[0.685s] INFO:colcon.colcon_core.executor:Executing jobs using 'parallel' executor
[0.687s] DEBUG:colcon.colcon_parallel_executor.executor.parallel:run_until_complete
[0.687s] INFO:colcon.colcon_ros.task.ament_cmake.build:Building ROS package in '/home/dorson/Documents/github/Doe/src/doe_control' with build type 'ament_cmake'
[0.688s] INFO:colcon.colcon_cmake.task.cmake.build:Building CMake package in '/home/dorson/Documents/github/Doe/src/doe_control'
[0.695s] INFO:colcon.colcon_core.plugin_system:Skipping extension 'colcon_core.shell.bat': Not used on non-Windows systems
[0.695s] INFO:colcon.colcon_core.shell:Skip shell extension 'powershell' for command environment: Not usable outside of PowerShell
[0.695s] DEBUG:colcon.colcon_core.shell:Skip shell extension 'dsv' for command environment
[0.713s] DEBUG:colcon.colcon_core.event_handler.log_command:Invoking command in '/home/dorson/Documents/github/Doe/src/doe_control/build/doe_control': CMAKE_PREFIX_PATH=${CMAKE_PREFIX_PATH}:/opt/ros/jazzy DEBUGINFOD_URLS=https://debuginfod.ubuntu.com /usr/bin/cmake --build /home/dorson/Documents/github/Doe/src/doe_control/build/doe_control -- -j20 -l20
[15.745s] DEBUG:colcon.colcon_core.event_handler.log_command:Invoked command in '/home/dorson/Documents/github/Doe/src/doe_control/build/doe_control' returned '0': CMAKE_PREFIX_PATH=${CMAKE_PREFIX_PATH}:/opt/ros/jazzy DEBUGINFOD_URLS=https://debuginfod.ubuntu.com /usr/bin/cmake --build /home/dorson/Documents/github/Doe/src/doe_control/build/doe_control -- -j20 -l20
[15.809s] DEBUG:colcon.colcon_core.event_handler.log_command:Invoking command in '/home/dorson/Documents/github/Doe/src/doe_control/build/doe_control': CMAKE_PREFIX_PATH=${CMAKE_PREFIX_PATH}:/opt/ros/jazzy DEBUGINFOD_URLS=https://debuginfod.ubuntu.com /usr/bin/cmake --install /home/dorson/Documents/github/Doe/src/doe_control/build/doe_control
[15.833s] Level 1:colcon.colcon_core.environment:create_environment_scripts_only(doe_control)
[15.834s] DEBUG:colcon.colcon_core.event_handler.log_command:Invoked command in '/home/dorson/Documents/github/Doe/src/doe_control/build/doe_control' returned '0': CMAKE_PREFIX_PATH=${CMAKE_PREFIX_PATH}:/opt/ros/jazzy DEBUGINFOD_URLS=https://debuginfod.ubuntu.com /usr/bin/cmake --install /home/dorson/Documents/github/Doe/src/doe_control/build/doe_control
[15.839s] Level 1:colcon.colcon_core.environment:checking '/home/dorson/Documents/github/Doe/src/doe_control/install/doe_control' for CMake module files
[15.840s] Level 1:colcon.colcon_core.environment:checking '/home/dorson/Documents/github/Doe/src/doe_control/install/doe_control' for CMake config files
[15.840s] Level 1:colcon.colcon_core.shell:create_environment_hook('doe_control', 'cmake_prefix_path')
[15.840s] INFO:colcon.colcon_core.shell:Creating environment hook '/home/dorson/Documents/github/Doe/src/doe_control/install/doe_control/share/doe_control/hook/cmake_prefix_path.ps1'
[15.841s] INFO:colcon.colcon_core.shell:Creating environment descriptor '/home/dorson/Documents/github/Doe/src/doe_control/install/doe_control/share/doe_control/hook/cmake_prefix_path.dsv'
[15.842s] INFO:colcon.colcon_core.shell:Creating environment hook '/home/dorson/Documents/github/Doe/src/doe_control/install/doe_control/share/doe_control/hook/cmake_prefix_path.sh'
[15.843s] Level 1:colcon.colcon_core.environment:checking '/home/dorson/Documents/github/Doe/src/doe_control/install/doe_control/lib'
[15.844s] Level 1:colcon.colcon_core.environment:checking '/home/dorson/Documents/github/Doe/src/doe_control/install/doe_control/bin'
[15.844s] Level 1:colcon.colcon_core.environment:checking '/home/dorson/Documents/github/Doe/src/doe_control/install/doe_control/lib/pkgconfig/doe_control.pc'
[15.844s] Level 1:colcon.colcon_core.environment:checking '/home/dorson/Documents/github/Doe/src/doe_control/install/doe_control/lib/python3.12/site-packages'
[15.844s] Level 1:colcon.colcon_core.environment:checking '/home/dorson/Documents/github/Doe/src/doe_control/install/doe_control/bin'
[15.845s] INFO:colcon.colcon_core.shell:Creating package script '/home/dorson/Documents/github/Doe/src/doe_control/install/doe_control/share/doe_control/package.ps1'
[15.846s] INFO:colcon.colcon_core.shell:Creating package descriptor '/home/dorson/Documents/github/Doe/src/doe_control/install/doe_control/share/doe_control/package.dsv'
[15.847s] INFO:colcon.colcon_core.shell:Creating package script '/home/dorson/Documents/github/Doe/src/doe_control/install/doe_control/share/doe_control/package.sh'
[15.847s] INFO:colcon.colcon_core.shell:Creating package script '/home/dorson/Documents/github/Doe/src/doe_control/install/doe_control/share/doe_control/package.bash'
[15.848s] INFO:colcon.colcon_core.shell:Creating package script '/home/dorson/Documents/github/Doe/src/doe_control/install/doe_control/share/doe_control/package.zsh'
[15.849s] Level 1:colcon.colcon_core.environment:create_file_with_runtime_dependencies(/home/dorson/Documents/github/Doe/src/doe_control/install/doe_control/share/colcon-core/packages/doe_control)
[15.900s] Level 1:colcon.colcon_core.environment:create_environment_scripts_only(doe_control)
[15.900s] Level 1:colcon.colcon_core.environment:checking '/home/dorson/Documents/github/Doe/src/doe_control/install/doe_control' for CMake module files
[15.901s] Level 1:colcon.colcon_core.environment:checking '/home/dorson/Documents/github/Doe/src/doe_control/install/doe_control' for CMake config files
[15.902s] Level 1:colcon.colcon_core.shell:create_environment_hook('doe_control', 'cmake_prefix_path')
[15.902s] INFO:colcon.colcon_core.shell:Creating environment hook '/home/dorson/Documents/github/Doe/src/doe_control/install/doe_control/share/doe_control/hook/cmake_prefix_path.ps1'
[15.902s] INFO:colcon.colcon_core.shell:Creating environment descriptor '/home/dorson/Documents/github/Doe/src/doe_control/install/doe_control/share/doe_control/hook/cmake_prefix_path.dsv'
[15.903s] INFO:colcon.colcon_core.shell:Creating environment hook '/home/dorson/Documents/github/Doe/src/doe_control/install/doe_control/share/doe_control/hook/cmake_prefix_path.sh'
[15.904s] Level 1:colcon.colcon_core.environment:checking '/home/dorson/Documents/github/Doe/src/doe_control/install/doe_control/lib'
[15.904s] Level 1:colcon.colcon_core.environment:checking '/home/dorson/Documents/github/Doe/src/doe_control/install/doe_control/bin'
[15.904s] Level 1:colcon.colcon_core.environment:checking '/home/dorson/Documents/github/Doe/src/doe_control/install/doe_control/lib/pkgconfig/doe_control.pc'
[15.905s] Level 1:colcon.colcon_core.environment:checking '/home/dorson/Documents/github/Doe/src/doe_control/install/doe_control/lib/python3.12/site-packages'
[15.905s] Level 1:colcon.colcon_core.environment:checking '/home/dorson/Documents/github/Doe/src/doe_control/install/doe_control/bin'
[15.905s] INFO:colcon.colcon_core.shell:Creating package script '/home/dorson/Documents/github/Doe/src/doe_control/install/doe_control/share/doe_control/package.ps1'
[15.906s] INFO:colcon.colcon_core.shell:Creating package descriptor '/home/dorson/Documents/github/Doe/src/doe_control/install/doe_control/share/doe_control/package.dsv'
[15.907s] INFO:colcon.colcon_core.shell:Creating package script '/home/dorson/Documents/github/Doe/src/doe_control/install/doe_control/share/doe_control/package.sh'
[15.907s] INFO:colcon.colcon_core.shell:Creating package script '/home/dorson/Documents/github/Doe/src/doe_control/install/doe_control/share/doe_control/package.bash'
[15.908s] INFO:colcon.colcon_core.shell:Creating package script '/home/dorson/Documents/github/Doe/src/doe_control/install/doe_control/share/doe_control/package.zsh'
[15.908s] Level 1:colcon.colcon_core.environment:create_file_with_runtime_dependencies(/home/dorson/Documents/github/Doe/src/doe_control/install/doe_control/share/colcon-core/packages/doe_control)
[15.908s] DEBUG:colcon.colcon_parallel_executor.executor.parallel:closing loop
[15.909s] DEBUG:colcon.colcon_parallel_executor.executor.parallel:loop closed
[15.909s] DEBUG:colcon.colcon_parallel_executor.executor.parallel:run_until_complete finished with '0'
[15.909s] DEBUG:colcon.colcon_core.event_reactor:joining thread
[15.922s] INFO:colcon.colcon_core.plugin_system:Skipping extension 'colcon_notification.desktop_notification.terminal_notifier': Not used on non-Darwin systems
[15.923s] INFO:colcon.colcon_core.plugin_system:Skipping extension 'colcon_notification.desktop_notification.win32': Not used on non-Windows systems
[15.923s] INFO:colcon.colcon_notification.desktop_notification:Sending desktop notification using 'notify2'
[15.948s] DEBUG:colcon.colcon_core.event_reactor:joined thread
[15.949s] INFO:colcon.colcon_core.shell:Creating prefix script '/home/dorson/Documents/github/Doe/src/doe_control/install/local_setup.ps1'
[15.950s] INFO:colcon.colcon_core.shell:Creating prefix util module '/home/dorson/Documents/github/Doe/src/doe_control/install/_local_setup_util_ps1.py'
[15.951s] INFO:colcon.colcon_core.shell:Creating prefix chain script '/home/dorson/Documents/github/Doe/src/doe_control/install/setup.ps1'
[15.953s] INFO:colcon.colcon_core.shell:Creating prefix script '/home/dorson/Documents/github/Doe/src/doe_control/install/local_setup.sh'
[15.954s] INFO:colcon.colcon_core.shell:Creating prefix util module '/home/dorson/Documents/github/Doe/src/doe_control/install/_local_setup_util_sh.py'
[15.955s] INFO:colcon.colcon_core.shell:Creating prefix chain script '/home/dorson/Documents/github/Doe/src/doe_control/install/setup.sh'
[15.956s] INFO:colcon.colcon_core.shell:Creating prefix script '/home/dorson/Documents/github/Doe/src/doe_control/install/local_setup.bash'
[15.957s] INFO:colcon.colcon_core.shell:Creating prefix chain script '/home/dorson/Documents/github/Doe/src/doe_control/install/setup.bash'
[15.958s] INFO:colcon.colcon_core.shell:Creating prefix script '/home/dorson/Documents/github/Doe/src/doe_control/install/local_setup.zsh'
[15.959s] INFO:colcon.colcon_core.shell:Creating prefix chain script '/home/dorson/Documents/github/Doe/src/doe_control/install/setup.zsh'
