[0.712s] Invoking command in '/home/dorson/Documents/github/Doe/src/doe_teleop': DEBUGINFOD_URLS=https://debuginfod.ubuntu.com PYTHONPATH=/home/dorson/Documents/github/Doe/src/doe_teleop/build/doe_teleop/prefix_override:/usr/lib/python3/dist-packages/colcon_core/task/python/colcon_distutils_commands:/home/dorson/Documents/github/Doe/src/doe_teleop/install/doe_teleop/lib/python3.12/site-packages:${PYTHONPATH} /usr/bin/python3 -W ignore:setup.py install is deprecated setup.py egg_info --egg-base build/doe_teleop build --build-base /home/dorson/Documents/github/Doe/src/doe_teleop/build/doe_teleop/build install --record /home/dorson/Documents/github/Doe/src/doe_teleop/build/doe_teleop/install.log --single-version-externally-managed install_data
[0.918s] running egg_info
[0.932s] writing build/doe_teleop/doe_teleop.egg-info/PKG-INFO
[0.938s] writing dependency_links to build/doe_teleop/doe_teleop.egg-info/dependency_links.txt
[0.938s] writing entry points to build/doe_teleop/doe_teleop.egg-info/entry_points.txt
[0.938s] writing requirements to build/doe_teleop/doe_teleop.egg-info/requires.txt
[0.938s] writing top-level names to build/doe_teleop/doe_teleop.egg-info/top_level.txt
[0.965s] reading manifest file 'build/doe_teleop/doe_teleop.egg-info/SOURCES.txt'
[0.966s] writing manifest file 'build/doe_teleop/doe_teleop.egg-info/SOURCES.txt'
[0.966s] running build
[0.966s] running build_py
[0.967s] copying doe_teleop/keyboard_teleop.py -> /home/dorson/Documents/github/Doe/src/doe_teleop/build/doe_teleop/build/lib/doe_teleop
[0.967s] running install
[0.971s] running install_lib
[0.985s] copying /home/dorson/Documents/github/Doe/src/doe_teleop/build/doe_teleop/build/lib/doe_teleop/keyboard_teleop.py -> /home/dorson/Documents/github/Doe/src/doe_teleop/install/doe_teleop/lib/python3.12/site-packages/doe_teleop
[0.986s] byte-compiling /home/dorson/Documents/github/Doe/src/doe_teleop/install/doe_teleop/lib/python3.12/site-packages/doe_teleop/keyboard_teleop.py to keyboard_teleop.cpython-312.pyc
[0.987s] running install_data
[0.987s] running install_egg_info
[1.001s] removing '/home/dorson/Documents/github/Doe/src/doe_teleop/install/doe_teleop/lib/python3.12/site-packages/doe_teleop-0.0.0-py3.12.egg-info' (and everything under it)
[1.001s] Copying build/doe_teleop/doe_teleop.egg-info to /home/dorson/Documents/github/Doe/src/doe_teleop/install/doe_teleop/lib/python3.12/site-packages/doe_teleop-0.0.0-py3.12.egg-info
[1.002s] running install_scripts
[1.096s] Installing keyboard_teleop script to /home/dorson/Documents/github/Doe/src/doe_teleop/install/doe_teleop/lib/doe_teleop
[1.096s] writing list of installed files to '/home/dorson/Documents/github/Doe/src/doe_teleop/build/doe_teleop/install.log'
[1.126s] Invoked command in '/home/dorson/Documents/github/Doe/src/doe_teleop' returned '0': DEBUGINFOD_URLS=https://debuginfod.ubuntu.com PYTHONPATH=/home/dorson/Documents/github/Doe/src/doe_teleop/build/doe_teleop/prefix_override:/usr/lib/python3/dist-packages/colcon_core/task/python/colcon_distutils_commands:/home/dorson/Documents/github/Doe/src/doe_teleop/install/doe_teleop/lib/python3.12/site-packages:${PYTHONPATH} /usr/bin/python3 -W ignore:setup.py install is deprecated setup.py egg_info --egg-base build/doe_teleop build --build-base /home/dorson/Documents/github/Doe/src/doe_teleop/build/doe_teleop/build install --record /home/dorson/Documents/github/Doe/src/doe_teleop/build/doe_teleop/install.log --single-version-externally-managed install_data
