[0.022s] Invoking command in '/home/dorson/Documents/github/Doe/src/doe_control/build/doe_control': CMAKE_PREFIX_PATH=${CMAKE_PREFIX_PATH}:/opt/ros/jazzy DEBUGINFOD_URLS=https://debuginfod.ubuntu.com /usr/bin/cmake --build /home/dorson/Documents/github/Doe/src/doe_control/build/doe_control -- -j20 -l20
[0.130s] [100%] Built target thrust_publisher
[0.153s] Invoked command in '/home/dorson/Documents/github/Doe/src/doe_control/build/doe_control' returned '0': CMAKE_PREFIX_PATH=${CMAKE_PREFIX_PATH}:/opt/ros/jazzy DEBUGINFOD_URLS=https://debuginfod.ubuntu.com /usr/bin/cmake --build /home/dorson/Documents/github/Doe/src/doe_control/build/doe_control -- -j20 -l20
[0.219s] Invoking command in '/home/dorson/Documents/github/Doe/src/doe_control/build/doe_control': CMAKE_PREFIX_PATH=${CMAKE_PREFIX_PATH}:/opt/ros/jazzy DEBUGINFOD_URLS=https://debuginfod.ubuntu.com /usr/bin/cmake --install /home/dorson/Documents/github/Doe/src/doe_control/build/doe_control
[0.232s] -- Install configuration: ""
[0.232s] -- Up-to-date: /home/dorson/Documents/github/Doe/src/doe_control/install/doe_control/lib/doe_control/thrust_publisher
[0.233s] -- Up-to-date: /home/dorson/Documents/github/Doe/src/doe_control/install/doe_control/share/doe_control//launch
[0.233s] -- Up-to-date: /home/dorson/Documents/github/Doe/src/doe_control/install/doe_control/share/doe_control//launch/thrust_publisher_launch.py
[0.233s] -- Up-to-date: /home/dorson/Documents/github/Doe/src/doe_control/install/doe_control/share/doe_control//config
[0.233s] -- Installing: /home/dorson/Documents/github/Doe/src/doe_control/install/doe_control/share/doe_control//config/thruster_config.yaml
[0.234s] -- Up-to-date: /home/dorson/Documents/github/Doe/src/doe_control/install/doe_control/share/ament_index/resource_index/package_run_dependencies/doe_control
[0.234s] -- Up-to-date: /home/dorson/Documents/github/Doe/src/doe_control/install/doe_control/share/ament_index/resource_index/parent_prefix_path/doe_control
[0.234s] -- Up-to-date: /home/dorson/Documents/github/Doe/src/doe_control/install/doe_control/share/doe_control/environment/ament_prefix_path.sh
[0.234s] -- Up-to-date: /home/dorson/Documents/github/Doe/src/doe_control/install/doe_control/share/doe_control/environment/ament_prefix_path.dsv
[0.234s] -- Up-to-date: /home/dorson/Documents/github/Doe/src/doe_control/install/doe_control/share/doe_control/environment/path.sh
[0.234s] -- Up-to-date: /home/dorson/Documents/github/Doe/src/doe_control/install/doe_control/share/doe_control/environment/path.dsv
[0.234s] -- Up-to-date: /home/dorson/Documents/github/Doe/src/doe_control/install/doe_control/share/doe_control/local_setup.bash
[0.234s] -- Up-to-date: /home/dorson/Documents/github/Doe/src/doe_control/install/doe_control/share/doe_control/local_setup.sh
[0.235s] -- Up-to-date: /home/dorson/Documents/github/Doe/src/doe_control/install/doe_control/share/doe_control/local_setup.zsh
[0.235s] -- Up-to-date: /home/dorson/Documents/github/Doe/src/doe_control/install/doe_control/share/doe_control/local_setup.dsv
[0.235s] -- Installing: /home/dorson/Documents/github/Doe/src/doe_control/install/doe_control/share/doe_control/package.dsv
[0.235s] -- Up-to-date: /home/dorson/Documents/github/Doe/src/doe_control/install/doe_control/share/ament_index/resource_index/packages/doe_control
[0.235s] -- Up-to-date: /home/dorson/Documents/github/Doe/src/doe_control/install/doe_control/share/doe_control/cmake/doe_controlConfig.cmake
[0.235s] -- Up-to-date: /home/dorson/Documents/github/Doe/src/doe_control/install/doe_control/share/doe_control/cmake/doe_controlConfig-version.cmake
[0.235s] -- Up-to-date: /home/dorson/Documents/github/Doe/src/doe_control/install/doe_control/share/doe_control/package.xml
[0.236s] Invoked command in '/home/dorson/Documents/github/Doe/src/doe_control/build/doe_control' returned '0': CMAKE_PREFIX_PATH=${CMAKE_PREFIX_PATH}:/opt/ros/jazzy DEBUGINFOD_URLS=https://debuginfod.ubuntu.com /usr/bin/cmake --install /home/dorson/Documents/github/Doe/src/doe_control/build/doe_control
