[0.014s] Invoking command in '/home/dorson/Documents/github/Doe/src/doe_simulation/build/doe_simulation': CMAKE_PREFIX_PATH=${CMAKE_PREFIX_PATH}:/opt/ros/jazzy DEBUGINFOD_URLS=https://debuginfod.ubuntu.com /usr/bin/cmake --build /home/dorson/Documents/github/Doe/src/doe_simulation/build/doe_simulation -- -j20 -l20
[0.215s] -- Found ament_cmake: 2.5.2 (/opt/ros/jazzy/share/ament_cmake/cmake)
[0.556s] -- Found ros_gz: 1.0.7 (/opt/ros/jazzy/share/ros_gz/cmake)
[0.557s] -- Found rclcpp: 28.1.5 (/opt/ros/jazzy/share/rclcpp/cmake)
[0.590s] -- Found rosidl_generator_c: 4.6.4 (/opt/ros/jazzy/share/rosidl_generator_c/cmake)
[0.599s] -- Found rosidl_generator_cpp: 4.6.4 (/opt/ros/jazzy/share/rosidl_generator_cpp/cmake)
[0.612s] -- Using all available rosidl_typesupport_c: rosidl_typesupport_fastrtps_c;rosidl_typesupport_introspection_c
[0.627s] -- Using all available rosidl_typesupport_cpp: rosidl_typesupport_fastrtps_cpp;rosidl_typesupport_introspection_cpp
[0.696s] -- Found rmw_implementation_cmake: 7.3.1 (/opt/ros/jazzy/share/rmw_implementation_cmake/cmake)
[0.698s] -- Found rmw_fastrtps_cpp: 8.4.1 (/opt/ros/jazzy/share/rmw_fastrtps_cpp/cmake)
[0.787s] -- Using RMW implementation 'rmw_fastrtps_cpp' as default
[0.902s] -- Found rclcpp_components: 28.1.5 (/opt/ros/jazzy/share/rclcpp_components/cmake)
[0.949s] -- Found geometry_msgs: 5.3.5 (/opt/ros/jazzy/share/geometry_msgs/cmake)
[0.993s] -- Found sensor_msgs: 5.3.5 (/opt/ros/jazzy/share/sensor_msgs/cmake)
[1.019s] -- Found nav_msgs: 5.3.5 (/opt/ros/jazzy/share/nav_msgs/cmake)
[1.055s] -- Looking for gz-plugin2 -- found version 2.0.3
[1.055s] -- Searching for dependencies of gz-plugin2
[1.056s] -- Looking for gz-utils2 -- found version 2.2.0
[1.056s] -- Searching for dependencies of gz-utils2
[1.056s] -- Searching for <gz-utils2> component [cli]
[1.057s] -- Looking for gz-utils2-cli -- found version 2.2.0
[1.057s] -- Searching for dependencies of gz-utils2-cli
[1.058s] -- Searching for <gz-plugin2> component [register]
[1.059s] -- Looking for gz-plugin2-register -- found version 2.0.3
[1.059s] -- Searching for dependencies of gz-plugin2-register
[1.059s] -- Looking for gz-plugin2 - found
[1.060s] 
[1.168s] -- Configuring done (1.1s)
[1.262s] [31mCMake Error at CMakeLists.txt:41 (target_link_libraries):
[1.262s]   Target "thruster_driver_plugin" links to:
[1.262s] 
[1.263s]     gz-common::gz-common
[1.263s] 
[1.263s]   but the target was not found.  Possible reasons include:
[1.263s] 
[1.263s]     * There is a typo in the target name.
[1.263s]     * A find_package call is missing for an IMPORTED target.
[1.263s]     * An ALIAS target is missing.
[1.263s] 
[1.263s] 
[1.264s] [0m
[1.264s] -- Generating done (0.1s)
[1.264s] [0mCMake Generate step failed.  Build files cannot be regenerated correctly.[0m
[1.273s] gmake: *** [Makefile:289: cmake_check_build_system] Error 1
[1.275s] Invoked command in '/home/dorson/Documents/github/Doe/src/doe_simulation/build/doe_simulation' returned '2': CMAKE_PREFIX_PATH=${CMAKE_PREFIX_PATH}:/opt/ros/jazzy DEBUGINFOD_URLS=https://debuginfod.ubuntu.com /usr/bin/cmake --build /home/dorson/Documents/github/Doe/src/doe_simulation/build/doe_simulation -- -j20 -l20
