running egg_info
creating build/doe_teleop/doe_teleop.egg-info
writing build/doe_teleop/doe_teleop.egg-info/PKG-INFO
writing dependency_links to build/doe_teleop/doe_teleop.egg-info/dependency_links.txt
writing entry points to build/doe_teleop/doe_teleop.egg-info/entry_points.txt
writing requirements to build/doe_teleop/doe_teleop.egg-info/requires.txt
writing top-level names to build/doe_teleop/doe_teleop.egg-info/top_level.txt
writing manifest file 'build/doe_teleop/doe_teleop.egg-info/SOURCES.txt'
reading manifest file 'build/doe_teleop/doe_teleop.egg-info/SOURCES.txt'
writing manifest file 'build/doe_teleop/doe_teleop.egg-info/SOURCES.txt'
running build
running build_py
creating /home/dorson/Documents/github/Doe/src/doe_teleop/build/doe_teleop/build
creating /home/dorson/Documents/github/Doe/src/doe_teleop/build/doe_teleop/build/lib
creating /home/dorson/Documents/github/Doe/src/doe_teleop/build/doe_teleop/build/lib/doe_teleop
copying doe_teleop/keyboard_teleop.py -> /home/dorson/Documents/github/Doe/src/doe_teleop/build/doe_teleop/build/lib/doe_teleop
copying doe_teleop/__init__.py -> /home/dorson/Documents/github/Doe/src/doe_teleop/build/doe_teleop/build/lib/doe_teleop
running install
running install_lib
creating /home/dorson/Documents/github/Doe/src/doe_teleop/install/doe_teleop/lib/python3.12/site-packages/doe_teleop
copying /home/dorson/Documents/github/Doe/src/doe_teleop/build/doe_teleop/build/lib/doe_teleop/keyboard_teleop.py -> /home/dorson/Documents/github/Doe/src/doe_teleop/install/doe_teleop/lib/python3.12/site-packages/doe_teleop
copying /home/dorson/Documents/github/Doe/src/doe_teleop/build/doe_teleop/build/lib/doe_teleop/__init__.py -> /home/dorson/Documents/github/Doe/src/doe_teleop/install/doe_teleop/lib/python3.12/site-packages/doe_teleop
byte-compiling /home/dorson/Documents/github/Doe/src/doe_teleop/install/doe_teleop/lib/python3.12/site-packages/doe_teleop/keyboard_teleop.py to keyboard_teleop.cpython-312.pyc
byte-compiling /home/dorson/Documents/github/Doe/src/doe_teleop/install/doe_teleop/lib/python3.12/site-packages/doe_teleop/__init__.py to __init__.cpython-312.pyc
running install_data
creating /home/dorson/Documents/github/Doe/src/doe_teleop/install/doe_teleop/share/ament_index
creating /home/dorson/Documents/github/Doe/src/doe_teleop/install/doe_teleop/share/ament_index/resource_index
creating /home/dorson/Documents/github/Doe/src/doe_teleop/install/doe_teleop/share/ament_index/resource_index/packages
copying resource/doe_teleop -> /home/dorson/Documents/github/Doe/src/doe_teleop/install/doe_teleop/share/ament_index/resource_index/packages
copying package.xml -> /home/dorson/Documents/github/Doe/src/doe_teleop/install/doe_teleop/share/doe_teleop
running install_egg_info
Copying build/doe_teleop/doe_teleop.egg-info to /home/dorson/Documents/github/Doe/src/doe_teleop/install/doe_teleop/lib/python3.12/site-packages/doe_teleop-0.0.0-py3.12.egg-info
running install_scripts
Installing keyboard_teleop script to /home/dorson/Documents/github/Doe/src/doe_teleop/install/doe_teleop/lib/doe_teleop
writing list of installed files to '/home/dorson/Documents/github/Doe/src/doe_teleop/build/doe_teleop/install.log'
