[0.580s] Invoking command in '/home/dorson/Documents/github/Doe/src/doe_teleop': DEBUGINFOD_URLS=https://debuginfod.ubuntu.com PYTHONPATH=/home/dorson/Documents/github/Doe/src/doe_teleop/build/doe_teleop/prefix_override:/usr/lib/python3/dist-packages/colcon_core/task/python/colcon_distutils_commands:/home/dorson/Documents/github/Doe/src/doe_teleop/install/doe_teleop/lib/python3.12/site-packages:${PYTHONPATH} /usr/bin/python3 -W ignore:setup.py install is deprecated setup.py egg_info --egg-base build/doe_teleop build --build-base /home/dorson/Documents/github/Doe/src/doe_teleop/build/doe_teleop/build install --record /home/dorson/Documents/github/Doe/src/doe_teleop/build/doe_teleop/install.log --single-version-externally-managed install_data
[0.761s] running egg_info
[0.762s] creating build/doe_teleop/doe_teleop.egg-info
[0.774s] writing build/doe_teleop/doe_teleop.egg-info/PKG-INFO
[0.774s] writing dependency_links to build/doe_teleop/doe_teleop.egg-info/dependency_links.txt
[0.774s] writing entry points to build/doe_teleop/doe_teleop.egg-info/entry_points.txt
[0.774s] writing requirements to build/doe_teleop/doe_teleop.egg-info/requires.txt
[0.774s] writing top-level names to build/doe_teleop/doe_teleop.egg-info/top_level.txt
[0.775s] writing manifest file 'build/doe_teleop/doe_teleop.egg-info/SOURCES.txt'
[0.800s] reading manifest file 'build/doe_teleop/doe_teleop.egg-info/SOURCES.txt'
[0.800s] writing manifest file 'build/doe_teleop/doe_teleop.egg-info/SOURCES.txt'
[0.801s] running build
[0.801s] running build_py
[0.801s] creating /home/dorson/Documents/github/Doe/src/doe_teleop/build/doe_teleop/build
[0.801s] creating /home/dorson/Documents/github/Doe/src/doe_teleop/build/doe_teleop/build/lib
[0.801s] creating /home/dorson/Documents/github/Doe/src/doe_teleop/build/doe_teleop/build/lib/doe_teleop
[0.801s] copying doe_teleop/keyboard_teleop.py -> /home/dorson/Documents/github/Doe/src/doe_teleop/build/doe_teleop/build/lib/doe_teleop
[0.801s] copying doe_teleop/__init__.py -> /home/dorson/Documents/github/Doe/src/doe_teleop/build/doe_teleop/build/lib/doe_teleop
[0.801s] running install
[0.806s] running install_lib
[0.819s] creating /home/dorson/Documents/github/Doe/src/doe_teleop/install/doe_teleop/lib/python3.12/site-packages/doe_teleop
[0.819s] copying /home/dorson/Documents/github/Doe/src/doe_teleop/build/doe_teleop/build/lib/doe_teleop/keyboard_teleop.py -> /home/dorson/Documents/github/Doe/src/doe_teleop/install/doe_teleop/lib/python3.12/site-packages/doe_teleop
[0.819s] copying /home/dorson/Documents/github/Doe/src/doe_teleop/build/doe_teleop/build/lib/doe_teleop/__init__.py -> /home/dorson/Documents/github/Doe/src/doe_teleop/install/doe_teleop/lib/python3.12/site-packages/doe_teleop
[0.819s] byte-compiling /home/dorson/Documents/github/Doe/src/doe_teleop/install/doe_teleop/lib/python3.12/site-packages/doe_teleop/keyboard_teleop.py to keyboard_teleop.cpython-312.pyc
[0.819s] byte-compiling /home/dorson/Documents/github/Doe/src/doe_teleop/install/doe_teleop/lib/python3.12/site-packages/doe_teleop/__init__.py to __init__.cpython-312.pyc
[0.819s] running install_data
[0.820s] creating /home/dorson/Documents/github/Doe/src/doe_teleop/install/doe_teleop/share/ament_index
[0.820s] creating /home/dorson/Documents/github/Doe/src/doe_teleop/install/doe_teleop/share/ament_index/resource_index
[0.820s] creating /home/dorson/Documents/github/Doe/src/doe_teleop/install/doe_teleop/share/ament_index/resource_index/packages
[0.820s] copying resource/doe_teleop -> /home/dorson/Documents/github/Doe/src/doe_teleop/install/doe_teleop/share/ament_index/resource_index/packages
[0.820s] copying package.xml -> /home/dorson/Documents/github/Doe/src/doe_teleop/install/doe_teleop/share/doe_teleop
[0.820s] running install_egg_info
[0.833s] Copying build/doe_teleop/doe_teleop.egg-info to /home/dorson/Documents/github/Doe/src/doe_teleop/install/doe_teleop/lib/python3.12/site-packages/doe_teleop-0.0.0-py3.12.egg-info
[0.834s] running install_scripts
[0.921s] Installing keyboard_teleop script to /home/dorson/Documents/github/Doe/src/doe_teleop/install/doe_teleop/lib/doe_teleop
[0.921s] writing list of installed files to '/home/dorson/Documents/github/Doe/src/doe_teleop/build/doe_teleop/install.log'
[0.942s] Invoked command in '/home/dorson/Documents/github/Doe/src/doe_teleop' returned '0': DEBUGINFOD_URLS=https://debuginfod.ubuntu.com PYTHONPATH=/home/dorson/Documents/github/Doe/src/doe_teleop/build/doe_teleop/prefix_override:/usr/lib/python3/dist-packages/colcon_core/task/python/colcon_distutils_commands:/home/dorson/Documents/github/Doe/src/doe_teleop/install/doe_teleop/lib/python3.12/site-packages:${PYTHONPATH} /usr/bin/python3 -W ignore:setup.py install is deprecated setup.py egg_info --egg-base build/doe_teleop build --build-base /home/dorson/Documents/github/Doe/src/doe_teleop/build/doe_teleop/build install --record /home/dorson/Documents/github/Doe/src/doe_teleop/build/doe_teleop/install.log --single-version-externally-managed install_data
