[0.014s] Invoking command in '/home/dorson/Documents/github/Doe/src/doe_simulation/build/doe_simulation': CMAKE_PREFIX_PATH=${CMAKE_PREFIX_PATH}:/opt/ros/jazzy DEBUGINFOD_URLS=https://debuginfod.ubuntu.com /usr/bin/cmake --build /home/dorson/Documents/github/Doe/src/doe_simulation/build/doe_simulation -- -j20 -l20
[0.059s] -- Found ament_cmake: 2.5.2 (/opt/ros/jazzy/share/ament_cmake/cmake)
[0.389s] -- Found ros_gz: 1.0.7 (/opt/ros/jazzy/share/ros_gz/cmake)
[0.389s] -- Found rclcpp: 28.1.5 (/opt/ros/jazzy/share/rclcpp/cmake)
[0.434s] -- Found rosidl_generator_c: 4.6.4 (/opt/ros/jazzy/share/rosidl_generator_c/cmake)
[0.445s] -- Found rosidl_generator_cpp: 4.6.4 (/opt/ros/jazzy/share/rosidl_generator_cpp/cmake)
[0.456s] -- Using all available rosidl_typesupport_c: rosidl_typesupport_fastrtps_c;rosidl_typesupport_introspection_c
[0.469s] -- Using all available rosidl_typesupport_cpp: rosidl_typesupport_fastrtps_cpp;rosidl_typesupport_introspection_cpp
[0.530s] -- Found rmw_implementation_cmake: 7.3.1 (/opt/ros/jazzy/share/rmw_implementation_cmake/cmake)
[0.532s] -- Found rmw_fastrtps_cpp: 8.4.1 (/opt/ros/jazzy/share/rmw_fastrtps_cpp/cmake)
[0.616s] -- Using RMW implementation 'rmw_fastrtps_cpp' as default
[0.696s] -- Found rclcpp_components: 28.1.5 (/opt/ros/jazzy/share/rclcpp_components/cmake)
[0.724s] -- Found geometry_msgs: 5.3.5 (/opt/ros/jazzy/share/geometry_msgs/cmake)
[0.754s] -- Found sensor_msgs: 5.3.5 (/opt/ros/jazzy/share/sensor_msgs/cmake)
[0.779s] -- Found nav_msgs: 5.3.5 (/opt/ros/jazzy/share/nav_msgs/cmake)
[0.811s] -- Looking for gz-plugin2 -- found version 2.0.3
[0.811s] -- Searching for dependencies of gz-plugin2
[0.812s] -- Looking for gz-utils2 -- found version 2.2.0
[0.812s] -- Searching for dependencies of gz-utils2
[0.812s] -- Searching for <gz-utils2> component [cli]
[0.813s] -- Looking for gz-utils2-cli -- found version 2.2.0
[0.813s] -- Searching for dependencies of gz-utils2-cli
[0.814s] -- Searching for <gz-plugin2> component [register]
[0.814s] -- Looking for gz-plugin2-register -- found version 2.0.3
[0.814s] -- Searching for dependencies of gz-plugin2-register
[0.815s] -- Looking for gz-plugin2 - found
[0.815s] 
[0.815s] -- Looking for gz-sim8 -- found version 8.7.0
[0.816s] -- Searching for dependencies of gz-sim8
[0.816s] -- Looking for sdformat14 -- found version 14.5.0
[0.816s] -- Searching for dependencies of sdformat14
[0.821s] -- Checking for module 'tinyxml2'
[0.838s] --   Found tinyxml2, version 10.0.0
[0.892s] -- Looking for gz-math7 -- found version 7.5.1
[0.892s] -- Searching for dependencies of gz-math7
[0.893s] -- Looking for gz-utils2 -- found version 2.2.0
[0.895s] -- Looking for gz-utils2 -- found version 2.2.0
[0.897s] -- Looking for gz-plugin2 -- found version 2.0.3
[0.897s] -- Searching for dependencies of gz-plugin2
[0.898s] -- Looking for gz-utils2 -- found version 2.2.0
[0.898s] -- Searching for <gz-plugin2> component [loader]
[0.899s] -- Looking for gz-plugin2-loader -- found version 2.0.3
[0.899s] -- Searching for dependencies of gz-plugin2-loader
[0.900s] -- Searching for <gz-plugin2> component [register]
[0.901s] -- Looking for gz-transport13 -- found version 13.4.0
[0.901s] -- Searching for dependencies of gz-transport13
[0.948s] -- Config-file not installed for ZeroMQ -- checking for pkg-config
[0.956s] -- Checking for module 'libzmq >= 4'
[0.980s] --   Found libzmq, version 4.3.5
[1.063s] -- Checking for module 'uuid'
[1.086s] --   Found uuid, version 2.39.3
[1.145s] -- Looking for gz-utils2 -- found version 2.2.0
[1.145s] -- Looking for gz-msgs10 -- found version 10.3.1
[1.146s] -- Searching for dependencies of gz-msgs10
[1.180s] -- Looking for gz-utils2 -- found version 2.2.0
[1.181s] -- Looking for gz-math7 -- found version 7.5.1
[1.417s] -- Searching for <gz-transport13> component [log]
[1.417s] -- Looking for gz-transport13-log -- found version 13.4.0
[1.418s] -- Searching for dependencies of gz-transport13-log
[1.419s] -- Searching for <gz-transport13> component [parameters]
[1.419s] -- Looking for gz-transport13-parameters -- found version 13.4.0
[1.419s] -- Searching for dependencies of gz-transport13-parameters
[1.421s] -- Looking for gz-msgs10 -- found version 10.3.1
[1.422s] -- Looking for gz-common5 -- found version 5.7.0
[1.422s] -- Searching for dependencies of gz-common5
[1.423s] -- Looking for gz-utils2 -- found version 2.2.0
[1.423s] -- Looking for dlfcn.h - found
[1.423s] -- Looking for libdl - found
[1.437s] -- Searching for <gz-common5> component [av]
[1.438s] -- Looking for gz-common5-av -- found version 5.7.0
[1.438s] -- Searching for dependencies of gz-common5-av
[1.447s] -- Checking for module 'libswscale'
[1.473s] --   Found libswscale, version 7.5.100
[1.542s] -- Checking for module 'libavdevice >= 56.4.100'
[1.566s] --   Found libavdevice, version 60.3.100
[1.650s] -- Checking for module 'libavformat'
[1.676s] --   Found libavformat, version 60.16.100
[1.752s] -- Checking for module 'libavcodec'
[1.777s] --   Found libavcodec, version 60.31.102
[1.849s] -- Checking for module 'libavutil'
[1.873s] --   Found libavutil, version 58.29.100
[1.932s] -- Searching for <gz-common5> component [events]
[1.933s] -- Looking for gz-common5-events -- found version 5.7.0
[1.934s] -- Searching for dependencies of gz-common5-events
[1.935s] -- Looking for gz-math7 -- found version 7.5.1
[1.936s] -- Searching for <gz-common5> component [graphics]
[1.937s] -- Looking for gz-common5-graphics -- found version 5.7.0
[1.937s] -- Searching for dependencies of gz-common5-graphics
[1.938s] -- Looking for gz-math7 -- found version 7.5.1
[1.944s] -- Searching for <gz-common5> component [io]
[1.944s] -- Looking for gz-common5-io -- found version 5.7.0
[1.945s] -- Searching for dependencies of gz-common5-io
[1.945s] -- Searching for <gz-common5> component [profiler]
[1.946s] -- Looking for gz-common5-profiler -- found version 5.7.0
[1.946s] -- Searching for dependencies of gz-common5-profiler
[1.948s] -- Looking for gz-fuel_tools9 -- found version 9.1.0
[1.948s] -- Searching for dependencies of gz-fuel_tools9
[2.035s] -- Checking for module 'jsoncpp'
[2.061s] --   Found jsoncpp, version 1.9.5
[2.151s] -- Checking for module 'yaml-0.1'
[2.176s] --   Found yaml-0.1, version 0.2.5
[2.247s] -- Checking for module 'libzip'
[2.272s] --   Found libzip, version 1.7.3
[2.334s] -- Looking for gz-utils2 -- found version 2.2.0
[2.335s] -- Looking for gz-common5 -- found version 5.7.0
[2.335s] -- Searching for dependencies of gz-common5
[2.336s] -- Looking for gz-utils2 -- found version 2.2.0
[2.336s] -- Looking for dlfcn.h - found
[2.336s] -- Looking for libdl - found
[2.349s] -- Searching for <gz-common5> component [testing]
[2.350s] -- Looking for gz-common5-testing -- found version 5.7.0
[2.350s] -- Searching for dependencies of gz-common5-testing
[2.352s] -- Looking for gz-math7 -- found version 7.5.1
[2.352s] -- Looking for gz-msgs10 -- found version 10.3.1
[2.354s] -- Looking for gz-gui8 -- found version 8.3.0
[2.354s] -- Searching for dependencies of gz-gui8
[2.395s] -- Looking for gz-utils2 -- found version 2.2.0
[2.395s] -- Looking for gz-math7 -- found version 7.5.1
[2.396s] -- Looking for gz-common5 -- found version 5.7.0
[2.396s] -- Looking for gz-plugin2 -- found version 2.0.3
[2.397s] -- Looking for gz-transport13 -- found version 13.4.0
[2.398s] -- Looking for gz-rendering8 -- found version 8.2.1
[2.398s] -- Searching for dependencies of gz-rendering8
[2.398s] -- Looking for gz-math7 -- found version 7.5.1
[2.399s] -- Searching for dependencies of gz-math7
[2.399s] -- Looking for gz-utils2 -- found version 2.2.0
[2.399s] -- Searching for <gz-math7> component [eigen3]
[2.400s] -- Looking for gz-math7-eigen3 -- found version 7.5.1
[2.400s] -- Searching for dependencies of gz-math7-eigen3
[2.403s] -- Looking for gz-common5 -- found version 5.7.0
[2.403s] -- Searching for dependencies of gz-common5
[2.404s] -- Looking for gz-utils2 -- found version 2.2.0
[2.404s] -- Looking for dlfcn.h - found
[2.404s] -- Looking for libdl - found
[2.419s] -- Searching for <gz-common5> component [graphics]
[2.419s] -- Searching for <gz-common5> component [events]
[2.419s] -- Searching for <gz-common5> component [geospatial]
[2.420s] -- Looking for gz-common5-geospatial -- found version 5.7.0
[2.420s] -- Searching for dependencies of gz-common5-geospatial
[2.421s] -- Looking for gz-math7 -- found version 7.5.1
[2.422s] -- Looking for gz-common5 -- found version 5.7.0
[2.424s] -- Looking for gz-plugin2 -- found version 2.0.3
[2.424s] -- Searching for dependencies of gz-plugin2
[2.425s] -- Looking for gz-utils2 -- found version 2.2.0
[2.426s] -- Searching for <gz-plugin2> component [all]
[2.426s] -- Looking for all libraries of gz-plugin2 -- found version 2.0.3
[2.427s] -- Looking for gz-plugin2 -- found version 2.0.3
[2.430s] -- Looking for gz-utils2 -- found version 2.2.0
[2.435s] -- Looking for gz-msgs10 -- found version 10.3.1
[2.460s] -- Looking for gz-physics7 -- found version 7.4.0
[2.460s] -- Searching for dependencies of gz-physics7
[2.460s] -- Looking for gz-common5 -- found version 5.7.0
[2.461s] -- Looking for gz-math7 -- found version 7.5.1
[2.462s] -- Looking for gz-plugin2 -- found version 2.0.3
[2.462s] -- Looking for gz-utils2 -- found version 2.2.0
[2.463s] -- Searching for <gz-physics7> component [heightmap]
[2.464s] -- Looking for gz-physics7-heightmap -- found version 7.4.0
[2.464s] -- Searching for dependencies of gz-physics7-heightmap
[2.465s] -- Looking for gz-common5 -- found version 5.7.0
[2.465s] -- Searching for <gz-physics7> component [mesh]
[2.466s] -- Looking for gz-physics7-mesh -- found version 7.4.0
[2.466s] -- Searching for dependencies of gz-physics7-mesh
[2.466s] -- Looking for gz-common5 -- found version 5.7.0
[2.467s] -- Searching for <gz-physics7> component [sdf]
[2.467s] -- Looking for gz-physics7-sdf -- found version 7.4.0
[2.467s] -- Searching for dependencies of gz-physics7-sdf
[2.468s] -- Looking for sdformat14 -- found version 14.5.0
[2.469s] -- Looking for gz-sensors8 -- found version 8.2.1
[2.469s] -- Searching for dependencies of gz-sensors8
[2.490s] -- Looking for gz-math7 -- found version 7.5.1
[2.490s] -- Looking for gz-common5 -- found version 5.7.0
[2.491s] -- Looking for gz-transport13 -- found version 13.4.0
[2.491s] -- Looking for gz-rendering8 -- found version 8.2.1
[2.491s] -- Looking for gz-msgs10 -- found version 10.3.1
[2.492s] -- Looking for sdformat14 -- found version 14.5.0
[2.492s] -- Searching for <gz-sensors8> component [air_pressure]
[2.493s] -- Looking for gz-sensors8-air_pressure -- found version 8.2.1
[2.493s] -- Searching for dependencies of gz-sensors8-air_pressure
[2.493s] -- Searching for <gz-sensors8> component [air_speed]
[2.494s] -- Looking for gz-sensors8-air_speed -- found version 8.2.1
[2.494s] -- Searching for dependencies of gz-sensors8-air_speed
[2.495s] -- Searching for <gz-sensors8> component [altimeter]
[2.495s] -- Looking for gz-sensors8-altimeter -- found version 8.2.1
[2.495s] -- Searching for dependencies of gz-sensors8-altimeter
[2.496s] -- Searching for <gz-sensors8> component [imu]
[2.496s] -- Looking for gz-sensors8-imu -- found version 8.2.1
[2.496s] -- Searching for dependencies of gz-sensors8-imu
[2.497s] -- Searching for <gz-sensors8> component [force_torque]
[2.498s] -- Looking for gz-sensors8-force_torque -- found version 8.2.1
[2.498s] -- Searching for dependencies of gz-sensors8-force_torque
[2.498s] -- Searching for <gz-sensors8> component [logical_camera]
[2.499s] -- Looking for gz-sensors8-logical_camera -- found version 8.2.1
[2.499s] -- Searching for dependencies of gz-sensors8-logical_camera
[2.500s] -- Searching for <gz-sensors8> component [magnetometer]
[2.501s] -- Looking for gz-sensors8-magnetometer -- found version 8.2.1
[2.501s] -- Searching for dependencies of gz-sensors8-magnetometer
[2.501s] -- Searching for <gz-sensors8> component [navsat]
[2.502s] -- Looking for gz-sensors8-navsat -- found version 8.2.1
[2.502s] -- Searching for dependencies of gz-sensors8-navsat
[2.503s] -- Searching for <gz-sensors8> component [dvl]
[2.504s] -- Looking for gz-sensors8-dvl -- found version 8.2.1
[2.504s] -- Searching for dependencies of gz-sensors8-dvl
[2.505s] -- Looking for gz-sensors8 -- found version 8.2.1
[2.505s] -- Searching for dependencies of gz-sensors8
[2.540s] -- Looking for gz-math7 -- found version 7.5.1
[2.541s] -- Looking for gz-common5 -- found version 5.7.0
[2.542s] -- Looking for gz-transport13 -- found version 13.4.0
[2.542s] -- Looking for gz-rendering8 -- found version 8.2.1
[2.543s] -- Looking for gz-msgs10 -- found version 10.3.1
[2.544s] -- Looking for sdformat14 -- found version 14.5.0
[2.544s] -- Searching for <gz-sensors8> component [rendering]
[2.545s] -- Looking for gz-sensors8-rendering -- found version 8.2.1
[2.545s] -- Searching for dependencies of gz-sensors8-rendering
[2.546s] -- Searching for <gz-sensors8> component [rendering]
[2.547s] -- Searching for <gz-sensors8> component [lidar]
[2.547s] -- Looking for gz-sensors8-lidar -- found version 8.2.1
[2.548s] -- Searching for dependencies of gz-sensors8-lidar
[2.548s] -- Looking for gz-sensors8 -- found version 8.2.1
[2.549s] -- Searching for <gz-sensors8> component [gpu_lidar]
[2.550s] -- Looking for gz-sensors8-gpu_lidar -- found version 8.2.1
[2.550s] -- Searching for dependencies of gz-sensors8-gpu_lidar
[2.551s] -- Looking for gz-sensors8 -- found version 8.2.1
[2.551s] -- Searching for <gz-sensors8> component [camera]
[2.552s] -- Looking for gz-sensors8-camera -- found version 8.2.1
[2.552s] -- Searching for dependencies of gz-sensors8-camera
[2.553s] -- Looking for gz-sensors8 -- found version 8.2.1
[2.554s] -- Searching for <gz-sensors8> component [boundingbox_camera]
[2.555s] -- Looking for gz-sensors8-boundingbox_camera -- found version 8.2.1
[2.555s] -- Searching for dependencies of gz-sensors8-boundingbox_camera
[2.556s] -- Searching for <gz-sensors8> component [segmentation_camera]
[2.556s] -- Looking for gz-sensors8-segmentation_camera -- found version 8.2.1
[2.556s] -- Searching for dependencies of gz-sensors8-segmentation_camera
[2.557s] -- Searching for <gz-sensors8> component [depth_camera]
[2.558s] -- Looking for gz-sensors8-depth_camera -- found version 8.2.1
[2.558s] -- Searching for dependencies of gz-sensors8-depth_camera
[2.559s] -- Looking for gz-sensors8 -- found version 8.2.1
[2.560s] -- Searching for <gz-sensors8> component [rgbd_camera]
[2.560s] -- Looking for gz-sensors8-rgbd_camera -- found version 8.2.1
[2.560s] -- Searching for dependencies of gz-sensors8-rgbd_camera
[2.561s] -- Looking for gz-sensors8 -- found version 8.2.1
[2.562s] -- Searching for <gz-sensors8> component [thermal_camera]
[2.563s] -- Looking for gz-sensors8-thermal_camera -- found version 8.2.1
[2.564s] -- Searching for dependencies of gz-sensors8-thermal_camera
[2.564s] -- Looking for gz-sensors8 -- found version 8.2.1
[2.565s] -- Searching for <gz-sensors8> component [wide_angle_camera]
[2.566s] -- Looking for gz-sensors8-wide_angle_camera -- found version 8.2.1
[2.566s] -- Searching for dependencies of gz-sensors8-wide_angle_camera
[2.568s] -- Looking for gz-rendering8 -- found version 8.2.1
[2.569s] -- Looking for gz-math7 -- found version 7.5.1
[2.569s] -- Looking for gz-utils2 -- found version 2.2.0
[2.599s] -- Looking for gz-sim8 - found
[2.599s] 
[2.722s] -- Configuring done (2.7s)
[2.806s] -- Generating done (0.1s)
[2.808s] -- Build files have been written to: /home/dorson/Documents/github/Doe/src/doe_simulation/build/doe_simulation
[2.889s] [100%] Built target thruster_driver_plugin
[2.905s] Invoked command in '/home/dorson/Documents/github/Doe/src/doe_simulation/build/doe_simulation' returned '0': CMAKE_PREFIX_PATH=${CMAKE_PREFIX_PATH}:/opt/ros/jazzy DEBUGINFOD_URLS=https://debuginfod.ubuntu.com /usr/bin/cmake --build /home/dorson/Documents/github/Doe/src/doe_simulation/build/doe_simulation -- -j20 -l20
[2.975s] Invoking command in '/home/dorson/Documents/github/Doe/src/doe_simulation/build/doe_simulation': CMAKE_PREFIX_PATH=${CMAKE_PREFIX_PATH}:/opt/ros/jazzy DEBUGINFOD_URLS=https://debuginfod.ubuntu.com /usr/bin/cmake --install /home/dorson/Documents/github/Doe/src/doe_simulation/build/doe_simulation
[2.989s] -- Install configuration: ""
[2.989s] -- Up-to-date: /home/dorson/Documents/github/Doe/src/doe_simulation/install/doe_simulation/share/doe_simulation/environment/library_path.sh
[2.990s] -- Up-to-date: /home/dorson/Documents/github/Doe/src/doe_simulation/install/doe_simulation/share/doe_simulation/environment/library_path.dsv
[2.990s] -- Up-to-date: /home/dorson/Documents/github/Doe/src/doe_simulation/install/doe_simulation/lib/doe_simulation/libthruster_driver_plugin.so
[2.990s] -- Installing: /home/dorson/Documents/github/Doe/src/doe_simulation/install/doe_simulation/share/doe_simulation//launch
[2.990s] -- Installing: /home/dorson/Documents/github/Doe/src/doe_simulation/install/doe_simulation/share/doe_simulation//launch/gazebo_launch.py
[2.990s] -- Installing: /home/dorson/Documents/github/Doe/src/doe_simulation/install/doe_simulation/share/doe_simulation/gazebo/worlds
[2.990s] -- Installing: /home/dorson/Documents/github/Doe/src/doe_simulation/install/doe_simulation/share/doe_simulation/gazebo/worlds/cube.world
[2.991s] -- Installing: /home/dorson/Documents/github/Doe/src/doe_simulation/install/doe_simulation/share/doe_simulation/gazebo/worlds/competition.world
[2.991s] -- Installing: /home/dorson/Documents/github/Doe/src/doe_simulation/install/doe_simulation/share/doe_simulation/gazebo/worlds/thruster_test.world
[2.991s] -- Installing: /home/dorson/Documents/github/Doe/src/doe_simulation/install/doe_simulation/share/doe_simulation/gazebo/models
[2.991s] -- Installing: /home/dorson/Documents/github/Doe/src/doe_simulation/install/doe_simulation/share/doe_simulation/gazebo/models/gate
[2.991s] -- Installing: /home/dorson/Documents/github/Doe/src/doe_simulation/install/doe_simulation/share/doe_simulation/gazebo/models/gate/model.sdf
[2.992s] -- Installing: /home/dorson/Documents/github/Doe/src/doe_simulation/install/doe_simulation/share/doe_simulation/gazebo/models/gate/model.config
[2.992s] -- Installing: /home/dorson/Documents/github/Doe/src/doe_simulation/install/doe_simulation/share/doe_simulation/gazebo/models/gate/meshes
[2.992s] -- Installing: /home/dorson/Documents/github/Doe/src/doe_simulation/install/doe_simulation/share/doe_simulation/gazebo/models/gate/meshes/horCylinderRed.dae
[2.992s] -- Installing: /home/dorson/Documents/github/Doe/src/doe_simulation/install/doe_simulation/share/doe_simulation/gazebo/models/gate/meshes/vertCylinder.dae
[2.992s] -- Installing: /home/dorson/Documents/github/Doe/src/doe_simulation/install/doe_simulation/share/doe_simulation/gazebo/models/gate/meshes/horCylinderBlack.dae
[2.993s] -- Installing: /home/dorson/Documents/github/Doe/src/doe_simulation/install/doe_simulation/share/doe_simulation/gazebo/models/gate/meshes/centrePanel.dae
[2.993s] -- Installing: /home/dorson/Documents/github/Doe/src/doe_simulation/install/doe_simulation/share/doe_simulation/gazebo/models/gate/meshes/banner.dae
[2.993s] -- Installing: /home/dorson/Documents/github/Doe/src/doe_simulation/install/doe_simulation/share/doe_simulation/gazebo/models/triton_auv
[2.993s] -- Installing: /home/dorson/Documents/github/Doe/src/doe_simulation/install/doe_simulation/share/doe_simulation/gazebo/models/triton_auv/model.sdf
[2.993s] -- Installing: /home/dorson/Documents/github/Doe/src/doe_simulation/install/doe_simulation/share/doe_simulation/gazebo/models/triton_auv/model.config
[2.993s] -- Installing: /home/dorson/Documents/github/Doe/src/doe_simulation/install/doe_simulation/share/doe_simulation/gazebo/models/triton_frame
[2.994s] -- Installing: /home/dorson/Documents/github/Doe/src/doe_simulation/install/doe_simulation/share/doe_simulation/gazebo/models/triton_frame/model.sdf
[2.994s] -- Installing: /home/dorson/Documents/github/Doe/src/doe_simulation/install/doe_simulation/share/doe_simulation/gazebo/models/triton_frame/model.config
[2.994s] -- Installing: /home/dorson/Documents/github/Doe/src/doe_simulation/install/doe_simulation/share/doe_simulation/gazebo/models/triton_frame/meshes
[2.994s] -- Installing: /home/dorson/Documents/github/Doe/src/doe_simulation/install/doe_simulation/share/doe_simulation/gazebo/models/triton_frame/meshes/triton_frame.STL
[3.012s] -- Installing: /home/dorson/Documents/github/Doe/src/doe_simulation/install/doe_simulation/share/doe_simulation/gazebo/models/triton_frame/meshes/triton_frame.dae
[3.039s] -- Installing: /home/dorson/Documents/github/Doe/src/doe_simulation/install/doe_simulation/share/doe_simulation/gazebo/models/steelhead.sdf
[3.040s] -- Installing: /home/dorson/Documents/github/Doe/src/doe_simulation/install/doe_simulation/share/doe_simulation/gazebo/models/cube_thruster
[3.040s] -- Installing: /home/dorson/Documents/github/Doe/src/doe_simulation/install/doe_simulation/share/doe_simulation/gazebo/models/cube_thruster/model.sdf
[3.040s] -- Installing: /home/dorson/Documents/github/Doe/src/doe_simulation/install/doe_simulation/share/doe_simulation/gazebo/models/cube_thruster/model.config
[3.041s] -- Installing: /home/dorson/Documents/github/Doe/src/doe_simulation/install/doe_simulation/share/doe_simulation/gazebo/models/triton_thruster
[3.041s] -- Installing: /home/dorson/Documents/github/Doe/src/doe_simulation/install/doe_simulation/share/doe_simulation/gazebo/models/triton_thruster/model.sdf
[3.042s] -- Installing: /home/dorson/Documents/github/Doe/src/doe_simulation/install/doe_simulation/share/doe_simulation/gazebo/models/triton_thruster/model.config
[3.042s] -- Installing: /home/dorson/Documents/github/Doe/src/doe_simulation/install/doe_simulation/share/doe_simulation/gazebo/models/triton_thruster/meshes
[3.042s] -- Installing: /home/dorson/Documents/github/Doe/src/doe_simulation/install/doe_simulation/share/doe_simulation/gazebo/models/triton_thruster/meshes/triton_thruster.dae
[3.066s] -- Installing: /home/dorson/Documents/github/Doe/src/doe_simulation/install/doe_simulation/share/doe_simulation/gazebo/models/triton_thruster/meshes/triton_thruster.STL
[3.077s] -- Installing: /home/dorson/Documents/github/Doe/src/doe_simulation/install/doe_simulation/share/doe_simulation/gazebo/models/cube_auv
[3.077s] -- Installing: /home/dorson/Documents/github/Doe/src/doe_simulation/install/doe_simulation/share/doe_simulation/gazebo/models/cube_auv/model.sdf
[3.078s] -- Installing: /home/dorson/Documents/github/Doe/src/doe_simulation/install/doe_simulation/share/doe_simulation/gazebo/models/cube_auv/model.config
[3.078s] -- Installing: /home/dorson/Documents/github/Doe/src/doe_simulation/install/doe_simulation/share/doe_simulation/gazebo/models/cube_auv/model.urdf
[3.078s] -- Installing: /home/dorson/Documents/github/Doe/src/doe_simulation/install/doe_simulation/share/ament_index/resource_index/package_run_dependencies/doe_simulation
[3.078s] -- Up-to-date: /home/dorson/Documents/github/Doe/src/doe_simulation/install/doe_simulation/share/ament_index/resource_index/parent_prefix_path/doe_simulation
[3.079s] -- Up-to-date: /home/dorson/Documents/github/Doe/src/doe_simulation/install/doe_simulation/share/doe_simulation/environment/ament_prefix_path.sh
[3.079s] -- Up-to-date: /home/dorson/Documents/github/Doe/src/doe_simulation/install/doe_simulation/share/doe_simulation/environment/ament_prefix_path.dsv
[3.079s] -- Up-to-date: /home/dorson/Documents/github/Doe/src/doe_simulation/install/doe_simulation/share/doe_simulation/environment/path.sh
[3.079s] -- Up-to-date: /home/dorson/Documents/github/Doe/src/doe_simulation/install/doe_simulation/share/doe_simulation/environment/path.dsv
[3.079s] -- Up-to-date: /home/dorson/Documents/github/Doe/src/doe_simulation/install/doe_simulation/share/doe_simulation/local_setup.bash
[3.079s] -- Installing: /home/dorson/Documents/github/Doe/src/doe_simulation/install/doe_simulation/share/doe_simulation/local_setup.sh
[3.080s] -- Up-to-date: /home/dorson/Documents/github/Doe/src/doe_simulation/install/doe_simulation/share/doe_simulation/local_setup.zsh
[3.081s] -- Installing: /home/dorson/Documents/github/Doe/src/doe_simulation/install/doe_simulation/share/doe_simulation/local_setup.dsv
[3.081s] -- Installing: /home/dorson/Documents/github/Doe/src/doe_simulation/install/doe_simulation/share/doe_simulation/package.dsv
[3.081s] -- Up-to-date: /home/dorson/Documents/github/Doe/src/doe_simulation/install/doe_simulation/share/ament_index/resource_index/packages/doe_simulation
[3.081s] -- Installing: /home/dorson/Documents/github/Doe/src/doe_simulation/install/doe_simulation/share/doe_simulation/cmake/ament_cmake_export_libraries-extras.cmake
[3.081s] -- Installing: /home/dorson/Documents/github/Doe/src/doe_simulation/install/doe_simulation/share/doe_simulation/cmake/doe_simulationConfig.cmake
[3.082s] -- Up-to-date: /home/dorson/Documents/github/Doe/src/doe_simulation/install/doe_simulation/share/doe_simulation/cmake/doe_simulationConfig-version.cmake
[3.082s] -- Installing: /home/dorson/Documents/github/Doe/src/doe_simulation/install/doe_simulation/share/doe_simulation/package.xml
[3.082s] Invoked command in '/home/dorson/Documents/github/Doe/src/doe_simulation/build/doe_simulation' returned '0': CMAKE_PREFIX_PATH=${CMAKE_PREFIX_PATH}:/opt/ros/jazzy DEBUGINFOD_URLS=https://debuginfod.ubuntu.com /usr/bin/cmake --install /home/dorson/Documents/github/Doe/src/doe_simulation/build/doe_simulation
