[0.014s] Invoking command in '/home/dorson/Documents/github/Doe/src/doe_control/build/doe_control': CMAKE_PREFIX_PATH=${CMAKE_PREFIX_PATH}:/opt/ros/jazzy DEBUGINFOD_URLS=https://debuginfod.ubuntu.com /usr/bin/cmake --build /home/dorson/Documents/github/Doe/src/doe_control/build/doe_control -- -j20 -l20
[0.047s] -- Found ament_cmake: 2.5.2 (/opt/ros/jazzy/share/ament_cmake/cmake)
[0.271s] -- Found rclcpp: 28.1.5 (/opt/ros/jazzy/share/rclcpp/cmake)
[0.303s] -- Found rosidl_generator_c: 4.6.4 (/opt/ros/jazzy/share/rosidl_generator_c/cmake)
[0.311s] -- Found rosidl_generator_cpp: 4.6.4 (/opt/ros/jazzy/share/rosidl_generator_cpp/cmake)
[0.323s] -- Using all available rosidl_typesupport_c: rosidl_typesupport_fastrtps_c;rosidl_typesupport_introspection_c
[0.335s] -- Using all available rosidl_typesupport_cpp: rosidl_typesupport_fastrtps_cpp;rosidl_typesupport_introspection_cpp
[0.390s] -- Found rmw_implementation_cmake: 7.3.1 (/opt/ros/jazzy/share/rmw_implementation_cmake/cmake)
[0.391s] -- Found rmw_fastrtps_cpp: 8.4.1 (/opt/ros/jazzy/share/rmw_fastrtps_cpp/cmake)
[0.471s] -- Using RMW implementation 'rmw_fastrtps_cpp' as default
[0.531s] -- Found rclcpp_components: 28.1.5 (/opt/ros/jazzy/share/rclcpp_components/cmake)
[0.559s] -- Found geometry_msgs: 5.3.5 (/opt/ros/jazzy/share/geometry_msgs/cmake)
[0.588s] -- Found sensor_msgs: 5.3.5 (/opt/ros/jazzy/share/sensor_msgs/cmake)
[0.610s] -- Found nav_msgs: 5.3.5 (/opt/ros/jazzy/share/nav_msgs/cmake)
[0.640s] -- Found tf2: 0.36.4 (/opt/ros/jazzy/share/tf2/cmake)
[0.643s] -- Found ament_lint_auto: 0.17.1 (/opt/ros/jazzy/share/ament_lint_auto/cmake)
[0.765s] -- Added test 'cppcheck' to perform static code analysis on C / C++ code
[0.765s] -- Configured cppcheck include dirs: /home/dorson/Documents/github/Doe/src/doe_control/include
[0.765s] -- Configured cppcheck exclude dirs and/or files: 
[0.767s] -- Added test 'flake8' to check Python code syntax and style conventions
[0.767s] -- Configured 'flake8' exclude dirs and/or files: 
[0.770s] -- Added test 'lint_cmake' to check CMake code style
[0.771s] -- Added test 'pep257' to check Python code against some of the docstring style conventions in PEP 257
[0.779s] -- Added test 'uncrustify' to check C / C++ code style
[0.779s] -- Configured uncrustify additional arguments: 
[0.781s] -- Added test 'xmllint' to check XML markup files
[0.782s] -- Configuring done (0.7s)
[0.793s] -- Generating done (0.0s)
[0.795s] -- Build files have been written to: /home/dorson/Documents/github/Doe/src/doe_control/build/doe_control
[0.843s] [100%] Built target thrust_publisher
[0.859s] Invoked command in '/home/dorson/Documents/github/Doe/src/doe_control/build/doe_control' returned '0': CMAKE_PREFIX_PATH=${CMAKE_PREFIX_PATH}:/opt/ros/jazzy DEBUGINFOD_URLS=https://debuginfod.ubuntu.com /usr/bin/cmake --build /home/dorson/Documents/github/Doe/src/doe_control/build/doe_control -- -j20 -l20
[0.914s] Invoking command in '/home/dorson/Documents/github/Doe/src/doe_control/build/doe_control': CMAKE_PREFIX_PATH=${CMAKE_PREFIX_PATH}:/opt/ros/jazzy DEBUGINFOD_URLS=https://debuginfod.ubuntu.com /usr/bin/cmake --install /home/dorson/Documents/github/Doe/src/doe_control/build/doe_control
[0.923s] -- Install configuration: ""
[0.923s] -- Installing: /home/dorson/Documents/github/Doe/src/doe_control/install/doe_control/share/doe_control//launch
[0.923s] -- Installing: /home/dorson/Documents/github/Doe/src/doe_control/install/doe_control/share/doe_control//launch/thrust_allocator_launch.py
[0.923s] [31mCMake Error at cmake_install.cmake:46 (file):
[0.923s]   file INSTALL cannot find
[0.923s]   "/home/dorson/Documents/github/Doe/src/doe_control/config": No such file or
[0.923s]   directory.
[0.923s] 
[0.923s] [0m
[0.924s] Invoked command in '/home/dorson/Documents/github/Doe/src/doe_control/build/doe_control' returned '1': CMAKE_PREFIX_PATH=${CMAKE_PREFIX_PATH}:/opt/ros/jazzy DEBUGINFOD_URLS=https://debuginfod.ubuntu.com /usr/bin/cmake --install /home/dorson/Documents/github/Doe/src/doe_control/build/doe_control
