[0.010s] Invoking command in '/home/dorson/Documents/github/Doe/src/doe_simulation/build/doe_simulation': CMAKE_PREFIX_PATH=${CMAKE_PREFIX_PATH}:/opt/ros/jazzy DEBUGINFOD_URLS=https://debuginfod.ubuntu.com /usr/bin/cmake --build /home/dorson/Documents/github/Doe/src/doe_simulation/build/doe_simulation -- -j20 -l20
[0.034s] -- Found ament_cmake: 2.5.2 (/opt/ros/jazzy/share/ament_cmake/cmake)
[0.200s] -- Found ros_gz: 1.0.7 (/opt/ros/jazzy/share/ros_gz/cmake)
[0.201s] -- Found rclcpp: 28.1.5 (/opt/ros/jazzy/share/rclcpp/cmake)
[0.222s] -- Found rosidl_generator_c: 4.6.4 (/opt/ros/jazzy/share/rosidl_generator_c/cmake)
[0.228s] -- Found rosidl_generator_cpp: 4.6.4 (/opt/ros/jazzy/share/rosidl_generator_cpp/cmake)
[0.236s] -- Using all available rosidl_typesupport_c: rosidl_typesupport_fastrtps_c;rosidl_typesupport_introspection_c
[0.245s] -- Using all available rosidl_typesupport_cpp: rosidl_typesupport_fastrtps_cpp;rosidl_typesupport_introspection_cpp
[0.287s] -- Found rmw_implementation_cmake: 7.3.1 (/opt/ros/jazzy/share/rmw_implementation_cmake/cmake)
[0.288s] -- Found rmw_fastrtps_cpp: 8.4.1 (/opt/ros/jazzy/share/rmw_fastrtps_cpp/cmake)
[0.348s] -- Using RMW implementation 'rmw_fastrtps_cpp' as default
[0.395s] -- Found rclcpp_components: 28.1.5 (/opt/ros/jazzy/share/rclcpp_components/cmake)
[0.415s] -- Found geometry_msgs: 5.3.5 (/opt/ros/jazzy/share/geometry_msgs/cmake)
[0.436s] -- Found sensor_msgs: 5.3.5 (/opt/ros/jazzy/share/sensor_msgs/cmake)
[0.453s] -- Found nav_msgs: 5.3.5 (/opt/ros/jazzy/share/nav_msgs/cmake)
[0.474s] -- doe_simulation version ..
[0.474s] -- Operating system is Linux
[0.480s] -- Found CPack generators: DEB
[0.492s] [31mCMake Error at /opt/ros/jazzy/opt/gz_cmake_vendor/share/cmake/gz-cmake3/cmake3/GzPackaging.cmake:152 (add_custom_target):
[0.492s]   add_custom_target cannot create target "uninstall" because another target
[0.492s]   with the same name already exists.  The existing target is a custom target
[0.492s]   created in source directory
[0.492s]   "/home/dorson/Documents/github/Doe/src/doe_simulation".  See documentation
[0.492s]   for policy CMP0002 for more details.
[0.492s] Call Stack (most recent call first):
[0.492s]   /opt/ros/jazzy/opt/gz_cmake_vendor/share/cmake/gz-cmake3/cmake3/GzConfigureProject.cmake:193 (_gz_setup_packages)
[0.492s]   CMakeLists.txt:34 (gz_configure_project)
[0.492s] 
[0.492s] [0m
[0.493s] -- Looking for gz-plugin2 -- found version 2.0.3
[0.493s] -- Searching for dependencies of gz-plugin2
[0.493s] -- Looking for gz-utils2 -- found version 2.2.0
[0.493s] -- Searching for dependencies of gz-utils2
[0.493s] -- Searching for <gz-utils2> component [cli]
[0.493s] -- Looking for gz-utils2-cli -- found version 2.2.0
[0.493s] -- Searching for dependencies of gz-utils2-cli
[0.494s] -- Searching for <gz-plugin2> component [register]
[0.494s] -- Looking for gz-plugin2-register -- found version 2.0.3
[0.494s] -- Searching for dependencies of gz-plugin2-register
[0.494s] -- Looking for gz-plugin2 - found
[0.494s] 
[0.495s] [31mCMake Error at CMakeLists.txt:40 (set_property):
[0.495s]   set_property could not find TARGET thruster_driver_plugin.  Perhaps it has
[0.495s]   not yet been created.
[0.495s] 
[0.495s] [0m
[0.572s] -- Configuring incomplete, errors occurred!
[0.580s] gmake: *** [Makefile:289: cmake_check_build_system] Error 1
[0.583s] Invoked command in '/home/dorson/Documents/github/Doe/src/doe_simulation/build/doe_simulation' returned '2': CMAKE_PREFIX_PATH=${CMAKE_PREFIX_PATH}:/opt/ros/jazzy DEBUGINFOD_URLS=https://debuginfod.ubuntu.com /usr/bin/cmake --build /home/dorson/Documents/github/Doe/src/doe_simulation/build/doe_simulation -- -j20 -l20
