[0.448s] DEBUG:colcon:Command line arguments: ['/usr/bin/colcon', 'build']
[0.449s] DEBUG:colcon:Parsed command line arguments: Namespace(log_base=None, log_level=None, verb_name='build', build_base='build', install_base='install', merge_install=False, symlink_install=False, test_result_base=None, continue_on_error=False, executor='parallel', parallel_workers=20, event_handlers=None, ignore_user_meta=False, metas=['./colcon.meta'], base_paths=['.'], packages_ignore=None, packages_ignore_regex=None, paths=None, packages_up_to=None, packages_up_to_regex=None, packages_above=None, packages_above_and_dependencies=None, packages_above_depth=None, packages_select_by_dep=None, packages_skip_by_dep=None, packages_skip_up_to=None, packages_select_build_failed=False, packages_skip_build_finished=False, packages_select_test_failures=False, packages_skip_test_passed=False, packages_select=None, packages_skip=None, packages_select_regex=None, packages_skip_regex=None, packages_start=None, packages_end=None, allow_overriding=[], cmake_args=None, cmake_target=None, cmake_target_skip_unavailable=False, cmake_clean_cache=False, cmake_clean_first=False, cmake_force_configure=False, ament_cmake_args=None, catkin_cmake_args=None, catkin_skip_building_tests=False, mixin_files=None, mixin=None, verb_parser=<colcon_mixin.mixin.mixin_argument.MixinArgumentDecorator object at 0x7e7a3d5525d0>, verb_extension=<colcon_core.verb.build.BuildVerb object at 0x7e7a3d551d90>, main=<bound method BuildVerb.main of <colcon_core.verb.build.BuildVerb object at 0x7e7a3d551d90>>, mixin_verb=('build',))
[0.534s] Level 1:colcon.colcon_core.package_discovery:discover_packages(colcon_meta) check parameters
[0.534s] Level 1:colcon.colcon_core.package_discovery:discover_packages(recursive) check parameters
[0.534s] Level 1:colcon.colcon_core.package_discovery:discover_packages(ignore) check parameters
[0.534s] Level 1:colcon.colcon_core.package_discovery:discover_packages(path) check parameters
[0.534s] Level 1:colcon.colcon_core.package_discovery:discover_packages(colcon_meta) discover
[0.535s] Level 1:colcon.colcon_core.package_discovery:discover_packages(recursive) discover
[0.535s] INFO:colcon.colcon_core.package_discovery:Crawling recursively for packages in '/home/dorson/Documents/github/Doe/src/doe_simulation'
[0.535s] Level 1:colcon.colcon_core.package_identification:_identify(.) by extensions ['ignore', 'ignore_ament_install']
[0.535s] Level 1:colcon.colcon_core.package_identification:_identify(.) by extension 'ignore'
[0.535s] Level 1:colcon.colcon_core.package_identification:_identify(.) by extension 'ignore_ament_install'
[0.535s] Level 1:colcon.colcon_core.package_identification:_identify(.) by extensions ['colcon_pkg']
[0.535s] Level 1:colcon.colcon_core.package_identification:_identify(.) by extension 'colcon_pkg'
[0.535s] Level 1:colcon.colcon_core.package_identification:_identify(.) by extensions ['colcon_meta']
[0.535s] Level 1:colcon.colcon_core.package_identification:_identify(.) by extension 'colcon_meta'
[0.535s] Level 1:colcon.colcon_core.package_identification:_identify(.) by extensions ['ros']
[0.535s] Level 1:colcon.colcon_core.package_identification:_identify(.) by extension 'ros'
[0.607s] DEBUG:colcon.colcon_core.package_identification:Package '.' with type 'ros.ament_cmake' and name 'doe_simulation'
[0.608s] Level 1:colcon.colcon_core.package_discovery:discover_packages(recursive) using defaults
[0.608s] Level 1:colcon.colcon_core.package_discovery:discover_packages(ignore) discover
[0.608s] Level 1:colcon.colcon_core.package_discovery:discover_packages(ignore) using defaults
[0.608s] Level 1:colcon.colcon_core.package_discovery:discover_packages(path) discover
[0.608s] Level 1:colcon.colcon_core.package_discovery:discover_packages(path) using defaults
[0.676s] Level 1:colcon.colcon_core.package_discovery:discover_packages(prefix_path) check parameters
[0.676s] Level 1:colcon.colcon_core.package_discovery:discover_packages(prefix_path) discover
[0.687s] DEBUG:colcon.colcon_installed_package_information.package_discovery:Found 1 installed packages in /home/dorson/Documents/github/Doe/install
[0.692s] DEBUG:colcon.colcon_installed_package_information.package_discovery:Found 413 installed packages in /opt/ros/jazzy
[0.696s] Level 1:colcon.colcon_core.package_discovery:discover_packages(prefix_path) using defaults
[0.845s] Level 5:colcon.colcon_core.verb:set package 'doe_simulation' build argument 'cmake_args' from command line to 'None'
[0.846s] Level 5:colcon.colcon_core.verb:set package 'doe_simulation' build argument 'cmake_target' from command line to 'None'
[0.846s] Level 5:colcon.colcon_core.verb:set package 'doe_simulation' build argument 'cmake_target_skip_unavailable' from command line to 'False'
[0.846s] Level 5:colcon.colcon_core.verb:set package 'doe_simulation' build argument 'cmake_clean_cache' from command line to 'False'
[0.846s] Level 5:colcon.colcon_core.verb:set package 'doe_simulation' build argument 'cmake_clean_first' from command line to 'False'
[0.846s] Level 5:colcon.colcon_core.verb:set package 'doe_simulation' build argument 'cmake_force_configure' from command line to 'False'
[0.846s] Level 5:colcon.colcon_core.verb:set package 'doe_simulation' build argument 'ament_cmake_args' from command line to 'None'
[0.846s] Level 5:colcon.colcon_core.verb:set package 'doe_simulation' build argument 'catkin_cmake_args' from command line to 'None'
[0.846s] Level 5:colcon.colcon_core.verb:set package 'doe_simulation' build argument 'catkin_skip_building_tests' from command line to 'False'
[0.846s] DEBUG:colcon.colcon_core.verb:Building package 'doe_simulation' with the following arguments: {'ament_cmake_args': None, 'build_base': '/home/dorson/Documents/github/Doe/src/doe_simulation/build/doe_simulation', 'catkin_cmake_args': None, 'catkin_skip_building_tests': False, 'cmake_args': None, 'cmake_clean_cache': False, 'cmake_clean_first': False, 'cmake_force_configure': False, 'cmake_target': None, 'cmake_target_skip_unavailable': False, 'install_base': '/home/dorson/Documents/github/Doe/src/doe_simulation/install/doe_simulation', 'merge_install': False, 'path': '/home/dorson/Documents/github/Doe/src/doe_simulation', 'symlink_install': False, 'test_result_base': None}
[0.846s] INFO:colcon.colcon_core.executor:Executing jobs using 'parallel' executor
[0.849s] DEBUG:colcon.colcon_parallel_executor.executor.parallel:run_until_complete
[0.850s] INFO:colcon.colcon_ros.task.ament_cmake.build:Building ROS package in '/home/dorson/Documents/github/Doe/src/doe_simulation' with build type 'ament_cmake'
[0.850s] INFO:colcon.colcon_cmake.task.cmake.build:Building CMake package in '/home/dorson/Documents/github/Doe/src/doe_simulation'
[0.864s] INFO:colcon.colcon_core.plugin_system:Skipping extension 'colcon_core.shell.bat': Not used on non-Windows systems
[0.865s] INFO:colcon.colcon_core.shell:Skip shell extension 'powershell' for command environment: Not usable outside of PowerShell
[0.865s] DEBUG:colcon.colcon_core.shell:Skip shell extension 'dsv' for command environment
[0.893s] DEBUG:colcon.colcon_core.event_handler.log_command:Invoking command in '/home/dorson/Documents/github/Doe/src/doe_simulation/build/doe_simulation': CMAKE_PREFIX_PATH=${CMAKE_PREFIX_PATH}:/opt/ros/jazzy DEBUGINFOD_URLS=https://debuginfod.ubuntu.com /usr/bin/cmake --build /home/dorson/Documents/github/Doe/src/doe_simulation/build/doe_simulation -- -j20 -l20
[17.810s] DEBUG:colcon.colcon_core.event_handler.log_command:Invoked command in '/home/dorson/Documents/github/Doe/src/doe_simulation/build/doe_simulation' returned '0': CMAKE_PREFIX_PATH=${CMAKE_PREFIX_PATH}:/opt/ros/jazzy DEBUGINFOD_URLS=https://debuginfod.ubuntu.com /usr/bin/cmake --build /home/dorson/Documents/github/Doe/src/doe_simulation/build/doe_simulation -- -j20 -l20
[17.883s] DEBUG:colcon.colcon_core.event_handler.log_command:Invoking command in '/home/dorson/Documents/github/Doe/src/doe_simulation/build/doe_simulation': CMAKE_PREFIX_PATH=${CMAKE_PREFIX_PATH}:/opt/ros/jazzy DEBUGINFOD_URLS=https://debuginfod.ubuntu.com /usr/bin/cmake --install /home/dorson/Documents/github/Doe/src/doe_simulation/build/doe_simulation
[17.911s] Level 1:colcon.colcon_core.environment:create_environment_scripts_only(doe_simulation)
[17.912s] DEBUG:colcon.colcon_core.event_handler.log_command:Invoked command in '/home/dorson/Documents/github/Doe/src/doe_simulation/build/doe_simulation' returned '0': CMAKE_PREFIX_PATH=${CMAKE_PREFIX_PATH}:/opt/ros/jazzy DEBUGINFOD_URLS=https://debuginfod.ubuntu.com /usr/bin/cmake --install /home/dorson/Documents/github/Doe/src/doe_simulation/build/doe_simulation
[17.917s] Level 1:colcon.colcon_core.environment:checking '/home/dorson/Documents/github/Doe/src/doe_simulation/install/doe_simulation' for CMake module files
[17.918s] Level 1:colcon.colcon_core.environment:checking '/home/dorson/Documents/github/Doe/src/doe_simulation/install/doe_simulation' for CMake config files
[17.918s] Level 1:colcon.colcon_core.shell:create_environment_hook('doe_simulation', 'cmake_prefix_path')
[17.919s] INFO:colcon.colcon_core.shell:Creating environment hook '/home/dorson/Documents/github/Doe/src/doe_simulation/install/doe_simulation/share/doe_simulation/hook/cmake_prefix_path.ps1'
[17.920s] INFO:colcon.colcon_core.shell:Creating environment descriptor '/home/dorson/Documents/github/Doe/src/doe_simulation/install/doe_simulation/share/doe_simulation/hook/cmake_prefix_path.dsv'
[17.921s] INFO:colcon.colcon_core.shell:Creating environment hook '/home/dorson/Documents/github/Doe/src/doe_simulation/install/doe_simulation/share/doe_simulation/hook/cmake_prefix_path.sh'
[17.922s] Level 1:colcon.colcon_core.environment:checking '/home/dorson/Documents/github/Doe/src/doe_simulation/install/doe_simulation/lib'
[17.922s] Level 1:colcon.colcon_core.environment:checking '/home/dorson/Documents/github/Doe/src/doe_simulation/install/doe_simulation/bin'
[17.923s] Level 1:colcon.colcon_core.environment:checking '/home/dorson/Documents/github/Doe/src/doe_simulation/install/doe_simulation/lib/pkgconfig/doe_simulation.pc'
[17.923s] Level 1:colcon.colcon_core.environment:checking '/home/dorson/Documents/github/Doe/src/doe_simulation/install/doe_simulation/lib/python3.12/site-packages'
[17.923s] Level 1:colcon.colcon_core.environment:checking '/home/dorson/Documents/github/Doe/src/doe_simulation/install/doe_simulation/bin'
[17.924s] INFO:colcon.colcon_core.shell:Creating package script '/home/dorson/Documents/github/Doe/src/doe_simulation/install/doe_simulation/share/doe_simulation/package.ps1'
[17.925s] INFO:colcon.colcon_core.shell:Creating package descriptor '/home/dorson/Documents/github/Doe/src/doe_simulation/install/doe_simulation/share/doe_simulation/package.dsv'
[17.926s] INFO:colcon.colcon_core.shell:Creating package script '/home/dorson/Documents/github/Doe/src/doe_simulation/install/doe_simulation/share/doe_simulation/package.sh'
[17.927s] INFO:colcon.colcon_core.shell:Creating package script '/home/dorson/Documents/github/Doe/src/doe_simulation/install/doe_simulation/share/doe_simulation/package.bash'
[17.928s] INFO:colcon.colcon_core.shell:Creating package script '/home/dorson/Documents/github/Doe/src/doe_simulation/install/doe_simulation/share/doe_simulation/package.zsh'
[17.929s] Level 1:colcon.colcon_core.environment:create_file_with_runtime_dependencies(/home/dorson/Documents/github/Doe/src/doe_simulation/install/doe_simulation/share/colcon-core/packages/doe_simulation)
[17.985s] Level 1:colcon.colcon_core.environment:create_environment_scripts_only(doe_simulation)
[17.985s] Level 1:colcon.colcon_core.environment:checking '/home/dorson/Documents/github/Doe/src/doe_simulation/install/doe_simulation' for CMake module files
[17.986s] Level 1:colcon.colcon_core.environment:checking '/home/dorson/Documents/github/Doe/src/doe_simulation/install/doe_simulation' for CMake config files
[17.987s] Level 1:colcon.colcon_core.shell:create_environment_hook('doe_simulation', 'cmake_prefix_path')
[17.987s] INFO:colcon.colcon_core.shell:Creating environment hook '/home/dorson/Documents/github/Doe/src/doe_simulation/install/doe_simulation/share/doe_simulation/hook/cmake_prefix_path.ps1'
[17.988s] INFO:colcon.colcon_core.shell:Creating environment descriptor '/home/dorson/Documents/github/Doe/src/doe_simulation/install/doe_simulation/share/doe_simulation/hook/cmake_prefix_path.dsv'
[17.988s] INFO:colcon.colcon_core.shell:Creating environment hook '/home/dorson/Documents/github/Doe/src/doe_simulation/install/doe_simulation/share/doe_simulation/hook/cmake_prefix_path.sh'
[17.989s] Level 1:colcon.colcon_core.environment:checking '/home/dorson/Documents/github/Doe/src/doe_simulation/install/doe_simulation/lib'
[17.989s] Level 1:colcon.colcon_core.environment:checking '/home/dorson/Documents/github/Doe/src/doe_simulation/install/doe_simulation/bin'
[17.990s] Level 1:colcon.colcon_core.environment:checking '/home/dorson/Documents/github/Doe/src/doe_simulation/install/doe_simulation/lib/pkgconfig/doe_simulation.pc'
[17.990s] Level 1:colcon.colcon_core.environment:checking '/home/dorson/Documents/github/Doe/src/doe_simulation/install/doe_simulation/lib/python3.12/site-packages'
[17.990s] Level 1:colcon.colcon_core.environment:checking '/home/dorson/Documents/github/Doe/src/doe_simulation/install/doe_simulation/bin'
[17.991s] INFO:colcon.colcon_core.shell:Creating package script '/home/dorson/Documents/github/Doe/src/doe_simulation/install/doe_simulation/share/doe_simulation/package.ps1'
[17.991s] INFO:colcon.colcon_core.shell:Creating package descriptor '/home/dorson/Documents/github/Doe/src/doe_simulation/install/doe_simulation/share/doe_simulation/package.dsv'
[17.992s] INFO:colcon.colcon_core.shell:Creating package script '/home/dorson/Documents/github/Doe/src/doe_simulation/install/doe_simulation/share/doe_simulation/package.sh'
[17.993s] INFO:colcon.colcon_core.shell:Creating package script '/home/dorson/Documents/github/Doe/src/doe_simulation/install/doe_simulation/share/doe_simulation/package.bash'
[17.993s] INFO:colcon.colcon_core.shell:Creating package script '/home/dorson/Documents/github/Doe/src/doe_simulation/install/doe_simulation/share/doe_simulation/package.zsh'
[17.994s] Level 1:colcon.colcon_core.environment:create_file_with_runtime_dependencies(/home/dorson/Documents/github/Doe/src/doe_simulation/install/doe_simulation/share/colcon-core/packages/doe_simulation)
[17.994s] DEBUG:colcon.colcon_parallel_executor.executor.parallel:closing loop
[17.995s] DEBUG:colcon.colcon_parallel_executor.executor.parallel:loop closed
[17.995s] DEBUG:colcon.colcon_parallel_executor.executor.parallel:run_until_complete finished with '0'
[17.995s] DEBUG:colcon.colcon_core.event_reactor:joining thread
[18.009s] INFO:colcon.colcon_core.plugin_system:Skipping extension 'colcon_notification.desktop_notification.terminal_notifier': Not used on non-Darwin systems
[18.009s] INFO:colcon.colcon_core.plugin_system:Skipping extension 'colcon_notification.desktop_notification.win32': Not used on non-Windows systems
[18.009s] INFO:colcon.colcon_notification.desktop_notification:Sending desktop notification using 'notify2'
[18.036s] DEBUG:colcon.colcon_core.event_reactor:joined thread
[18.037s] INFO:colcon.colcon_core.shell:Creating prefix script '/home/dorson/Documents/github/Doe/src/doe_simulation/install/local_setup.ps1'
[18.038s] INFO:colcon.colcon_core.shell:Creating prefix util module '/home/dorson/Documents/github/Doe/src/doe_simulation/install/_local_setup_util_ps1.py'
[18.040s] INFO:colcon.colcon_core.shell:Creating prefix chain script '/home/dorson/Documents/github/Doe/src/doe_simulation/install/setup.ps1'
[18.041s] INFO:colcon.colcon_core.shell:Creating prefix script '/home/dorson/Documents/github/Doe/src/doe_simulation/install/local_setup.sh'
[18.042s] INFO:colcon.colcon_core.shell:Creating prefix util module '/home/dorson/Documents/github/Doe/src/doe_simulation/install/_local_setup_util_sh.py'
[18.043s] INFO:colcon.colcon_core.shell:Creating prefix chain script '/home/dorson/Documents/github/Doe/src/doe_simulation/install/setup.sh'
[18.044s] INFO:colcon.colcon_core.shell:Creating prefix script '/home/dorson/Documents/github/Doe/src/doe_simulation/install/local_setup.bash'
[18.045s] INFO:colcon.colcon_core.shell:Creating prefix chain script '/home/dorson/Documents/github/Doe/src/doe_simulation/install/setup.bash'
[18.046s] INFO:colcon.colcon_core.shell:Creating prefix script '/home/dorson/Documents/github/Doe/src/doe_simulation/install/local_setup.zsh'
[18.047s] INFO:colcon.colcon_core.shell:Creating prefix chain script '/home/dorson/Documents/github/Doe/src/doe_simulation/install/setup.zsh'
