[0.010s] Invoking command in '/home/dorson/Documents/github/Doe/src/doe_simulation/build/doe_simulation': CMAKE_PREFIX_PATH=${CMAKE_PREFIX_PATH}:/opt/ros/jazzy DEBUGINFOD_URLS=https://debuginfod.ubuntu.com /usr/bin/cmake --build /home/dorson/Documents/github/Doe/src/doe_simulation/build/doe_simulation -- -j20 -l20
[0.043s] -- Found ament_cmake: 2.5.2 (/opt/ros/jazzy/share/ament_cmake/cmake)
[0.365s] -- Found ros_gz: 1.0.7 (/opt/ros/jazzy/share/ros_gz/cmake)
[0.370s] -- Found rclcpp: 28.1.5 (/opt/ros/jazzy/share/rclcpp/cmake)
[0.443s] -- Found rosidl_generator_c: 4.6.4 (/opt/ros/jazzy/share/rosidl_generator_c/cmake)
[0.452s] -- Found rosidl_generator_cpp: 4.6.4 (/opt/ros/jazzy/share/rosidl_generator_cpp/cmake)
[0.461s] -- Using all available rosidl_typesupport_c: rosidl_typesupport_fastrtps_c;rosidl_typesupport_introspection_c
[0.472s] -- Using all available rosidl_typesupport_cpp: rosidl_typesupport_fastrtps_cpp;rosidl_typesupport_introspection_cpp
[0.522s] -- Found rmw_implementation_cmake: 7.3.1 (/opt/ros/jazzy/share/rmw_implementation_cmake/cmake)
[0.523s] -- Found rmw_fastrtps_cpp: 8.4.1 (/opt/ros/jazzy/share/rmw_fastrtps_cpp/cmake)
[0.601s] -- Using RMW implementation 'rmw_fastrtps_cpp' as default
[0.659s] -- Found rclcpp_components: 28.1.5 (/opt/ros/jazzy/share/rclcpp_components/cmake)
[0.682s] -- Found geometry_msgs: 5.3.5 (/opt/ros/jazzy/share/geometry_msgs/cmake)
[0.707s] -- Found sensor_msgs: 5.3.5 (/opt/ros/jazzy/share/sensor_msgs/cmake)
[0.726s] -- Found nav_msgs: 5.3.5 (/opt/ros/jazzy/share/nav_msgs/cmake)
[0.751s] -- Looking for gz-plugin2 -- found version 2.0.3
[0.752s] -- Searching for dependencies of gz-plugin2
[0.752s] -- Looking for gz-utils2 -- found version 2.2.0
[0.752s] -- Searching for dependencies of gz-utils2
[0.752s] -- Searching for <gz-utils2> component [cli]
[0.753s] -- Looking for gz-utils2-cli -- found version 2.2.0
[0.753s] -- Searching for dependencies of gz-utils2-cli
[0.754s] -- Searching for <gz-plugin2> component [register]
[0.754s] -- Looking for gz-plugin2-register -- found version 2.0.3
[0.754s] -- Searching for dependencies of gz-plugin2-register
[0.755s] -- Looking for gz-plugin2 - found
[0.755s] 
[0.755s] -- Looking for gz-sim8 -- found version 8.7.0
[0.755s] -- Searching for dependencies of gz-sim8
[0.756s] -- Looking for sdformat14 -- found version 14.5.0
[0.756s] -- Searching for dependencies of sdformat14
[0.761s] -- Checking for module 'tinyxml2'
[0.778s] --   Found tinyxml2, version 10.0.0
[0.836s] -- Looking for gz-math7 -- found version 7.5.1
[0.836s] -- Searching for dependencies of gz-math7
[0.837s] -- Looking for gz-utils2 -- found version 2.2.0
[0.839s] -- Looking for gz-utils2 -- found version 2.2.0
[0.843s] -- Looking for gz-plugin2 -- found version 2.0.3
[0.843s] -- Searching for dependencies of gz-plugin2
[0.843s] -- Looking for gz-utils2 -- found version 2.2.0
[0.843s] -- Searching for <gz-plugin2> component [loader]
[0.843s] -- Looking for gz-plugin2-loader -- found version 2.0.3
[0.843s] -- Searching for dependencies of gz-plugin2-loader
[0.845s] -- Searching for <gz-plugin2> component [register]
[0.846s] -- Looking for gz-transport13 -- found version 13.4.0
[0.846s] -- Searching for dependencies of gz-transport13
[0.877s] -- Config-file not installed for ZeroMQ -- checking for pkg-config
[0.881s] -- Checking for module 'libzmq >= 4'
[0.896s] --   Found libzmq, version 4.3.5
[0.980s] -- Checking for module 'uuid'
[1.007s] --   Found uuid, version 2.39.3
[1.069s] -- Looking for gz-utils2 -- found version 2.2.0
[1.070s] -- Looking for gz-msgs10 -- found version 10.3.1
[1.071s] -- Searching for dependencies of gz-msgs10
[1.090s] -- Looking for gz-utils2 -- found version 2.2.0
[1.091s] -- Looking for gz-math7 -- found version 7.5.1
[1.480s] -- Searching for <gz-transport13> component [log]
[1.482s] -- Looking for gz-transport13-log -- found version 13.4.0
[1.483s] -- Searching for dependencies of gz-transport13-log
[1.485s] -- Searching for <gz-transport13> component [parameters]
[1.489s] -- Looking for gz-transport13-parameters -- found version 13.4.0
[1.490s] -- Searching for dependencies of gz-transport13-parameters
[1.493s] -- Looking for gz-msgs10 -- found version 10.3.1
[1.496s] -- Looking for gz-common5 -- found version 5.7.0
[1.497s] -- Searching for dependencies of gz-common5
[1.497s] -- Looking for gz-utils2 -- found version 2.2.0
[1.499s] -- Looking for dlfcn.h - found
[1.499s] -- Looking for libdl - found
[1.525s] -- Searching for <gz-common5> component [av]
[1.528s] -- Looking for gz-common5-av -- found version 5.7.0
[1.528s] -- Searching for dependencies of gz-common5-av
[1.540s] -- Checking for module 'libswscale'
[1.569s] --   Found libswscale, version 7.5.100
[1.644s] -- Checking for module 'libavdevice >= 56.4.100'
[1.670s] --   Found libavdevice, version 60.3.100
[1.767s] -- Checking for module 'libavformat'
[1.792s] --   Found libavformat, version 60.16.100
[1.871s] -- Checking for module 'libavcodec'
[1.898s] --   Found libavcodec, version 60.31.102
[1.968s] -- Checking for module 'libavutil'
[1.997s] --   Found libavutil, version 58.29.100
[2.053s] -- Searching for <gz-common5> component [events]
[2.054s] -- Looking for gz-common5-events -- found version 5.7.0
[2.054s] -- Searching for dependencies of gz-common5-events
[2.055s] -- Looking for gz-math7 -- found version 7.5.1
[2.058s] -- Searching for <gz-common5> component [graphics]
[2.059s] -- Looking for gz-common5-graphics -- found version 5.7.0
[2.059s] -- Searching for dependencies of gz-common5-graphics
[2.059s] -- Looking for gz-math7 -- found version 7.5.1
[2.065s] -- Searching for <gz-common5> component [io]
[2.066s] -- Looking for gz-common5-io -- found version 5.7.0
[2.066s] -- Searching for dependencies of gz-common5-io
[2.067s] -- Searching for <gz-common5> component [profiler]
[2.068s] -- Looking for gz-common5-profiler -- found version 5.7.0
[2.068s] -- Searching for dependencies of gz-common5-profiler
[2.069s] -- Looking for gz-fuel_tools9 -- found version 9.1.0
[2.070s] -- Searching for dependencies of gz-fuel_tools9
[2.106s] -- Checking for module 'jsoncpp'
[2.126s] --   Found jsoncpp, version 1.9.5
[2.209s] -- Checking for module 'yaml-0.1'
[2.230s] --   Found yaml-0.1, version 0.2.5
[2.297s] -- Checking for module 'libzip'
[2.323s] --   Found libzip, version 1.7.3
[2.385s] -- Looking for gz-utils2 -- found version 2.2.0
[2.386s] -- Looking for gz-common5 -- found version 5.7.0
[2.386s] -- Searching for dependencies of gz-common5
[2.387s] -- Looking for gz-utils2 -- found version 2.2.0
[2.387s] -- Looking for dlfcn.h - found
[2.387s] -- Looking for libdl - found
[2.402s] -- Searching for <gz-common5> component [testing]
[2.409s] -- Looking for gz-common5-testing -- found version 5.7.0
[2.409s] -- Searching for dependencies of gz-common5-testing
[2.412s] -- Looking for gz-math7 -- found version 7.5.1
[2.412s] -- Looking for gz-msgs10 -- found version 10.3.1
[2.415s] -- Looking for gz-gui8 -- found version 8.3.0
[2.415s] -- Searching for dependencies of gz-gui8
[2.441s] -- Looking for gz-utils2 -- found version 2.2.0
[2.441s] -- Looking for gz-math7 -- found version 7.5.1
[2.442s] -- Looking for gz-common5 -- found version 5.7.0
[2.442s] -- Looking for gz-plugin2 -- found version 2.0.3
[2.442s] -- Looking for gz-transport13 -- found version 13.4.0
[2.443s] -- Looking for gz-rendering8 -- found version 8.2.1
[2.443s] -- Searching for dependencies of gz-rendering8
[2.443s] -- Looking for gz-math7 -- found version 7.5.1
[2.443s] -- Searching for dependencies of gz-math7
[2.443s] -- Looking for gz-utils2 -- found version 2.2.0
[2.444s] -- Searching for <gz-math7> component [eigen3]
[2.444s] -- Looking for gz-math7-eigen3 -- found version 7.5.1
[2.444s] -- Searching for dependencies of gz-math7-eigen3
[2.446s] -- Looking for gz-common5 -- found version 5.7.0
[2.446s] -- Searching for dependencies of gz-common5
[2.447s] -- Looking for gz-utils2 -- found version 2.2.0
[2.447s] -- Looking for dlfcn.h - found
[2.447s] -- Looking for libdl - found
[2.454s] -- Searching for <gz-common5> component [graphics]
[2.454s] -- Searching for <gz-common5> component [events]
[2.454s] -- Searching for <gz-common5> component [geospatial]
[2.455s] -- Looking for gz-common5-geospatial -- found version 5.7.0
[2.455s] -- Searching for dependencies of gz-common5-geospatial
[2.456s] -- Looking for gz-math7 -- found version 7.5.1
[2.456s] -- Looking for gz-common5 -- found version 5.7.0
[2.457s] -- Looking for gz-plugin2 -- found version 2.0.3
[2.457s] -- Searching for dependencies of gz-plugin2
[2.458s] -- Looking for gz-utils2 -- found version 2.2.0
[2.458s] -- Searching for <gz-plugin2> component [all]
[2.458s] -- Looking for all libraries of gz-plugin2 -- found version 2.0.3
[2.459s] -- Looking for gz-plugin2 -- found version 2.0.3
[2.459s] -- Looking for gz-utils2 -- found version 2.2.0
[2.462s] -- Looking for gz-msgs10 -- found version 10.3.1
[2.478s] -- Looking for gz-physics7 -- found version 7.4.0
[2.478s] -- Searching for dependencies of gz-physics7
[2.478s] -- Looking for gz-common5 -- found version 5.7.0
[2.478s] -- Looking for gz-math7 -- found version 7.5.1
[2.479s] -- Looking for gz-plugin2 -- found version 2.0.3
[2.479s] -- Looking for gz-utils2 -- found version 2.2.0
[2.480s] -- Searching for <gz-physics7> component [heightmap]
[2.480s] -- Looking for gz-physics7-heightmap -- found version 7.4.0
[2.480s] -- Searching for dependencies of gz-physics7-heightmap
[2.481s] -- Looking for gz-common5 -- found version 5.7.0
[2.481s] -- Searching for <gz-physics7> component [mesh]
[2.482s] -- Looking for gz-physics7-mesh -- found version 7.4.0
[2.482s] -- Searching for dependencies of gz-physics7-mesh
[2.482s] -- Looking for gz-common5 -- found version 5.7.0
[2.482s] -- Searching for <gz-physics7> component [sdf]
[2.482s] -- Looking for gz-physics7-sdf -- found version 7.4.0
[2.483s] -- Searching for dependencies of gz-physics7-sdf
[2.483s] -- Looking for sdformat14 -- found version 14.5.0
[2.484s] -- Looking for gz-sensors8 -- found version 8.2.1
[2.484s] -- Searching for dependencies of gz-sensors8
[2.498s] -- Looking for gz-math7 -- found version 7.5.1
[2.498s] -- Looking for gz-common5 -- found version 5.7.0
[2.498s] -- Looking for gz-transport13 -- found version 13.4.0
[2.498s] -- Looking for gz-rendering8 -- found version 8.2.1
[2.499s] -- Looking for gz-msgs10 -- found version 10.3.1
[2.499s] -- Looking for sdformat14 -- found version 14.5.0
[2.500s] -- Searching for <gz-sensors8> component [air_pressure]
[2.500s] -- Looking for gz-sensors8-air_pressure -- found version 8.2.1
[2.500s] -- Searching for dependencies of gz-sensors8-air_pressure
[2.501s] -- Searching for <gz-sensors8> component [air_speed]
[2.501s] -- Looking for gz-sensors8-air_speed -- found version 8.2.1
[2.501s] -- Searching for dependencies of gz-sensors8-air_speed
[2.501s] -- Searching for <gz-sensors8> component [altimeter]
[2.502s] -- Looking for gz-sensors8-altimeter -- found version 8.2.1
[2.502s] -- Searching for dependencies of gz-sensors8-altimeter
[2.502s] -- Searching for <gz-sensors8> component [imu]
[2.503s] -- Looking for gz-sensors8-imu -- found version 8.2.1
[2.503s] -- Searching for dependencies of gz-sensors8-imu
[2.503s] -- Searching for <gz-sensors8> component [force_torque]
[2.503s] -- Looking for gz-sensors8-force_torque -- found version 8.2.1
[2.503s] -- Searching for dependencies of gz-sensors8-force_torque
[2.504s] -- Searching for <gz-sensors8> component [logical_camera]
[2.504s] -- Looking for gz-sensors8-logical_camera -- found version 8.2.1
[2.504s] -- Searching for dependencies of gz-sensors8-logical_camera
[2.505s] -- Searching for <gz-sensors8> component [magnetometer]
[2.505s] -- Looking for gz-sensors8-magnetometer -- found version 8.2.1
[2.505s] -- Searching for dependencies of gz-sensors8-magnetometer
[2.505s] -- Searching for <gz-sensors8> component [navsat]
[2.506s] -- Looking for gz-sensors8-navsat -- found version 8.2.1
[2.506s] -- Searching for dependencies of gz-sensors8-navsat
[2.506s] -- Searching for <gz-sensors8> component [dvl]
[2.507s] -- Looking for gz-sensors8-dvl -- found version 8.2.1
[2.507s] -- Searching for dependencies of gz-sensors8-dvl
[2.507s] -- Looking for gz-sensors8 -- found version 8.2.1
[2.507s] -- Searching for dependencies of gz-sensors8
[2.523s] -- Looking for gz-math7 -- found version 7.5.1
[2.523s] -- Looking for gz-common5 -- found version 5.7.0
[2.523s] -- Looking for gz-transport13 -- found version 13.4.0
[2.523s] -- Looking for gz-rendering8 -- found version 8.2.1
[2.524s] -- Looking for gz-msgs10 -- found version 10.3.1
[2.524s] -- Looking for sdformat14 -- found version 14.5.0
[2.524s] -- Searching for <gz-sensors8> component [rendering]
[2.525s] -- Looking for gz-sensors8-rendering -- found version 8.2.1
[2.525s] -- Searching for dependencies of gz-sensors8-rendering
[2.526s] -- Searching for <gz-sensors8> component [rendering]
[2.526s] -- Searching for <gz-sensors8> component [lidar]
[2.526s] -- Looking for gz-sensors8-lidar -- found version 8.2.1
[2.526s] -- Searching for dependencies of gz-sensors8-lidar
[2.526s] -- Looking for gz-sensors8 -- found version 8.2.1
[2.527s] -- Searching for <gz-sensors8> component [gpu_lidar]
[2.527s] -- Looking for gz-sensors8-gpu_lidar -- found version 8.2.1
[2.527s] -- Searching for dependencies of gz-sensors8-gpu_lidar
[2.527s] -- Looking for gz-sensors8 -- found version 8.2.1
[2.528s] -- Searching for <gz-sensors8> component [camera]
[2.528s] -- Looking for gz-sensors8-camera -- found version 8.2.1
[2.528s] -- Searching for dependencies of gz-sensors8-camera
[2.529s] -- Looking for gz-sensors8 -- found version 8.2.1
[2.529s] -- Searching for <gz-sensors8> component [boundingbox_camera]
[2.530s] -- Looking for gz-sensors8-boundingbox_camera -- found version 8.2.1
[2.530s] -- Searching for dependencies of gz-sensors8-boundingbox_camera
[2.530s] -- Searching for <gz-sensors8> component [segmentation_camera]
[2.531s] -- Looking for gz-sensors8-segmentation_camera -- found version 8.2.1
[2.531s] -- Searching for dependencies of gz-sensors8-segmentation_camera
[2.532s] -- Searching for <gz-sensors8> component [depth_camera]
[2.532s] -- Looking for gz-sensors8-depth_camera -- found version 8.2.1
[2.532s] -- Searching for dependencies of gz-sensors8-depth_camera
[2.532s] -- Looking for gz-sensors8 -- found version 8.2.1
[2.533s] -- Searching for <gz-sensors8> component [rgbd_camera]
[2.533s] -- Looking for gz-sensors8-rgbd_camera -- found version 8.2.1
[2.534s] -- Searching for dependencies of gz-sensors8-rgbd_camera
[2.534s] -- Looking for gz-sensors8 -- found version 8.2.1
[2.534s] -- Searching for <gz-sensors8> component [thermal_camera]
[2.535s] -- Looking for gz-sensors8-thermal_camera -- found version 8.2.1
[2.535s] -- Searching for dependencies of gz-sensors8-thermal_camera
[2.535s] -- Looking for gz-sensors8 -- found version 8.2.1
[2.535s] -- Searching for <gz-sensors8> component [wide_angle_camera]
[2.536s] -- Looking for gz-sensors8-wide_angle_camera -- found version 8.2.1
[2.536s] -- Searching for dependencies of gz-sensors8-wide_angle_camera
[2.537s] -- Looking for gz-rendering8 -- found version 8.2.1
[2.537s] -- Looking for gz-math7 -- found version 7.5.1
[2.537s] -- Looking for gz-utils2 -- found version 2.2.0
[2.554s] -- Looking for gz-sim8 - found
[2.554s] 
[2.555s] [31mCMake Error at CMakeLists.txt:43 (set_property):
[2.555s]   set_property could not find TARGET ThrusterDriver.  Perhaps it has not yet
[2.555s]   been created.
[2.555s] 
[2.555s] [0m
[2.555s] [31mCMake Error at CMakeLists.txt:44 (target_link_libraries):
[2.555s]   Cannot specify link libraries for target "ThrusterDriver" which is not
[2.555s]   built by this project.
[2.555s] 
[2.555s] [0m
[2.555s] -- Configuring incomplete, errors occurred!
[2.568s] gmake: *** [Makefile:289: cmake_check_build_system] Error 1
[2.572s] Invoked command in '/home/dorson/Documents/github/Doe/src/doe_simulation/build/doe_simulation' returned '2': CMAKE_PREFIX_PATH=${CMAKE_PREFIX_PATH}:/opt/ros/jazzy DEBUGINFOD_URLS=https://debuginfod.ubuntu.com /usr/bin/cmake --build /home/dorson/Documents/github/Doe/src/doe_simulation/build/doe_simulation -- -j20 -l20
