[0.014s] Invoking command in '/home/dorson/Documents/github/Doe/src/doe_simulation/build/doe_simulation': CMAKE_PREFIX_PATH=${CMAKE_PREFIX_PATH}:/opt/ros/jazzy DEBUGINFOD_URLS=https://debuginfod.ubuntu.com /usr/bin/cmake --build /home/dorson/Documents/github/Doe/src/doe_simulation/build/doe_simulation -- -j20 -l20
[0.056s] -- Found ament_cmake: 2.5.2 (/opt/ros/jazzy/share/ament_cmake/cmake)
[0.285s] -- Found ros_gz: 1.0.7 (/opt/ros/jazzy/share/ros_gz/cmake)
[0.285s] -- Found rclcpp: 28.1.5 (/opt/ros/jazzy/share/rclcpp/cmake)
[0.313s] -- Found rosidl_generator_c: 4.6.4 (/opt/ros/jazzy/share/rosidl_generator_c/cmake)
[0.322s] -- Found rosidl_generator_cpp: 4.6.4 (/opt/ros/jazzy/share/rosidl_generator_cpp/cmake)
[0.333s] -- Using all available rosidl_typesupport_c: rosidl_typesupport_fastrtps_c;rosidl_typesupport_introspection_c
[0.345s] -- Using all available rosidl_typesupport_cpp: rosidl_typesupport_fastrtps_cpp;rosidl_typesupport_introspection_cpp
[0.406s] -- Found rmw_implementation_cmake: 7.3.1 (/opt/ros/jazzy/share/rmw_implementation_cmake/cmake)
[0.408s] -- Found rmw_fastrtps_cpp: 8.4.1 (/opt/ros/jazzy/share/rmw_fastrtps_cpp/cmake)
[0.480s] -- Using RMW implementation 'rmw_fastrtps_cpp' as default
[0.563s] -- Found rclcpp_components: 28.1.5 (/opt/ros/jazzy/share/rclcpp_components/cmake)
[0.590s] -- Found geometry_msgs: 5.3.5 (/opt/ros/jazzy/share/geometry_msgs/cmake)
[0.620s] -- Found sensor_msgs: 5.3.5 (/opt/ros/jazzy/share/sensor_msgs/cmake)
[0.644s] -- Found nav_msgs: 5.3.5 (/opt/ros/jazzy/share/nav_msgs/cmake)
[0.676s] -- Looking for gz-plugin2 -- found version 2.0.3
[0.677s] -- Searching for dependencies of gz-plugin2
[0.677s] -- Looking for gz-utils2 -- found version 2.2.0
[0.677s] -- Searching for dependencies of gz-utils2
[0.678s] -- Searching for <gz-utils2> component [cli]
[0.678s] -- Looking for gz-utils2-cli -- found version 2.2.0
[0.678s] -- Searching for dependencies of gz-utils2-cli
[0.679s] -- Searching for <gz-plugin2> component [register]
[0.679s] -- Looking for gz-plugin2-register -- found version 2.0.3
[0.680s] -- Searching for dependencies of gz-plugin2-register
[0.680s] -- Looking for gz-plugin2 - found
[0.680s] 
[0.681s] -- Looking for gz-sim8 -- found version 8.7.0
[0.681s] -- Searching for dependencies of gz-sim8
[0.681s] -- Looking for sdformat14 -- found version 14.5.0
[0.682s] -- Searching for dependencies of sdformat14
[0.688s] -- Checking for module 'tinyxml2'
[0.705s] --   Found tinyxml2, version 10.0.0
[0.760s] -- Looking for gz-math7 -- found version 7.5.1
[0.761s] -- Searching for dependencies of gz-math7
[0.761s] -- Looking for gz-utils2 -- found version 2.2.0
[0.763s] -- Looking for gz-utils2 -- found version 2.2.0
[0.765s] -- Looking for gz-plugin2 -- found version 2.0.3
[0.765s] -- Searching for dependencies of gz-plugin2
[0.766s] -- Looking for gz-utils2 -- found version 2.2.0
[0.766s] -- Searching for <gz-plugin2> component [loader]
[0.767s] -- Looking for gz-plugin2-loader -- found version 2.0.3
[0.767s] -- Searching for dependencies of gz-plugin2-loader
[0.768s] -- Searching for <gz-plugin2> component [register]
[0.769s] -- Looking for gz-transport13 -- found version 13.4.0
[0.770s] -- Searching for dependencies of gz-transport13
[0.830s] -- Config-file not installed for ZeroMQ -- checking for pkg-config
[0.838s] -- Checking for module 'libzmq >= 4'
[0.863s] --   Found libzmq, version 4.3.5
[0.945s] -- Checking for module 'uuid'
[0.971s] --   Found uuid, version 2.39.3
[1.026s] -- Looking for gz-utils2 -- found version 2.2.0
[1.027s] -- Looking for gz-msgs10 -- found version 10.3.1
[1.027s] -- Searching for dependencies of gz-msgs10
[1.060s] -- Looking for gz-utils2 -- found version 2.2.0
[1.060s] -- Looking for gz-math7 -- found version 7.5.1
[1.285s] -- Searching for <gz-transport13> component [log]
[1.286s] -- Looking for gz-transport13-log -- found version 13.4.0
[1.286s] -- Searching for dependencies of gz-transport13-log
[1.287s] -- Searching for <gz-transport13> component [parameters]
[1.287s] -- Looking for gz-transport13-parameters -- found version 13.4.0
[1.287s] -- Searching for dependencies of gz-transport13-parameters
[1.289s] -- Looking for gz-msgs10 -- found version 10.3.1
[1.289s] -- Looking for gz-common5 -- found version 5.7.0
[1.290s] -- Searching for dependencies of gz-common5
[1.290s] -- Looking for gz-utils2 -- found version 2.2.0
[1.290s] -- Looking for dlfcn.h - found
[1.290s] -- Looking for libdl - found
[1.304s] -- Searching for <gz-common5> component [av]
[1.305s] -- Looking for gz-common5-av -- found version 5.7.0
[1.305s] -- Searching for dependencies of gz-common5-av
[1.315s] -- Checking for module 'libswscale'
[1.343s] --   Found libswscale, version 7.5.100
[1.412s] -- Checking for module 'libavdevice >= 56.4.100'
[1.440s] --   Found libavdevice, version 60.3.100
[1.528s] -- Checking for module 'libavformat'
[1.553s] --   Found libavformat, version 60.16.100
[1.633s] -- Checking for module 'libavcodec'
[1.658s] --   Found libavcodec, version 60.31.102
[1.730s] -- Checking for module 'libavutil'
[1.758s] --   Found libavutil, version 58.29.100
[1.816s] -- Searching for <gz-common5> component [events]
[1.816s] -- Looking for gz-common5-events -- found version 5.7.0
[1.817s] -- Searching for dependencies of gz-common5-events
[1.817s] -- Looking for gz-math7 -- found version 7.5.1
[1.818s] -- Searching for <gz-common5> component [graphics]
[1.819s] -- Looking for gz-common5-graphics -- found version 5.7.0
[1.819s] -- Searching for dependencies of gz-common5-graphics
[1.819s] -- Looking for gz-math7 -- found version 7.5.1
[1.824s] -- Searching for <gz-common5> component [io]
[1.825s] -- Looking for gz-common5-io -- found version 5.7.0
[1.825s] -- Searching for dependencies of gz-common5-io
[1.826s] -- Searching for <gz-common5> component [profiler]
[1.826s] -- Looking for gz-common5-profiler -- found version 5.7.0
[1.827s] -- Searching for dependencies of gz-common5-profiler
[1.829s] -- Looking for gz-fuel_tools9 -- found version 9.1.0
[1.829s] -- Searching for dependencies of gz-fuel_tools9
[1.897s] -- Checking for module 'jsoncpp'
[1.926s] --   Found jsoncpp, version 1.9.5
[2.005s] -- Checking for module 'yaml-0.1'
[2.032s] --   Found yaml-0.1, version 0.2.5
[2.098s] -- Checking for module 'libzip'
[2.125s] --   Found libzip, version 1.7.3
[2.185s] -- Looking for gz-utils2 -- found version 2.2.0
[2.186s] -- Looking for gz-common5 -- found version 5.7.0
[2.186s] -- Searching for dependencies of gz-common5
[2.186s] -- Looking for gz-utils2 -- found version 2.2.0
[2.187s] -- Looking for dlfcn.h - found
[2.187s] -- Looking for libdl - found
[2.202s] -- Searching for <gz-common5> component [testing]
[2.202s] -- Looking for gz-common5-testing -- found version 5.7.0
[2.202s] -- Searching for dependencies of gz-common5-testing
[2.204s] -- Looking for gz-math7 -- found version 7.5.1
[2.205s] -- Looking for gz-msgs10 -- found version 10.3.1
[2.206s] -- Looking for gz-gui8 -- found version 8.3.0
[2.207s] -- Searching for dependencies of gz-gui8
[2.252s] -- Looking for gz-utils2 -- found version 2.2.0
[2.252s] -- Looking for gz-math7 -- found version 7.5.1
[2.253s] -- Looking for gz-common5 -- found version 5.7.0
[2.254s] -- Looking for gz-plugin2 -- found version 2.0.3
[2.255s] -- Looking for gz-transport13 -- found version 13.4.0
[2.255s] -- Looking for gz-rendering8 -- found version 8.2.1
[2.256s] -- Searching for dependencies of gz-rendering8
[2.256s] -- Looking for gz-math7 -- found version 7.5.1
[2.257s] -- Searching for dependencies of gz-math7
[2.257s] -- Looking for gz-utils2 -- found version 2.2.0
[2.258s] -- Searching for <gz-math7> component [eigen3]
[2.258s] -- Looking for gz-math7-eigen3 -- found version 7.5.1
[2.259s] -- Searching for dependencies of gz-math7-eigen3
[2.262s] -- Looking for gz-common5 -- found version 5.7.0
[2.262s] -- Searching for dependencies of gz-common5
[2.262s] -- Looking for gz-utils2 -- found version 2.2.0
[2.263s] -- Looking for dlfcn.h - found
[2.263s] -- Looking for libdl - found
[2.277s] -- Searching for <gz-common5> component [graphics]
[2.277s] -- Searching for <gz-common5> component [events]
[2.277s] -- Searching for <gz-common5> component [geospatial]
[2.278s] -- Looking for gz-common5-geospatial -- found version 5.7.0
[2.278s] -- Searching for dependencies of gz-common5-geospatial
[2.279s] -- Looking for gz-math7 -- found version 7.5.1
[2.280s] -- Looking for gz-common5 -- found version 5.7.0
[2.282s] -- Looking for gz-plugin2 -- found version 2.0.3
[2.282s] -- Searching for dependencies of gz-plugin2
[2.282s] -- Looking for gz-utils2 -- found version 2.2.0
[2.283s] -- Searching for <gz-plugin2> component [all]
[2.283s] -- Looking for all libraries of gz-plugin2 -- found version 2.0.3
[2.284s] -- Looking for gz-plugin2 -- found version 2.0.3
[2.286s] -- Looking for gz-utils2 -- found version 2.2.0
[2.291s] -- Looking for gz-msgs10 -- found version 10.3.1
[2.316s] -- Looking for gz-physics7 -- found version 7.4.0
[2.317s] -- Searching for dependencies of gz-physics7
[2.317s] -- Looking for gz-common5 -- found version 5.7.0
[2.318s] -- Looking for gz-math7 -- found version 7.5.1
[2.318s] -- Looking for gz-plugin2 -- found version 2.0.3
[2.319s] -- Looking for gz-utils2 -- found version 2.2.0
[2.321s] -- Searching for <gz-physics7> component [heightmap]
[2.321s] -- Looking for gz-physics7-heightmap -- found version 7.4.0
[2.322s] -- Searching for dependencies of gz-physics7-heightmap
[2.322s] -- Looking for gz-common5 -- found version 5.7.0
[2.323s] -- Searching for <gz-physics7> component [mesh]
[2.324s] -- Looking for gz-physics7-mesh -- found version 7.4.0
[2.324s] -- Searching for dependencies of gz-physics7-mesh
[2.324s] -- Looking for gz-common5 -- found version 5.7.0
[2.325s] -- Searching for <gz-physics7> component [sdf]
[2.326s] -- Looking for gz-physics7-sdf -- found version 7.4.0
[2.326s] -- Searching for dependencies of gz-physics7-sdf
[2.327s] -- Looking for sdformat14 -- found version 14.5.0
[2.328s] -- Looking for gz-sensors8 -- found version 8.2.1
[2.329s] -- Searching for dependencies of gz-sensors8
[2.355s] -- Looking for gz-math7 -- found version 7.5.1
[2.356s] -- Looking for gz-common5 -- found version 5.7.0
[2.356s] -- Looking for gz-transport13 -- found version 13.4.0
[2.357s] -- Looking for gz-rendering8 -- found version 8.2.1
[2.357s] -- Looking for gz-msgs10 -- found version 10.3.1
[2.358s] -- Looking for sdformat14 -- found version 14.5.0
[2.358s] -- Searching for <gz-sensors8> component [air_pressure]
[2.359s] -- Looking for gz-sensors8-air_pressure -- found version 8.2.1
[2.359s] -- Searching for dependencies of gz-sensors8-air_pressure
[2.360s] -- Searching for <gz-sensors8> component [air_speed]
[2.361s] -- Looking for gz-sensors8-air_speed -- found version 8.2.1
[2.361s] -- Searching for dependencies of gz-sensors8-air_speed
[2.362s] -- Searching for <gz-sensors8> component [altimeter]
[2.363s] -- Looking for gz-sensors8-altimeter -- found version 8.2.1
[2.363s] -- Searching for dependencies of gz-sensors8-altimeter
[2.363s] -- Searching for <gz-sensors8> component [imu]
[2.364s] -- Looking for gz-sensors8-imu -- found version 8.2.1
[2.364s] -- Searching for dependencies of gz-sensors8-imu
[2.365s] -- Searching for <gz-sensors8> component [force_torque]
[2.366s] -- Looking for gz-sensors8-force_torque -- found version 8.2.1
[2.366s] -- Searching for dependencies of gz-sensors8-force_torque
[2.367s] -- Searching for <gz-sensors8> component [logical_camera]
[2.368s] -- Looking for gz-sensors8-logical_camera -- found version 8.2.1
[2.368s] -- Searching for dependencies of gz-sensors8-logical_camera
[2.369s] -- Searching for <gz-sensors8> component [magnetometer]
[2.369s] -- Looking for gz-sensors8-magnetometer -- found version 8.2.1
[2.369s] -- Searching for dependencies of gz-sensors8-magnetometer
[2.370s] -- Searching for <gz-sensors8> component [navsat]
[2.371s] -- Looking for gz-sensors8-navsat -- found version 8.2.1
[2.371s] -- Searching for dependencies of gz-sensors8-navsat
[2.372s] -- Searching for <gz-sensors8> component [dvl]
[2.373s] -- Looking for gz-sensors8-dvl -- found version 8.2.1
[2.373s] -- Searching for dependencies of gz-sensors8-dvl
[2.374s] -- Looking for gz-sensors8 -- found version 8.2.1
[2.374s] -- Searching for dependencies of gz-sensors8
[2.407s] -- Looking for gz-math7 -- found version 7.5.1
[2.408s] -- Looking for gz-common5 -- found version 5.7.0
[2.409s] -- Looking for gz-transport13 -- found version 13.4.0
[2.409s] -- Looking for gz-rendering8 -- found version 8.2.1
[2.410s] -- Looking for gz-msgs10 -- found version 10.3.1
[2.411s] -- Looking for sdformat14 -- found version 14.5.0
[2.411s] -- Searching for <gz-sensors8> component [rendering]
[2.412s] -- Looking for gz-sensors8-rendering -- found version 8.2.1
[2.412s] -- Searching for dependencies of gz-sensors8-rendering
[2.414s] -- Searching for <gz-sensors8> component [rendering]
[2.414s] -- Searching for <gz-sensors8> component [lidar]
[2.415s] -- Looking for gz-sensors8-lidar -- found version 8.2.1
[2.415s] -- Searching for dependencies of gz-sensors8-lidar
[2.416s] -- Looking for gz-sensors8 -- found version 8.2.1
[2.417s] -- Searching for <gz-sensors8> component [gpu_lidar]
[2.418s] -- Looking for gz-sensors8-gpu_lidar -- found version 8.2.1
[2.418s] -- Searching for dependencies of gz-sensors8-gpu_lidar
[2.418s] -- Looking for gz-sensors8 -- found version 8.2.1
[2.419s] -- Searching for <gz-sensors8> component [camera]
[2.420s] -- Looking for gz-sensors8-camera -- found version 8.2.1
[2.421s] -- Searching for dependencies of gz-sensors8-camera
[2.421s] -- Looking for gz-sensors8 -- found version 8.2.1
[2.422s] -- Searching for <gz-sensors8> component [boundingbox_camera]
[2.423s] -- Looking for gz-sensors8-boundingbox_camera -- found version 8.2.1
[2.423s] -- Searching for dependencies of gz-sensors8-boundingbox_camera
[2.424s] -- Searching for <gz-sensors8> component [segmentation_camera]
[2.424s] -- Looking for gz-sensors8-segmentation_camera -- found version 8.2.1
[2.425s] -- Searching for dependencies of gz-sensors8-segmentation_camera
[2.426s] -- Searching for <gz-sensors8> component [depth_camera]
[2.426s] -- Looking for gz-sensors8-depth_camera -- found version 8.2.1
[2.427s] -- Searching for dependencies of gz-sensors8-depth_camera
[2.427s] -- Looking for gz-sensors8 -- found version 8.2.1
[2.428s] -- Searching for <gz-sensors8> component [rgbd_camera]
[2.429s] -- Looking for gz-sensors8-rgbd_camera -- found version 8.2.1
[2.429s] -- Searching for dependencies of gz-sensors8-rgbd_camera
[2.430s] -- Looking for gz-sensors8 -- found version 8.2.1
[2.431s] -- Searching for <gz-sensors8> component [thermal_camera]
[2.432s] -- Looking for gz-sensors8-thermal_camera -- found version 8.2.1
[2.432s] -- Searching for dependencies of gz-sensors8-thermal_camera
[2.433s] -- Looking for gz-sensors8 -- found version 8.2.1
[2.434s] -- Searching for <gz-sensors8> component [wide_angle_camera]
[2.434s] -- Looking for gz-sensors8-wide_angle_camera -- found version 8.2.1
[2.435s] -- Searching for dependencies of gz-sensors8-wide_angle_camera
[2.436s] -- Looking for gz-rendering8 -- found version 8.2.1
[2.437s] -- Looking for gz-math7 -- found version 7.5.1
[2.438s] -- Looking for gz-utils2 -- found version 2.2.0
[2.471s] -- Looking for gz-sim8 - found
[2.471s] 
[2.595s] -- Configuring done (2.5s)
[2.680s] -- Generating done (0.1s)
[2.682s] -- Build files have been written to: /home/dorson/Documents/github/Doe/src/doe_simulation/build/doe_simulation
[2.760s] [ 50%] [32mBuilding CXX object CMakeFiles/thruster_driver_plugin.dir/src/thruster_driver_plugin.cpp.o[0m
[5.677s] In file included from [01m[K/home/dorson/Documents/github/Doe/src/doe_simulation/src/thruster_driver_plugin.cpp:1[m[K:
[5.678s] [01m[K/home/dorson/Documents/github/Doe/src/doe_simulation/include/doe_simulation/thruster_driver_plugin.hpp:38:36:[m[K [01;31m[Kerror: [m[K‘[01m[Kgz::sim::physics[m[K’ has not been declared
[5.678s]    38 |         virtual void Load(gz::sim::[01;31m[Kphysics[m[K::ModelPtr _model, sdf::ElementPtr _sdf);
[5.678s]       |                                    [01;31m[K^~~~~~~[m[K
[5.678s] [01m[K/home/dorson/Documents/github/Doe/src/doe_simulation/include/doe_simulation/thruster_driver_plugin.hpp:38:54:[m[K [01;31m[Kerror: [m[Kexpected ‘[01m[K,[m[K’ or ‘[01m[K...[m[K’ before ‘[01m[K_model[m[K’
[5.678s]    38 |         virtual void Load(gz::sim::physics::ModelPtr [01;31m[K_model[m[K, sdf::ElementPtr _sdf);
[5.678s]       |                                                      [01;31m[K^~~~~~[m[K
[5.699s] [01m[K/home/dorson/Documents/github/Doe/src/doe_simulation/include/doe_simulation/thruster_driver_plugin.hpp:71:9:[m[K [01;31m[Kerror: [m[K‘[01m[Kevent[m[K’ does not name a type
[5.699s]    71 |         [01;31m[Kevent[m[K::ConnectionPtr updateConnection_;
[5.699s]       |         [01;31m[K^~~~~[m[K
[5.705s] [01m[K/home/dorson/Documents/github/Doe/src/doe_simulation/include/doe_simulation/thruster_driver_plugin.hpp:73:21:[m[K [01;31m[Kerror: [m[K‘[01m[Kphysics[m[K’ was not declared in this scope
[5.706s]    73 |         std::vector<[01;31m[Kphysics[m[K::LinkPtr> thruster;
[5.706s]       |                     [01;31m[K^~~~~~~[m[K
[5.706s] [01m[K/home/dorson/Documents/github/Doe/src/doe_simulation/include/doe_simulation/thruster_driver_plugin.hpp:73:37:[m[K [01;31m[Kerror: [m[Ktemplate argument 1 is invalid
[5.706s]    73 |         std::vector<physics::LinkPtr[01;31m[K>[m[K thruster;
[5.706s]       |                                     [01;31m[K^[m[K
[5.706s] [01m[K/home/dorson/Documents/github/Doe/src/doe_simulation/include/doe_simulation/thruster_driver_plugin.hpp:73:37:[m[K [01;31m[Kerror: [m[Ktemplate argument 2 is invalid
[5.706s] In file included from [01m[K/opt/ros/jazzy/opt/gz_plugin_vendor/include/gz/plugin2/gz/plugin/Register.hh:22[m[K,
[5.706s]                  from [01m[K/home/dorson/Documents/github/Doe/src/doe_simulation/include/doe_simulation/thruster_driver_plugin.hpp:7[m[K:
[5.706s] [01m[K/home/dorson/Documents/github/Doe/src/doe_simulation/include/doe_simulation/thruster_driver_plugin.hpp:[m[K In constructor ‘[01m[Kdoe_simulation::gz::plugin::{anonymous}::ExecuteWhenLoadingLibrary0::[01;32m[KExecuteWhenLoadingLibrary0[m[K()[m[K’:
[5.706s] [01m[K/home/dorson/Documents/github/Doe/src/doe_simulation/include/doe_simulation/thruster_driver_plugin.hpp:83:5:[m[K [01;31m[Kerror: [m[Ktemplate argument 2 is invalid
[5.706s]    83 |     [01;31m[KGZ_ADD_PLUGIN[m[K(ThrusterDriver)
[5.706s]       |     [01;31m[K^~~~~~~~~~~~~[m[K
[5.706s] [01m[K/home/dorson/Documents/github/Doe/src/doe_simulation/include/doe_simulation/thruster_driver_plugin.hpp:83:5:[m[K [01;31m[Kerror: [m[Kqualified-id in declaration before ‘[01m[K([m[K’ token
[5.706s]    83 |     [01;31m[KGZ_ADD_PLUGIN[m[K(ThrusterDriver)
[5.706s]       |     [01;31m[K^~~~~~~~~~~~~[m[K
[5.707s] [01m[K/home/dorson/Documents/github/Doe/src/doe_simulation/src/thruster_driver_plugin.cpp:[m[K At global scope:
[5.707s] [01m[K/home/dorson/Documents/github/Doe/src/doe_simulation/src/thruster_driver_plugin.cpp:12:10:[m[K [01;31m[Kerror: [m[Kvariable or field ‘[01m[KLoad[m[K’ declared void
[5.707s]    12 |     void [01;31m[KThrusterDriver[m[K::Load(physics::ModelPtr _model, sdf::ElementPtr _sdf)
[5.707s]       |          [01;31m[K^~~~~~~~~~~~~~[m[K
[5.707s] [01m[K/home/dorson/Documents/github/Doe/src/doe_simulation/src/thruster_driver_plugin.cpp:12:31:[m[K [01;31m[Kerror: [m[K‘[01m[Kphysics[m[K’ has not been declared
[5.707s]    12 |     void ThrusterDriver::Load([01;31m[Kphysics[m[K::ModelPtr _model, sdf::ElementPtr _sdf)
[5.707s]       |                               [01;31m[K^~~~~~~[m[K
[5.707s] [01m[K/home/dorson/Documents/github/Doe/src/doe_simulation/src/thruster_driver_plugin.cpp:12:73:[m[K [01;31m[Kerror: [m[Kexpected primary-expression before ‘[01m[K_sdf[m[K’
[5.707s]    12 | id ThrusterDriver::Load(physics::ModelPtr _model, sdf::ElementPtr [01;31m[K_sdf[m[K)
[5.708s]       |                                                                   [01;31m[K^~~~[m[K
[5.708s] 
[5.710s] [01m[K/home/dorson/Documents/github/Doe/src/doe_simulation/src/thruster_driver_plugin.cpp:[m[K In member function ‘[01m[Kvoid doe_simulation::ThrusterDriver::[01;32m[KApplyForce[m[K()[m[K’:
[5.710s] [01m[K/home/dorson/Documents/github/Doe/src/doe_simulation/src/thruster_driver_plugin.cpp:99:27:[m[K [01;31m[Kerror: [m[Kinvalid types ‘[01m[Kint[unsigned int][m[K’ for array subscript
[5.710s]    99 |             this->thruster[01;31m[K[[m[Ki]->AddLinkForce(ignition::math::Vector3d(0, 0, this->thrust_values[i]));
[5.710s]       |                           [01;31m[K^[m[K
[5.710s] [01m[K/home/dorson/Documents/github/Doe/src/doe_simulation/src/thruster_driver_plugin.cpp:99:45:[m[K [01;31m[Kerror: [m[K‘[01m[Kignition[m[K’ has not been declared
[5.710s]    99 |             this->thruster[i]->AddLinkForce([01;31m[Kignition[m[K::math::Vector3d(0, 0, this->thrust_values[i]));
[5.710s]       |                                             [01;31m[K^~~~~~~~[m[K
[6.853s] gmake[2]: *** [CMakeFiles/thruster_driver_plugin.dir/build.make:76: CMakeFiles/thruster_driver_plugin.dir/src/thruster_driver_plugin.cpp.o] Error 1
[6.853s] gmake[1]: *** [CMakeFiles/Makefile2:137: CMakeFiles/thruster_driver_plugin.dir/all] Error 2
[6.853s] gmake: *** [Makefile:166: all] Error 2
[6.856s] Invoked command in '/home/dorson/Documents/github/Doe/src/doe_simulation/build/doe_simulation' returned '2': CMAKE_PREFIX_PATH=${CMAKE_PREFIX_PATH}:/opt/ros/jazzy DEBUGINFOD_URLS=https://debuginfod.ubuntu.com /usr/bin/cmake --build /home/dorson/Documents/github/Doe/src/doe_simulation/build/doe_simulation -- -j20 -l20
