[0.296s] DEBUG:colcon:Command line arguments: ['/usr/bin/colcon', 'build']
[0.296s] DEBUG:colcon:Parsed command line arguments: Namespace(log_base=None, log_level=None, verb_name='build', build_base='build', install_base='install', merge_install=False, symlink_install=False, test_result_base=None, continue_on_error=False, executor='parallel', parallel_workers=20, event_handlers=None, ignore_user_meta=False, metas=['./colcon.meta'], base_paths=['.'], packages_ignore=None, packages_ignore_regex=None, paths=None, packages_up_to=None, packages_up_to_regex=None, packages_above=None, packages_above_and_dependencies=None, packages_above_depth=None, packages_select_by_dep=None, packages_skip_by_dep=None, packages_skip_up_to=None, packages_select_build_failed=False, packages_skip_build_finished=False, packages_select_test_failures=False, packages_skip_test_passed=False, packages_select=None, packages_skip=None, packages_select_regex=None, packages_skip_regex=None, packages_start=None, packages_end=None, allow_overriding=[], cmake_args=None, cmake_target=None, cmake_target_skip_unavailable=False, cmake_clean_cache=False, cmake_clean_first=False, cmake_force_configure=False, ament_cmake_args=None, catkin_cmake_args=None, catkin_skip_building_tests=False, mixin_files=None, mixin=None, verb_parser=<colcon_mixin.mixin.mixin_argument.MixinArgumentDecorator object at 0x7f71b036e480>, verb_extension=<colcon_core.verb.build.BuildVerb object at 0x7f71b036e090>, main=<bound method BuildVerb.main of <colcon_core.verb.build.BuildVerb object at 0x7f71b036e090>>, mixin_verb=('build',))
[0.365s] Level 1:colcon.colcon_core.package_discovery:discover_packages(colcon_meta) check parameters
[0.365s] Level 1:colcon.colcon_core.package_discovery:discover_packages(recursive) check parameters
[0.365s] Level 1:colcon.colcon_core.package_discovery:discover_packages(ignore) check parameters
[0.365s] Level 1:colcon.colcon_core.package_discovery:discover_packages(path) check parameters
[0.365s] Level 1:colcon.colcon_core.package_discovery:discover_packages(colcon_meta) discover
[0.365s] Level 1:colcon.colcon_core.package_discovery:discover_packages(recursive) discover
[0.365s] INFO:colcon.colcon_core.package_discovery:Crawling recursively for packages in '/home/dorson/Documents/github/Doe/src/doe_control'
[0.366s] Level 1:colcon.colcon_core.package_identification:_identify(.) by extensions ['ignore', 'ignore_ament_install']
[0.366s] Level 1:colcon.colcon_core.package_identification:_identify(.) by extension 'ignore'
[0.366s] Level 1:colcon.colcon_core.package_identification:_identify(.) by extension 'ignore_ament_install'
[0.366s] Level 1:colcon.colcon_core.package_identification:_identify(.) by extensions ['colcon_pkg']
[0.366s] Level 1:colcon.colcon_core.package_identification:_identify(.) by extension 'colcon_pkg'
[0.366s] Level 1:colcon.colcon_core.package_identification:_identify(.) by extensions ['colcon_meta']
[0.366s] Level 1:colcon.colcon_core.package_identification:_identify(.) by extension 'colcon_meta'
[0.366s] Level 1:colcon.colcon_core.package_identification:_identify(.) by extensions ['ros']
[0.366s] Level 1:colcon.colcon_core.package_identification:_identify(.) by extension 'ros'
[0.421s] DEBUG:colcon.colcon_core.package_identification:Package '.' with type 'ros.ament_cmake' and name 'doe_control'
[0.422s] Level 1:colcon.colcon_core.package_discovery:discover_packages(recursive) using defaults
[0.422s] Level 1:colcon.colcon_core.package_discovery:discover_packages(ignore) discover
[0.422s] Level 1:colcon.colcon_core.package_discovery:discover_packages(ignore) using defaults
[0.422s] Level 1:colcon.colcon_core.package_discovery:discover_packages(path) discover
[0.422s] Level 1:colcon.colcon_core.package_discovery:discover_packages(path) using defaults
[0.455s] Level 1:colcon.colcon_core.package_discovery:discover_packages(prefix_path) check parameters
[0.456s] Level 1:colcon.colcon_core.package_discovery:discover_packages(prefix_path) discover
[0.461s] DEBUG:colcon.colcon_installed_package_information.package_discovery:Found 1 installed packages in /home/dorson/Documents/github/Doe/src/doe_control/install
[0.462s] DEBUG:colcon.colcon_installed_package_information.package_discovery:Found 1 installed packages in /home/dorson/Documents/github/Doe/install
[0.465s] DEBUG:colcon.colcon_installed_package_information.package_discovery:Found 413 installed packages in /opt/ros/jazzy
[0.466s] Level 1:colcon.colcon_core.package_discovery:discover_packages(prefix_path) using defaults
[0.549s] Level 5:colcon.colcon_core.verb:set package 'doe_control' build argument 'cmake_args' from command line to 'None'
[0.549s] Level 5:colcon.colcon_core.verb:set package 'doe_control' build argument 'cmake_target' from command line to 'None'
[0.549s] Level 5:colcon.colcon_core.verb:set package 'doe_control' build argument 'cmake_target_skip_unavailable' from command line to 'False'
[0.549s] Level 5:colcon.colcon_core.verb:set package 'doe_control' build argument 'cmake_clean_cache' from command line to 'False'
[0.549s] Level 5:colcon.colcon_core.verb:set package 'doe_control' build argument 'cmake_clean_first' from command line to 'False'
[0.550s] Level 5:colcon.colcon_core.verb:set package 'doe_control' build argument 'cmake_force_configure' from command line to 'False'
[0.550s] Level 5:colcon.colcon_core.verb:set package 'doe_control' build argument 'ament_cmake_args' from command line to 'None'
[0.550s] Level 5:colcon.colcon_core.verb:set package 'doe_control' build argument 'catkin_cmake_args' from command line to 'None'
[0.550s] Level 5:colcon.colcon_core.verb:set package 'doe_control' build argument 'catkin_skip_building_tests' from command line to 'False'
[0.550s] DEBUG:colcon.colcon_core.verb:Building package 'doe_control' with the following arguments: {'ament_cmake_args': None, 'build_base': '/home/dorson/Documents/github/Doe/src/doe_control/build/doe_control', 'catkin_cmake_args': None, 'catkin_skip_building_tests': False, 'cmake_args': None, 'cmake_clean_cache': False, 'cmake_clean_first': False, 'cmake_force_configure': False, 'cmake_target': None, 'cmake_target_skip_unavailable': False, 'install_base': '/home/dorson/Documents/github/Doe/src/doe_control/install/doe_control', 'merge_install': False, 'path': '/home/dorson/Documents/github/Doe/src/doe_control', 'symlink_install': False, 'test_result_base': None}
[0.550s] INFO:colcon.colcon_core.executor:Executing jobs using 'parallel' executor
[0.551s] DEBUG:colcon.colcon_parallel_executor.executor.parallel:run_until_complete
[0.552s] INFO:colcon.colcon_ros.task.ament_cmake.build:Building ROS package in '/home/dorson/Documents/github/Doe/src/doe_control' with build type 'ament_cmake'
[0.552s] INFO:colcon.colcon_cmake.task.cmake.build:Building CMake package in '/home/dorson/Documents/github/Doe/src/doe_control'
[0.560s] INFO:colcon.colcon_core.plugin_system:Skipping extension 'colcon_core.shell.bat': Not used on non-Windows systems
[0.560s] INFO:colcon.colcon_core.shell:Skip shell extension 'powershell' for command environment: Not usable outside of PowerShell
[0.560s] DEBUG:colcon.colcon_core.shell:Skip shell extension 'dsv' for command environment
[0.578s] DEBUG:colcon.colcon_core.event_handler.log_command:Invoking command in '/home/dorson/Documents/github/Doe/src/doe_control/build/doe_control': CMAKE_PREFIX_PATH=${CMAKE_PREFIX_PATH}:/opt/ros/jazzy DEBUGINFOD_URLS=https://debuginfod.ubuntu.com /usr/bin/cmake --build /home/dorson/Documents/github/Doe/src/doe_control/build/doe_control -- -j20 -l20
[17.756s] DEBUG:colcon.colcon_core.event_handler.log_command:Invoked command in '/home/dorson/Documents/github/Doe/src/doe_control/build/doe_control' returned '0': CMAKE_PREFIX_PATH=${CMAKE_PREFIX_PATH}:/opt/ros/jazzy DEBUGINFOD_URLS=https://debuginfod.ubuntu.com /usr/bin/cmake --build /home/dorson/Documents/github/Doe/src/doe_control/build/doe_control -- -j20 -l20
[17.820s] DEBUG:colcon.colcon_core.event_handler.log_command:Invoking command in '/home/dorson/Documents/github/Doe/src/doe_control/build/doe_control': CMAKE_PREFIX_PATH=${CMAKE_PREFIX_PATH}:/opt/ros/jazzy DEBUGINFOD_URLS=https://debuginfod.ubuntu.com /usr/bin/cmake --install /home/dorson/Documents/github/Doe/src/doe_control/build/doe_control
[17.844s] Level 1:colcon.colcon_core.environment:create_environment_scripts_only(doe_control)
[17.844s] DEBUG:colcon.colcon_core.event_handler.log_command:Invoked command in '/home/dorson/Documents/github/Doe/src/doe_control/build/doe_control' returned '0': CMAKE_PREFIX_PATH=${CMAKE_PREFIX_PATH}:/opt/ros/jazzy DEBUGINFOD_URLS=https://debuginfod.ubuntu.com /usr/bin/cmake --install /home/dorson/Documents/github/Doe/src/doe_control/build/doe_control
[17.849s] Level 1:colcon.colcon_core.environment:checking '/home/dorson/Documents/github/Doe/src/doe_control/install/doe_control' for CMake module files
[17.850s] Level 1:colcon.colcon_core.environment:checking '/home/dorson/Documents/github/Doe/src/doe_control/install/doe_control' for CMake config files
[17.850s] Level 1:colcon.colcon_core.shell:create_environment_hook('doe_control', 'cmake_prefix_path')
[17.850s] INFO:colcon.colcon_core.shell:Creating environment hook '/home/dorson/Documents/github/Doe/src/doe_control/install/doe_control/share/doe_control/hook/cmake_prefix_path.ps1'
[17.851s] INFO:colcon.colcon_core.shell:Creating environment descriptor '/home/dorson/Documents/github/Doe/src/doe_control/install/doe_control/share/doe_control/hook/cmake_prefix_path.dsv'
[17.852s] INFO:colcon.colcon_core.shell:Creating environment hook '/home/dorson/Documents/github/Doe/src/doe_control/install/doe_control/share/doe_control/hook/cmake_prefix_path.sh'
[17.853s] Level 1:colcon.colcon_core.environment:checking '/home/dorson/Documents/github/Doe/src/doe_control/install/doe_control/lib'
[17.854s] Level 1:colcon.colcon_core.environment:checking '/home/dorson/Documents/github/Doe/src/doe_control/install/doe_control/bin'
[17.854s] Level 1:colcon.colcon_core.environment:checking '/home/dorson/Documents/github/Doe/src/doe_control/install/doe_control/lib/pkgconfig/doe_control.pc'
[17.854s] Level 1:colcon.colcon_core.environment:checking '/home/dorson/Documents/github/Doe/src/doe_control/install/doe_control/lib/python3.12/site-packages'
[17.855s] Level 1:colcon.colcon_core.environment:checking '/home/dorson/Documents/github/Doe/src/doe_control/install/doe_control/bin'
[17.855s] INFO:colcon.colcon_core.shell:Creating package script '/home/dorson/Documents/github/Doe/src/doe_control/install/doe_control/share/doe_control/package.ps1'
[17.856s] INFO:colcon.colcon_core.shell:Creating package descriptor '/home/dorson/Documents/github/Doe/src/doe_control/install/doe_control/share/doe_control/package.dsv'
[17.857s] INFO:colcon.colcon_core.shell:Creating package script '/home/dorson/Documents/github/Doe/src/doe_control/install/doe_control/share/doe_control/package.sh'
[17.858s] INFO:colcon.colcon_core.shell:Creating package script '/home/dorson/Documents/github/Doe/src/doe_control/install/doe_control/share/doe_control/package.bash'
[17.859s] INFO:colcon.colcon_core.shell:Creating package script '/home/dorson/Documents/github/Doe/src/doe_control/install/doe_control/share/doe_control/package.zsh'
[17.860s] Level 1:colcon.colcon_core.environment:create_file_with_runtime_dependencies(/home/dorson/Documents/github/Doe/src/doe_control/install/doe_control/share/colcon-core/packages/doe_control)
[17.908s] Level 1:colcon.colcon_core.environment:create_environment_scripts_only(doe_control)
[17.908s] Level 1:colcon.colcon_core.environment:checking '/home/dorson/Documents/github/Doe/src/doe_control/install/doe_control' for CMake module files
[17.909s] Level 1:colcon.colcon_core.environment:checking '/home/dorson/Documents/github/Doe/src/doe_control/install/doe_control' for CMake config files
[17.910s] Level 1:colcon.colcon_core.shell:create_environment_hook('doe_control', 'cmake_prefix_path')
[17.910s] INFO:colcon.colcon_core.shell:Creating environment hook '/home/dorson/Documents/github/Doe/src/doe_control/install/doe_control/share/doe_control/hook/cmake_prefix_path.ps1'
[17.911s] INFO:colcon.colcon_core.shell:Creating environment descriptor '/home/dorson/Documents/github/Doe/src/doe_control/install/doe_control/share/doe_control/hook/cmake_prefix_path.dsv'
[17.911s] INFO:colcon.colcon_core.shell:Creating environment hook '/home/dorson/Documents/github/Doe/src/doe_control/install/doe_control/share/doe_control/hook/cmake_prefix_path.sh'
[17.912s] Level 1:colcon.colcon_core.environment:checking '/home/dorson/Documents/github/Doe/src/doe_control/install/doe_control/lib'
[17.912s] Level 1:colcon.colcon_core.environment:checking '/home/dorson/Documents/github/Doe/src/doe_control/install/doe_control/bin'
[17.912s] Level 1:colcon.colcon_core.environment:checking '/home/dorson/Documents/github/Doe/src/doe_control/install/doe_control/lib/pkgconfig/doe_control.pc'
[17.913s] Level 1:colcon.colcon_core.environment:checking '/home/dorson/Documents/github/Doe/src/doe_control/install/doe_control/lib/python3.12/site-packages'
[17.913s] Level 1:colcon.colcon_core.environment:checking '/home/dorson/Documents/github/Doe/src/doe_control/install/doe_control/bin'
[17.913s] INFO:colcon.colcon_core.shell:Creating package script '/home/dorson/Documents/github/Doe/src/doe_control/install/doe_control/share/doe_control/package.ps1'
[17.914s] INFO:colcon.colcon_core.shell:Creating package descriptor '/home/dorson/Documents/github/Doe/src/doe_control/install/doe_control/share/doe_control/package.dsv'
[17.915s] INFO:colcon.colcon_core.shell:Creating package script '/home/dorson/Documents/github/Doe/src/doe_control/install/doe_control/share/doe_control/package.sh'
[17.915s] INFO:colcon.colcon_core.shell:Creating package script '/home/dorson/Documents/github/Doe/src/doe_control/install/doe_control/share/doe_control/package.bash'
[17.916s] INFO:colcon.colcon_core.shell:Creating package script '/home/dorson/Documents/github/Doe/src/doe_control/install/doe_control/share/doe_control/package.zsh'
[17.916s] Level 1:colcon.colcon_core.environment:create_file_with_runtime_dependencies(/home/dorson/Documents/github/Doe/src/doe_control/install/doe_control/share/colcon-core/packages/doe_control)
[17.917s] DEBUG:colcon.colcon_parallel_executor.executor.parallel:closing loop
[17.917s] DEBUG:colcon.colcon_parallel_executor.executor.parallel:loop closed
[17.917s] DEBUG:colcon.colcon_parallel_executor.executor.parallel:run_until_complete finished with '0'
[17.917s] DEBUG:colcon.colcon_core.event_reactor:joining thread
[17.932s] INFO:colcon.colcon_core.plugin_system:Skipping extension 'colcon_notification.desktop_notification.terminal_notifier': Not used on non-Darwin systems
[17.932s] INFO:colcon.colcon_core.plugin_system:Skipping extension 'colcon_notification.desktop_notification.win32': Not used on non-Windows systems
[17.932s] INFO:colcon.colcon_notification.desktop_notification:Sending desktop notification using 'notify2'
[17.954s] DEBUG:colcon.colcon_core.event_reactor:joined thread
[17.955s] INFO:colcon.colcon_core.shell:Creating prefix script '/home/dorson/Documents/github/Doe/src/doe_control/install/local_setup.ps1'
[17.956s] INFO:colcon.colcon_core.shell:Creating prefix util module '/home/dorson/Documents/github/Doe/src/doe_control/install/_local_setup_util_ps1.py'
[17.958s] INFO:colcon.colcon_core.shell:Creating prefix chain script '/home/dorson/Documents/github/Doe/src/doe_control/install/setup.ps1'
[17.960s] INFO:colcon.colcon_core.shell:Creating prefix script '/home/dorson/Documents/github/Doe/src/doe_control/install/local_setup.sh'
[17.961s] INFO:colcon.colcon_core.shell:Creating prefix util module '/home/dorson/Documents/github/Doe/src/doe_control/install/_local_setup_util_sh.py'
[17.962s] INFO:colcon.colcon_core.shell:Creating prefix chain script '/home/dorson/Documents/github/Doe/src/doe_control/install/setup.sh'
[17.964s] INFO:colcon.colcon_core.shell:Creating prefix script '/home/dorson/Documents/github/Doe/src/doe_control/install/local_setup.bash'
[17.964s] INFO:colcon.colcon_core.shell:Creating prefix chain script '/home/dorson/Documents/github/Doe/src/doe_control/install/setup.bash'
[17.966s] INFO:colcon.colcon_core.shell:Creating prefix script '/home/dorson/Documents/github/Doe/src/doe_control/install/local_setup.zsh'
[17.966s] INFO:colcon.colcon_core.shell:Creating prefix chain script '/home/dorson/Documents/github/Doe/src/doe_control/install/setup.zsh'
