[ 50%] [32mBuilding CXX object CMakeFiles/thruster_driver_plugin.dir/src/thruster_driver_plugin.cpp.o[0m
[01m[K/home/dorson/Documents/github/Doe/src/doe_simulation/src/thruster_driver_plugin.cpp:[m[K In member function ‘[01m[Kvirtual void doe_simulation::ThrusterDriver::[01;32m[KUpdate[m[K(const gz::sim::v8::UpdateInfo&, gz::sim::v8::EntityComponentManager&)[m[K’:
[01m[K/home/dorson/Documents/github/Doe/src/doe_simulation/src/thruster_driver_plugin.cpp:20:47:[m[K [01;35m[Kwarning: [m[Kunused parameter ‘[01m[K_info[m[K’ [[01;35m[K]8;;https://gcc.gnu.org/onlinedocs/gcc/Warning-Options.html#index-Wunused-parameter-Wunused-parameter]8;;[m[K]
   20 | void ThrusterDriver::Update([01;35m[Kconst UpdateInfo &_info[m[K, EntityComponentManager &_ecm) {
      |                             [01;35m[K~~~~~~~~~~~~~~~~~~^~~~~[m[K
[100%] [32m[1mLinking CXX shared library libthruster_driver_plugin.so[0m
[100%] Built target thruster_driver_plugin
-- Install configuration: ""
-- Up-to-date: /home/dorson/Documents/github/Doe/src/doe_simulation/install/doe_simulation/share/doe_simulation/environment/library_path.sh
-- Up-to-date: /home/dorson/Documents/github/Doe/src/doe_simulation/install/doe_simulation/share/doe_simulation/environment/library_path.dsv
-- Installing: /home/dorson/Documents/github/Doe/src/doe_simulation/install/doe_simulation/lib/doe_simulation/libthruster_driver_plugin.so
-- Set non-toolchain portion of runtime path of "/home/dorson/Documents/github/Doe/src/doe_simulation/install/doe_simulation/lib/doe_simulation/libthruster_driver_plugin.so" to ""
-- Up-to-date: /home/dorson/Documents/github/Doe/src/doe_simulation/install/doe_simulation/share/doe_simulation//launch
-- Up-to-date: /home/dorson/Documents/github/Doe/src/doe_simulation/install/doe_simulation/share/doe_simulation//launch/gazebo_launch.py
-- Up-to-date: /home/dorson/Documents/github/Doe/src/doe_simulation/install/doe_simulation/share/doe_simulation/gazebo/worlds
-- Up-to-date: /home/dorson/Documents/github/Doe/src/doe_simulation/install/doe_simulation/share/doe_simulation/gazebo/worlds/cube.world
-- Up-to-date: /home/dorson/Documents/github/Doe/src/doe_simulation/install/doe_simulation/share/doe_simulation/gazebo/worlds/competition.world
-- Up-to-date: /home/dorson/Documents/github/Doe/src/doe_simulation/install/doe_simulation/share/doe_simulation/gazebo/worlds/thruster_test.world
-- Up-to-date: /home/dorson/Documents/github/Doe/src/doe_simulation/install/doe_simulation/share/doe_simulation/gazebo/models
-- Up-to-date: /home/dorson/Documents/github/Doe/src/doe_simulation/install/doe_simulation/share/doe_simulation/gazebo/models/gate
-- Up-to-date: /home/dorson/Documents/github/Doe/src/doe_simulation/install/doe_simulation/share/doe_simulation/gazebo/models/gate/model.sdf
-- Up-to-date: /home/dorson/Documents/github/Doe/src/doe_simulation/install/doe_simulation/share/doe_simulation/gazebo/models/gate/model.config
-- Up-to-date: /home/dorson/Documents/github/Doe/src/doe_simulation/install/doe_simulation/share/doe_simulation/gazebo/models/gate/meshes
-- Up-to-date: /home/dorson/Documents/github/Doe/src/doe_simulation/install/doe_simulation/share/doe_simulation/gazebo/models/gate/meshes/horCylinderRed.dae
-- Up-to-date: /home/dorson/Documents/github/Doe/src/doe_simulation/install/doe_simulation/share/doe_simulation/gazebo/models/gate/meshes/vertCylinder.dae
-- Up-to-date: /home/dorson/Documents/github/Doe/src/doe_simulation/install/doe_simulation/share/doe_simulation/gazebo/models/gate/meshes/horCylinderBlack.dae
-- Up-to-date: /home/dorson/Documents/github/Doe/src/doe_simulation/install/doe_simulation/share/doe_simulation/gazebo/models/gate/meshes/centrePanel.dae
-- Up-to-date: /home/dorson/Documents/github/Doe/src/doe_simulation/install/doe_simulation/share/doe_simulation/gazebo/models/gate/meshes/banner.dae
-- Up-to-date: /home/dorson/Documents/github/Doe/src/doe_simulation/install/doe_simulation/share/doe_simulation/gazebo/models/triton_auv
-- Up-to-date: /home/dorson/Documents/github/Doe/src/doe_simulation/install/doe_simulation/share/doe_simulation/gazebo/models/triton_auv/model.sdf
-- Up-to-date: /home/dorson/Documents/github/Doe/src/doe_simulation/install/doe_simulation/share/doe_simulation/gazebo/models/triton_auv/model.config
-- Up-to-date: /home/dorson/Documents/github/Doe/src/doe_simulation/install/doe_simulation/share/doe_simulation/gazebo/models/triton_frame
-- Up-to-date: /home/dorson/Documents/github/Doe/src/doe_simulation/install/doe_simulation/share/doe_simulation/gazebo/models/triton_frame/model.sdf
-- Up-to-date: /home/dorson/Documents/github/Doe/src/doe_simulation/install/doe_simulation/share/doe_simulation/gazebo/models/triton_frame/model.config
-- Up-to-date: /home/dorson/Documents/github/Doe/src/doe_simulation/install/doe_simulation/share/doe_simulation/gazebo/models/triton_frame/meshes
-- Up-to-date: /home/dorson/Documents/github/Doe/src/doe_simulation/install/doe_simulation/share/doe_simulation/gazebo/models/triton_frame/meshes/triton_frame.STL
-- Up-to-date: /home/dorson/Documents/github/Doe/src/doe_simulation/install/doe_simulation/share/doe_simulation/gazebo/models/triton_frame/meshes/triton_frame.dae
-- Up-to-date: /home/dorson/Documents/github/Doe/src/doe_simulation/install/doe_simulation/share/doe_simulation/gazebo/models/steelhead.sdf
-- Up-to-date: /home/dorson/Documents/github/Doe/src/doe_simulation/install/doe_simulation/share/doe_simulation/gazebo/models/cube_thruster
-- Up-to-date: /home/dorson/Documents/github/Doe/src/doe_simulation/install/doe_simulation/share/doe_simulation/gazebo/models/cube_thruster/model.sdf
-- Up-to-date: /home/dorson/Documents/github/Doe/src/doe_simulation/install/doe_simulation/share/doe_simulation/gazebo/models/cube_thruster/model.config
-- Up-to-date: /home/dorson/Documents/github/Doe/src/doe_simulation/install/doe_simulation/share/doe_simulation/gazebo/models/triton_thruster
-- Up-to-date: /home/dorson/Documents/github/Doe/src/doe_simulation/install/doe_simulation/share/doe_simulation/gazebo/models/triton_thruster/model.sdf
-- Up-to-date: /home/dorson/Documents/github/Doe/src/doe_simulation/install/doe_simulation/share/doe_simulation/gazebo/models/triton_thruster/model.config
-- Up-to-date: /home/dorson/Documents/github/Doe/src/doe_simulation/install/doe_simulation/share/doe_simulation/gazebo/models/triton_thruster/meshes
-- Up-to-date: /home/dorson/Documents/github/Doe/src/doe_simulation/install/doe_simulation/share/doe_simulation/gazebo/models/triton_thruster/meshes/triton_thruster.dae
-- Up-to-date: /home/dorson/Documents/github/Doe/src/doe_simulation/install/doe_simulation/share/doe_simulation/gazebo/models/triton_thruster/meshes/triton_thruster.STL
-- Up-to-date: /home/dorson/Documents/github/Doe/src/doe_simulation/install/doe_simulation/share/doe_simulation/gazebo/models/cube_auv
-- Up-to-date: /home/dorson/Documents/github/Doe/src/doe_simulation/install/doe_simulation/share/doe_simulation/gazebo/models/cube_auv/model.sdf
-- Up-to-date: /home/dorson/Documents/github/Doe/src/doe_simulation/install/doe_simulation/share/doe_simulation/gazebo/models/cube_auv/model.config
-- Up-to-date: /home/dorson/Documents/github/Doe/src/doe_simulation/install/doe_simulation/share/doe_simulation/gazebo/models/cube_auv/model.urdf
-- Up-to-date: /home/dorson/Documents/github/Doe/src/doe_simulation/install/doe_simulation/share/ament_index/resource_index/package_run_dependencies/doe_simulation
-- Up-to-date: /home/dorson/Documents/github/Doe/src/doe_simulation/install/doe_simulation/share/ament_index/resource_index/parent_prefix_path/doe_simulation
-- Up-to-date: /home/dorson/Documents/github/Doe/src/doe_simulation/install/doe_simulation/share/doe_simulation/environment/ament_prefix_path.sh
-- Up-to-date: /home/dorson/Documents/github/Doe/src/doe_simulation/install/doe_simulation/share/doe_simulation/environment/ament_prefix_path.dsv
-- Up-to-date: /home/dorson/Documents/github/Doe/src/doe_simulation/install/doe_simulation/share/doe_simulation/environment/path.sh
-- Up-to-date: /home/dorson/Documents/github/Doe/src/doe_simulation/install/doe_simulation/share/doe_simulation/environment/path.dsv
-- Up-to-date: /home/dorson/Documents/github/Doe/src/doe_simulation/install/doe_simulation/share/doe_simulation/local_setup.bash
-- Up-to-date: /home/dorson/Documents/github/Doe/src/doe_simulation/install/doe_simulation/share/doe_simulation/local_setup.sh
-- Up-to-date: /home/dorson/Documents/github/Doe/src/doe_simulation/install/doe_simulation/share/doe_simulation/local_setup.zsh
-- Up-to-date: /home/dorson/Documents/github/Doe/src/doe_simulation/install/doe_simulation/share/doe_simulation/local_setup.dsv
-- Installing: /home/dorson/Documents/github/Doe/src/doe_simulation/install/doe_simulation/share/doe_simulation/package.dsv
-- Up-to-date: /home/dorson/Documents/github/Doe/src/doe_simulation/install/doe_simulation/share/ament_index/resource_index/packages/doe_simulation
-- Up-to-date: /home/dorson/Documents/github/Doe/src/doe_simulation/install/doe_simulation/share/doe_simulation/cmake/ament_cmake_export_libraries-extras.cmake
-- Up-to-date: /home/dorson/Documents/github/Doe/src/doe_simulation/install/doe_simulation/share/doe_simulation/cmake/doe_simulationConfig.cmake
-- Up-to-date: /home/dorson/Documents/github/Doe/src/doe_simulation/install/doe_simulation/share/doe_simulation/cmake/doe_simulationConfig-version.cmake
-- Up-to-date: /home/dorson/Documents/github/Doe/src/doe_simulation/install/doe_simulation/share/doe_simulation/package.xml
