[0.011s] Invoking command in '/home/dorson/Documents/github/Doe/src/doe_simulation/build/doe_simulation': CMAKE_PREFIX_PATH=${CMAKE_PREFIX_PATH}:/opt/ros/jazzy DEBUGINFOD_URLS=https://debuginfod.ubuntu.com /usr/bin/cmake --build /home/dorson/Documents/github/Doe/src/doe_simulation/build/doe_simulation -- -j20 -l20
[0.032s] -- Found ament_cmake: 2.5.2 (/opt/ros/jazzy/share/ament_cmake/cmake)
[0.201s] -- Found ros_gz: 1.0.7 (/opt/ros/jazzy/share/ros_gz/cmake)
[0.201s] -- Found rclcpp: 28.1.5 (/opt/ros/jazzy/share/rclcpp/cmake)
[0.223s] -- Found rosidl_generator_c: 4.6.4 (/opt/ros/jazzy/share/rosidl_generator_c/cmake)
[0.229s] -- Found rosidl_generator_cpp: 4.6.4 (/opt/ros/jazzy/share/rosidl_generator_cpp/cmake)
[0.237s] -- Using all available rosidl_typesupport_c: rosidl_typesupport_fastrtps_c;rosidl_typesupport_introspection_c
[0.246s] -- Using all available rosidl_typesupport_cpp: rosidl_typesupport_fastrtps_cpp;rosidl_typesupport_introspection_cpp
[0.303s] -- Found rmw_implementation_cmake: 7.3.1 (/opt/ros/jazzy/share/rmw_implementation_cmake/cmake)
[0.304s] -- Found rmw_fastrtps_cpp: 8.4.1 (/opt/ros/jazzy/share/rmw_fastrtps_cpp/cmake)
[0.372s] -- Using RMW implementation 'rmw_fastrtps_cpp' as default
[0.423s] -- Found rclcpp_components: 28.1.5 (/opt/ros/jazzy/share/rclcpp_components/cmake)
[0.449s] -- Found geometry_msgs: 5.3.5 (/opt/ros/jazzy/share/geometry_msgs/cmake)
[0.472s] -- Found sensor_msgs: 5.3.5 (/opt/ros/jazzy/share/sensor_msgs/cmake)
[0.490s] -- Found nav_msgs: 5.3.5 (/opt/ros/jazzy/share/nav_msgs/cmake)
[0.513s] -- Looking for gz-plugin2 -- found version 2.0.3
[0.514s] -- Searching for dependencies of gz-plugin2
[0.514s] -- Looking for gz-utils2 -- found version 2.2.0
[0.514s] -- Searching for dependencies of gz-utils2
[0.514s] -- Searching for <gz-utils2> component [cli]
[0.514s] -- Looking for gz-utils2-cli -- found version 2.2.0
[0.515s] -- Searching for dependencies of gz-utils2-cli
[0.515s] -- Searching for <gz-plugin2> component [register]
[0.515s] -- Looking for gz-plugin2-register -- found version 2.0.3
[0.516s] -- Searching for dependencies of gz-plugin2-register
[0.516s] -- Looking for gz-plugin2 - found
[0.516s] 
[0.593s] -- Configuring done (0.6s)
[0.600s] [31mCMake Error at CMakeLists.txt:39 (add_library):
[0.600s]   Cannot find source file:
[0.600s] 
[0.600s]     SampleSystem.cc
[0.600s] 
[0.600s]   Tried extensions .c .C .c++ .cc .cpp .cxx .cu .mpp .m .M .mm .ixx .cppm
[0.600s]   .ccm .cxxm .c++m .h .hh .h++ .hm .hpp .hxx .in .txx .f .F .for .f77 .f90
[0.600s]   .f95 .f03 .hip .ispc
[0.600s] 
[0.600s] [0m
[0.607s] [31mCMake Error at CMakeLists.txt:39 (add_library):
[0.607s]   No SOURCES given to target: SampleSystem
[0.607s] 
[0.607s] [0m
[0.607s] [0mCMake Generate step failed.  Build files cannot be regenerated correctly.[0m
[0.613s] gmake: *** [Makefile:267: cmake_check_build_system] Error 1
[0.615s] Invoked command in '/home/dorson/Documents/github/Doe/src/doe_simulation/build/doe_simulation' returned '2': CMAKE_PREFIX_PATH=${CMAKE_PREFIX_PATH}:/opt/ros/jazzy DEBUGINFOD_URLS=https://debuginfod.ubuntu.com /usr/bin/cmake --build /home/dorson/Documents/github/Doe/src/doe_simulation/build/doe_simulation -- -j20 -l20
