[0.027s] Invoking command in '/home/dorson/Documents/github/Doe/src/doe_control/build/doe_control': CMAKE_PREFIX_PATH=${CMAKE_PREFIX_PATH}:/opt/ros/jazzy DEBUGINFOD_URLS=https://debuginfod.ubuntu.com /usr/bin/cmake --build /home/dorson/Documents/github/Doe/src/doe_control/build/doe_control -- -j20 -l20
[0.140s] [ 50%] [32mBuilding CXX object CMakeFiles/thrust_publisher.dir/src/thrust_publisher.cpp.o[0m
[3.845s] In file included from [01m[K/opt/ros/jazzy/include/rclcpp/rclcpp/logging.hpp:24[m[K,
[3.846s]                  from [01m[K/opt/ros/jazzy/include/rclcpp/rclcpp/copy_all_parameter_values.hpp:27[m[K,
[3.846s]                  from [01m[K/opt/ros/jazzy/include/rclcpp/rclcpp/rclcpp.hpp:171[m[K,
[3.846s]                  from [01m[K/home/dorson/Documents/github/Doe/src/doe_control/include/doe_control/thrust_publisher.hpp:9[m[K,
[3.846s]                  from [01m[K/home/dorson/Documents/github/Doe/src/doe_control/src/thrust_publisher.cpp:1[m[K:
[3.846s] [01m[K/home/dorson/Documents/github/Doe/src/doe_control/src/thrust_publisher.cpp:[m[K In constructor ‘[01m[Kdoe_control::ThrustPublisher::[01;32m[KThrustPublisher[m[K(const rclcpp::NodeOptions&)[m[K’:
[3.846s] [01m[K/home/dorson/Documents/github/Doe/src/doe_control/src/thrust_publisher.cpp:61:41:[m[K [01;35m[Kwarning: [m[Kformat ‘[01m[K%s[m[K’ expects argument of type ‘[01m[Kchar*[m[K’, but argument 5 has type ‘[01m[Kcv::Mat[m[K’ [[01;35m[K]8;;https://gcc.gnu.org/onlinedocs/gcc/Warning-Options.html#index-Wformat=-Wformat=]8;;[m[K]
[3.847s]    61 |         RCLCPP_INFO(this->get_logger(), [01;35m[K"Allocation Matrix:\n%s"[m[K, alloc_mat);
[3.847s]       |                                         [01;35m[K^~~~~~~~~~~~~~~~~~~~~~~~[m[K
[3.847s] [01m[K/home/dorson/Documents/github/Doe/src/doe_control/src/thrust_publisher.cpp:61:63:[m[K [01;36m[Knote: [m[Kformat string is defined here
[3.847s]    61 |       RCLCPP_INFO(this->get_logger(), "Allocation Matrix:\n[01;36m[K%s[m[K", alloc_mat);
[3.847s]       |                                                            [01;36m[K~^[m[K
[3.847s]       |                                                             [01;36m[K|[m[K
[3.848s]       |                                                             [01;36m[Kchar*[m[K
[3.848s] 
[15.311s] [100%] [32m[1mLinking CXX executable thrust_publisher[0m
[16.157s] [100%] Built target thrust_publisher
[16.176s] Invoked command in '/home/dorson/Documents/github/Doe/src/doe_control/build/doe_control' returned '0': CMAKE_PREFIX_PATH=${CMAKE_PREFIX_PATH}:/opt/ros/jazzy DEBUGINFOD_URLS=https://debuginfod.ubuntu.com /usr/bin/cmake --build /home/dorson/Documents/github/Doe/src/doe_control/build/doe_control -- -j20 -l20
[16.249s] Invoking command in '/home/dorson/Documents/github/Doe/src/doe_control/build/doe_control': CMAKE_PREFIX_PATH=${CMAKE_PREFIX_PATH}:/opt/ros/jazzy DEBUGINFOD_URLS=https://debuginfod.ubuntu.com /usr/bin/cmake --install /home/dorson/Documents/github/Doe/src/doe_control/build/doe_control
[16.263s] -- Install configuration: ""
[16.263s] -- Installing: /home/dorson/Documents/github/Doe/src/doe_control/install/doe_control/lib/doe_control/thrust_publisher
[16.272s] -- Set non-toolchain portion of runtime path of "/home/dorson/Documents/github/Doe/src/doe_control/install/doe_control/lib/doe_control/thrust_publisher" to ""
[16.272s] -- Up-to-date: /home/dorson/Documents/github/Doe/src/doe_control/install/doe_control/share/ament_index/resource_index/package_run_dependencies/doe_control
[16.272s] -- Up-to-date: /home/dorson/Documents/github/Doe/src/doe_control/install/doe_control/share/ament_index/resource_index/parent_prefix_path/doe_control
[16.272s] -- Up-to-date: /home/dorson/Documents/github/Doe/src/doe_control/install/doe_control/share/doe_control/environment/ament_prefix_path.sh
[16.272s] -- Up-to-date: /home/dorson/Documents/github/Doe/src/doe_control/install/doe_control/share/doe_control/environment/ament_prefix_path.dsv
[16.272s] -- Up-to-date: /home/dorson/Documents/github/Doe/src/doe_control/install/doe_control/share/doe_control/environment/path.sh
[16.272s] -- Up-to-date: /home/dorson/Documents/github/Doe/src/doe_control/install/doe_control/share/doe_control/environment/path.dsv
[16.273s] -- Up-to-date: /home/dorson/Documents/github/Doe/src/doe_control/install/doe_control/share/doe_control/local_setup.bash
[16.273s] -- Up-to-date: /home/dorson/Documents/github/Doe/src/doe_control/install/doe_control/share/doe_control/local_setup.sh
[16.273s] -- Up-to-date: /home/dorson/Documents/github/Doe/src/doe_control/install/doe_control/share/doe_control/local_setup.zsh
[16.273s] -- Up-to-date: /home/dorson/Documents/github/Doe/src/doe_control/install/doe_control/share/doe_control/local_setup.dsv
[16.273s] -- Installing: /home/dorson/Documents/github/Doe/src/doe_control/install/doe_control/share/doe_control/package.dsv
[16.274s] -- Up-to-date: /home/dorson/Documents/github/Doe/src/doe_control/install/doe_control/share/ament_index/resource_index/packages/doe_control
[16.275s] -- Up-to-date: /home/dorson/Documents/github/Doe/src/doe_control/install/doe_control/share/doe_control/cmake/doe_controlConfig.cmake
[16.275s] -- Up-to-date: /home/dorson/Documents/github/Doe/src/doe_control/install/doe_control/share/doe_control/cmake/doe_controlConfig-version.cmake
[16.275s] -- Up-to-date: /home/dorson/Documents/github/Doe/src/doe_control/install/doe_control/share/doe_control/package.xml
[16.276s] Invoked command in '/home/dorson/Documents/github/Doe/src/doe_control/build/doe_control' returned '0': CMAKE_PREFIX_PATH=${CMAKE_PREFIX_PATH}:/opt/ros/jazzy DEBUGINFOD_URLS=https://debuginfod.ubuntu.com /usr/bin/cmake --install /home/dorson/Documents/github/Doe/src/doe_control/build/doe_control
