[0.011s] Invoking command in '/home/dorson/Documents/github/Doe/src/doe_simulation/build/doe_simulation': CMAKE_PREFIX_PATH=${CMAKE_PREFIX_PATH}:/opt/ros/jazzy DEBUGINFOD_URLS=https://debuginfod.ubuntu.com /usr/bin/cmake --build /home/dorson/Documents/github/Doe/src/doe_simulation/build/doe_simulation -- -j20 -l20
[0.069s] [ 50%] [32mBuilding CXX object CMakeFiles/thruster_driver_plugin.dir/src/thruster_driver_plugin.cpp.o[0m
[2.064s] [01m[K/home/dorson/Documents/github/Doe/src/doe_simulation/src/thruster_driver_plugin.cpp:[m[K In constructor ‘[01m[Kdoe_simulation::ThrusterDriver::[01;32m[KThrusterDriver[m[K()[m[K’:
[2.064s] [01m[K/home/dorson/Documents/github/Doe/src/doe_simulation/src/thruster_driver_plugin.cpp:8:52:[m[K [01;31m[Kerror: [m[Kexpected class-name before ‘[01m[K([m[K’ token
[2.064s]     8 |     ThrusterDriver::ThrusterDriver() : rclcpp::init[01;31m[K([m[K0, nullptr),node{rclcpp::Node::make_shared("thruster_driver")} {}
[2.064s]       |                                                    [01;31m[K^[m[K
[2.064s] [01m[K/home/dorson/Documents/github/Doe/src/doe_simulation/src/thruster_driver_plugin.cpp:8:52:[m[K [01;31m[Kerror: [m[Kexpected ‘[01m[K{[m[K’ before ‘[01m[K([m[K’ token
[2.065s] [01m[K/home/dorson/Documents/github/Doe/src/doe_simulation/src/thruster_driver_plugin.cpp:[m[K At global scope:
[2.065s] [01m[K/home/dorson/Documents/github/Doe/src/doe_simulation/src/thruster_driver_plugin.cpp:8:53:[m[K [01;31m[Kerror: [m[Kexpected unqualified-id before numeric constant
[2.065s]     8 |     ThrusterDriver::ThrusterDriver() : rclcpp::init([01;31m[K0[m[K, nullptr),node{rclcpp::Node::make_shared("thruster_driver")} {}
[2.065s]       |                                                     [01;31m[K^[m[K
[2.065s] [01m[K/home/dorson/Documents/github/Doe/src/doe_simulation/src/thruster_driver_plugin.cpp:8:53:[m[K [01;31m[Kerror: [m[Kexpected ‘[01m[K)[m[K’ before numeric constant
[2.065s]     8 |     ThrusterDriver::ThrusterDriver() : rclcpp::init[34m[K([m[K[01;31m[K0[m[K, nullptr),node{rclcpp::Node::make_shared("thruster_driver")} {}
[2.065s]       |                                                    [34m[K~[m[K[01;31m[K^[m[K
[2.065s]       |                                                     [32m[K)[m[K
[2.065s] [01m[K/home/dorson/Documents/github/Doe/src/doe_simulation/src/thruster_driver_plugin.cpp:8:116:[m[K [01;31m[Kerror: [m[Kexpected unqualified-id before ‘[01m[K{[m[K’ token
[2.065s]     8 | :init(0, nullptr),node{rclcpp::Node::make_shared("thruster_driver")} [01;31m[K{[m[K}
[2.065s]       |                                                                      [01;31m[K^[m[K
[2.065s] 
[3.616s] gmake[2]: *** [CMakeFiles/thruster_driver_plugin.dir/build.make:76: CMakeFiles/thruster_driver_plugin.dir/src/thruster_driver_plugin.cpp.o] Error 1
[3.616s] gmake[1]: *** [CMakeFiles/Makefile2:137: CMakeFiles/thruster_driver_plugin.dir/all] Error 2
[3.616s] gmake: *** [Makefile:166: all] Error 2
[3.619s] Invoked command in '/home/dorson/Documents/github/Doe/src/doe_simulation/build/doe_simulation' returned '2': CMAKE_PREFIX_PATH=${CMAKE_PREFIX_PATH}:/opt/ros/jazzy DEBUGINFOD_URLS=https://debuginfod.ubuntu.com /usr/bin/cmake --build /home/dorson/Documents/github/Doe/src/doe_simulation/build/doe_simulation -- -j20 -l20
