[0.341s] DEBUG:colcon:Command line arguments: ['/usr/bin/colcon', 'build']
[0.342s] DEBUG:colcon:Parsed command line arguments: Namespace(log_base=None, log_level=None, verb_name='build', build_base='build', install_base='install', merge_install=False, symlink_install=False, test_result_base=None, continue_on_error=False, executor='parallel', parallel_workers=20, event_handlers=None, ignore_user_meta=False, metas=['./colcon.meta'], base_paths=['.'], packages_ignore=None, packages_ignore_regex=None, paths=None, packages_up_to=None, packages_up_to_regex=None, packages_above=None, packages_above_and_dependencies=None, packages_above_depth=None, packages_select_by_dep=None, packages_skip_by_dep=None, packages_skip_up_to=None, packages_select_build_failed=False, packages_skip_build_finished=False, packages_select_test_failures=False, packages_skip_test_passed=False, packages_select=None, packages_skip=None, packages_select_regex=None, packages_skip_regex=None, packages_start=None, packages_end=None, allow_overriding=[], cmake_args=None, cmake_target=None, cmake_target_skip_unavailable=False, cmake_clean_cache=False, cmake_clean_first=False, cmake_force_configure=False, ament_cmake_args=None, catkin_cmake_args=None, catkin_skip_building_tests=False, mixin_files=None, mixin=None, verb_parser=<colcon_mixin.mixin.mixin_argument.MixinArgumentDecorator object at 0x70bc74f62ab0>, verb_extension=<colcon_core.verb.build.BuildVerb object at 0x70bc74f62090>, main=<bound method BuildVerb.main of <colcon_core.verb.build.BuildVerb object at 0x70bc74f62090>>, mixin_verb=('build',))
[0.420s] Level 1:colcon.colcon_core.package_discovery:discover_packages(colcon_meta) check parameters
[0.421s] Level 1:colcon.colcon_core.package_discovery:discover_packages(recursive) check parameters
[0.421s] Level 1:colcon.colcon_core.package_discovery:discover_packages(ignore) check parameters
[0.421s] Level 1:colcon.colcon_core.package_discovery:discover_packages(path) check parameters
[0.421s] Level 1:colcon.colcon_core.package_discovery:discover_packages(colcon_meta) discover
[0.421s] Level 1:colcon.colcon_core.package_discovery:discover_packages(recursive) discover
[0.421s] INFO:colcon.colcon_core.package_discovery:Crawling recursively for packages in '/home/dorson/Documents/github/Doe/src/doe_control'
[0.421s] Level 1:colcon.colcon_core.package_identification:_identify(.) by extensions ['ignore', 'ignore_ament_install']
[0.421s] Level 1:colcon.colcon_core.package_identification:_identify(.) by extension 'ignore'
[0.421s] Level 1:colcon.colcon_core.package_identification:_identify(.) by extension 'ignore_ament_install'
[0.422s] Level 1:colcon.colcon_core.package_identification:_identify(.) by extensions ['colcon_pkg']
[0.422s] Level 1:colcon.colcon_core.package_identification:_identify(.) by extension 'colcon_pkg'
[0.422s] Level 1:colcon.colcon_core.package_identification:_identify(.) by extensions ['colcon_meta']
[0.422s] Level 1:colcon.colcon_core.package_identification:_identify(.) by extension 'colcon_meta'
[0.422s] Level 1:colcon.colcon_core.package_identification:_identify(.) by extensions ['ros']
[0.422s] Level 1:colcon.colcon_core.package_identification:_identify(.) by extension 'ros'
[0.490s] DEBUG:colcon.colcon_core.package_identification:Package '.' with type 'ros.ament_cmake' and name 'doe_control'
[0.490s] Level 1:colcon.colcon_core.package_discovery:discover_packages(recursive) using defaults
[0.491s] Level 1:colcon.colcon_core.package_discovery:discover_packages(ignore) discover
[0.491s] Level 1:colcon.colcon_core.package_discovery:discover_packages(ignore) using defaults
[0.491s] Level 1:colcon.colcon_core.package_discovery:discover_packages(path) discover
[0.491s] Level 1:colcon.colcon_core.package_discovery:discover_packages(path) using defaults
[0.531s] Level 1:colcon.colcon_core.package_discovery:discover_packages(prefix_path) check parameters
[0.531s] Level 1:colcon.colcon_core.package_discovery:discover_packages(prefix_path) discover
[0.538s] DEBUG:colcon.colcon_installed_package_information.package_discovery:Found 1 installed packages in /home/dorson/Documents/github/Doe/src/doe_control/install
[0.538s] DEBUG:colcon.colcon_installed_package_information.package_discovery:Found 1 installed packages in /home/dorson/Documents/github/Doe/install
[0.541s] DEBUG:colcon.colcon_installed_package_information.package_discovery:Found 413 installed packages in /opt/ros/jazzy
[0.543s] Level 1:colcon.colcon_core.package_discovery:discover_packages(prefix_path) using defaults
[0.630s] Level 5:colcon.colcon_core.verb:set package 'doe_control' build argument 'cmake_args' from command line to 'None'
[0.630s] Level 5:colcon.colcon_core.verb:set package 'doe_control' build argument 'cmake_target' from command line to 'None'
[0.630s] Level 5:colcon.colcon_core.verb:set package 'doe_control' build argument 'cmake_target_skip_unavailable' from command line to 'False'
[0.630s] Level 5:colcon.colcon_core.verb:set package 'doe_control' build argument 'cmake_clean_cache' from command line to 'False'
[0.630s] Level 5:colcon.colcon_core.verb:set package 'doe_control' build argument 'cmake_clean_first' from command line to 'False'
[0.630s] Level 5:colcon.colcon_core.verb:set package 'doe_control' build argument 'cmake_force_configure' from command line to 'False'
[0.630s] Level 5:colcon.colcon_core.verb:set package 'doe_control' build argument 'ament_cmake_args' from command line to 'None'
[0.630s] Level 5:colcon.colcon_core.verb:set package 'doe_control' build argument 'catkin_cmake_args' from command line to 'None'
[0.630s] Level 5:colcon.colcon_core.verb:set package 'doe_control' build argument 'catkin_skip_building_tests' from command line to 'False'
[0.630s] DEBUG:colcon.colcon_core.verb:Building package 'doe_control' with the following arguments: {'ament_cmake_args': None, 'build_base': '/home/dorson/Documents/github/Doe/src/doe_control/build/doe_control', 'catkin_cmake_args': None, 'catkin_skip_building_tests': False, 'cmake_args': None, 'cmake_clean_cache': False, 'cmake_clean_first': False, 'cmake_force_configure': False, 'cmake_target': None, 'cmake_target_skip_unavailable': False, 'install_base': '/home/dorson/Documents/github/Doe/src/doe_control/install/doe_control', 'merge_install': False, 'path': '/home/dorson/Documents/github/Doe/src/doe_control', 'symlink_install': False, 'test_result_base': None}
[0.631s] INFO:colcon.colcon_core.executor:Executing jobs using 'parallel' executor
[0.632s] DEBUG:colcon.colcon_parallel_executor.executor.parallel:run_until_complete
[0.633s] INFO:colcon.colcon_ros.task.ament_cmake.build:Building ROS package in '/home/dorson/Documents/github/Doe/src/doe_control' with build type 'ament_cmake'
[0.633s] INFO:colcon.colcon_cmake.task.cmake.build:Building CMake package in '/home/dorson/Documents/github/Doe/src/doe_control'
[0.642s] INFO:colcon.colcon_core.plugin_system:Skipping extension 'colcon_core.shell.bat': Not used on non-Windows systems
[0.642s] INFO:colcon.colcon_core.shell:Skip shell extension 'powershell' for command environment: Not usable outside of PowerShell
[0.642s] DEBUG:colcon.colcon_core.shell:Skip shell extension 'dsv' for command environment
[0.663s] DEBUG:colcon.colcon_core.event_handler.log_command:Invoking command in '/home/dorson/Documents/github/Doe/src/doe_control/build/doe_control': CMAKE_PREFIX_PATH=${CMAKE_PREFIX_PATH}:/opt/ros/jazzy DEBUGINFOD_URLS=https://debuginfod.ubuntu.com /usr/bin/cmake --build /home/dorson/Documents/github/Doe/src/doe_control/build/doe_control -- -j20 -l20
[18.155s] DEBUG:colcon.colcon_core.event_handler.log_command:Invoked command in '/home/dorson/Documents/github/Doe/src/doe_control/build/doe_control' returned '0': CMAKE_PREFIX_PATH=${CMAKE_PREFIX_PATH}:/opt/ros/jazzy DEBUGINFOD_URLS=https://debuginfod.ubuntu.com /usr/bin/cmake --build /home/dorson/Documents/github/Doe/src/doe_control/build/doe_control -- -j20 -l20
[18.219s] DEBUG:colcon.colcon_core.event_handler.log_command:Invoking command in '/home/dorson/Documents/github/Doe/src/doe_control/build/doe_control': CMAKE_PREFIX_PATH=${CMAKE_PREFIX_PATH}:/opt/ros/jazzy DEBUGINFOD_URLS=https://debuginfod.ubuntu.com /usr/bin/cmake --install /home/dorson/Documents/github/Doe/src/doe_control/build/doe_control
[18.245s] Level 1:colcon.colcon_core.environment:create_environment_scripts_only(doe_control)
[18.246s] DEBUG:colcon.colcon_core.event_handler.log_command:Invoked command in '/home/dorson/Documents/github/Doe/src/doe_control/build/doe_control' returned '0': CMAKE_PREFIX_PATH=${CMAKE_PREFIX_PATH}:/opt/ros/jazzy DEBUGINFOD_URLS=https://debuginfod.ubuntu.com /usr/bin/cmake --install /home/dorson/Documents/github/Doe/src/doe_control/build/doe_control
[18.251s] Level 1:colcon.colcon_core.environment:checking '/home/dorson/Documents/github/Doe/src/doe_control/install/doe_control' for CMake module files
[18.252s] Level 1:colcon.colcon_core.environment:checking '/home/dorson/Documents/github/Doe/src/doe_control/install/doe_control' for CMake config files
[18.252s] Level 1:colcon.colcon_core.shell:create_environment_hook('doe_control', 'cmake_prefix_path')
[18.252s] INFO:colcon.colcon_core.shell:Creating environment hook '/home/dorson/Documents/github/Doe/src/doe_control/install/doe_control/share/doe_control/hook/cmake_prefix_path.ps1'
[18.253s] INFO:colcon.colcon_core.shell:Creating environment descriptor '/home/dorson/Documents/github/Doe/src/doe_control/install/doe_control/share/doe_control/hook/cmake_prefix_path.dsv'
[18.254s] INFO:colcon.colcon_core.shell:Creating environment hook '/home/dorson/Documents/github/Doe/src/doe_control/install/doe_control/share/doe_control/hook/cmake_prefix_path.sh'
[18.255s] Level 1:colcon.colcon_core.environment:checking '/home/dorson/Documents/github/Doe/src/doe_control/install/doe_control/lib'
[18.256s] Level 1:colcon.colcon_core.environment:checking '/home/dorson/Documents/github/Doe/src/doe_control/install/doe_control/bin'
[18.256s] Level 1:colcon.colcon_core.environment:checking '/home/dorson/Documents/github/Doe/src/doe_control/install/doe_control/lib/pkgconfig/doe_control.pc'
[18.256s] Level 1:colcon.colcon_core.environment:checking '/home/dorson/Documents/github/Doe/src/doe_control/install/doe_control/lib/python3.12/site-packages'
[18.256s] Level 1:colcon.colcon_core.environment:checking '/home/dorson/Documents/github/Doe/src/doe_control/install/doe_control/bin'
[18.257s] INFO:colcon.colcon_core.shell:Creating package script '/home/dorson/Documents/github/Doe/src/doe_control/install/doe_control/share/doe_control/package.ps1'
[18.258s] INFO:colcon.colcon_core.shell:Creating package descriptor '/home/dorson/Documents/github/Doe/src/doe_control/install/doe_control/share/doe_control/package.dsv'
[18.259s] INFO:colcon.colcon_core.shell:Creating package script '/home/dorson/Documents/github/Doe/src/doe_control/install/doe_control/share/doe_control/package.sh'
[18.260s] INFO:colcon.colcon_core.shell:Creating package script '/home/dorson/Documents/github/Doe/src/doe_control/install/doe_control/share/doe_control/package.bash'
[18.261s] INFO:colcon.colcon_core.shell:Creating package script '/home/dorson/Documents/github/Doe/src/doe_control/install/doe_control/share/doe_control/package.zsh'
[18.261s] Level 1:colcon.colcon_core.environment:create_file_with_runtime_dependencies(/home/dorson/Documents/github/Doe/src/doe_control/install/doe_control/share/colcon-core/packages/doe_control)
[18.312s] Level 1:colcon.colcon_core.environment:create_environment_scripts_only(doe_control)
[18.313s] Level 1:colcon.colcon_core.environment:checking '/home/dorson/Documents/github/Doe/src/doe_control/install/doe_control' for CMake module files
[18.314s] Level 1:colcon.colcon_core.environment:checking '/home/dorson/Documents/github/Doe/src/doe_control/install/doe_control' for CMake config files
[18.314s] Level 1:colcon.colcon_core.shell:create_environment_hook('doe_control', 'cmake_prefix_path')
[18.314s] INFO:colcon.colcon_core.shell:Creating environment hook '/home/dorson/Documents/github/Doe/src/doe_control/install/doe_control/share/doe_control/hook/cmake_prefix_path.ps1'
[18.315s] INFO:colcon.colcon_core.shell:Creating environment descriptor '/home/dorson/Documents/github/Doe/src/doe_control/install/doe_control/share/doe_control/hook/cmake_prefix_path.dsv'
[18.315s] INFO:colcon.colcon_core.shell:Creating environment hook '/home/dorson/Documents/github/Doe/src/doe_control/install/doe_control/share/doe_control/hook/cmake_prefix_path.sh'
[18.316s] Level 1:colcon.colcon_core.environment:checking '/home/dorson/Documents/github/Doe/src/doe_control/install/doe_control/lib'
[18.317s] Level 1:colcon.colcon_core.environment:checking '/home/dorson/Documents/github/Doe/src/doe_control/install/doe_control/bin'
[18.317s] Level 1:colcon.colcon_core.environment:checking '/home/dorson/Documents/github/Doe/src/doe_control/install/doe_control/lib/pkgconfig/doe_control.pc'
[18.317s] Level 1:colcon.colcon_core.environment:checking '/home/dorson/Documents/github/Doe/src/doe_control/install/doe_control/lib/python3.12/site-packages'
[18.317s] Level 1:colcon.colcon_core.environment:checking '/home/dorson/Documents/github/Doe/src/doe_control/install/doe_control/bin'
[18.318s] INFO:colcon.colcon_core.shell:Creating package script '/home/dorson/Documents/github/Doe/src/doe_control/install/doe_control/share/doe_control/package.ps1'
[18.318s] INFO:colcon.colcon_core.shell:Creating package descriptor '/home/dorson/Documents/github/Doe/src/doe_control/install/doe_control/share/doe_control/package.dsv'
[18.319s] INFO:colcon.colcon_core.shell:Creating package script '/home/dorson/Documents/github/Doe/src/doe_control/install/doe_control/share/doe_control/package.sh'
[18.320s] INFO:colcon.colcon_core.shell:Creating package script '/home/dorson/Documents/github/Doe/src/doe_control/install/doe_control/share/doe_control/package.bash'
[18.320s] INFO:colcon.colcon_core.shell:Creating package script '/home/dorson/Documents/github/Doe/src/doe_control/install/doe_control/share/doe_control/package.zsh'
[18.321s] Level 1:colcon.colcon_core.environment:create_file_with_runtime_dependencies(/home/dorson/Documents/github/Doe/src/doe_control/install/doe_control/share/colcon-core/packages/doe_control)
[18.321s] DEBUG:colcon.colcon_parallel_executor.executor.parallel:closing loop
[18.322s] DEBUG:colcon.colcon_parallel_executor.executor.parallel:loop closed
[18.322s] DEBUG:colcon.colcon_parallel_executor.executor.parallel:run_until_complete finished with '0'
[18.322s] DEBUG:colcon.colcon_core.event_reactor:joining thread
[18.336s] INFO:colcon.colcon_core.plugin_system:Skipping extension 'colcon_notification.desktop_notification.terminal_notifier': Not used on non-Darwin systems
[18.336s] INFO:colcon.colcon_core.plugin_system:Skipping extension 'colcon_notification.desktop_notification.win32': Not used on non-Windows systems
[18.336s] INFO:colcon.colcon_notification.desktop_notification:Sending desktop notification using 'notify2'
[18.357s] DEBUG:colcon.colcon_core.event_reactor:joined thread
[18.357s] INFO:colcon.colcon_core.shell:Creating prefix script '/home/dorson/Documents/github/Doe/src/doe_control/install/local_setup.ps1'
[18.359s] INFO:colcon.colcon_core.shell:Creating prefix util module '/home/dorson/Documents/github/Doe/src/doe_control/install/_local_setup_util_ps1.py'
[18.360s] INFO:colcon.colcon_core.shell:Creating prefix chain script '/home/dorson/Documents/github/Doe/src/doe_control/install/setup.ps1'
[18.362s] INFO:colcon.colcon_core.shell:Creating prefix script '/home/dorson/Documents/github/Doe/src/doe_control/install/local_setup.sh'
[18.362s] INFO:colcon.colcon_core.shell:Creating prefix util module '/home/dorson/Documents/github/Doe/src/doe_control/install/_local_setup_util_sh.py'
[18.363s] INFO:colcon.colcon_core.shell:Creating prefix chain script '/home/dorson/Documents/github/Doe/src/doe_control/install/setup.sh'
[18.365s] INFO:colcon.colcon_core.shell:Creating prefix script '/home/dorson/Documents/github/Doe/src/doe_control/install/local_setup.bash'
[18.365s] INFO:colcon.colcon_core.shell:Creating prefix chain script '/home/dorson/Documents/github/Doe/src/doe_control/install/setup.bash'
[18.367s] INFO:colcon.colcon_core.shell:Creating prefix script '/home/dorson/Documents/github/Doe/src/doe_control/install/local_setup.zsh'
[18.368s] INFO:colcon.colcon_core.shell:Creating prefix chain script '/home/dorson/Documents/github/Doe/src/doe_control/install/setup.zsh'
