[0.027s] Invoking command in '/home/dorson/Documents/github/Doe/src/doe_control/build/doe_control': CMAKE_PREFIX_PATH=${CMAKE_PREFIX_PATH}:/opt/ros/jazzy DEBUGINFOD_URLS=https://debuginfod.ubuntu.com /usr/bin/cmake --build /home/dorson/Documents/github/Doe/src/doe_control/build/doe_control -- -j20 -l20
[0.145s] [ 50%] [32mBuilding CXX object CMakeFiles/thrust_publisher.dir/src/thrust_publisher.cpp.o[0m
[3.855s] [01m[K/home/dorson/Documents/github/Doe/src/doe_control/src/thrust_publisher.cpp:[m[K In member function ‘[01m[Kvoid doe_control::ThrustPublisher::[01;32m[KwrenchCallback[m[K(geometry_msgs::msg::Wrench_<std::allocator<void> >::SharedPtr) const[m[K’:
[3.855s] [01m[K/home/dorson/Documents/github/Doe/src/doe_control/src/thrust_publisher.cpp:122:18:[m[K [01;31m[Kerror: [m[Kno match for ‘[01m[Koperator<<[m[K’ (operand types are ‘[01m[Kstd::ostream[m[K’ {aka ‘[01m[Kstd::basic_ostream<char>[m[K’} and ‘[01m[Kstd_msgs::msg::UInt32_<std::allocator<void> >[m[K’)
[3.855s]   122 |         [32m[Kstd::cout[m[K[01;31m[K<<[m[K[34m[Ksignal_msg[m[K<<std::endl;
[3.855s]       |         [32m[K~~~~~~~~~[m[K[01;31m[K^~[m[K[34m[K~~~~~~~~~~[m[K
[3.856s]       |              [32m[K|[m[K     [34m[K|[m[K
[3.856s]       |              [32m[K|[m[K     [34m[Kstd_msgs::msg::UInt32_<std::allocator<void> >[m[K
[3.856s]       |              [32m[Kstd::ostream {aka std::basic_ostream<char>}[m[K
[3.856s] In file included from [01m[K/usr/include/c++/13/istream:41[m[K,
[3.856s]                  from [01m[K/usr/include/c++/13/sstream:40[m[K,
[3.856s]                  from [01m[K/usr/include/c++/13/complex:45[m[K,
[3.856s]                  from [01m[K/usr/local/include/opencv4/opencv2/core/cvstd.inl.hpp:47[m[K,
[3.856s]                  from [01m[K/usr/local/include/opencv4/opencv2/core.hpp:3418[m[K,
[3.856s]                  from [01m[K/home/dorson/Documents/github/Doe/src/doe_control/include/doe_control/thrust_publisher.hpp:8[m[K,
[3.856s]                  from [01m[K/home/dorson/Documents/github/Doe/src/doe_control/src/thrust_publisher.cpp:1[m[K:
[3.858s] [01m[K/usr/include/c++/13/ostream:110:7:[m[K [01;36m[Knote: [m[Kcandidate: ‘[01m[Kstd::basic_ostream<_CharT, _Traits>::__ostream_type& std::basic_ostream<_CharT, _Traits>::[01;32m[Koperator<<[m[K(__ostream_type& (*)(__ostream_type&)) [35m[K[with _CharT = char; _Traits = std::char_traits<char>; __ostream_type = std::basic_ostream<char>][m[K[m[K’
[3.858s]   110 |       [01;36m[Koperator[m[K<<(__ostream_type& (*__pf)(__ostream_type&))
[3.858s]       |       [01;36m[K^~~~~~~~[m[K
[3.858s] [01m[K/usr/include/c++/13/ostream:110:36:[m[K [01;36m[Knote: [m[K  no known conversion for argument 1 from ‘[01m[Kstd_msgs::msg::UInt32_<std::allocator<void> >[m[K’ to ‘[01m[Kstd::basic_ostream<char>::__ostream_type& (*)(std::basic_ostream<char>::__ostream_type&)[m[K’ {aka ‘[01m[Kstd::basic_ostream<char>& (*)(std::basic_ostream<char>&)[m[K’}
[3.858s]   110 |       operator<<([01;36m[K__ostream_type& (*__pf)(__ostream_type&)[m[K)
[3.858s]       |                  [01;36m[K~~~~~~~~~~~~~~~~~~^~~~~~~~~~~~~~~~~~~~~~[m[K
[3.859s] [01m[K/usr/include/c++/13/ostream:119:7:[m[K [01;36m[Knote: [m[Kcandidate: ‘[01m[Kstd::basic_ostream<_CharT, _Traits>::__ostream_type& std::basic_ostream<_CharT, _Traits>::[01;32m[Koperator<<[m[K(__ios_type& (*)(__ios_type&)) [35m[K[with _CharT = char; _Traits = std::char_traits<char>; __ostream_type = std::basic_ostream<char>; __ios_type = std::basic_ios<char>][m[K[m[K’
[3.859s]   119 |       [01;36m[Koperator[m[K<<(__ios_type& (*__pf)(__ios_type&))
[3.859s]       |       [01;36m[K^~~~~~~~[m[K
[3.859s] [01m[K/usr/include/c++/13/ostream:119:32:[m[K [01;36m[Knote: [m[K  no known conversion for argument 1 from ‘[01m[Kstd_msgs::msg::UInt32_<std::allocator<void> >[m[K’ to ‘[01m[Kstd::basic_ostream<char>::__ios_type& (*)(std::basic_ostream<char>::__ios_type&)[m[K’ {aka ‘[01m[Kstd::basic_ios<char>& (*)(std::basic_ios<char>&)[m[K’}
[3.859s]   119 |       operator<<([01;36m[K__ios_type& (*__pf)(__ios_type&)[m[K)
[3.859s]       |                  [01;36m[K~~~~~~~~~~~~~~^~~~~~~~~~~~~~~~~~[m[K
[3.859s] [01m[K/usr/include/c++/13/ostream:129:7:[m[K [01;36m[Knote: [m[Kcandidate: ‘[01m[Kstd::basic_ostream<_CharT, _Traits>::__ostream_type& std::basic_ostream<_CharT, _Traits>::[01;32m[Koperator<<[m[K(std::ios_base& (*)(std::ios_base&)) [35m[K[with _CharT = char; _Traits = std::char_traits<char>; __ostream_type = std::basic_ostream<char>][m[K[m[K’
[3.859s]   129 |       [01;36m[Koperator[m[K<<(ios_base& (*__pf) (ios_base&))
[3.859s]       |       [01;36m[K^~~~~~~~[m[K
[3.859s] [01m[K/usr/include/c++/13/ostream:129:30:[m[K [01;36m[Knote: [m[K  no known conversion for argument 1 from ‘[01m[Kstd_msgs::msg::UInt32_<std::allocator<void> >[m[K’ to ‘[01m[Kstd::ios_base& (*)(std::ios_base&)[m[K’
[3.860s]   129 |       operator<<([01;36m[Kios_base& (*__pf) (ios_base&)[m[K)
[3.860s]       |                  [01;36m[K~~~~~~~~~~~~^~~~~~~~~~~~~~~~~[m[K
[3.860s] [01m[K/usr/include/c++/13/ostream:168:7:[m[K [01;36m[Knote: [m[Kcandidate: ‘[01m[Kstd::basic_ostream<_CharT, _Traits>::__ostream_type& std::basic_ostream<_CharT, _Traits>::[01;32m[Koperator<<[m[K(long int) [35m[K[with _CharT = char; _Traits = std::char_traits<char>; __ostream_type = std::basic_ostream<char>][m[K[m[K’
[3.860s]   168 |       [01;36m[Koperator[m[K<<(long __n)
[3.860s]       |       [01;36m[K^~~~~~~~[m[K
[3.860s] [01m[K/usr/include/c++/13/ostream:168:23:[m[K [01;36m[Knote: [m[K  no known conversion for argument 1 from ‘[01m[Kstd_msgs::msg::UInt32_<std::allocator<void> >[m[K’ to ‘[01m[Klong int[m[K’
[3.860s]   168 |       operator<<([01;36m[Klong __n[m[K)
[3.860s]       |                  [01;36m[K~~~~~^~~[m[K
[3.860s] [01m[K/usr/include/c++/13/ostream:172:7:[m[K [01;36m[Knote: [m[Kcandidate: ‘[01m[Kstd::basic_ostream<_CharT, _Traits>::__ostream_type& std::basic_ostream<_CharT, _Traits>::[01;32m[Koperator<<[m[K(long unsigned int) [35m[K[with _CharT = char; _Traits = std::char_traits<char>; __ostream_type = std::basic_ostream<char>][m[K[m[K’
[3.860s]   172 |       [01;36m[Koperator[m[K<<(unsigned long __n)
[3.860s]       |       [01;36m[K^~~~~~~~[m[K
[3.861s] [01m[K/usr/include/c++/13/ostream:172:32:[m[K [01;36m[Knote: [m[K  no known conversion for argument 1 from ‘[01m[Kstd_msgs::msg::UInt32_<std::allocator<void> >[m[K’ to ‘[01m[Klong unsigned int[m[K’
[3.861s]   172 |       operator<<([01;36m[Kunsigned long __n[m[K)
[3.861s]       |                  [01;36m[K~~~~~~~~~~~~~~^~~[m[K
[3.861s] [01m[K/usr/include/c++/13/ostream:176:7:[m[K [01;36m[Knote: [m[Kcandidate: ‘[01m[Kstd::basic_ostream<_CharT, _Traits>::__ostream_type& std::basic_ostream<_CharT, _Traits>::[01;32m[Koperator<<[m[K(bool) [35m[K[with _CharT = char; _Traits = std::char_traits<char>; __ostream_type = std::basic_ostream<char>][m[K[m[K’
[3.861s]   176 |       [01;36m[Koperator[m[K<<(bool __n)
[3.861s]       |       [01;36m[K^~~~~~~~[m[K
[3.861s] [01m[K/usr/include/c++/13/ostream:176:23:[m[K [01;36m[Knote: [m[K  no known conversion for argument 1 from ‘[01m[Kstd_msgs::msg::UInt32_<std::allocator<void> >[m[K’ to ‘[01m[Kbool[m[K’
[3.861s]   176 |       operator<<([01;36m[Kbool __n[m[K)
[3.861s]       |                  [01;36m[K~~~~~^~~[m[K
[3.861s] In file included from [01m[K/usr/include/c++/13/ostream:880[m[K:
[3.861s] [01m[K/usr/include/c++/13/bits/ostream.tcc:96:5:[m[K [01;36m[Knote: [m[Kcandidate: ‘[01m[Kstd::basic_ostream<_CharT, _Traits>& std::basic_ostream<_CharT, _Traits>::[01;32m[Koperator<<[m[K(short int) [35m[K[with _CharT = char; _Traits = std::char_traits<char>][m[K[m[K’
[3.861s]    96 |     [01;36m[Kbasic_ostream<_CharT, _Traits>[m[K::
[3.862s]       |     [01;36m[K^~~~~~~~~~~~~~~~~~~~~~~~~~~~~~[m[K
[3.862s] [01m[K/usr/include/c++/13/bits/ostream.tcc:97:22:[m[K [01;36m[Knote: [m[K  no known conversion for argument 1 from ‘[01m[Kstd_msgs::msg::UInt32_<std::allocator<void> >[m[K’ to ‘[01m[Kshort int[m[K’
[3.862s]    97 |     operator<<([01;36m[Kshort __n[m[K)
[3.864s]       |                [01;36m[K~~~~~~^~~[m[K
[3.864s] [01m[K/usr/include/c++/13/ostream:183:7:[m[K [01;36m[Knote: [m[Kcandidate: ‘[01m[Kstd::basic_ostream<_CharT, _Traits>::__ostream_type& std::basic_ostream<_CharT, _Traits>::[01;32m[Koperator<<[m[K(short unsigned int) [35m[K[with _CharT = char; _Traits = std::char_traits<char>; __ostream_type = std::basic_ostream<char>][m[K[m[K’
[3.864s]   183 |       [01;36m[Koperator[m[K<<(unsigned short __n)
[3.864s]       |       [01;36m[K^~~~~~~~[m[K
[3.864s] [01m[K/usr/include/c++/13/ostream:183:33:[m[K [01;36m[Knote: [m[K  no known conversion for argument 1 from ‘[01m[Kstd_msgs::msg::UInt32_<std::allocator<void> >[m[K’ to ‘[01m[Kshort unsigned int[m[K’
[3.864s]   183 |       operator<<([01;36m[Kunsigned short __n[m[K)
[3.864s]       |                  [01;36m[K~~~~~~~~~~~~~~~^~~[m[K
[3.864s] [01m[K/usr/include/c++/13/bits/ostream.tcc:110:5:[m[K [01;36m[Knote: [m[Kcandidate: ‘[01m[Kstd::basic_ostream<_CharT, _Traits>& std::basic_ostream<_CharT, _Traits>::[01;32m[Koperator<<[m[K(int) [35m[K[with _CharT = char; _Traits = std::char_traits<char>][m[K[m[K’
[3.864s]   110 |     [01;36m[Kbasic_ostream<_CharT, _Traits>[m[K::
[3.865s]       |     [01;36m[K^~~~~~~~~~~~~~~~~~~~~~~~~~~~~~[m[K
[3.865s] [01m[K/usr/include/c++/13/bits/ostream.tcc:111:20:[m[K [01;36m[Knote: [m[K  no known conversion for argument 1 from ‘[01m[Kstd_msgs::msg::UInt32_<std::allocator<void> >[m[K’ to ‘[01m[Kint[m[K’
[3.865s]   111 |     operator<<([01;36m[Kint __n[m[K)
[3.865s]       |                [01;36m[K~~~~^~~[m[K
[3.865s] [01m[K/usr/include/c++/13/ostream:194:7:[m[K [01;36m[Knote: [m[Kcandidate: ‘[01m[Kstd::basic_ostream<_CharT, _Traits>::__ostream_type& std::basic_ostream<_CharT, _Traits>::[01;32m[Koperator<<[m[K(unsigned int) [35m[K[with _CharT = char; _Traits = std::char_traits<char>; __ostream_type = std::basic_ostream<char>][m[K[m[K’
[3.865s]   194 |       [01;36m[Koperator[m[K<<(unsigned int __n)
[3.865s]       |       [01;36m[K^~~~~~~~[m[K
[3.865s] [01m[K/usr/include/c++/13/ostream:194:31:[m[K [01;36m[Knote: [m[K  no known conversion for argument 1 from ‘[01m[Kstd_msgs::msg::UInt32_<std::allocator<void> >[m[K’ to ‘[01m[Kunsigned int[m[K’
[3.865s]   194 |       operator<<([01;36m[Kunsigned int __n[m[K)
[3.865s]       |                  [01;36m[K~~~~~~~~~~~~~^~~[m[K
[3.865s] [01m[K/usr/include/c++/13/ostream:203:7:[m[K [01;36m[Knote: [m[Kcandidate: ‘[01m[Kstd::basic_ostream<_CharT, _Traits>::__ostream_type& std::basic_ostream<_CharT, _Traits>::[01;32m[Koperator<<[m[K(long long int) [35m[K[with _CharT = char; _Traits = std::char_traits<char>; __ostream_type = std::basic_ostream<char>][m[K[m[K’
[3.866s]   203 |       [01;36m[Koperator[m[K<<(long long __n)
[3.866s]       |       [01;36m[K^~~~~~~~[m[K
[3.866s] [01m[K/usr/include/c++/13/ostream:203:28:[m[K [01;36m[Knote: [m[K  no known conversion for argument 1 from ‘[01m[Kstd_msgs::msg::UInt32_<std::allocator<void> >[m[K’ to ‘[01m[Klong long int[m[K’
[3.866s]   203 |       operator<<([01;36m[Klong long __n[m[K)
[3.866s]       |                  [01;36m[K~~~~~~~~~~^~~[m[K
[3.866s] [01m[K/usr/include/c++/13/ostream:207:7:[m[K [01;36m[Knote: [m[Kcandidate: ‘[01m[Kstd::basic_ostream<_CharT, _Traits>::__ostream_type& std::basic_ostream<_CharT, _Traits>::[01;32m[Koperator<<[m[K(long long unsigned int) [35m[K[with _CharT = char; _Traits = std::char_traits<char>; __ostream_type = std::basic_ostream<char>][m[K[m[K’
[3.866s]   207 |       [01;36m[Koperator[m[K<<(unsigned long long __n)
[3.866s]       |       [01;36m[K^~~~~~~~[m[K
[3.866s] [01m[K/usr/include/c++/13/ostream:207:37:[m[K [01;36m[Knote: [m[K  no known conversion for argument 1 from ‘[01m[Kstd_msgs::msg::UInt32_<std::allocator<void> >[m[K’ to ‘[01m[Klong long unsigned int[m[K’
[3.866s]   207 |       operator<<([01;36m[Kunsigned long long __n[m[K)
[3.866s]       |                  [01;36m[K~~~~~~~~~~~~~~~~~~~^~~[m[K
[3.867s] [01m[K/usr/include/c++/13/ostream:222:7:[m[K [01;36m[Knote: [m[Kcandidate: ‘[01m[Kstd::basic_ostream<_CharT, _Traits>::__ostream_type& std::basic_ostream<_CharT, _Traits>::[01;32m[Koperator<<[m[K(double) [35m[K[with _CharT = char; _Traits = std::char_traits<char>; __ostream_type = std::basic_ostream<char>][m[K[m[K’
[3.867s]   222 |       [01;36m[Koperator[m[K<<(double __f)
[3.867s]       |       [01;36m[K^~~~~~~~[m[K
[3.867s] [01m[K/usr/include/c++/13/ostream:222:25:[m[K [01;36m[Knote: [m[K  no known conversion for argument 1 from ‘[01m[Kstd_msgs::msg::UInt32_<std::allocator<void> >[m[K’ to ‘[01m[Kdouble[m[K’
[3.867s]   222 |       operator<<([01;36m[Kdouble __f[m[K)
[3.867s]       |                  [01;36m[K~~~~~~~^~~[m[K
[3.867s] [01m[K/usr/include/c++/13/ostream:226:7:[m[K [01;36m[Knote: [m[Kcandidate: ‘[01m[Kstd::basic_ostream<_CharT, _Traits>::__ostream_type& std::basic_ostream<_CharT, _Traits>::[01;32m[Koperator<<[m[K(float) [35m[K[with _CharT = char; _Traits = std::char_traits<char>; __ostream_type = std::basic_ostream<char>][m[K[m[K’
[3.867s]   226 |       [01;36m[Koperator[m[K<<(float __f)
[3.867s]       |       [01;36m[K^~~~~~~~[m[K
[3.867s] [01m[K/usr/include/c++/13/ostream:226:24:[m[K [01;36m[Knote: [m[K  no known conversion for argument 1 from ‘[01m[Kstd_msgs::msg::UInt32_<std::allocator<void> >[m[K’ to ‘[01m[Kfloat[m[K’
[3.867s]   226 |       operator<<([01;36m[Kfloat __f[m[K)
[3.868s]       |                  [01;36m[K~~~~~~^~~[m[K
[3.868s] [01m[K/usr/include/c++/13/ostream:234:7:[m[K [01;36m[Knote: [m[Kcandidate: ‘[01m[Kstd::basic_ostream<_CharT, _Traits>::__ostream_type& std::basic_ostream<_CharT, _Traits>::[01;32m[Koperator<<[m[K(long double) [35m[K[with _CharT = char; _Traits = std::char_traits<char>; __ostream_type = std::basic_ostream<char>][m[K[m[K’
[3.868s]   234 |       [01;36m[Koperator[m[K<<(long double __f)
[3.868s]       |       [01;36m[K^~~~~~~~[m[K
[3.868s] [01m[K/usr/include/c++/13/ostream:234:30:[m[K [01;36m[Knote: [m[K  no known conversion for argument 1 from ‘[01m[Kstd_msgs::msg::UInt32_<std::allocator<void> >[m[K’ to ‘[01m[Klong double[m[K’
[3.868s]   234 |       operator<<([01;36m[Klong double __f[m[K)
[3.868s]       |                  [01;36m[K~~~~~~~~~~~~^~~[m[K
[3.868s] [01m[K/usr/include/c++/13/ostream:292:7:[m[K [01;36m[Knote: [m[Kcandidate: ‘[01m[Kstd::basic_ostream<_CharT, _Traits>::__ostream_type& std::basic_ostream<_CharT, _Traits>::[01;32m[Koperator<<[m[K(const void*) [35m[K[with _CharT = char; _Traits = std::char_traits<char>; __ostream_type = std::basic_ostream<char>][m[K[m[K’
[3.868s]   292 |       [01;36m[Koperator[m[K<<(const void* __p)
[3.868s]       |       [01;36m[K^~~~~~~~[m[K
[3.868s] [01m[K/usr/include/c++/13/ostream:292:30:[m[K [01;36m[Knote: [m[K  no known conversion for argument 1 from ‘[01m[Kstd_msgs::msg::UInt32_<std::allocator<void> >[m[K’ to ‘[01m[Kconst void*[m[K’
[3.869s]   292 |       operator<<([01;36m[Kconst void* __p[m[K)
[3.869s]       |                  [01;36m[K~~~~~~~~~~~~^~~[m[K
[3.869s] [01m[K/usr/include/c++/13/ostream:297:7:[m[K [01;36m[Knote: [m[Kcandidate: ‘[01m[Kstd::basic_ostream<_CharT, _Traits>::__ostream_type& std::basic_ostream<_CharT, _Traits>::[01;32m[Koperator<<[m[K(std::nullptr_t) [35m[K[with _CharT = char; _Traits = std::char_traits<char>; __ostream_type = std::basic_ostream<char>; std::nullptr_t = std::nullptr_t][m[K[m[K’
[3.869s]   297 |       [01;36m[Koperator[m[K<<(nullptr_t)
[3.869s]       |       [01;36m[K^~~~~~~~[m[K
[3.869s] [01m[K/usr/include/c++/13/ostream:297:18:[m[K [01;36m[Knote: [m[K  no known conversion for argument 1 from ‘[01m[Kstd_msgs::msg::UInt32_<std::allocator<void> >[m[K’ to ‘[01m[Kstd::nullptr_t[m[K’
[3.869s]   297 |       operator<<([01;36m[Knullptr_t[m[K)
[3.869s]       |                  [01;36m[K^~~~~~~~~[m[K
[3.869s] [01m[K/usr/include/c++/13/bits/ostream.tcc:124:5:[m[K [01;36m[Knote: [m[Kcandidate: ‘[01m[Kstd::basic_ostream<_CharT, _Traits>& std::basic_ostream<_CharT, _Traits>::[01;32m[Koperator<<[m[K(__streambuf_type*) [35m[K[with _CharT = char; _Traits = std::char_traits<char>; __streambuf_type = std::basic_streambuf<char>][m[K[m[K’
[3.869s]   124 |     [01;36m[Kbasic_ostream<_CharT, _Traits>[m[K::
[3.869s]       |     [01;36m[K^~~~~~~~~~~~~~~~~~~~~~~~~~~~~~[m[K
[3.869s] [01m[K/usr/include/c++/13/bits/ostream.tcc:125:34:[m[K [01;36m[Knote: [m[K  no known conversion for argument 1 from ‘[01m[Kstd_msgs::msg::UInt32_<std::allocator<void> >[m[K’ to ‘[01m[Kstd::basic_ostream<char>::__streambuf_type*[m[K’ {aka ‘[01m[Kstd::basic_streambuf<char>*[m[K’}
[3.870s]   125 |     operator<<([01;36m[K__streambuf_type* __sbin[m[K)
[3.870s]       |                [01;36m[K~~~~~~~~~~~~~~~~~~^~~~~~[m[K
[3.870s] In file included from [01m[K/usr/include/c++/13/bits/memory_resource.h:38[m[K,
[3.870s]                  from [01m[K/usr/include/c++/13/vector:80[m[K,
[3.870s]                  from [01m[K/home/dorson/Documents/github/Doe/src/doe_control/include/doe_control/thrust_publisher.hpp:6[m[K:
[3.870s] [01m[K/usr/include/c++/13/cstddef:124:5:[m[K [01;36m[Knote: [m[Kcandidate: ‘[01m[Ktemplate<class _IntegerType> constexpr std::__byte_op_t<_IntegerType> std::[01;32m[Koperator<<[m[K(byte, _IntegerType)[m[K’
[3.870s]   124 |     [01;36m[Koperator[m[K<<(byte __b, _IntegerType __shift) noexcept
[3.870s]       |     [01;36m[K^~~~~~~~[m[K
[3.870s] [01m[K/usr/include/c++/13/cstddef:124:5:[m[K [01;36m[Knote: [m[K  template argument deduction/substitution failed:
[3.870s] [01m[K/home/dorson/Documents/github/Doe/src/doe_control/src/thrust_publisher.cpp:122:14:[m[K [01;36m[Knote: [m[K  cannot convert ‘[01m[Kstd::cout[m[K’ (type ‘[01m[Kstd::ostream[m[K’ {aka ‘[01m[Kstd::basic_ostream<char>[m[K’}) to type ‘[01m[Kstd::byte[m[K’
[3.870s]   122 |         [01;36m[Kstd::cout[m[K<<signal_msg<<std::endl;
[3.871s]       |         [01;36m[K~~~~~^~~~[m[K
[3.871s] In file included from [01m[K/usr/include/c++/13/bits/basic_string.h:47[m[K,
[3.871s]                  from [01m[K/usr/include/c++/13/string:54[m[K,
[3.871s]                  from [01m[K/usr/local/include/opencv4/opencv2/core/cvstd.hpp:56[m[K,
[3.871s]                  from [01m[K/usr/local/include/opencv4/opencv2/core/base.hpp:58[m[K,
[3.871s]                  from [01m[K/usr/local/include/opencv4/opencv2/core.hpp:53[m[K:
[3.871s] [01m[K/usr/include/c++/13/string_view:761:5:[m[K [01;36m[Knote: [m[Kcandidate: ‘[01m[Ktemplate<class _CharT, class _Traits> std::basic_ostream<_CharT, _Traits>& std::[01;32m[Koperator<<[m[K(basic_ostream<_CharT, _Traits>&, basic_string_view<_CharT, _Traits>)[m[K’
[3.871s]   761 |     [01;36m[Koperator[m[K<<(basic_ostream<_CharT, _Traits>& __os,
[3.871s]       |     [01;36m[K^~~~~~~~[m[K
[3.871s] [01m[K/usr/include/c++/13/string_view:761:5:[m[K [01;36m[Knote: [m[K  template argument deduction/substitution failed:
[3.871s] [01m[K/home/dorson/Documents/github/Doe/src/doe_control/src/thrust_publisher.cpp:122:20:[m[K [01;36m[Knote: [m[K  ‘[01m[Kstd_msgs::msg::UInt32_<std::allocator<void> >[m[K’ is not derived from ‘[01m[Kstd::basic_string_view<_CharT, _Traits>[m[K’
[3.871s]   122 |         std::cout<<[01;36m[Ksignal_msg[m[K<<std::endl;
[3.872s]       |                    [01;36m[K^~~~~~~~~~[m[K
[3.872s] [01m[K/usr/include/c++/13/bits/basic_string.h:4032:5:[m[K [01;36m[Knote: [m[Kcandidate: ‘[01m[Ktemplate<class _CharT, class _Traits, class _Alloc> std::basic_ostream<_CharT, _Traits>& std::[01;32m[Koperator<<[m[K(basic_ostream<_CharT, _Traits>&, const __cxx11::basic_string<_CharT, _Traits, _Allocator>&)[m[K’
[3.872s]  4032 |     [01;36m[Koperator[m[K<<(basic_ostream<_CharT, _Traits>& __os,
[3.872s]       |     [01;36m[K^~~~~~~~[m[K
[3.872s] [01m[K/usr/include/c++/13/bits/basic_string.h:4032:5:[m[K [01;36m[Knote: [m[K  template argument deduction/substitution failed:
[3.872s] [01m[K/home/dorson/Documents/github/Doe/src/doe_control/src/thrust_publisher.cpp:122:20:[m[K [01;36m[Knote: [m[K  ‘[01m[Kstd_msgs::msg::UInt32_<std::allocator<void> >[m[K’ is not derived from ‘[01m[Kconst std::__cxx11::basic_string<_CharT, _Traits, _Allocator>[m[K’
[3.872s]   122 |         std::cout<<[01;36m[Ksignal_msg[m[K<<std::endl;
[3.872s]       |                    [01;36m[K^~~~~~~~~~[m[K
[3.872s] In file included from [01m[K/usr/include/c++/13/memory:80[m[K,
[3.872s]                  from [01m[K/usr/local/include/opencv4/opencv2/core/cvstd_wrapper.hpp:11[m[K,
[3.872s]                  from [01m[K/usr/local/include/opencv4/opencv2/core/cvstd.hpp:81[m[K:
[3.873s] [01m[K/usr/include/c++/13/bits/shared_ptr.h:70:5:[m[K [01;36m[Knote: [m[Kcandidate: ‘[01m[Ktemplate<class _Ch, class _Tr, class _Tp, __gnu_cxx::_Lock_policy _Lp> std::basic_ostream<_CharT, _Traits>& std::[01;32m[Koperator<<[m[K(basic_ostream<_CharT, _Traits>&, const __shared_ptr<_Tp, _Lp>&)[m[K’
[3.873s]    70 |     [01;36m[Koperator[m[K<<(std::basic_ostream<_Ch, _Tr>& __os,
[3.873s]       |     [01;36m[K^~~~~~~~[m[K
[3.873s] [01m[K/usr/include/c++/13/bits/shared_ptr.h:70:5:[m[K [01;36m[Knote: [m[K  template argument deduction/substitution failed:
[3.873s] [01m[K/home/dorson/Documents/github/Doe/src/doe_control/src/thrust_publisher.cpp:122:20:[m[K [01;36m[Knote: [m[K  ‘[01m[Kstd_msgs::msg::UInt32_<std::allocator<void> >[m[K’ is not derived from ‘[01m[Kconst std::__shared_ptr<_Tp, _Lp>[m[K’
[3.873s]   122 |         std::cout<<[01;36m[Ksignal_msg[m[K<<std::endl;
[3.873s]       |                    [01;36m[K^~~~~~~~~~[m[K
[3.873s] In file included from [01m[K/usr/include/c++/13/bits/ios_base.h:46[m[K,
[3.873s]                  from [01m[K/usr/include/c++/13/ios:44[m[K,
[3.873s]                  from [01m[K/usr/include/c++/13/istream:40[m[K:
[3.873s] [01m[K/usr/include/c++/13/system_error:339:5:[m[K [01;36m[Knote: [m[Kcandidate: ‘[01m[Ktemplate<class _CharT, class _Traits> std::basic_ostream<_CharT, _Traits>& std::[01;32m[Koperator<<[m[K(basic_ostream<_CharT, _Traits>&, const error_code&)[m[K’
[3.873s]   339 |     [01;36m[Koperator[m[K<<(basic_ostream<_CharT, _Traits>& __os, const error_code& __e)
[3.874s]       |     [01;36m[K^~~~~~~~[m[K
[3.874s] [01m[K/usr/include/c++/13/system_error:339:5:[m[K [01;36m[Knote: [m[K  template argument deduction/substitution failed:
[3.874s] [01m[K/home/dorson/Documents/github/Doe/src/doe_control/src/thrust_publisher.cpp:122:20:[m[K [01;36m[Knote: [m[K  cannot convert ‘[01m[Ksignal_msg[m[K’ (type ‘[01m[Kstd_msgs::msg::UInt32_<std::allocator<void> >[m[K’) to type ‘[01m[Kconst std::error_code&[m[K’
[3.874s]   122 |         std::cout<<[01;36m[Ksignal_msg[m[K<<std::endl;
[3.874s]       |                    [01;36m[K^~~~~~~~~~[m[K
[3.874s] [01m[K/usr/include/c++/13/ostream:554:5:[m[K [01;36m[Knote: [m[Kcandidate: ‘[01m[Ktemplate<class _CharT, class _Traits> std::basic_ostream<_CharT, _Traits>& std::[01;32m[Koperator<<[m[K(basic_ostream<_CharT, _Traits>&, _CharT)[m[K’
[3.874s]   554 |     [01;36m[Koperator[m[K<<(basic_ostream<_CharT, _Traits>& __out, _CharT __c)
[3.874s]       |     [01;36m[K^~~~~~~~[m[K
[3.874s] [01m[K/usr/include/c++/13/ostream:554:5:[m[K [01;36m[Knote: [m[K  template argument deduction/substitution failed:
[3.874s] [01m[K/home/dorson/Documents/github/Doe/src/doe_control/src/thrust_publisher.cpp:122:20:[m[K [01;36m[Knote: [m[K  deduced conflicting types for parameter ‘[01m[K_CharT[m[K’ (‘[01m[Kchar[m[K’ and ‘[01m[Kstd_msgs::msg::UInt32_<std::allocator<void> >[m[K’)
[3.874s]   122 |         std::cout<<[01;36m[Ksignal_msg[m[K<<std::endl;
[3.874s]       |                    [01;36m[K^~~~~~~~~~[m[K
[3.875s] [01m[K/usr/include/c++/13/ostream:564:5:[m[K [01;36m[Knote: [m[Kcandidate: ‘[01m[Ktemplate<class _CharT, class _Traits> std::basic_ostream<_CharT, _Traits>& std::[01;32m[Koperator<<[m[K(basic_ostream<_CharT, _Traits>&, char)[m[K’
[3.875s]   564 |     [01;36m[Koperator[m[K<<(basic_ostream<_CharT, _Traits>& __out, char __c)
[3.875s]       |     [01;36m[K^~~~~~~~[m[K
[3.875s] [01m[K/usr/include/c++/13/ostream:564:5:[m[K [01;36m[Knote: [m[K  template argument deduction/substitution failed:
[3.875s] [01m[K/home/dorson/Documents/github/Doe/src/doe_control/src/thrust_publisher.cpp:122:20:[m[K [01;36m[Knote: [m[K  cannot convert ‘[01m[Ksignal_msg[m[K’ (type ‘[01m[Kstd_msgs::msg::UInt32_<std::allocator<void> >[m[K’) to type ‘[01m[Kchar[m[K’
[3.875s]   122 |         std::cout<<[01;36m[Ksignal_msg[m[K<<std::endl;
[3.875s]       |                    [01;36m[K^~~~~~~~~~[m[K
[3.875s] [01m[K/usr/include/c++/13/ostream:570:5:[m[K [01;36m[Knote: [m[Kcandidate: ‘[01m[Ktemplate<class _Traits> std::basic_ostream<char, _Traits>& std::[01;32m[Koperator<<[m[K(basic_ostream<char, _Traits>&, char)[m[K’
[3.875s]   570 |     [01;36m[Koperator[m[K<<(basic_ostream<char, _Traits>& __out, char __c)
[3.875s]       |     [01;36m[K^~~~~~~~[m[K
[3.875s] [01m[K/usr/include/c++/13/ostream:570:5:[m[K [01;36m[Knote: [m[K  template argument deduction/substitution failed:
[3.875s] [01m[K/home/dorson/Documents/github/Doe/src/doe_control/src/thrust_publisher.cpp:122:20:[m[K [01;36m[Knote: [m[K  cannot convert ‘[01m[Ksignal_msg[m[K’ (type ‘[01m[Kstd_msgs::msg::UInt32_<std::allocator<void> >[m[K’) to type ‘[01m[Kchar[m[K’
[3.876s]   122 |         std::cout<<[01;36m[Ksignal_msg[m[K<<std::endl;
[3.876s]       |                    [01;36m[K^~~~~~~~~~[m[K
[3.876s] [01m[K/usr/include/c++/13/ostream:581:5:[m[K [01;36m[Knote: [m[Kcandidate: ‘[01m[Ktemplate<class _Traits> std::basic_ostream<char, _Traits>& std::[01;32m[Koperator<<[m[K(basic_ostream<char, _Traits>&, signed char)[m[K’
[3.876s]   581 |     [01;36m[Koperator[m[K<<(basic_ostream<char, _Traits>& __out, signed char __c)
[3.876s]       |     [01;36m[K^~~~~~~~[m[K
[3.876s] [01m[K/usr/include/c++/13/ostream:581:5:[m[K [01;36m[Knote: [m[K  template argument deduction/substitution failed:
[3.876s] [01m[K/home/dorson/Documents/github/Doe/src/doe_control/src/thrust_publisher.cpp:122:20:[m[K [01;36m[Knote: [m[K  cannot convert ‘[01m[Ksignal_msg[m[K’ (type ‘[01m[Kstd_msgs::msg::UInt32_<std::allocator<void> >[m[K’) to type ‘[01m[Ksigned char[m[K’
[3.876s]   122 |         std::cout<<[01;36m[Ksignal_msg[m[K<<std::endl;
[3.876s]       |                    [01;36m[K^~~~~~~~~~[m[K
[3.876s] [01m[K/usr/include/c++/13/ostream:586:5:[m[K [01;36m[Knote: [m[Kcandidate: ‘[01m[Ktemplate<class _Traits> std::basic_ostream<char, _Traits>& std::[01;32m[Koperator<<[m[K(basic_ostream<char, _Traits>&, unsigned char)[m[K’
[3.876s]   586 |     [01;36m[Koperator[m[K<<(basic_ostream<char, _Traits>& __out, unsigned char __c)
[3.877s]       |     [01;36m[K^~~~~~~~[m[K
[3.877s] [01m[K/usr/include/c++/13/ostream:586:5:[m[K [01;36m[Knote: [m[K  template argument deduction/substitution failed:
[3.877s] [01m[K/home/dorson/Documents/github/Doe/src/doe_control/src/thrust_publisher.cpp:122:20:[m[K [01;36m[Knote: [m[K  cannot convert ‘[01m[Ksignal_msg[m[K’ (type ‘[01m[Kstd_msgs::msg::UInt32_<std::allocator<void> >[m[K’) to type ‘[01m[Kunsigned char[m[K’
[3.877s]   122 |         std::cout<<[01;36m[Ksignal_msg[m[K<<std::endl;
[3.877s]       |                    [01;36m[K^~~~~~~~~~[m[K
[3.877s] [01m[K/usr/include/c++/13/ostream:645:5:[m[K [01;36m[Knote: [m[Kcandidate: ‘[01m[Ktemplate<class _CharT, class _Traits> std::basic_ostream<_CharT, _Traits>& std::[01;32m[Koperator<<[m[K(basic_ostream<_CharT, _Traits>&, const _CharT*)[m[K’
[3.877s]   645 |     [01;36m[Koperator[m[K<<(basic_ostream<_CharT, _Traits>& __out, const _CharT* __s)
[3.877s]       |     [01;36m[K^~~~~~~~[m[K
[3.877s] [01m[K/usr/include/c++/13/ostream:645:5:[m[K [01;36m[Knote: [m[K  template argument deduction/substitution failed:
[3.877s] [01m[K/home/dorson/Documents/github/Doe/src/doe_control/src/thrust_publisher.cpp:122:20:[m[K [01;36m[Knote: [m[K  mismatched types ‘[01m[Kconst _CharT*[m[K’ and ‘[01m[Kstd_msgs::msg::UInt32_<std::allocator<void> >[m[K’
[3.877s]   122 |         std::cout<<[01;36m[Ksignal_msg[m[K<<std::endl;
[3.877s]       |                    [01;36m[K^~~~~~~~~~[m[K
[3.878s] [01m[K/usr/include/c++/13/bits/ostream.tcc:307:5:[m[K [01;36m[Knote: [m[Kcandidate: ‘[01m[Ktemplate<class _CharT, class _Traits> std::basic_ostream<_CharT, _Traits>& std::[01;32m[Koperator<<[m[K(basic_ostream<_CharT, _Traits>&, const char*)[m[K’
[3.878s]   307 |     [01;36m[Koperator[m[K<<(basic_ostream<_CharT, _Traits>& __out, const char* __s)
[3.878s]       |     [01;36m[K^~~~~~~~[m[K
[3.878s] [01m[K/usr/include/c++/13/bits/ostream.tcc:307:5:[m[K [01;36m[Knote: [m[K  template argument deduction/substitution failed:
[3.878s] [01m[K/home/dorson/Documents/github/Doe/src/doe_control/src/thrust_publisher.cpp:122:20:[m[K [01;36m[Knote: [m[K  cannot convert ‘[01m[Ksignal_msg[m[K’ (type ‘[01m[Kstd_msgs::msg::UInt32_<std::allocator<void> >[m[K’) to type ‘[01m[Kconst char*[m[K’
[3.878s]   122 |         std::cout<<[01;36m[Ksignal_msg[m[K<<std::endl;
[3.878s]       |                    [01;36m[K^~~~~~~~~~[m[K
[3.878s] [01m[K/usr/include/c++/13/ostream:662:5:[m[K [01;36m[Knote: [m[Kcandidate: ‘[01m[Ktemplate<class _Traits> std::basic_ostream<char, _Traits>& std::[01;32m[Koperator<<[m[K(basic_ostream<char, _Traits>&, const char*)[m[K’
[3.878s]   662 |     [01;36m[Koperator[m[K<<(basic_ostream<char, _Traits>& __out, const char* __s)
[3.878s]       |     [01;36m[K^~~~~~~~[m[K
[3.878s] [01m[K/usr/include/c++/13/ostream:662:5:[m[K [01;36m[Knote: [m[K  template argument deduction/substitution failed:
[3.879s] [01m[K/home/dorson/Documents/github/Doe/src/doe_control/src/thrust_publisher.cpp:122:20:[m[K [01;36m[Knote: [m[K  cannot convert ‘[01m[Ksignal_msg[m[K’ (type ‘[01m[Kstd_msgs::msg::UInt32_<std::allocator<void> >[m[K’) to type ‘[01m[Kconst char*[m[K’
[3.879s]   122 |         std::cout<<[01;36m[Ksignal_msg[m[K<<std::endl;
[3.879s]       |                    [01;36m[K^~~~~~~~~~[m[K
[3.879s] [01m[K/usr/include/c++/13/ostream:675:5:[m[K [01;36m[Knote: [m[Kcandidate: ‘[01m[Ktemplate<class _Traits> std::basic_ostream<char, _Traits>& std::[01;32m[Koperator<<[m[K(basic_ostream<char, _Traits>&, const signed char*)[m[K’
[3.879s]   675 |     [01;36m[Koperator[m[K<<(basic_ostream<char, _Traits>& __out, const signed char* __s)
[3.879s]       |     [01;36m[K^~~~~~~~[m[K
[3.879s] [01m[K/usr/include/c++/13/ostream:675:5:[m[K [01;36m[Knote: [m[K  template argument deduction/substitution failed:
[3.879s] [01m[K/home/dorson/Documents/github/Doe/src/doe_control/src/thrust_publisher.cpp:122:20:[m[K [01;36m[Knote: [m[K  cannot convert ‘[01m[Ksignal_msg[m[K’ (type ‘[01m[Kstd_msgs::msg::UInt32_<std::allocator<void> >[m[K’) to type ‘[01m[Kconst signed char*[m[K’
[3.879s]   122 |         std::cout<<[01;36m[Ksignal_msg[m[K<<std::endl;
[3.879s]       |                    [01;36m[K^~~~~~~~~~[m[K
[3.879s] [01m[K/usr/include/c++/13/ostream:680:5:[m[K [01;36m[Knote: [m[Kcandidate: ‘[01m[Ktemplate<class _Traits> std::basic_ostream<char, _Traits>& std::[01;32m[Koperator<<[m[K(basic_ostream<char, _Traits>&, const unsigned char*)[m[K’
[3.879s]   680 |     [01;36m[Koperator[m[K<<(basic_ostream<char, _Traits>& __out, const unsigned char* __s)
[3.880s]       |     [01;36m[K^~~~~~~~[m[K
[3.880s] [01m[K/usr/include/c++/13/ostream:680:5:[m[K [01;36m[Knote: [m[K  template argument deduction/substitution failed:
[3.880s] [01m[K/home/dorson/Documents/github/Doe/src/doe_control/src/thrust_publisher.cpp:122:20:[m[K [01;36m[Knote: [m[K  cannot convert ‘[01m[Ksignal_msg[m[K’ (type ‘[01m[Kstd_msgs::msg::UInt32_<std::allocator<void> >[m[K’) to type ‘[01m[Kconst unsigned char*[m[K’
[3.880s]   122 |         std::cout<<[01;36m[Ksignal_msg[m[K<<std::endl;
[3.880s]       |                    [01;36m[K^~~~~~~~~~[m[K
[3.880s] [01m[K/usr/include/c++/13/ostream:801:5:[m[K [01;36m[Knote: [m[Kcandidate: ‘[01m[Ktemplate<class _Ostream, class _Tp> _Ostream&& std::[01;32m[Koperator<<[m[K(_Ostream&&, const _Tp&)[m[K’
[3.880s]   801 |     [01;36m[Koperator[m[K<<(_Ostream&& __os, const _Tp& __x)
[3.880s]       |     [01;36m[K^~~~~~~~[m[K
[3.880s] [01m[K/usr/include/c++/13/ostream:801:5:[m[K [01;36m[Knote: [m[K  template argument deduction/substitution failed:
[3.880s] /usr/include/c++/13/ostream: In substitution of ‘[01m[Ktemplate<class _Ostream, class _Tp> _Ostream&& std::[01;32m[Koperator<<[m[K(_Ostream&&, const _Tp&) [35m[K[with _Ostream = std::basic_ostream<char>&; _Tp = std_msgs::msg::UInt32_<std::allocator<void> >][m[K[m[K’:
[3.880s] [01m[K/home/dorson/Documents/github/Doe/src/doe_control/src/thrust_publisher.cpp:122:20:[m[K   required from here
[3.880s] [01m[K/usr/include/c++/13/ostream:801:5:[m[K [01;31m[Kerror: [m[Kno type named ‘[01m[Ktype[m[K’ in ‘[01m[Kstruct std::enable_if<false, void>[m[K’
[3.881s] [01m[K/usr/include/c++/13/complex:558:5:[m[K [01;36m[Knote: [m[Kcandidate: ‘[01m[Ktemplate<class _Tp, class _CharT, class _Traits> std::basic_ostream<_CharT, _Traits>& std::[01;32m[Koperator<<[m[K(basic_ostream<_CharT, _Traits>&, const complex<_Tp>&)[m[K’
[3.881s]   558 |     [01;36m[Koperator[m[K<<(basic_ostream<_CharT, _Traits>& __os, const complex<_Tp>& __x)
[3.881s]       |     [01;36m[K^~~~~~~~[m[K
[3.881s] [01m[K/usr/include/c++/13/complex:558:5:[m[K [01;36m[Knote: [m[K  template argument deduction/substitution failed:
[3.881s] [01m[K/home/dorson/Documents/github/Doe/src/doe_control/src/thrust_publisher.cpp:122:20:[m[K [01;36m[Knote: [m[K  ‘[01m[Kstd_msgs::msg::UInt32_<std::allocator<void> >[m[K’ is not derived from ‘[01m[Kconst std::complex<_Tp>[m[K’
[3.881s]   122 |         std::cout<<[01;36m[Ksignal_msg[m[K<<std::endl;
[3.881s]       |                    [01;36m[K^~~~~~~~~~[m[K
[3.881s] In file included from [01m[K/opt/ros/jazzy/include/rosidl_runtime_cpp/rosidl_runtime_cpp/traits.hpp:19[m[K,
[3.881s]                  from [01m[K/opt/ros/jazzy/include/rcl_interfaces/rcl_interfaces/srv/detail/list_parameters__traits.hpp:18[m[K,
[3.881s]                  from [01m[K/opt/ros/jazzy/include/rcl_interfaces/rcl_interfaces/srv/list_parameters.hpp:9[m[K,
[3.881s]                  from [01m[K/opt/ros/jazzy/include/rclcpp/rclcpp/copy_all_parameter_values.hpp:21[m[K,
[3.882s]                  from [01m[K/opt/ros/jazzy/include/rclcpp/rclcpp/rclcpp.hpp:171[m[K,
[3.882s]                  from [01m[K/home/dorson/Documents/github/Doe/src/doe_control/include/doe_control/thrust_publisher.hpp:9[m[K:
[3.882s] [01m[K/usr/include/c++/13/iomanip:81:5:[m[K [01;36m[Knote: [m[Kcandidate: ‘[01m[Ktemplate<class _CharT, class _Traits> std::basic_ostream<_CharT, _Traits>& std::[01;32m[Koperator<<[m[K(basic_ostream<_CharT, _Traits>&, _Resetiosflags)[m[K’
[3.882s]    81 |     [01;36m[Koperator[m[K<<(basic_ostream<_CharT, _Traits>& __os, _Resetiosflags __f)
[3.882s]       |     [01;36m[K^~~~~~~~[m[K
[3.882s] [01m[K/usr/include/c++/13/iomanip:81:5:[m[K [01;36m[Knote: [m[K  template argument deduction/substitution failed:
[3.882s] [01m[K/home/dorson/Documents/github/Doe/src/doe_control/src/thrust_publisher.cpp:122:20:[m[K [01;36m[Knote: [m[K  cannot convert ‘[01m[Ksignal_msg[m[K’ (type ‘[01m[Kstd_msgs::msg::UInt32_<std::allocator<void> >[m[K’) to type ‘[01m[Kstd::_Resetiosflags[m[K’
[3.882s]   122 |         std::cout<<[01;36m[Ksignal_msg[m[K<<std::endl;
[3.882s]       |                    [01;36m[K^~~~~~~~~~[m[K
[3.882s] [01m[K/usr/include/c++/13/iomanip:111:5:[m[K [01;36m[Knote: [m[Kcandidate: ‘[01m[Ktemplate<class _CharT, class _Traits> std::basic_ostream<_CharT, _Traits>& std::[01;32m[Koperator<<[m[K(basic_ostream<_CharT, _Traits>&, _Setiosflags)[m[K’
[3.882s]   111 |     [01;36m[Koperator[m[K<<(basic_ostream<_CharT, _Traits>& __os, _Setiosflags __f)
[3.882s]       |     [01;36m[K^~~~~~~~[m[K
[3.883s] [01m[K/usr/include/c++/13/iomanip:111:5:[m[K [01;36m[Knote: [m[K  template argument deduction/substitution failed:
[3.883s] [01m[K/home/dorson/Documents/github/Doe/src/doe_control/src/thrust_publisher.cpp:122:20:[m[K [01;36m[Knote: [m[K  cannot convert ‘[01m[Ksignal_msg[m[K’ (type ‘[01m[Kstd_msgs::msg::UInt32_<std::allocator<void> >[m[K’) to type ‘[01m[Kstd::_Setiosflags[m[K’
[3.883s]   122 |         std::cout<<[01;36m[Ksignal_msg[m[K<<std::endl;
[3.883s]       |                    [01;36m[K^~~~~~~~~~[m[K
[3.883s] [01m[K/usr/include/c++/13/iomanip:145:5:[m[K [01;36m[Knote: [m[Kcandidate: ‘[01m[Ktemplate<class _CharT, class _Traits> std::basic_ostream<_CharT, _Traits>& std::[01;32m[Koperator<<[m[K(basic_ostream<_CharT, _Traits>&, _Setbase)[m[K’
[3.883s]   145 |     [01;36m[Koperator[m[K<<(basic_ostream<_CharT, _Traits>& __os, _Setbase __f)
[3.883s]       |     [01;36m[K^~~~~~~~[m[K
[3.883s] [01m[K/usr/include/c++/13/iomanip:145:5:[m[K [01;36m[Knote: [m[K  template argument deduction/substitution failed:
[3.883s] [01m[K/home/dorson/Documents/github/Doe/src/doe_control/src/thrust_publisher.cpp:122:20:[m[K [01;36m[Knote: [m[K  cannot convert ‘[01m[Ksignal_msg[m[K’ (type ‘[01m[Kstd_msgs::msg::UInt32_<std::allocator<void> >[m[K’) to type ‘[01m[Kstd::_Setbase[m[K’
[3.883s]   122 |         std::cout<<[01;36m[Ksignal_msg[m[K<<std::endl;
[3.883s]       |                    [01;36m[K^~~~~~~~~~[m[K
[3.884s] [01m[K/usr/include/c++/13/iomanip:180:5:[m[K [01;36m[Knote: [m[Kcandidate: ‘[01m[Ktemplate<class _CharT, class _Traits> std::basic_ostream<_CharT, _Traits>& std::[01;32m[Koperator<<[m[K(basic_ostream<_CharT, _Traits>&, _Setfill<_CharT>)[m[K’
[3.884s]   180 |     [01;36m[Koperator[m[K<<(basic_ostream<_CharT, _Traits>& __os, _Setfill<_CharT> __f)
[3.884s]       |     [01;36m[K^~~~~~~~[m[K
[3.884s] [01m[K/usr/include/c++/13/iomanip:180:5:[m[K [01;36m[Knote: [m[K  template argument deduction/substitution failed:
[3.884s] [01m[K/home/dorson/Documents/github/Doe/src/doe_control/src/thrust_publisher.cpp:122:20:[m[K [01;36m[Knote: [m[K  ‘[01m[Kstd_msgs::msg::UInt32_<std::allocator<void> >[m[K’ is not derived from ‘[01m[Kstd::_Setfill<_CharT>[m[K’
[3.884s]   122 |         std::cout<<[01;36m[Ksignal_msg[m[K<<std::endl;
[3.884s]       |                    [01;36m[K^~~~~~~~~~[m[K
[3.884s] [01m[K/usr/include/c++/13/iomanip:210:5:[m[K [01;36m[Knote: [m[Kcandidate: ‘[01m[Ktemplate<class _CharT, class _Traits> std::basic_ostream<_CharT, _Traits>& std::[01;32m[Koperator<<[m[K(basic_ostream<_CharT, _Traits>&, _Setprecision)[m[K’
[3.884s]   210 |     [01;36m[Koperator[m[K<<(basic_ostream<_CharT, _Traits>& __os, _Setprecision __f)
[3.884s]       |     [01;36m[K^~~~~~~~[m[K
[3.884s] [01m[K/usr/include/c++/13/iomanip:210:5:[m[K [01;36m[Knote: [m[K  template argument deduction/substitution failed:
[3.884s] [01m[K/home/dorson/Documents/github/Doe/src/doe_control/src/thrust_publisher.cpp:122:20:[m[K [01;36m[Knote: [m[K  cannot convert ‘[01m[Ksignal_msg[m[K’ (type ‘[01m[Kstd_msgs::msg::UInt32_<std::allocator<void> >[m[K’) to type ‘[01m[Kstd::_Setprecision[m[K’
[3.885s]   122 |         std::cout<<[01;36m[Ksignal_msg[m[K<<std::endl;
[3.885s]       |                    [01;36m[K^~~~~~~~~~[m[K
[3.885s] [01m[K/usr/include/c++/13/iomanip:240:5:[m[K [01;36m[Knote: [m[Kcandidate: ‘[01m[Ktemplate<class _CharT, class _Traits> std::basic_ostream<_CharT, _Traits>& std::[01;32m[Koperator<<[m[K(basic_ostream<_CharT, _Traits>&, _Setw)[m[K’
[3.885s]   240 |     [01;36m[Koperator[m[K<<(basic_ostream<_CharT, _Traits>& __os, _Setw __f)
[3.885s]       |     [01;36m[K^~~~~~~~[m[K
[3.885s] [01m[K/usr/include/c++/13/iomanip:240:5:[m[K [01;36m[Knote: [m[K  template argument deduction/substitution failed:
[3.885s] [01m[K/home/dorson/Documents/github/Doe/src/doe_control/src/thrust_publisher.cpp:122:20:[m[K [01;36m[Knote: [m[K  cannot convert ‘[01m[Ksignal_msg[m[K’ (type ‘[01m[Kstd_msgs::msg::UInt32_<std::allocator<void> >[m[K’) to type ‘[01m[Kstd::_Setw[m[K’
[3.885s]   122 |         std::cout<<[01;36m[Ksignal_msg[m[K<<std::endl;
[3.885s]       |                    [01;36m[K^~~~~~~~~~[m[K
[3.885s] [01m[K/usr/include/c++/13/iomanip:313:5:[m[K [01;36m[Knote: [m[Kcandidate: ‘[01m[Ktemplate<class _CharT, class _Traits, class _MoneyT> std::basic_ostream<_CharT, _Traits>& std::[01;32m[Koperator<<[m[K(basic_ostream<_CharT, _Traits>&, _Put_money<_MoneyT>)[m[K’
[3.885s]   313 |     [01;36m[Koperator[m[K<<(basic_ostream<_CharT, _Traits>& __os, _Put_money<_MoneyT> __f)
[3.886s]       |     [01;36m[K^~~~~~~~[m[K
[3.886s] [01m[K/usr/include/c++/13/iomanip:313:5:[m[K [01;36m[Knote: [m[K  template argument deduction/substitution failed:
[3.886s] [01m[K/home/dorson/Documents/github/Doe/src/doe_control/src/thrust_publisher.cpp:122:20:[m[K [01;36m[Knote: [m[K  ‘[01m[Kstd_msgs::msg::UInt32_<std::allocator<void> >[m[K’ is not derived from ‘[01m[Kstd::_Put_money<_MoneyT>[m[K’
[3.886s]   122 |         std::cout<<[01;36m[Ksignal_msg[m[K<<std::endl;
[3.886s]       |                    [01;36m[K^~~~~~~~~~[m[K
[3.886s] [01m[K/usr/include/c++/13/iomanip:365:5:[m[K [01;36m[Knote: [m[Kcandidate: ‘[01m[Ktemplate<class _CharT, class _Traits> std::basic_ostream<_CharT, _Traits>& std::[01;32m[Koperator<<[m[K(basic_ostream<_CharT, _Traits>&, _Put_time<_CharT>)[m[K’
[3.886s]   365 |     [01;36m[Koperator[m[K<<(basic_ostream<_CharT, _Traits>& __os, _Put_time<_CharT> __f)
[3.886s]       |     [01;36m[K^~~~~~~~[m[K
[3.886s] [01m[K/usr/include/c++/13/iomanip:365:5:[m[K [01;36m[Knote: [m[K  template argument deduction/substitution failed:
[3.886s] [01m[K/home/dorson/Documents/github/Doe/src/doe_control/src/thrust_publisher.cpp:122:20:[m[K [01;36m[Knote: [m[K  ‘[01m[Kstd_msgs::msg::UInt32_<std::allocator<void> >[m[K’ is not derived from ‘[01m[Kstd::_Put_time<_CharT>[m[K’
[3.886s]   122 |         std::cout<<[01;36m[Ksignal_msg[m[K<<std::endl;
[3.886s]       |                    [01;36m[K^~~~~~~~~~[m[K
[3.887s] In file included from [01m[K/opt/ros/jazzy/include/rclcpp/rclcpp/executors/multi_threaded_executor.hpp:22[m[K,
[3.887s]                  from [01m[K/opt/ros/jazzy/include/rclcpp/rclcpp/executors.hpp:21[m[K,
[3.887s]                  from [01m[K/opt/ros/jazzy/include/rclcpp/rclcpp/rclcpp.hpp:172[m[K:
[3.887s] [01m[K/usr/include/c++/13/thread:97:5:[m[K [01;36m[Knote: [m[Kcandidate: ‘[01m[Ktemplate<class _CharT, class _Traits> std::basic_ostream<_CharT, _Traits>& std::[01;32m[Koperator<<[m[K(basic_ostream<_CharT, _Traits>&, thread::id)[m[K’
[3.887s]    97 |     [01;36m[Koperator[m[K<<(basic_ostream<_CharT, _Traits>& __out, thread::id __id)
[3.887s]       |     [01;36m[K^~~~~~~~[m[K
[3.887s] [01m[K/usr/include/c++/13/thread:97:5:[m[K [01;36m[Knote: [m[K  template argument deduction/substitution failed:
[3.887s] [01m[K/home/dorson/Documents/github/Doe/src/doe_control/src/thrust_publisher.cpp:122:20:[m[K [01;36m[Knote: [m[K  cannot convert ‘[01m[Ksignal_msg[m[K’ (type ‘[01m[Kstd_msgs::msg::UInt32_<std::allocator<void> >[m[K’) to type ‘[01m[Kstd::thread::id[m[K’
[3.887s]   122 |         std::cout<<[01;36m[Ksignal_msg[m[K<<std::endl;
[3.887s]       |                    [01;36m[K^~~~~~~~~~[m[K
[7.692s] gmake[2]: *** [CMakeFiles/thrust_publisher.dir/build.make:76: CMakeFiles/thrust_publisher.dir/src/thrust_publisher.cpp.o] Error 1
[7.692s] gmake[1]: *** [CMakeFiles/Makefile2:137: CMakeFiles/thrust_publisher.dir/all] Error 2
[7.692s] gmake: *** [Makefile:146: all] Error 2
[7.697s] Invoked command in '/home/dorson/Documents/github/Doe/src/doe_control/build/doe_control' returned '2': CMAKE_PREFIX_PATH=${CMAKE_PREFIX_PATH}:/opt/ros/jazzy DEBUGINFOD_URLS=https://debuginfod.ubuntu.com /usr/bin/cmake --build /home/dorson/Documents/github/Doe/src/doe_control/build/doe_control -- -j20 -l20
