[100%] Built target thruster_driver_plugin
-- Install configuration: ""
-- Up-to-date: /home/dorson/Documents/github/Doe/src/doe_simulation/install/doe_simulation/share/doe_simulation/environment/library_path.sh
-- Up-to-date: /home/dorson/Documents/github/Doe/src/doe_simulation/install/doe_simulation/share/doe_simulation/environment/library_path.dsv
-- Up-to-date: /home/dorson/Documents/github/Doe/src/doe_simulation/install/doe_simulation/lib/doe_simulation/libthruster_driver_plugin.so
-- Up-to-date: /home/dorson/Documents/github/Doe/src/doe_simulation/install/doe_simulation/share/doe_simulation//launch
-- Installing: /home/dorson/Documents/github/Doe/src/doe_simulation/install/doe_simulation/share/doe_simulation//launch/gazebo_launch.py
-- Up-to-date: /home/dorson/Documents/github/Doe/src/doe_simulation/install/doe_simulation/share/doe_simulation/gazebo/worlds
-- Up-to-date: /home/dorson/Documents/github/Doe/src/doe_simulation/install/doe_simulation/share/doe_simulation/gazebo/worlds/cube.world
-- Up-to-date: /home/dorson/Documents/github/Doe/src/doe_simulation/install/doe_simulation/share/doe_simulation/gazebo/worlds/competition.world
-- Up-to-date: /home/dorson/Documents/github/Doe/src/doe_simulation/install/doe_simulation/share/doe_simulation/gazebo/worlds/thruster_test.world
-- Up-to-date: /home/dorson/Documents/github/Doe/src/doe_simulation/install/doe_simulation/share/doe_simulation/gazebo/models
-- Up-to-date: /home/dorson/Documents/github/Doe/src/doe_simulation/install/doe_simulation/share/doe_simulation/gazebo/models/gate
-- Up-to-date: /home/dorson/Documents/github/Doe/src/doe_simulation/install/doe_simulation/share/doe_simulation/gazebo/models/gate/model.sdf
-- Up-to-date: /home/dorson/Documents/github/Doe/src/doe_simulation/install/doe_simulation/share/doe_simulation/gazebo/models/gate/model.config
-- Up-to-date: /home/dorson/Documents/github/Doe/src/doe_simulation/install/doe_simulation/share/doe_simulation/gazebo/models/gate/meshes
-- Up-to-date: /home/dorson/Documents/github/Doe/src/doe_simulation/install/doe_simulation/share/doe_simulation/gazebo/models/gate/meshes/horCylinderRed.dae
-- Up-to-date: /home/dorson/Documents/github/Doe/src/doe_simulation/install/doe_simulation/share/doe_simulation/gazebo/models/gate/meshes/vertCylinder.dae
-- Up-to-date: /home/dorson/Documents/github/Doe/src/doe_simulation/install/doe_simulation/share/doe_simulation/gazebo/models/gate/meshes/horCylinderBlack.dae
-- Up-to-date: /home/dorson/Documents/github/Doe/src/doe_simulation/install/doe_simulation/share/doe_simulation/gazebo/models/gate/meshes/centrePanel.dae
-- Up-to-date: /home/dorson/Documents/github/Doe/src/doe_simulation/install/doe_simulation/share/doe_simulation/gazebo/models/gate/meshes/banner.dae
-- Up-to-date: /home/dorson/Documents/github/Doe/src/doe_simulation/install/doe_simulation/share/doe_simulation/gazebo/models/triton_auv
-- Installing: /home/dorson/Documents/github/Doe/src/doe_simulation/install/doe_simulation/share/doe_simulation/gazebo/models/triton_auv/model.sdf
-- Up-to-date: /home/dorson/Documents/github/Doe/src/doe_simulation/install/doe_simulation/share/doe_simulation/gazebo/models/triton_auv/model.config
-- Up-to-date: /home/dorson/Documents/github/Doe/src/doe_simulation/install/doe_simulation/share/doe_simulation/gazebo/models/triton_frame
-- Up-to-date: /home/dorson/Documents/github/Doe/src/doe_simulation/install/doe_simulation/share/doe_simulation/gazebo/models/triton_frame/model.sdf
-- Up-to-date: /home/dorson/Documents/github/Doe/src/doe_simulation/install/doe_simulation/share/doe_simulation/gazebo/models/triton_frame/model.config
-- Up-to-date: /home/dorson/Documents/github/Doe/src/doe_simulation/install/doe_simulation/share/doe_simulation/gazebo/models/triton_frame/meshes
-- Up-to-date: /home/dorson/Documents/github/Doe/src/doe_simulation/install/doe_simulation/share/doe_simulation/gazebo/models/triton_frame/meshes/triton_frame.STL
-- Up-to-date: /home/dorson/Documents/github/Doe/src/doe_simulation/install/doe_simulation/share/doe_simulation/gazebo/models/triton_frame/meshes/triton_frame.dae
-- Up-to-date: /home/dorson/Documents/github/Doe/src/doe_simulation/install/doe_simulation/share/doe_simulation/gazebo/models/steelhead.sdf
-- Up-to-date: /home/dorson/Documents/github/Doe/src/doe_simulation/install/doe_simulation/share/doe_simulation/gazebo/models/cube_thruster
-- Up-to-date: /home/dorson/Documents/github/Doe/src/doe_simulation/install/doe_simulation/share/doe_simulation/gazebo/models/cube_thruster/model.sdf
-- Up-to-date: /home/dorson/Documents/github/Doe/src/doe_simulation/install/doe_simulation/share/doe_simulation/gazebo/models/cube_thruster/model.config
-- Up-to-date: /home/dorson/Documents/github/Doe/src/doe_simulation/install/doe_simulation/share/doe_simulation/gazebo/models/triton_thruster
-- Up-to-date: /home/dorson/Documents/github/Doe/src/doe_simulation/install/doe_simulation/share/doe_simulation/gazebo/models/triton_thruster/model.sdf
-- Up-to-date: /home/dorson/Documents/github/Doe/src/doe_simulation/install/doe_simulation/share/doe_simulation/gazebo/models/triton_thruster/model.config
-- Up-to-date: /home/dorson/Documents/github/Doe/src/doe_simulation/install/doe_simulation/share/doe_simulation/gazebo/models/triton_thruster/meshes
-- Up-to-date: /home/dorson/Documents/github/Doe/src/doe_simulation/install/doe_simulation/share/doe_simulation/gazebo/models/triton_thruster/meshes/triton_thruster.dae
-- Up-to-date: /home/dorson/Documents/github/Doe/src/doe_simulation/install/doe_simulation/share/doe_simulation/gazebo/models/triton_thruster/meshes/triton_thruster.STL
-- Up-to-date: /home/dorson/Documents/github/Doe/src/doe_simulation/install/doe_simulation/share/doe_simulation/gazebo/models/cube_auv
-- Up-to-date: /home/dorson/Documents/github/Doe/src/doe_simulation/install/doe_simulation/share/doe_simulation/gazebo/models/cube_auv/model.sdf
-- Up-to-date: /home/dorson/Documents/github/Doe/src/doe_simulation/install/doe_simulation/share/doe_simulation/gazebo/models/cube_auv/model.config
-- Up-to-date: /home/dorson/Documents/github/Doe/src/doe_simulation/install/doe_simulation/share/ament_index/resource_index/package_run_dependencies/doe_simulation
-- Up-to-date: /home/dorson/Documents/github/Doe/src/doe_simulation/install/doe_simulation/share/ament_index/resource_index/parent_prefix_path/doe_simulation
-- Up-to-date: /home/dorson/Documents/github/Doe/src/doe_simulation/install/doe_simulation/share/doe_simulation/environment/ament_prefix_path.sh
-- Up-to-date: /home/dorson/Documents/github/Doe/src/doe_simulation/install/doe_simulation/share/doe_simulation/environment/ament_prefix_path.dsv
-- Up-to-date: /home/dorson/Documents/github/Doe/src/doe_simulation/install/doe_simulation/share/doe_simulation/environment/path.sh
-- Up-to-date: /home/dorson/Documents/github/Doe/src/doe_simulation/install/doe_simulation/share/doe_simulation/environment/path.dsv
-- Up-to-date: /home/dorson/Documents/github/Doe/src/doe_simulation/install/doe_simulation/share/doe_simulation/local_setup.bash
-- Up-to-date: /home/dorson/Documents/github/Doe/src/doe_simulation/install/doe_simulation/share/doe_simulation/local_setup.sh
-- Up-to-date: /home/dorson/Documents/github/Doe/src/doe_simulation/install/doe_simulation/share/doe_simulation/local_setup.zsh
-- Up-to-date: /home/dorson/Documents/github/Doe/src/doe_simulation/install/doe_simulation/share/doe_simulation/local_setup.dsv
-- Installing: /home/dorson/Documents/github/Doe/src/doe_simulation/install/doe_simulation/share/doe_simulation/package.dsv
-- Up-to-date: /home/dorson/Documents/github/Doe/src/doe_simulation/install/doe_simulation/share/ament_index/resource_index/packages/doe_simulation
-- Up-to-date: /home/dorson/Documents/github/Doe/src/doe_simulation/install/doe_simulation/share/doe_simulation/cmake/ament_cmake_export_libraries-extras.cmake
-- Up-to-date: /home/dorson/Documents/github/Doe/src/doe_simulation/install/doe_simulation/share/doe_simulation/cmake/doe_simulationConfig.cmake
-- Up-to-date: /home/dorson/Documents/github/Doe/src/doe_simulation/install/doe_simulation/share/doe_simulation/cmake/doe_simulationConfig-version.cmake
-- Up-to-date: /home/dorson/Documents/github/Doe/src/doe_simulation/install/doe_simulation/share/doe_simulation/package.xml
