[0.011s] Invoking command in '/home/dorson/Documents/github/Doe/src/doe_simulation/build/doe_simulation': CMAKE_PREFIX_PATH=${CMAKE_PREFIX_PATH}:/opt/ros/jazzy DEBUGINFOD_URLS=https://debuginfod.ubuntu.com /usr/bin/cmake --build /home/dorson/Documents/github/Doe/src/doe_simulation/build/doe_simulation -- -j20 -l20
[0.037s] -- Found ament_cmake: 2.5.2 (/opt/ros/jazzy/share/ament_cmake/cmake)
[0.208s] -- Found ros_gz: 1.0.7 (/opt/ros/jazzy/share/ros_gz/cmake)
[0.209s] -- Found rclcpp: 28.1.5 (/opt/ros/jazzy/share/rclcpp/cmake)
[0.236s] -- Found rosidl_generator_c: 4.6.4 (/opt/ros/jazzy/share/rosidl_generator_c/cmake)
[0.243s] -- Found rosidl_generator_cpp: 4.6.4 (/opt/ros/jazzy/share/rosidl_generator_cpp/cmake)
[0.255s] -- Using all available rosidl_typesupport_c: rosidl_typesupport_fastrtps_c;rosidl_typesupport_introspection_c
[0.268s] -- Using all available rosidl_typesupport_cpp: rosidl_typesupport_fastrtps_cpp;rosidl_typesupport_introspection_cpp
[0.326s] -- Found rmw_implementation_cmake: 7.3.1 (/opt/ros/jazzy/share/rmw_implementation_cmake/cmake)
[0.327s] -- Found rmw_fastrtps_cpp: 8.4.1 (/opt/ros/jazzy/share/rmw_fastrtps_cpp/cmake)
[0.380s] -- Using RMW implementation 'rmw_fastrtps_cpp' as default
[0.435s] -- Found rclcpp_components: 28.1.5 (/opt/ros/jazzy/share/rclcpp_components/cmake)
[0.457s] -- Found geometry_msgs: 5.3.5 (/opt/ros/jazzy/share/geometry_msgs/cmake)
[0.482s] -- Found sensor_msgs: 5.3.5 (/opt/ros/jazzy/share/sensor_msgs/cmake)
[0.501s] -- Found nav_msgs: 5.3.5 (/opt/ros/jazzy/share/nav_msgs/cmake)
[0.527s] -- Looking for gz-plugin2 -- found version 2.0.3
[0.528s] -- Searching for dependencies of gz-plugin2
[0.528s] -- Looking for gz-utils2 -- found version 2.2.0
[0.528s] -- Searching for dependencies of gz-utils2
[0.529s] -- Searching for <gz-utils2> component [cli]
[0.529s] -- Looking for gz-utils2-cli -- found version 2.2.0
[0.529s] -- Searching for dependencies of gz-utils2-cli
[0.530s] -- Searching for <gz-plugin2> component [register]
[0.531s] -- Looking for gz-plugin2-register -- found version 2.0.3
[0.531s] -- Searching for dependencies of gz-plugin2-register
[0.531s] -- Looking for gz-plugin2 - found
[0.531s] 
[0.532s] -- Looking for gz-sim8 -- found version 8.7.0
[0.532s] -- Searching for dependencies of gz-sim8
[0.533s] -- Looking for sdformat14 -- found version 14.5.0
[0.533s] -- Searching for dependencies of sdformat14
[0.537s] -- Checking for module 'tinyxml2'
[0.552s] --   Found tinyxml2, version 10.0.0
[0.608s] -- Looking for gz-math7 -- found version 7.5.1
[0.609s] -- Searching for dependencies of gz-math7
[0.609s] -- Looking for gz-utils2 -- found version 2.2.0
[0.612s] -- Looking for gz-utils2 -- found version 2.2.0
[0.614s] -- Looking for gz-plugin2 -- found version 2.0.3
[0.614s] -- Searching for dependencies of gz-plugin2
[0.615s] -- Looking for gz-utils2 -- found version 2.2.0
[0.615s] -- Searching for <gz-plugin2> component [loader]
[0.616s] -- Looking for gz-plugin2-loader -- found version 2.0.3
[0.617s] -- Searching for dependencies of gz-plugin2-loader
[0.618s] -- Searching for <gz-plugin2> component [register]
[0.620s] -- Looking for gz-transport13 -- found version 13.4.0
[0.620s] -- Searching for dependencies of gz-transport13
[0.662s] -- Config-file not installed for ZeroMQ -- checking for pkg-config
[0.665s] -- Checking for module 'libzmq >= 4'
[0.678s] --   Found libzmq, version 4.3.5
[0.761s] -- Checking for module 'uuid'
[0.788s] --   Found uuid, version 2.39.3
[0.852s] -- Looking for gz-utils2 -- found version 2.2.0
[0.854s] -- Looking for gz-msgs10 -- found version 10.3.1
[0.854s] -- Searching for dependencies of gz-msgs10
[0.883s] -- Looking for gz-utils2 -- found version 2.2.0
[0.883s] -- Looking for gz-math7 -- found version 7.5.1
[1.023s] -- Searching for <gz-transport13> component [log]
[1.024s] -- Looking for gz-transport13-log -- found version 13.4.0
[1.024s] -- Searching for dependencies of gz-transport13-log
[1.025s] -- Searching for <gz-transport13> component [parameters]
[1.025s] -- Looking for gz-transport13-parameters -- found version 13.4.0
[1.026s] -- Searching for dependencies of gz-transport13-parameters
[1.027s] -- Looking for gz-msgs10 -- found version 10.3.1
[1.028s] -- Looking for gz-common5 -- found version 5.7.0
[1.028s] -- Searching for dependencies of gz-common5
[1.029s] -- Looking for gz-utils2 -- found version 2.2.0
[1.029s] -- Looking for dlfcn.h - found
[1.029s] -- Looking for libdl - found
[1.039s] -- Searching for <gz-common5> component [av]
[1.039s] -- Looking for gz-common5-av -- found version 5.7.0
[1.039s] -- Searching for dependencies of gz-common5-av
[1.044s] -- Checking for module 'libswscale'
[1.069s] --   Found libswscale, version 7.5.100
[1.141s] -- Checking for module 'libavdevice >= 56.4.100'
[1.167s] --   Found libavdevice, version 60.3.100
[1.261s] -- Checking for module 'libavformat'
[1.288s] --   Found libavformat, version 60.16.100
[1.370s] -- Checking for module 'libavcodec'
[1.399s] --   Found libavcodec, version 60.31.102
[1.480s] -- Checking for module 'libavutil'
[1.506s] --   Found libavutil, version 58.29.100
[1.567s] -- Searching for <gz-common5> component [events]
[1.568s] -- Looking for gz-common5-events -- found version 5.7.0
[1.568s] -- Searching for dependencies of gz-common5-events
[1.569s] -- Looking for gz-math7 -- found version 7.5.1
[1.571s] -- Searching for <gz-common5> component [graphics]
[1.572s] -- Looking for gz-common5-graphics -- found version 5.7.0
[1.572s] -- Searching for dependencies of gz-common5-graphics
[1.572s] -- Looking for gz-math7 -- found version 7.5.1
[1.578s] -- Searching for <gz-common5> component [io]
[1.579s] -- Looking for gz-common5-io -- found version 5.7.0
[1.580s] -- Searching for dependencies of gz-common5-io
[1.580s] -- Searching for <gz-common5> component [profiler]
[1.581s] -- Looking for gz-common5-profiler -- found version 5.7.0
[1.582s] -- Searching for dependencies of gz-common5-profiler
[1.584s] -- Looking for gz-fuel_tools9 -- found version 9.1.0
[1.584s] -- Searching for dependencies of gz-fuel_tools9
[1.628s] -- Checking for module 'jsoncpp'
[1.654s] --   Found jsoncpp, version 1.9.5
[1.735s] -- Checking for module 'yaml-0.1'
[1.765s] --   Found yaml-0.1, version 0.2.5
[1.837s] -- Checking for module 'libzip'
[1.864s] --   Found libzip, version 1.7.3
[1.926s] -- Looking for gz-utils2 -- found version 2.2.0
[1.927s] -- Looking for gz-common5 -- found version 5.7.0
[1.927s] -- Searching for dependencies of gz-common5
[1.928s] -- Looking for gz-utils2 -- found version 2.2.0
[1.928s] -- Looking for dlfcn.h - found
[1.928s] -- Looking for libdl - found
[1.943s] -- Searching for <gz-common5> component [testing]
[1.944s] -- Looking for gz-common5-testing -- found version 5.7.0
[1.944s] -- Searching for dependencies of gz-common5-testing
[1.946s] -- Looking for gz-math7 -- found version 7.5.1
[1.946s] -- Looking for gz-msgs10 -- found version 10.3.1
[1.948s] -- Looking for gz-gui8 -- found version 8.3.0
[1.948s] -- Searching for dependencies of gz-gui8
[1.968s] -- Looking for gz-utils2 -- found version 2.2.0
[1.968s] -- Looking for gz-math7 -- found version 7.5.1
[1.969s] -- Looking for gz-common5 -- found version 5.7.0
[1.969s] -- Looking for gz-plugin2 -- found version 2.0.3
[1.970s] -- Looking for gz-transport13 -- found version 13.4.0
[1.970s] -- Looking for gz-rendering8 -- found version 8.2.1
[1.971s] -- Searching for dependencies of gz-rendering8
[1.971s] -- Looking for gz-math7 -- found version 7.5.1
[1.971s] -- Searching for dependencies of gz-math7
[1.971s] -- Looking for gz-utils2 -- found version 2.2.0
[1.972s] -- Searching for <gz-math7> component [eigen3]
[1.972s] -- Looking for gz-math7-eigen3 -- found version 7.5.1
[1.972s] -- Searching for dependencies of gz-math7-eigen3
[1.975s] -- Looking for gz-common5 -- found version 5.7.0
[1.975s] -- Searching for dependencies of gz-common5
[1.975s] -- Looking for gz-utils2 -- found version 2.2.0
[1.975s] -- Looking for dlfcn.h - found
[1.975s] -- Looking for libdl - found
[1.987s] -- Searching for <gz-common5> component [graphics]
[1.987s] -- Searching for <gz-common5> component [events]
[1.987s] -- Searching for <gz-common5> component [geospatial]
[1.988s] -- Looking for gz-common5-geospatial -- found version 5.7.0
[1.988s] -- Searching for dependencies of gz-common5-geospatial
[1.989s] -- Looking for gz-math7 -- found version 7.5.1
[1.990s] -- Looking for gz-common5 -- found version 5.7.0
[1.992s] -- Looking for gz-plugin2 -- found version 2.0.3
[1.992s] -- Searching for dependencies of gz-plugin2
[1.993s] -- Looking for gz-utils2 -- found version 2.2.0
[1.993s] -- Searching for <gz-plugin2> component [all]
[1.994s] -- Looking for all libraries of gz-plugin2 -- found version 2.0.3
[1.995s] -- Looking for gz-plugin2 -- found version 2.0.3
[1.997s] -- Looking for gz-utils2 -- found version 2.2.0
[2.003s] -- Looking for gz-msgs10 -- found version 10.3.1
[2.025s] -- Looking for gz-physics7 -- found version 7.4.0
[2.025s] -- Searching for dependencies of gz-physics7
[2.026s] -- Looking for gz-common5 -- found version 5.7.0
[2.026s] -- Looking for gz-math7 -- found version 7.5.1
[2.026s] -- Looking for gz-plugin2 -- found version 2.0.3
[2.026s] -- Looking for gz-utils2 -- found version 2.2.0
[2.027s] -- Searching for <gz-physics7> component [heightmap]
[2.027s] -- Looking for gz-physics7-heightmap -- found version 7.4.0
[2.027s] -- Searching for dependencies of gz-physics7-heightmap
[2.028s] -- Looking for gz-common5 -- found version 5.7.0
[2.028s] -- Searching for <gz-physics7> component [mesh]
[2.029s] -- Looking for gz-physics7-mesh -- found version 7.4.0
[2.029s] -- Searching for dependencies of gz-physics7-mesh
[2.029s] -- Looking for gz-common5 -- found version 5.7.0
[2.029s] -- Searching for <gz-physics7> component [sdf]
[2.030s] -- Looking for gz-physics7-sdf -- found version 7.4.0
[2.030s] -- Searching for dependencies of gz-physics7-sdf
[2.030s] -- Looking for sdformat14 -- found version 14.5.0
[2.031s] -- Looking for gz-sensors8 -- found version 8.2.1
[2.031s] -- Searching for dependencies of gz-sensors8
[2.046s] -- Looking for gz-math7 -- found version 7.5.1
[2.046s] -- Looking for gz-common5 -- found version 5.7.0
[2.046s] -- Looking for gz-transport13 -- found version 13.4.0
[2.047s] -- Looking for gz-rendering8 -- found version 8.2.1
[2.047s] -- Looking for gz-msgs10 -- found version 10.3.1
[2.047s] -- Looking for sdformat14 -- found version 14.5.0
[2.048s] -- Searching for <gz-sensors8> component [air_pressure]
[2.048s] -- Looking for gz-sensors8-air_pressure -- found version 8.2.1
[2.048s] -- Searching for dependencies of gz-sensors8-air_pressure
[2.049s] -- Searching for <gz-sensors8> component [air_speed]
[2.049s] -- Looking for gz-sensors8-air_speed -- found version 8.2.1
[2.049s] -- Searching for dependencies of gz-sensors8-air_speed
[2.050s] -- Searching for <gz-sensors8> component [altimeter]
[2.050s] -- Looking for gz-sensors8-altimeter -- found version 8.2.1
[2.050s] -- Searching for dependencies of gz-sensors8-altimeter
[2.051s] -- Searching for <gz-sensors8> component [imu]
[2.051s] -- Looking for gz-sensors8-imu -- found version 8.2.1
[2.051s] -- Searching for dependencies of gz-sensors8-imu
[2.052s] -- Searching for <gz-sensors8> component [force_torque]
[2.052s] -- Looking for gz-sensors8-force_torque -- found version 8.2.1
[2.052s] -- Searching for dependencies of gz-sensors8-force_torque
[2.053s] -- Searching for <gz-sensors8> component [logical_camera]
[2.053s] -- Looking for gz-sensors8-logical_camera -- found version 8.2.1
[2.053s] -- Searching for dependencies of gz-sensors8-logical_camera
[2.053s] -- Searching for <gz-sensors8> component [magnetometer]
[2.054s] -- Looking for gz-sensors8-magnetometer -- found version 8.2.1
[2.054s] -- Searching for dependencies of gz-sensors8-magnetometer
[2.054s] -- Searching for <gz-sensors8> component [navsat]
[2.055s] -- Looking for gz-sensors8-navsat -- found version 8.2.1
[2.055s] -- Searching for dependencies of gz-sensors8-navsat
[2.055s] -- Searching for <gz-sensors8> component [dvl]
[2.056s] -- Looking for gz-sensors8-dvl -- found version 8.2.1
[2.056s] -- Searching for dependencies of gz-sensors8-dvl
[2.056s] -- Looking for gz-sensors8 -- found version 8.2.1
[2.056s] -- Searching for dependencies of gz-sensors8
[2.071s] -- Looking for gz-math7 -- found version 7.5.1
[2.071s] -- Looking for gz-common5 -- found version 5.7.0
[2.071s] -- Looking for gz-transport13 -- found version 13.4.0
[2.072s] -- Looking for gz-rendering8 -- found version 8.2.1
[2.072s] -- Looking for gz-msgs10 -- found version 10.3.1
[2.072s] -- Looking for sdformat14 -- found version 14.5.0
[2.072s] -- Searching for <gz-sensors8> component [rendering]
[2.073s] -- Looking for gz-sensors8-rendering -- found version 8.2.1
[2.073s] -- Searching for dependencies of gz-sensors8-rendering
[2.074s] -- Searching for <gz-sensors8> component [rendering]
[2.074s] -- Searching for <gz-sensors8> component [lidar]
[2.074s] -- Looking for gz-sensors8-lidar -- found version 8.2.1
[2.075s] -- Searching for dependencies of gz-sensors8-lidar
[2.075s] -- Looking for gz-sensors8 -- found version 8.2.1
[2.075s] -- Searching for <gz-sensors8> component [gpu_lidar]
[2.076s] -- Looking for gz-sensors8-gpu_lidar -- found version 8.2.1
[2.076s] -- Searching for dependencies of gz-sensors8-gpu_lidar
[2.076s] -- Looking for gz-sensors8 -- found version 8.2.1
[2.077s] -- Searching for <gz-sensors8> component [camera]
[2.077s] -- Looking for gz-sensors8-camera -- found version 8.2.1
[2.077s] -- Searching for dependencies of gz-sensors8-camera
[2.078s] -- Looking for gz-sensors8 -- found version 8.2.1
[2.078s] -- Searching for <gz-sensors8> component [boundingbox_camera]
[2.079s] -- Looking for gz-sensors8-boundingbox_camera -- found version 8.2.1
[2.079s] -- Searching for dependencies of gz-sensors8-boundingbox_camera
[2.079s] -- Searching for <gz-sensors8> component [segmentation_camera]
[2.080s] -- Looking for gz-sensors8-segmentation_camera -- found version 8.2.1
[2.080s] -- Searching for dependencies of gz-sensors8-segmentation_camera
[2.080s] -- Searching for <gz-sensors8> component [depth_camera]
[2.081s] -- Looking for gz-sensors8-depth_camera -- found version 8.2.1
[2.081s] -- Searching for dependencies of gz-sensors8-depth_camera
[2.081s] -- Looking for gz-sensors8 -- found version 8.2.1
[2.082s] -- Searching for <gz-sensors8> component [rgbd_camera]
[2.083s] -- Looking for gz-sensors8-rgbd_camera -- found version 8.2.1
[2.083s] -- Searching for dependencies of gz-sensors8-rgbd_camera
[2.083s] -- Looking for gz-sensors8 -- found version 8.2.1
[2.084s] -- Searching for <gz-sensors8> component [thermal_camera]
[2.084s] -- Looking for gz-sensors8-thermal_camera -- found version 8.2.1
[2.084s] -- Searching for dependencies of gz-sensors8-thermal_camera
[2.084s] -- Looking for gz-sensors8 -- found version 8.2.1
[2.085s] -- Searching for <gz-sensors8> component [wide_angle_camera]
[2.085s] -- Looking for gz-sensors8-wide_angle_camera -- found version 8.2.1
[2.085s] -- Searching for dependencies of gz-sensors8-wide_angle_camera
[2.086s] -- Looking for gz-rendering8 -- found version 8.2.1
[2.086s] -- Looking for gz-math7 -- found version 7.5.1
[2.086s] -- Looking for gz-utils2 -- found version 2.2.0
[2.102s] -- Looking for gz-sim8 - found
[2.102s] 
[2.180s] -- Configuring done (2.2s)
[2.246s] -- Generating done (0.0s)
[2.247s] -- Build files have been written to: /home/dorson/Documents/github/Doe/src/doe_simulation/build/doe_simulation
[2.319s] [100%] Built target thruster_driver_plugin
[2.337s] Invoked command in '/home/dorson/Documents/github/Doe/src/doe_simulation/build/doe_simulation' returned '0': CMAKE_PREFIX_PATH=${CMAKE_PREFIX_PATH}:/opt/ros/jazzy DEBUGINFOD_URLS=https://debuginfod.ubuntu.com /usr/bin/cmake --build /home/dorson/Documents/github/Doe/src/doe_simulation/build/doe_simulation -- -j20 -l20
[2.413s] Invoking command in '/home/dorson/Documents/github/Doe/src/doe_simulation/build/doe_simulation': CMAKE_PREFIX_PATH=${CMAKE_PREFIX_PATH}:/opt/ros/jazzy DEBUGINFOD_URLS=https://debuginfod.ubuntu.com /usr/bin/cmake --install /home/dorson/Documents/github/Doe/src/doe_simulation/build/doe_simulation
[2.426s] -- Install configuration: ""
[2.427s] -- Up-to-date: /home/dorson/Documents/github/Doe/src/doe_simulation/install/doe_simulation/share/doe_simulation/environment/library_path.sh
[2.427s] -- Up-to-date: /home/dorson/Documents/github/Doe/src/doe_simulation/install/doe_simulation/share/doe_simulation/environment/library_path.dsv
[2.427s] -- Up-to-date: /home/dorson/Documents/github/Doe/src/doe_simulation/install/doe_simulation/lib/doe_simulation/libthruster_driver_plugin.so
[2.427s] -- Up-to-date: /home/dorson/Documents/github/Doe/src/doe_simulation/install/doe_simulation/share/doe_simulation//launch
[2.428s] -- Up-to-date: /home/dorson/Documents/github/Doe/src/doe_simulation/install/doe_simulation/share/doe_simulation//launch/gazebo_launch.py
[2.428s] -- Up-to-date: /home/dorson/Documents/github/Doe/src/doe_simulation/install/doe_simulation/share/doe_simulation/gazebo/worlds
[2.428s] -- Up-to-date: /home/dorson/Documents/github/Doe/src/doe_simulation/install/doe_simulation/share/doe_simulation/gazebo/worlds/cube.world
[2.428s] -- Up-to-date: /home/dorson/Documents/github/Doe/src/doe_simulation/install/doe_simulation/share/doe_simulation/gazebo/worlds/competition.world
[2.428s] -- Up-to-date: /home/dorson/Documents/github/Doe/src/doe_simulation/install/doe_simulation/share/doe_simulation/gazebo/worlds/thruster_test.world
[2.428s] -- Up-to-date: /home/dorson/Documents/github/Doe/src/doe_simulation/install/doe_simulation/share/doe_simulation/gazebo/models
[2.428s] -- Up-to-date: /home/dorson/Documents/github/Doe/src/doe_simulation/install/doe_simulation/share/doe_simulation/gazebo/models/gate
[2.428s] -- Up-to-date: /home/dorson/Documents/github/Doe/src/doe_simulation/install/doe_simulation/share/doe_simulation/gazebo/models/gate/model.sdf
[2.428s] -- Up-to-date: /home/dorson/Documents/github/Doe/src/doe_simulation/install/doe_simulation/share/doe_simulation/gazebo/models/gate/model.config
[2.428s] -- Up-to-date: /home/dorson/Documents/github/Doe/src/doe_simulation/install/doe_simulation/share/doe_simulation/gazebo/models/gate/meshes
[2.428s] -- Up-to-date: /home/dorson/Documents/github/Doe/src/doe_simulation/install/doe_simulation/share/doe_simulation/gazebo/models/gate/meshes/horCylinderRed.dae
[2.428s] -- Up-to-date: /home/dorson/Documents/github/Doe/src/doe_simulation/install/doe_simulation/share/doe_simulation/gazebo/models/gate/meshes/vertCylinder.dae
[2.429s] -- Up-to-date: /home/dorson/Documents/github/Doe/src/doe_simulation/install/doe_simulation/share/doe_simulation/gazebo/models/gate/meshes/horCylinderBlack.dae
[2.429s] -- Up-to-date: /home/dorson/Documents/github/Doe/src/doe_simulation/install/doe_simulation/share/doe_simulation/gazebo/models/gate/meshes/centrePanel.dae
[2.429s] -- Up-to-date: /home/dorson/Documents/github/Doe/src/doe_simulation/install/doe_simulation/share/doe_simulation/gazebo/models/gate/meshes/banner.dae
[2.429s] -- Up-to-date: /home/dorson/Documents/github/Doe/src/doe_simulation/install/doe_simulation/share/doe_simulation/gazebo/models/triton_auv
[2.429s] -- Installing: /home/dorson/Documents/github/Doe/src/doe_simulation/install/doe_simulation/share/doe_simulation/gazebo/models/triton_auv/model.sdf
[2.429s] -- Up-to-date: /home/dorson/Documents/github/Doe/src/doe_simulation/install/doe_simulation/share/doe_simulation/gazebo/models/triton_auv/model.config
[2.429s] -- Up-to-date: /home/dorson/Documents/github/Doe/src/doe_simulation/install/doe_simulation/share/doe_simulation/gazebo/models/triton_frame
[2.429s] -- Up-to-date: /home/dorson/Documents/github/Doe/src/doe_simulation/install/doe_simulation/share/doe_simulation/gazebo/models/triton_frame/model.sdf
[2.429s] -- Up-to-date: /home/dorson/Documents/github/Doe/src/doe_simulation/install/doe_simulation/share/doe_simulation/gazebo/models/triton_frame/model.config
[2.429s] -- Up-to-date: /home/dorson/Documents/github/Doe/src/doe_simulation/install/doe_simulation/share/doe_simulation/gazebo/models/triton_frame/meshes
[2.429s] -- Up-to-date: /home/dorson/Documents/github/Doe/src/doe_simulation/install/doe_simulation/share/doe_simulation/gazebo/models/triton_frame/meshes/triton_frame.STL
[2.429s] -- Up-to-date: /home/dorson/Documents/github/Doe/src/doe_simulation/install/doe_simulation/share/doe_simulation/gazebo/models/triton_frame/meshes/triton_frame.dae
[2.429s] -- Up-to-date: /home/dorson/Documents/github/Doe/src/doe_simulation/install/doe_simulation/share/doe_simulation/gazebo/models/steelhead.sdf
[2.430s] -- Up-to-date: /home/dorson/Documents/github/Doe/src/doe_simulation/install/doe_simulation/share/doe_simulation/gazebo/models/cube_thruster
[2.430s] -- Up-to-date: /home/dorson/Documents/github/Doe/src/doe_simulation/install/doe_simulation/share/doe_simulation/gazebo/models/cube_thruster/model.sdf
[2.430s] -- Up-to-date: /home/dorson/Documents/github/Doe/src/doe_simulation/install/doe_simulation/share/doe_simulation/gazebo/models/cube_thruster/model.config
[2.430s] -- Up-to-date: /home/dorson/Documents/github/Doe/src/doe_simulation/install/doe_simulation/share/doe_simulation/gazebo/models/triton_thruster
[2.430s] -- Up-to-date: /home/dorson/Documents/github/Doe/src/doe_simulation/install/doe_simulation/share/doe_simulation/gazebo/models/triton_thruster/model.sdf
[2.430s] -- Up-to-date: /home/dorson/Documents/github/Doe/src/doe_simulation/install/doe_simulation/share/doe_simulation/gazebo/models/triton_thruster/model.config
[2.430s] -- Up-to-date: /home/dorson/Documents/github/Doe/src/doe_simulation/install/doe_simulation/share/doe_simulation/gazebo/models/triton_thruster/meshes
[2.430s] -- Up-to-date: /home/dorson/Documents/github/Doe/src/doe_simulation/install/doe_simulation/share/doe_simulation/gazebo/models/triton_thruster/meshes/triton_thruster.dae
[2.430s] -- Up-to-date: /home/dorson/Documents/github/Doe/src/doe_simulation/install/doe_simulation/share/doe_simulation/gazebo/models/triton_thruster/meshes/triton_thruster.STL
[2.430s] -- Up-to-date: /home/dorson/Documents/github/Doe/src/doe_simulation/install/doe_simulation/share/doe_simulation/gazebo/models/cube_auv
[2.430s] -- Up-to-date: /home/dorson/Documents/github/Doe/src/doe_simulation/install/doe_simulation/share/doe_simulation/gazebo/models/cube_auv/model.sdf
[2.430s] -- Up-to-date: /home/dorson/Documents/github/Doe/src/doe_simulation/install/doe_simulation/share/doe_simulation/gazebo/models/cube_auv/model.config
[2.430s] -- Up-to-date: /home/dorson/Documents/github/Doe/src/doe_simulation/install/doe_simulation/share/doe_simulation/gazebo/models/cube_auv/model.urdf
[2.430s] -- Up-to-date: /home/dorson/Documents/github/Doe/src/doe_simulation/install/doe_simulation/share/ament_index/resource_index/package_run_dependencies/doe_simulation
[2.430s] -- Up-to-date: /home/dorson/Documents/github/Doe/src/doe_simulation/install/doe_simulation/share/ament_index/resource_index/parent_prefix_path/doe_simulation
[2.430s] -- Up-to-date: /home/dorson/Documents/github/Doe/src/doe_simulation/install/doe_simulation/share/doe_simulation/environment/ament_prefix_path.sh
[2.430s] -- Up-to-date: /home/dorson/Documents/github/Doe/src/doe_simulation/install/doe_simulation/share/doe_simulation/environment/ament_prefix_path.dsv
[2.431s] -- Up-to-date: /home/dorson/Documents/github/Doe/src/doe_simulation/install/doe_simulation/share/doe_simulation/environment/path.sh
[2.431s] -- Up-to-date: /home/dorson/Documents/github/Doe/src/doe_simulation/install/doe_simulation/share/doe_simulation/environment/path.dsv
[2.431s] -- Up-to-date: /home/dorson/Documents/github/Doe/src/doe_simulation/install/doe_simulation/share/doe_simulation/local_setup.bash
[2.431s] -- Up-to-date: /home/dorson/Documents/github/Doe/src/doe_simulation/install/doe_simulation/share/doe_simulation/local_setup.sh
[2.431s] -- Up-to-date: /home/dorson/Documents/github/Doe/src/doe_simulation/install/doe_simulation/share/doe_simulation/local_setup.zsh
[2.431s] -- Up-to-date: /home/dorson/Documents/github/Doe/src/doe_simulation/install/doe_simulation/share/doe_simulation/local_setup.dsv
[2.431s] -- Installing: /home/dorson/Documents/github/Doe/src/doe_simulation/install/doe_simulation/share/doe_simulation/package.dsv
[2.431s] -- Up-to-date: /home/dorson/Documents/github/Doe/src/doe_simulation/install/doe_simulation/share/ament_index/resource_index/packages/doe_simulation
[2.431s] -- Up-to-date: /home/dorson/Documents/github/Doe/src/doe_simulation/install/doe_simulation/share/doe_simulation/cmake/ament_cmake_export_libraries-extras.cmake
[2.431s] -- Up-to-date: /home/dorson/Documents/github/Doe/src/doe_simulation/install/doe_simulation/share/doe_simulation/cmake/doe_simulationConfig.cmake
[2.431s] -- Up-to-date: /home/dorson/Documents/github/Doe/src/doe_simulation/install/doe_simulation/share/doe_simulation/cmake/doe_simulationConfig-version.cmake
[2.431s] -- Up-to-date: /home/dorson/Documents/github/Doe/src/doe_simulation/install/doe_simulation/share/doe_simulation/package.xml
[2.432s] Invoked command in '/home/dorson/Documents/github/Doe/src/doe_simulation/build/doe_simulation' returned '0': CMAKE_PREFIX_PATH=${CMAKE_PREFIX_PATH}:/opt/ros/jazzy DEBUGINFOD_URLS=https://debuginfod.ubuntu.com /usr/bin/cmake --install /home/dorson/Documents/github/Doe/src/doe_simulation/build/doe_simulation
