[0.010s] Invoking command in '/home/dorson/Documents/github/Doe/src/doe_simulation/build/doe_simulation': CMAKE_PREFIX_PATH=${CMAKE_PREFIX_PATH}:/opt/ros/jazzy DEBUGINFOD_URLS=https://debuginfod.ubuntu.com /usr/bin/cmake --build /home/dorson/Documents/github/Doe/src/doe_simulation/build/doe_simulation -- -j20 -l20
[0.093s] [100%] Built target thruster_driver_plugin
[0.104s] Invoked command in '/home/dorson/Documents/github/Doe/src/doe_simulation/build/doe_simulation' returned '0': CMAKE_PREFIX_PATH=${CMAKE_PREFIX_PATH}:/opt/ros/jazzy DEBUGINFOD_URLS=https://debuginfod.ubuntu.com /usr/bin/cmake --build /home/dorson/Documents/github/Doe/src/doe_simulation/build/doe_simulation -- -j20 -l20
[0.153s] Invoking command in '/home/dorson/Documents/github/Doe/src/doe_simulation/build/doe_simulation': CMAKE_PREFIX_PATH=${CMAKE_PREFIX_PATH}:/opt/ros/jazzy DEBUGINFOD_URLS=https://debuginfod.ubuntu.com /usr/bin/cmake --install /home/dorson/Documents/github/Doe/src/doe_simulation/build/doe_simulation
[0.164s] -- Install configuration: ""
[0.164s] -- Up-to-date: /home/dorson/Documents/github/Doe/src/doe_simulation/install/doe_simulation/share/doe_simulation/environment/library_path.sh
[0.164s] -- Up-to-date: /home/dorson/Documents/github/Doe/src/doe_simulation/install/doe_simulation/share/doe_simulation/environment/library_path.dsv
[0.164s] -- Up-to-date: /home/dorson/Documents/github/Doe/src/doe_simulation/install/doe_simulation/lib/doe_simulation/libthruster_driver_plugin.so
[0.164s] -- Up-to-date: /home/dorson/Documents/github/Doe/src/doe_simulation/install/doe_simulation/share/doe_simulation//launch
[0.165s] -- Up-to-date: /home/dorson/Documents/github/Doe/src/doe_simulation/install/doe_simulation/share/doe_simulation//launch/gazebo_launch.py
[0.165s] -- Up-to-date: /home/dorson/Documents/github/Doe/src/doe_simulation/install/doe_simulation/share/doe_simulation/gazebo/worlds
[0.165s] -- Up-to-date: /home/dorson/Documents/github/Doe/src/doe_simulation/install/doe_simulation/share/doe_simulation/gazebo/worlds/cube.world
[0.165s] -- Up-to-date: /home/dorson/Documents/github/Doe/src/doe_simulation/install/doe_simulation/share/doe_simulation/gazebo/worlds/competition.world
[0.165s] -- Up-to-date: /home/dorson/Documents/github/Doe/src/doe_simulation/install/doe_simulation/share/doe_simulation/gazebo/worlds/thruster_test.world
[0.165s] -- Up-to-date: /home/dorson/Documents/github/Doe/src/doe_simulation/install/doe_simulation/share/doe_simulation/gazebo/models
[0.165s] -- Up-to-date: /home/dorson/Documents/github/Doe/src/doe_simulation/install/doe_simulation/share/doe_simulation/gazebo/models/gate
[0.166s] -- Up-to-date: /home/dorson/Documents/github/Doe/src/doe_simulation/install/doe_simulation/share/doe_simulation/gazebo/models/gate/model.sdf
[0.166s] -- Up-to-date: /home/dorson/Documents/github/Doe/src/doe_simulation/install/doe_simulation/share/doe_simulation/gazebo/models/gate/model.config
[0.166s] -- Up-to-date: /home/dorson/Documents/github/Doe/src/doe_simulation/install/doe_simulation/share/doe_simulation/gazebo/models/gate/meshes
[0.166s] -- Up-to-date: /home/dorson/Documents/github/Doe/src/doe_simulation/install/doe_simulation/share/doe_simulation/gazebo/models/gate/meshes/horCylinderRed.dae
[0.166s] -- Up-to-date: /home/dorson/Documents/github/Doe/src/doe_simulation/install/doe_simulation/share/doe_simulation/gazebo/models/gate/meshes/vertCylinder.dae
[0.166s] -- Up-to-date: /home/dorson/Documents/github/Doe/src/doe_simulation/install/doe_simulation/share/doe_simulation/gazebo/models/gate/meshes/horCylinderBlack.dae
[0.166s] -- Up-to-date: /home/dorson/Documents/github/Doe/src/doe_simulation/install/doe_simulation/share/doe_simulation/gazebo/models/gate/meshes/centrePanel.dae
[0.166s] -- Up-to-date: /home/dorson/Documents/github/Doe/src/doe_simulation/install/doe_simulation/share/doe_simulation/gazebo/models/gate/meshes/banner.dae
[0.166s] -- Up-to-date: /home/dorson/Documents/github/Doe/src/doe_simulation/install/doe_simulation/share/doe_simulation/gazebo/models/triton_auv
[0.166s] -- Installing: /home/dorson/Documents/github/Doe/src/doe_simulation/install/doe_simulation/share/doe_simulation/gazebo/models/triton_auv/model.sdf
[0.166s] -- Up-to-date: /home/dorson/Documents/github/Doe/src/doe_simulation/install/doe_simulation/share/doe_simulation/gazebo/models/triton_auv/model.config
[0.166s] -- Installing: /home/dorson/Documents/github/Doe/src/doe_simulation/install/doe_simulation/share/doe_simulation/gazebo/models/triton_auv/build
[0.166s] -- Installing: /home/dorson/Documents/github/Doe/src/doe_simulation/install/doe_simulation/share/doe_simulation/gazebo/models/triton_auv/build/.built_by
[0.167s] -- Installing: /home/dorson/Documents/github/Doe/src/doe_simulation/install/doe_simulation/share/doe_simulation/gazebo/models/triton_auv/build/COLCON_IGNORE
[0.167s] -- Installing: /home/dorson/Documents/github/Doe/src/doe_simulation/install/doe_simulation/share/doe_simulation/gazebo/models/triton_auv/install
[0.167s] -- Installing: /home/dorson/Documents/github/Doe/src/doe_simulation/install/doe_simulation/share/doe_simulation/gazebo/models/triton_auv/install/_local_setup_util_ps1.py
[0.167s] -- Installing: /home/dorson/Documents/github/Doe/src/doe_simulation/install/doe_simulation/share/doe_simulation/gazebo/models/triton_auv/install/setup.sh
[0.167s] -- Installing: /home/dorson/Documents/github/Doe/src/doe_simulation/install/doe_simulation/share/doe_simulation/gazebo/models/triton_auv/install/local_setup.sh
[0.167s] -- Installing: /home/dorson/Documents/github/Doe/src/doe_simulation/install/doe_simulation/share/doe_simulation/gazebo/models/triton_auv/install/local_setup.bash
[0.167s] -- Installing: /home/dorson/Documents/github/Doe/src/doe_simulation/install/doe_simulation/share/doe_simulation/gazebo/models/triton_auv/install/setup.ps1
[0.167s] -- Installing: /home/dorson/Documents/github/Doe/src/doe_simulation/install/doe_simulation/share/doe_simulation/gazebo/models/triton_auv/install/setup.zsh
[0.167s] -- Installing: /home/dorson/Documents/github/Doe/src/doe_simulation/install/doe_simulation/share/doe_simulation/gazebo/models/triton_auv/install/.colcon_install_layout
[0.167s] -- Installing: /home/dorson/Documents/github/Doe/src/doe_simulation/install/doe_simulation/share/doe_simulation/gazebo/models/triton_auv/install/local_setup.ps1
[0.167s] -- Installing: /home/dorson/Documents/github/Doe/src/doe_simulation/install/doe_simulation/share/doe_simulation/gazebo/models/triton_auv/install/_local_setup_util_sh.py
[0.167s] -- Installing: /home/dorson/Documents/github/Doe/src/doe_simulation/install/doe_simulation/share/doe_simulation/gazebo/models/triton_auv/install/local_setup.zsh
[0.167s] -- Installing: /home/dorson/Documents/github/Doe/src/doe_simulation/install/doe_simulation/share/doe_simulation/gazebo/models/triton_auv/install/setup.bash
[0.167s] -- Installing: /home/dorson/Documents/github/Doe/src/doe_simulation/install/doe_simulation/share/doe_simulation/gazebo/models/triton_auv/install/COLCON_IGNORE
[0.167s] -- Installing: /home/dorson/Documents/github/Doe/src/doe_simulation/install/doe_simulation/share/doe_simulation/gazebo/models/triton_auv/log
[0.167s] -- Installing: /home/dorson/Documents/github/Doe/src/doe_simulation/install/doe_simulation/share/doe_simulation/gazebo/models/triton_auv/log/latest_build
[0.168s] -- Installing: /home/dorson/Documents/github/Doe/src/doe_simulation/install/doe_simulation/share/doe_simulation/gazebo/models/triton_auv/log/latest
[0.168s] -- Installing: /home/dorson/Documents/github/Doe/src/doe_simulation/install/doe_simulation/share/doe_simulation/gazebo/models/triton_auv/log/COLCON_IGNORE
[0.168s] -- Installing: /home/dorson/Documents/github/Doe/src/doe_simulation/install/doe_simulation/share/doe_simulation/gazebo/models/triton_auv/log/build_2024-12-06_20-00-07
[0.168s] -- Installing: /home/dorson/Documents/github/Doe/src/doe_simulation/install/doe_simulation/share/doe_simulation/gazebo/models/triton_auv/log/build_2024-12-06_20-00-07/logger_all.log
[0.168s] -- Installing: /home/dorson/Documents/github/Doe/src/doe_simulation/install/doe_simulation/share/doe_simulation/gazebo/models/triton_auv/log/build_2024-12-06_20-00-07/events.log
[0.168s] -- Up-to-date: /home/dorson/Documents/github/Doe/src/doe_simulation/install/doe_simulation/share/doe_simulation/gazebo/models/triton_frame
[0.168s] -- Up-to-date: /home/dorson/Documents/github/Doe/src/doe_simulation/install/doe_simulation/share/doe_simulation/gazebo/models/triton_frame/model.sdf
[0.168s] -- Up-to-date: /home/dorson/Documents/github/Doe/src/doe_simulation/install/doe_simulation/share/doe_simulation/gazebo/models/triton_frame/model.config
[0.168s] -- Up-to-date: /home/dorson/Documents/github/Doe/src/doe_simulation/install/doe_simulation/share/doe_simulation/gazebo/models/triton_frame/meshes
[0.168s] -- Up-to-date: /home/dorson/Documents/github/Doe/src/doe_simulation/install/doe_simulation/share/doe_simulation/gazebo/models/triton_frame/meshes/triton_frame.STL
[0.168s] -- Up-to-date: /home/dorson/Documents/github/Doe/src/doe_simulation/install/doe_simulation/share/doe_simulation/gazebo/models/triton_frame/meshes/triton_frame.dae
[0.168s] -- Up-to-date: /home/dorson/Documents/github/Doe/src/doe_simulation/install/doe_simulation/share/doe_simulation/gazebo/models/steelhead.sdf
[0.168s] -- Up-to-date: /home/dorson/Documents/github/Doe/src/doe_simulation/install/doe_simulation/share/doe_simulation/gazebo/models/cube_thruster
[0.168s] -- Up-to-date: /home/dorson/Documents/github/Doe/src/doe_simulation/install/doe_simulation/share/doe_simulation/gazebo/models/cube_thruster/model.sdf
[0.168s] -- Up-to-date: /home/dorson/Documents/github/Doe/src/doe_simulation/install/doe_simulation/share/doe_simulation/gazebo/models/cube_thruster/model.config
[0.168s] -- Up-to-date: /home/dorson/Documents/github/Doe/src/doe_simulation/install/doe_simulation/share/doe_simulation/gazebo/models/triton_thruster
[0.168s] -- Up-to-date: /home/dorson/Documents/github/Doe/src/doe_simulation/install/doe_simulation/share/doe_simulation/gazebo/models/triton_thruster/model.sdf
[0.169s] -- Up-to-date: /home/dorson/Documents/github/Doe/src/doe_simulation/install/doe_simulation/share/doe_simulation/gazebo/models/triton_thruster/model.config
[0.169s] -- Up-to-date: /home/dorson/Documents/github/Doe/src/doe_simulation/install/doe_simulation/share/doe_simulation/gazebo/models/triton_thruster/meshes
[0.169s] -- Up-to-date: /home/dorson/Documents/github/Doe/src/doe_simulation/install/doe_simulation/share/doe_simulation/gazebo/models/triton_thruster/meshes/triton_thruster.dae
[0.169s] -- Up-to-date: /home/dorson/Documents/github/Doe/src/doe_simulation/install/doe_simulation/share/doe_simulation/gazebo/models/triton_thruster/meshes/triton_thruster.STL
[0.169s] -- Up-to-date: /home/dorson/Documents/github/Doe/src/doe_simulation/install/doe_simulation/share/doe_simulation/gazebo/models/cube_auv
[0.169s] -- Installing: /home/dorson/Documents/github/Doe/src/doe_simulation/install/doe_simulation/share/doe_simulation/gazebo/models/cube_auv/model.sdf
[0.169s] -- Up-to-date: /home/dorson/Documents/github/Doe/src/doe_simulation/install/doe_simulation/share/doe_simulation/gazebo/models/cube_auv/model.config
[0.169s] -- Up-to-date: /home/dorson/Documents/github/Doe/src/doe_simulation/install/doe_simulation/share/doe_simulation/gazebo/models/cube_auv/model.urdf
[0.169s] -- Up-to-date: /home/dorson/Documents/github/Doe/src/doe_simulation/install/doe_simulation/share/ament_index/resource_index/package_run_dependencies/doe_simulation
[0.169s] -- Up-to-date: /home/dorson/Documents/github/Doe/src/doe_simulation/install/doe_simulation/share/ament_index/resource_index/parent_prefix_path/doe_simulation
[0.169s] -- Up-to-date: /home/dorson/Documents/github/Doe/src/doe_simulation/install/doe_simulation/share/doe_simulation/environment/ament_prefix_path.sh
[0.169s] -- Up-to-date: /home/dorson/Documents/github/Doe/src/doe_simulation/install/doe_simulation/share/doe_simulation/environment/ament_prefix_path.dsv
[0.169s] -- Up-to-date: /home/dorson/Documents/github/Doe/src/doe_simulation/install/doe_simulation/share/doe_simulation/environment/path.sh
[0.169s] -- Up-to-date: /home/dorson/Documents/github/Doe/src/doe_simulation/install/doe_simulation/share/doe_simulation/environment/path.dsv
[0.170s] -- Up-to-date: /home/dorson/Documents/github/Doe/src/doe_simulation/install/doe_simulation/share/doe_simulation/local_setup.bash
[0.170s] -- Up-to-date: /home/dorson/Documents/github/Doe/src/doe_simulation/install/doe_simulation/share/doe_simulation/local_setup.sh
[0.170s] -- Up-to-date: /home/dorson/Documents/github/Doe/src/doe_simulation/install/doe_simulation/share/doe_simulation/local_setup.zsh
[0.170s] -- Up-to-date: /home/dorson/Documents/github/Doe/src/doe_simulation/install/doe_simulation/share/doe_simulation/local_setup.dsv
[0.170s] -- Installing: /home/dorson/Documents/github/Doe/src/doe_simulation/install/doe_simulation/share/doe_simulation/package.dsv
[0.170s] -- Up-to-date: /home/dorson/Documents/github/Doe/src/doe_simulation/install/doe_simulation/share/ament_index/resource_index/packages/doe_simulation
[0.170s] -- Up-to-date: /home/dorson/Documents/github/Doe/src/doe_simulation/install/doe_simulation/share/doe_simulation/cmake/ament_cmake_export_libraries-extras.cmake
[0.170s] -- Up-to-date: /home/dorson/Documents/github/Doe/src/doe_simulation/install/doe_simulation/share/doe_simulation/cmake/doe_simulationConfig.cmake
[0.170s] -- Up-to-date: /home/dorson/Documents/github/Doe/src/doe_simulation/install/doe_simulation/share/doe_simulation/cmake/doe_simulationConfig-version.cmake
[0.170s] -- Up-to-date: /home/dorson/Documents/github/Doe/src/doe_simulation/install/doe_simulation/share/doe_simulation/package.xml
[0.171s] Invoked command in '/home/dorson/Documents/github/Doe/src/doe_simulation/build/doe_simulation' returned '0': CMAKE_PREFIX_PATH=${CMAKE_PREFIX_PATH}:/opt/ros/jazzy DEBUGINFOD_URLS=https://debuginfod.ubuntu.com /usr/bin/cmake --install /home/dorson/Documents/github/Doe/src/doe_simulation/build/doe_simulation
