[0.118s] DEBUG:colcon:Command line arguments: ['/usr/bin/colcon', 'build']
[0.118s] DEBUG:colcon:Parsed command line arguments: Namespace(log_base=None, log_level=None, verb_name='build', build_base='build', install_base='install', merge_install=False, symlink_install=False, test_result_base=None, continue_on_error=False, executor='parallel', parallel_workers=20, event_handlers=None, ignore_user_meta=False, metas=['./colcon.meta'], base_paths=['.'], packages_ignore=None, packages_ignore_regex=None, paths=None, packages_up_to=None, packages_up_to_regex=None, packages_above=None, packages_above_and_dependencies=None, packages_above_depth=None, packages_select_by_dep=None, packages_skip_by_dep=None, packages_skip_up_to=None, packages_select_build_failed=False, packages_skip_build_finished=False, packages_select_test_failures=False, packages_skip_test_passed=False, packages_select=None, packages_skip=None, packages_select_regex=None, packages_skip_regex=None, packages_start=None, packages_end=None, allow_overriding=[], cmake_args=None, cmake_target=None, cmake_target_skip_unavailable=False, cmake_clean_cache=False, cmake_clean_first=False, cmake_force_configure=False, ament_cmake_args=None, catkin_cmake_args=None, catkin_skip_building_tests=False, mixin_files=None, mixin=None, verb_parser=<colcon_mixin.mixin.mixin_argument.MixinArgumentDecorator object at 0x73ccd9e29370>, verb_extension=<colcon_core.verb.build.BuildVerb object at 0x73ccd9551eb0>, main=<bound method BuildVerb.main of <colcon_core.verb.build.BuildVerb object at 0x73ccd9551eb0>>, mixin_verb=('build',))
[0.146s] Level 1:colcon.colcon_core.package_discovery:discover_packages(colcon_meta) check parameters
[0.146s] Level 1:colcon.colcon_core.package_discovery:discover_packages(recursive) check parameters
[0.146s] Level 1:colcon.colcon_core.package_discovery:discover_packages(ignore) check parameters
[0.146s] Level 1:colcon.colcon_core.package_discovery:discover_packages(path) check parameters
[0.146s] Level 1:colcon.colcon_core.package_discovery:discover_packages(colcon_meta) discover
[0.146s] Level 1:colcon.colcon_core.package_discovery:discover_packages(recursive) discover
[0.146s] INFO:colcon.colcon_core.package_discovery:Crawling recursively for packages in '/home/dorson/Documents/github/Doe/src/doe_simulation'
[0.146s] Level 1:colcon.colcon_core.package_identification:_identify(.) by extensions ['ignore', 'ignore_ament_install']
[0.146s] Level 1:colcon.colcon_core.package_identification:_identify(.) by extension 'ignore'
[0.146s] Level 1:colcon.colcon_core.package_identification:_identify(.) by extension 'ignore_ament_install'
[0.146s] Level 1:colcon.colcon_core.package_identification:_identify(.) by extensions ['colcon_pkg']
[0.146s] Level 1:colcon.colcon_core.package_identification:_identify(.) by extension 'colcon_pkg'
[0.146s] Level 1:colcon.colcon_core.package_identification:_identify(.) by extensions ['colcon_meta']
[0.146s] Level 1:colcon.colcon_core.package_identification:_identify(.) by extension 'colcon_meta'
[0.146s] Level 1:colcon.colcon_core.package_identification:_identify(.) by extensions ['ros']
[0.146s] Level 1:colcon.colcon_core.package_identification:_identify(.) by extension 'ros'
[0.170s] DEBUG:colcon.colcon_core.package_identification:Package '.' with type 'ros.ament_cmake' and name 'doe_simulation'
[0.170s] Level 1:colcon.colcon_core.package_discovery:discover_packages(recursive) using defaults
[0.170s] Level 1:colcon.colcon_core.package_discovery:discover_packages(ignore) discover
[0.170s] Level 1:colcon.colcon_core.package_discovery:discover_packages(ignore) using defaults
[0.170s] Level 1:colcon.colcon_core.package_discovery:discover_packages(path) discover
[0.170s] Level 1:colcon.colcon_core.package_discovery:discover_packages(path) using defaults
[0.184s] Level 1:colcon.colcon_core.package_discovery:discover_packages(prefix_path) check parameters
[0.184s] Level 1:colcon.colcon_core.package_discovery:discover_packages(prefix_path) discover
[0.187s] DEBUG:colcon.colcon_installed_package_information.package_discovery:Found 1 installed packages in /home/dorson/Documents/github/Doe/install
[0.188s] DEBUG:colcon.colcon_installed_package_information.package_discovery:Found 413 installed packages in /opt/ros/jazzy
[0.188s] Level 1:colcon.colcon_core.package_discovery:discover_packages(prefix_path) using defaults
[0.219s] Level 5:colcon.colcon_core.verb:set package 'doe_simulation' build argument 'cmake_args' from command line to 'None'
[0.219s] Level 5:colcon.colcon_core.verb:set package 'doe_simulation' build argument 'cmake_target' from command line to 'None'
[0.219s] Level 5:colcon.colcon_core.verb:set package 'doe_simulation' build argument 'cmake_target_skip_unavailable' from command line to 'False'
[0.219s] Level 5:colcon.colcon_core.verb:set package 'doe_simulation' build argument 'cmake_clean_cache' from command line to 'False'
[0.219s] Level 5:colcon.colcon_core.verb:set package 'doe_simulation' build argument 'cmake_clean_first' from command line to 'False'
[0.219s] Level 5:colcon.colcon_core.verb:set package 'doe_simulation' build argument 'cmake_force_configure' from command line to 'False'
[0.219s] Level 5:colcon.colcon_core.verb:set package 'doe_simulation' build argument 'ament_cmake_args' from command line to 'None'
[0.219s] Level 5:colcon.colcon_core.verb:set package 'doe_simulation' build argument 'catkin_cmake_args' from command line to 'None'
[0.219s] Level 5:colcon.colcon_core.verb:set package 'doe_simulation' build argument 'catkin_skip_building_tests' from command line to 'False'
[0.219s] DEBUG:colcon.colcon_core.verb:Building package 'doe_simulation' with the following arguments: {'ament_cmake_args': None, 'build_base': '/home/dorson/Documents/github/Doe/src/doe_simulation/build/doe_simulation', 'catkin_cmake_args': None, 'catkin_skip_building_tests': False, 'cmake_args': None, 'cmake_clean_cache': False, 'cmake_clean_first': False, 'cmake_force_configure': False, 'cmake_target': None, 'cmake_target_skip_unavailable': False, 'install_base': '/home/dorson/Documents/github/Doe/src/doe_simulation/install/doe_simulation', 'merge_install': False, 'path': '/home/dorson/Documents/github/Doe/src/doe_simulation', 'symlink_install': False, 'test_result_base': None}
[0.219s] INFO:colcon.colcon_core.executor:Executing jobs using 'parallel' executor
[0.220s] DEBUG:colcon.colcon_parallel_executor.executor.parallel:run_until_complete
[0.220s] INFO:colcon.colcon_ros.task.ament_cmake.build:Building ROS package in '/home/dorson/Documents/github/Doe/src/doe_simulation' with build type 'ament_cmake'
[0.220s] INFO:colcon.colcon_cmake.task.cmake.build:Building CMake package in '/home/dorson/Documents/github/Doe/src/doe_simulation'
[0.223s] INFO:colcon.colcon_core.plugin_system:Skipping extension 'colcon_core.shell.bat': Not used on non-Windows systems
[0.223s] INFO:colcon.colcon_core.shell:Skip shell extension 'powershell' for command environment: Not usable outside of PowerShell
[0.223s] DEBUG:colcon.colcon_core.shell:Skip shell extension 'dsv' for command environment
[0.233s] DEBUG:colcon.colcon_core.event_handler.log_command:Invoking command in '/home/dorson/Documents/github/Doe/src/doe_simulation/build/doe_simulation': CMAKE_PREFIX_PATH=${CMAKE_PREFIX_PATH}:/opt/ros/jazzy DEBUGINFOD_URLS=https://debuginfod.ubuntu.com /usr/bin/cmake --build /home/dorson/Documents/github/Doe/src/doe_simulation/build/doe_simulation -- -j20 -l20
[7.217s] DEBUG:colcon.colcon_core.event_handler.log_command:Invoked command in '/home/dorson/Documents/github/Doe/src/doe_simulation/build/doe_simulation' returned '0': CMAKE_PREFIX_PATH=${CMAKE_PREFIX_PATH}:/opt/ros/jazzy DEBUGINFOD_URLS=https://debuginfod.ubuntu.com /usr/bin/cmake --build /home/dorson/Documents/github/Doe/src/doe_simulation/build/doe_simulation -- -j20 -l20
[7.282s] DEBUG:colcon.colcon_core.event_handler.log_command:Invoking command in '/home/dorson/Documents/github/Doe/src/doe_simulation/build/doe_simulation': CMAKE_PREFIX_PATH=${CMAKE_PREFIX_PATH}:/opt/ros/jazzy DEBUGINFOD_URLS=https://debuginfod.ubuntu.com /usr/bin/cmake --install /home/dorson/Documents/github/Doe/src/doe_simulation/build/doe_simulation
[7.305s] Level 1:colcon.colcon_core.environment:create_environment_scripts_only(doe_simulation)
[7.306s] DEBUG:colcon.colcon_core.event_handler.log_command:Invoked command in '/home/dorson/Documents/github/Doe/src/doe_simulation/build/doe_simulation' returned '0': CMAKE_PREFIX_PATH=${CMAKE_PREFIX_PATH}:/opt/ros/jazzy DEBUGINFOD_URLS=https://debuginfod.ubuntu.com /usr/bin/cmake --install /home/dorson/Documents/github/Doe/src/doe_simulation/build/doe_simulation
[7.307s] Level 1:colcon.colcon_core.environment:checking '/home/dorson/Documents/github/Doe/src/doe_simulation/install/doe_simulation' for CMake module files
[7.308s] Level 1:colcon.colcon_core.environment:checking '/home/dorson/Documents/github/Doe/src/doe_simulation/install/doe_simulation' for CMake config files
[7.308s] Level 1:colcon.colcon_core.shell:create_environment_hook('doe_simulation', 'cmake_prefix_path')
[7.308s] INFO:colcon.colcon_core.shell:Creating environment hook '/home/dorson/Documents/github/Doe/src/doe_simulation/install/doe_simulation/share/doe_simulation/hook/cmake_prefix_path.ps1'
[7.309s] INFO:colcon.colcon_core.shell:Creating environment descriptor '/home/dorson/Documents/github/Doe/src/doe_simulation/install/doe_simulation/share/doe_simulation/hook/cmake_prefix_path.dsv'
[7.309s] INFO:colcon.colcon_core.shell:Creating environment hook '/home/dorson/Documents/github/Doe/src/doe_simulation/install/doe_simulation/share/doe_simulation/hook/cmake_prefix_path.sh'
[7.309s] Level 1:colcon.colcon_core.environment:checking '/home/dorson/Documents/github/Doe/src/doe_simulation/install/doe_simulation/lib'
[7.310s] Level 1:colcon.colcon_core.environment:checking '/home/dorson/Documents/github/Doe/src/doe_simulation/install/doe_simulation/bin'
[7.310s] Level 1:colcon.colcon_core.environment:checking '/home/dorson/Documents/github/Doe/src/doe_simulation/install/doe_simulation/lib/pkgconfig/doe_simulation.pc'
[7.310s] Level 1:colcon.colcon_core.environment:checking '/home/dorson/Documents/github/Doe/src/doe_simulation/install/doe_simulation/lib/python3.12/site-packages'
[7.310s] Level 1:colcon.colcon_core.environment:checking '/home/dorson/Documents/github/Doe/src/doe_simulation/install/doe_simulation/bin'
[7.310s] INFO:colcon.colcon_core.shell:Creating package script '/home/dorson/Documents/github/Doe/src/doe_simulation/install/doe_simulation/share/doe_simulation/package.ps1'
[7.311s] INFO:colcon.colcon_core.shell:Creating package descriptor '/home/dorson/Documents/github/Doe/src/doe_simulation/install/doe_simulation/share/doe_simulation/package.dsv'
[7.311s] INFO:colcon.colcon_core.shell:Creating package script '/home/dorson/Documents/github/Doe/src/doe_simulation/install/doe_simulation/share/doe_simulation/package.sh'
[7.311s] INFO:colcon.colcon_core.shell:Creating package script '/home/dorson/Documents/github/Doe/src/doe_simulation/install/doe_simulation/share/doe_simulation/package.bash'
[7.312s] INFO:colcon.colcon_core.shell:Creating package script '/home/dorson/Documents/github/Doe/src/doe_simulation/install/doe_simulation/share/doe_simulation/package.zsh'
[7.312s] Level 1:colcon.colcon_core.environment:create_file_with_runtime_dependencies(/home/dorson/Documents/github/Doe/src/doe_simulation/install/doe_simulation/share/colcon-core/packages/doe_simulation)
[7.350s] Level 1:colcon.colcon_core.environment:create_environment_scripts_only(doe_simulation)
[7.350s] Level 1:colcon.colcon_core.environment:checking '/home/dorson/Documents/github/Doe/src/doe_simulation/install/doe_simulation' for CMake module files
[7.350s] Level 1:colcon.colcon_core.environment:checking '/home/dorson/Documents/github/Doe/src/doe_simulation/install/doe_simulation' for CMake config files
[7.351s] Level 1:colcon.colcon_core.shell:create_environment_hook('doe_simulation', 'cmake_prefix_path')
[7.351s] INFO:colcon.colcon_core.shell:Creating environment hook '/home/dorson/Documents/github/Doe/src/doe_simulation/install/doe_simulation/share/doe_simulation/hook/cmake_prefix_path.ps1'
[7.351s] INFO:colcon.colcon_core.shell:Creating environment descriptor '/home/dorson/Documents/github/Doe/src/doe_simulation/install/doe_simulation/share/doe_simulation/hook/cmake_prefix_path.dsv'
[7.352s] INFO:colcon.colcon_core.shell:Creating environment hook '/home/dorson/Documents/github/Doe/src/doe_simulation/install/doe_simulation/share/doe_simulation/hook/cmake_prefix_path.sh'
[7.352s] Level 1:colcon.colcon_core.environment:checking '/home/dorson/Documents/github/Doe/src/doe_simulation/install/doe_simulation/lib'
[7.352s] Level 1:colcon.colcon_core.environment:checking '/home/dorson/Documents/github/Doe/src/doe_simulation/install/doe_simulation/bin'
[7.353s] Level 1:colcon.colcon_core.environment:checking '/home/dorson/Documents/github/Doe/src/doe_simulation/install/doe_simulation/lib/pkgconfig/doe_simulation.pc'
[7.353s] Level 1:colcon.colcon_core.environment:checking '/home/dorson/Documents/github/Doe/src/doe_simulation/install/doe_simulation/lib/python3.12/site-packages'
[7.353s] Level 1:colcon.colcon_core.environment:checking '/home/dorson/Documents/github/Doe/src/doe_simulation/install/doe_simulation/bin'
[7.353s] INFO:colcon.colcon_core.shell:Creating package script '/home/dorson/Documents/github/Doe/src/doe_simulation/install/doe_simulation/share/doe_simulation/package.ps1'
[7.354s] INFO:colcon.colcon_core.shell:Creating package descriptor '/home/dorson/Documents/github/Doe/src/doe_simulation/install/doe_simulation/share/doe_simulation/package.dsv'
[7.355s] INFO:colcon.colcon_core.shell:Creating package script '/home/dorson/Documents/github/Doe/src/doe_simulation/install/doe_simulation/share/doe_simulation/package.sh'
[7.355s] INFO:colcon.colcon_core.shell:Creating package script '/home/dorson/Documents/github/Doe/src/doe_simulation/install/doe_simulation/share/doe_simulation/package.bash'
[7.355s] INFO:colcon.colcon_core.shell:Creating package script '/home/dorson/Documents/github/Doe/src/doe_simulation/install/doe_simulation/share/doe_simulation/package.zsh'
[7.356s] Level 1:colcon.colcon_core.environment:create_file_with_runtime_dependencies(/home/dorson/Documents/github/Doe/src/doe_simulation/install/doe_simulation/share/colcon-core/packages/doe_simulation)
[7.356s] DEBUG:colcon.colcon_parallel_executor.executor.parallel:closing loop
[7.356s] DEBUG:colcon.colcon_parallel_executor.executor.parallel:loop closed
[7.356s] DEBUG:colcon.colcon_parallel_executor.executor.parallel:run_until_complete finished with '0'
[7.356s] DEBUG:colcon.colcon_core.event_reactor:joining thread
[7.367s] INFO:colcon.colcon_core.plugin_system:Skipping extension 'colcon_notification.desktop_notification.terminal_notifier': Not used on non-Darwin systems
[7.367s] INFO:colcon.colcon_core.plugin_system:Skipping extension 'colcon_notification.desktop_notification.win32': Not used on non-Windows systems
[7.367s] INFO:colcon.colcon_notification.desktop_notification:Sending desktop notification using 'notify2'
[7.388s] DEBUG:colcon.colcon_core.event_reactor:joined thread
[7.389s] INFO:colcon.colcon_core.shell:Creating prefix script '/home/dorson/Documents/github/Doe/src/doe_simulation/install/local_setup.ps1'
[7.389s] INFO:colcon.colcon_core.shell:Creating prefix util module '/home/dorson/Documents/github/Doe/src/doe_simulation/install/_local_setup_util_ps1.py'
[7.390s] INFO:colcon.colcon_core.shell:Creating prefix chain script '/home/dorson/Documents/github/Doe/src/doe_simulation/install/setup.ps1'
[7.391s] INFO:colcon.colcon_core.shell:Creating prefix script '/home/dorson/Documents/github/Doe/src/doe_simulation/install/local_setup.sh'
[7.391s] INFO:colcon.colcon_core.shell:Creating prefix util module '/home/dorson/Documents/github/Doe/src/doe_simulation/install/_local_setup_util_sh.py'
[7.392s] INFO:colcon.colcon_core.shell:Creating prefix chain script '/home/dorson/Documents/github/Doe/src/doe_simulation/install/setup.sh'
[7.392s] INFO:colcon.colcon_core.shell:Creating prefix script '/home/dorson/Documents/github/Doe/src/doe_simulation/install/local_setup.bash'
[7.393s] INFO:colcon.colcon_core.shell:Creating prefix chain script '/home/dorson/Documents/github/Doe/src/doe_simulation/install/setup.bash'
[7.393s] INFO:colcon.colcon_core.shell:Creating prefix script '/home/dorson/Documents/github/Doe/src/doe_simulation/install/local_setup.zsh'
[7.393s] INFO:colcon.colcon_core.shell:Creating prefix chain script '/home/dorson/Documents/github/Doe/src/doe_simulation/install/setup.zsh'
