[0.013s] Invoking command in '/home/dorson/Documents/github/Doe/src/doe_simulation/build/doe_simulation': CMAKE_PREFIX_PATH=${CMAKE_PREFIX_PATH}:/opt/ros/jazzy DEBUGINFOD_URLS=https://debuginfod.ubuntu.com /usr/bin/cmake --build /home/dorson/Documents/github/Doe/src/doe_simulation/build/doe_simulation -- -j20 -l20
[0.038s] -- Found ament_cmake: 2.5.2 (/opt/ros/jazzy/share/ament_cmake/cmake)
[0.223s] -- Found ros_gz: 1.0.7 (/opt/ros/jazzy/share/ros_gz/cmake)
[0.223s] -- Found rclcpp: 28.1.5 (/opt/ros/jazzy/share/rclcpp/cmake)
[0.243s] -- Found rosidl_generator_c: 4.6.4 (/opt/ros/jazzy/share/rosidl_generator_c/cmake)
[0.248s] -- Found rosidl_generator_cpp: 4.6.4 (/opt/ros/jazzy/share/rosidl_generator_cpp/cmake)
[0.256s] -- Using all available rosidl_typesupport_c: rosidl_typesupport_fastrtps_c;rosidl_typesupport_introspection_c
[0.265s] -- Using all available rosidl_typesupport_cpp: rosidl_typesupport_fastrtps_cpp;rosidl_typesupport_introspection_cpp
[0.308s] -- Found rmw_implementation_cmake: 7.3.1 (/opt/ros/jazzy/share/rmw_implementation_cmake/cmake)
[0.309s] -- Found rmw_fastrtps_cpp: 8.4.1 (/opt/ros/jazzy/share/rmw_fastrtps_cpp/cmake)
[0.372s] -- Using RMW implementation 'rmw_fastrtps_cpp' as default
[0.418s] -- Found rclcpp_components: 28.1.5 (/opt/ros/jazzy/share/rclcpp_components/cmake)
[0.440s] -- Found geometry_msgs: 5.3.5 (/opt/ros/jazzy/share/geometry_msgs/cmake)
[0.463s] -- Found sensor_msgs: 5.3.5 (/opt/ros/jazzy/share/sensor_msgs/cmake)
[0.481s] -- Found nav_msgs: 5.3.5 (/opt/ros/jazzy/share/nav_msgs/cmake)
[0.513s] -- gz-harmonic version 1.0.0
[0.513s] -- Operating system is Linux
[0.520s] -- Found CPack generators: DEB
[0.535s] [31mCMake Error at /opt/ros/jazzy/opt/gz_cmake_vendor/share/cmake/gz-cmake3/cmake3/GzPackaging.cmake:152 (add_custom_target):
[0.535s]   add_custom_target cannot create target "uninstall" because another target
[0.535s]   with the same name already exists.  The existing target is a custom target
[0.535s]   created in source directory
[0.535s]   "/home/dorson/Documents/github/Doe/src/doe_simulation".  See documentation
[0.535s]   for policy CMP0002 for more details.
[0.535s] Call Stack (most recent call first):
[0.535s]   /opt/ros/jazzy/opt/gz_cmake_vendor/share/cmake/gz-cmake3/cmake3/GzConfigureProject.cmake:193 (_gz_setup_packages)
[0.535s]   CMakeLists.txt:36 (gz_configure_project)
[0.535s] 
[0.535s] [0m
[0.535s] -- Looking for gz-plugin2 -- found version 2.0.3
[0.536s] -- Searching for dependencies of gz-plugin2
[0.537s] -- Looking for gz-utils2 -- found version 2.2.0
[0.537s] -- Searching for dependencies of gz-utils2
[0.538s] -- Searching for <gz-utils2> component [cli]
[0.539s] -- Looking for gz-utils2-cli -- found version 2.2.0
[0.539s] -- Searching for dependencies of gz-utils2-cli
[0.540s] -- Searching for <gz-plugin2> component [register]
[0.541s] -- Looking for gz-plugin2-register -- found version 2.0.3
[0.541s] -- Searching for dependencies of gz-plugin2-register
[0.542s] -- Looking for gz-plugin2 - found
[0.542s] 
[0.630s] [31mCMake Error at /opt/ros/jazzy/share/ament_cmake_core/cmake/core/ament_package_xml.cmake:53 (message):
[0.630s]   ament_package_xml() package name 'doe_simulation' in '/package.xml' does
[0.630s]   not match current PROJECT_NAME 'gz-harmonic'.  You must call project() with
[0.630s]   the same package name before.
[0.630s] Call Stack (most recent call first):
[0.630s]   /opt/ros/jazzy/share/ament_cmake_core/cmake/core/ament_package.cmake:63 (ament_package_xml)
[0.630s]   CMakeLists.txt:110 (ament_package)
[0.630s] 
[0.630s] [0m
[0.630s] -- Configuring incomplete, errors occurred!
[0.639s] gmake: *** [Makefile:267: cmake_check_build_system] Error 1
[0.641s] Invoked command in '/home/dorson/Documents/github/Doe/src/doe_simulation/build/doe_simulation' returned '2': CMAKE_PREFIX_PATH=${CMAKE_PREFIX_PATH}:/opt/ros/jazzy DEBUGINFOD_URLS=https://debuginfod.ubuntu.com /usr/bin/cmake --build /home/dorson/Documents/github/Doe/src/doe_simulation/build/doe_simulation -- -j20 -l20
