[0.009s] Invoking command in '/home/dorson/Documents/github/Doe/src/doe_simulation/build/doe_simulation': CMAKE_PREFIX_PATH=${CMAKE_PREFIX_PATH}:/opt/ros/jazzy DEBUGINFOD_URLS=https://debuginfod.ubuntu.com /usr/bin/cmake --build /home/dorson/Documents/github/Doe/src/doe_simulation/build/doe_simulation -- -j20 -l20
[0.035s] -- Found ament_cmake: 2.5.2 (/opt/ros/jazzy/share/ament_cmake/cmake)
[0.210s] -- Found ros_gz: 1.0.7 (/opt/ros/jazzy/share/ros_gz/cmake)
[0.210s] -- Found rclcpp: 28.1.5 (/opt/ros/jazzy/share/rclcpp/cmake)
[0.229s] -- Found rosidl_generator_c: 4.6.4 (/opt/ros/jazzy/share/rosidl_generator_c/cmake)
[0.235s] -- Found rosidl_generator_cpp: 4.6.4 (/opt/ros/jazzy/share/rosidl_generator_cpp/cmake)
[0.243s] -- Using all available rosidl_typesupport_c: rosidl_typesupport_fastrtps_c;rosidl_typesupport_introspection_c
[0.251s] -- Using all available rosidl_typesupport_cpp: rosidl_typesupport_fastrtps_cpp;rosidl_typesupport_introspection_cpp
[0.292s] -- Found rmw_implementation_cmake: 7.3.1 (/opt/ros/jazzy/share/rmw_implementation_cmake/cmake)
[0.293s] -- Found rmw_fastrtps_cpp: 8.4.1 (/opt/ros/jazzy/share/rmw_fastrtps_cpp/cmake)
[0.353s] -- Using RMW implementation 'rmw_fastrtps_cpp' as default
[0.398s] -- Found rclcpp_components: 28.1.5 (/opt/ros/jazzy/share/rclcpp_components/cmake)
[0.416s] -- Found geometry_msgs: 5.3.5 (/opt/ros/jazzy/share/geometry_msgs/cmake)
[0.438s] -- Found sensor_msgs: 5.3.5 (/opt/ros/jazzy/share/sensor_msgs/cmake)
[0.454s] -- Found nav_msgs: 5.3.5 (/opt/ros/jazzy/share/nav_msgs/cmake)
[0.476s] -- Looking for gz-plugin2 -- found version 2.0.3
[0.476s] -- Searching for dependencies of gz-plugin2
[0.476s] -- Looking for gz-utils2 -- found version 2.2.0
[0.476s] -- Searching for dependencies of gz-utils2
[0.477s] -- Searching for <gz-utils2> component [cli]
[0.477s] -- Looking for gz-utils2-cli -- found version 2.2.0
[0.477s] -- Searching for dependencies of gz-utils2-cli
[0.477s] -- Searching for <gz-plugin2> component [register]
[0.478s] -- Looking for gz-plugin2-register -- found version 2.0.3
[0.478s] -- Searching for dependencies of gz-plugin2-register
[0.478s] -- Looking for gz-plugin2 - found
[0.478s] 
[0.479s] -- Looking for gz-sim8 -- found version 8.7.0
[0.479s] -- Searching for dependencies of gz-sim8
[0.479s] -- Looking for sdformat14 -- found version 14.5.0
[0.479s] -- Searching for dependencies of sdformat14
[0.483s] -- Checking for module 'tinyxml2'
[0.494s] --   Found tinyxml2, version 10.0.0
[0.542s] -- Looking for gz-math7 -- found version 7.5.1
[0.542s] -- Searching for dependencies of gz-math7
[0.543s] -- Looking for gz-utils2 -- found version 2.2.0
[0.545s] -- Looking for gz-utils2 -- found version 2.2.0
[0.547s] -- Looking for gz-plugin2 -- found version 2.0.3
[0.548s] -- Searching for dependencies of gz-plugin2
[0.548s] -- Looking for gz-utils2 -- found version 2.2.0
[0.548s] -- Searching for <gz-plugin2> component [loader]
[0.549s] -- Looking for gz-plugin2-loader -- found version 2.0.3
[0.549s] -- Searching for dependencies of gz-plugin2-loader
[0.550s] -- Searching for <gz-plugin2> component [register]
[0.551s] -- Looking for gz-transport13 -- found version 13.4.0
[0.551s] -- Searching for dependencies of gz-transport13
[0.581s] -- Config-file not installed for ZeroMQ -- checking for pkg-config
[0.587s] -- Checking for module 'libzmq >= 4'
[0.613s] --   Found libzmq, version 4.3.5
[0.695s] -- Checking for module 'uuid'
[0.718s] --   Found uuid, version 2.39.3
[0.770s] -- Looking for gz-utils2 -- found version 2.2.0
[0.771s] -- Looking for gz-msgs10 -- found version 10.3.1
[0.771s] -- Searching for dependencies of gz-msgs10
[0.798s] -- Looking for gz-utils2 -- found version 2.2.0
[0.798s] -- Looking for gz-math7 -- found version 7.5.1
[0.940s] -- Searching for <gz-transport13> component [log]
[0.940s] -- Looking for gz-transport13-log -- found version 13.4.0
[0.940s] -- Searching for dependencies of gz-transport13-log
[0.940s] -- Searching for <gz-transport13> component [parameters]
[0.940s] -- Looking for gz-transport13-parameters -- found version 13.4.0
[0.941s] -- Searching for dependencies of gz-transport13-parameters
[0.942s] -- Looking for gz-msgs10 -- found version 10.3.1
[0.942s] -- Looking for gz-common5 -- found version 5.7.0
[0.942s] -- Searching for dependencies of gz-common5
[0.942s] -- Looking for gz-utils2 -- found version 2.2.0
[0.942s] -- Looking for dlfcn.h - found
[0.942s] -- Looking for libdl - found
[0.949s] -- Searching for <gz-common5> component [av]
[0.949s] -- Looking for gz-common5-av -- found version 5.7.0
[0.949s] -- Searching for dependencies of gz-common5-av
[0.954s] -- Checking for module 'libswscale'
[0.982s] --   Found libswscale, version 7.5.100
[1.055s] -- Checking for module 'libavdevice >= 56.4.100'
[1.081s] --   Found libavdevice, version 60.3.100
[1.171s] -- Checking for module 'libavformat'
[1.197s] --   Found libavformat, version 60.16.100
[1.272s] -- Checking for module 'libavcodec'
[1.297s] --   Found libavcodec, version 60.31.102
[1.369s] -- Checking for module 'libavutil'
[1.394s] --   Found libavutil, version 58.29.100
[1.458s] -- Searching for <gz-common5> component [events]
[1.458s] -- Looking for gz-common5-events -- found version 5.7.0
[1.458s] -- Searching for dependencies of gz-common5-events
[1.459s] -- Looking for gz-math7 -- found version 7.5.1
[1.460s] -- Searching for <gz-common5> component [graphics]
[1.461s] -- Looking for gz-common5-graphics -- found version 5.7.0
[1.461s] -- Searching for dependencies of gz-common5-graphics
[1.462s] -- Looking for gz-math7 -- found version 7.5.1
[1.466s] -- Searching for <gz-common5> component [io]
[1.467s] -- Looking for gz-common5-io -- found version 5.7.0
[1.467s] -- Searching for dependencies of gz-common5-io
[1.468s] -- Searching for <gz-common5> component [profiler]
[1.468s] -- Looking for gz-common5-profiler -- found version 5.7.0
[1.469s] -- Searching for dependencies of gz-common5-profiler
[1.470s] -- Looking for gz-fuel_tools9 -- found version 9.1.0
[1.470s] -- Searching for dependencies of gz-fuel_tools9
[1.527s] -- Checking for module 'jsoncpp'
[1.554s] --   Found jsoncpp, version 1.9.5
[1.643s] -- Checking for module 'yaml-0.1'
[1.662s] --   Found yaml-0.1, version 0.2.5
[1.732s] -- Checking for module 'libzip'
[1.758s] --   Found libzip, version 1.7.3
[1.820s] -- Looking for gz-utils2 -- found version 2.2.0
[1.821s] -- Looking for gz-common5 -- found version 5.7.0
[1.821s] -- Searching for dependencies of gz-common5
[1.822s] -- Looking for gz-utils2 -- found version 2.2.0
[1.822s] -- Looking for dlfcn.h - found
[1.822s] -- Looking for libdl - found
[1.830s] -- Searching for <gz-common5> component [testing]
[1.831s] -- Looking for gz-common5-testing -- found version 5.7.0
[1.831s] -- Searching for dependencies of gz-common5-testing
[1.832s] -- Looking for gz-math7 -- found version 7.5.1
[1.832s] -- Looking for gz-msgs10 -- found version 10.3.1
[1.832s] -- Looking for gz-gui8 -- found version 8.3.0
[1.833s] -- Searching for dependencies of gz-gui8
[1.859s] -- Looking for gz-utils2 -- found version 2.2.0
[1.859s] -- Looking for gz-math7 -- found version 7.5.1
[1.860s] -- Looking for gz-common5 -- found version 5.7.0
[1.860s] -- Looking for gz-plugin2 -- found version 2.0.3
[1.861s] -- Looking for gz-transport13 -- found version 13.4.0
[1.862s] -- Looking for gz-rendering8 -- found version 8.2.1
[1.862s] -- Searching for dependencies of gz-rendering8
[1.863s] -- Looking for gz-math7 -- found version 7.5.1
[1.863s] -- Searching for dependencies of gz-math7
[1.863s] -- Looking for gz-utils2 -- found version 2.2.0
[1.864s] -- Searching for <gz-math7> component [eigen3]
[1.864s] -- Looking for gz-math7-eigen3 -- found version 7.5.1
[1.864s] -- Searching for dependencies of gz-math7-eigen3
[1.867s] -- Looking for gz-common5 -- found version 5.7.0
[1.867s] -- Searching for dependencies of gz-common5
[1.868s] -- Looking for gz-utils2 -- found version 2.2.0
[1.868s] -- Looking for dlfcn.h - found
[1.868s] -- Looking for libdl - found
[1.880s] -- Searching for <gz-common5> component [graphics]
[1.880s] -- Searching for <gz-common5> component [events]
[1.880s] -- Searching for <gz-common5> component [geospatial]
[1.881s] -- Looking for gz-common5-geospatial -- found version 5.7.0
[1.881s] -- Searching for dependencies of gz-common5-geospatial
[1.881s] -- Looking for gz-math7 -- found version 7.5.1
[1.882s] -- Looking for gz-common5 -- found version 5.7.0
[1.883s] -- Looking for gz-plugin2 -- found version 2.0.3
[1.883s] -- Searching for dependencies of gz-plugin2
[1.883s] -- Looking for gz-utils2 -- found version 2.2.0
[1.883s] -- Searching for <gz-plugin2> component [all]
[1.884s] -- Looking for all libraries of gz-plugin2 -- found version 2.0.3
[1.884s] -- Looking for gz-plugin2 -- found version 2.0.3
[1.885s] -- Looking for gz-utils2 -- found version 2.2.0
[1.887s] -- Looking for gz-msgs10 -- found version 10.3.1
[1.898s] -- Looking for gz-physics7 -- found version 7.4.0
[1.898s] -- Searching for dependencies of gz-physics7
[1.898s] -- Looking for gz-common5 -- found version 5.7.0
[1.898s] -- Looking for gz-math7 -- found version 7.5.1
[1.899s] -- Looking for gz-plugin2 -- found version 2.0.3
[1.899s] -- Looking for gz-utils2 -- found version 2.2.0
[1.900s] -- Searching for <gz-physics7> component [heightmap]
[1.900s] -- Looking for gz-physics7-heightmap -- found version 7.4.0
[1.900s] -- Searching for dependencies of gz-physics7-heightmap
[1.900s] -- Looking for gz-common5 -- found version 5.7.0
[1.901s] -- Searching for <gz-physics7> component [mesh]
[1.901s] -- Looking for gz-physics7-mesh -- found version 7.4.0
[1.901s] -- Searching for dependencies of gz-physics7-mesh
[1.901s] -- Looking for gz-common5 -- found version 5.7.0
[1.901s] -- Searching for <gz-physics7> component [sdf]
[1.902s] -- Looking for gz-physics7-sdf -- found version 7.4.0
[1.902s] -- Searching for dependencies of gz-physics7-sdf
[1.902s] -- Looking for sdformat14 -- found version 14.5.0
[1.903s] -- Looking for gz-sensors8 -- found version 8.2.1
[1.903s] -- Searching for dependencies of gz-sensors8
[1.918s] -- Looking for gz-math7 -- found version 7.5.1
[1.918s] -- Looking for gz-common5 -- found version 5.7.0
[1.919s] -- Looking for gz-transport13 -- found version 13.4.0
[1.919s] -- Looking for gz-rendering8 -- found version 8.2.1
[1.919s] -- Looking for gz-msgs10 -- found version 10.3.1
[1.919s] -- Looking for sdformat14 -- found version 14.5.0
[1.920s] -- Searching for <gz-sensors8> component [air_pressure]
[1.920s] -- Looking for gz-sensors8-air_pressure -- found version 8.2.1
[1.920s] -- Searching for dependencies of gz-sensors8-air_pressure
[1.921s] -- Searching for <gz-sensors8> component [air_speed]
[1.921s] -- Looking for gz-sensors8-air_speed -- found version 8.2.1
[1.921s] -- Searching for dependencies of gz-sensors8-air_speed
[1.921s] -- Searching for <gz-sensors8> component [altimeter]
[1.922s] -- Looking for gz-sensors8-altimeter -- found version 8.2.1
[1.922s] -- Searching for dependencies of gz-sensors8-altimeter
[1.922s] -- Searching for <gz-sensors8> component [imu]
[1.922s] -- Looking for gz-sensors8-imu -- found version 8.2.1
[1.922s] -- Searching for dependencies of gz-sensors8-imu
[1.923s] -- Searching for <gz-sensors8> component [force_torque]
[1.923s] -- Looking for gz-sensors8-force_torque -- found version 8.2.1
[1.923s] -- Searching for dependencies of gz-sensors8-force_torque
[1.924s] -- Searching for <gz-sensors8> component [logical_camera]
[1.924s] -- Looking for gz-sensors8-logical_camera -- found version 8.2.1
[1.924s] -- Searching for dependencies of gz-sensors8-logical_camera
[1.924s] -- Searching for <gz-sensors8> component [magnetometer]
[1.924s] -- Looking for gz-sensors8-magnetometer -- found version 8.2.1
[1.924s] -- Searching for dependencies of gz-sensors8-magnetometer
[1.925s] -- Searching for <gz-sensors8> component [navsat]
[1.925s] -- Looking for gz-sensors8-navsat -- found version 8.2.1
[1.925s] -- Searching for dependencies of gz-sensors8-navsat
[1.925s] -- Searching for <gz-sensors8> component [dvl]
[1.926s] -- Looking for gz-sensors8-dvl -- found version 8.2.1
[1.926s] -- Searching for dependencies of gz-sensors8-dvl
[1.926s] -- Looking for gz-sensors8 -- found version 8.2.1
[1.926s] -- Searching for dependencies of gz-sensors8
[1.941s] -- Looking for gz-math7 -- found version 7.5.1
[1.941s] -- Looking for gz-common5 -- found version 5.7.0
[1.941s] -- Looking for gz-transport13 -- found version 13.4.0
[1.941s] -- Looking for gz-rendering8 -- found version 8.2.1
[1.942s] -- Looking for gz-msgs10 -- found version 10.3.1
[1.942s] -- Looking for sdformat14 -- found version 14.5.0
[1.942s] -- Searching for <gz-sensors8> component [rendering]
[1.942s] -- Looking for gz-sensors8-rendering -- found version 8.2.1
[1.942s] -- Searching for dependencies of gz-sensors8-rendering
[1.943s] -- Searching for <gz-sensors8> component [rendering]
[1.943s] -- Searching for <gz-sensors8> component [lidar]
[1.943s] -- Looking for gz-sensors8-lidar -- found version 8.2.1
[1.943s] -- Searching for dependencies of gz-sensors8-lidar
[1.944s] -- Looking for gz-sensors8 -- found version 8.2.1
[1.944s] -- Searching for <gz-sensors8> component [gpu_lidar]
[1.944s] -- Looking for gz-sensors8-gpu_lidar -- found version 8.2.1
[1.944s] -- Searching for dependencies of gz-sensors8-gpu_lidar
[1.945s] -- Looking for gz-sensors8 -- found version 8.2.1
[1.945s] -- Searching for <gz-sensors8> component [camera]
[1.945s] -- Looking for gz-sensors8-camera -- found version 8.2.1
[1.945s] -- Searching for dependencies of gz-sensors8-camera
[1.946s] -- Looking for gz-sensors8 -- found version 8.2.1
[1.946s] -- Searching for <gz-sensors8> component [boundingbox_camera]
[1.946s] -- Looking for gz-sensors8-boundingbox_camera -- found version 8.2.1
[1.946s] -- Searching for dependencies of gz-sensors8-boundingbox_camera
[1.947s] -- Searching for <gz-sensors8> component [segmentation_camera]
[1.947s] -- Looking for gz-sensors8-segmentation_camera -- found version 8.2.1
[1.947s] -- Searching for dependencies of gz-sensors8-segmentation_camera
[1.947s] -- Searching for <gz-sensors8> component [depth_camera]
[1.948s] -- Looking for gz-sensors8-depth_camera -- found version 8.2.1
[1.948s] -- Searching for dependencies of gz-sensors8-depth_camera
[1.948s] -- Looking for gz-sensors8 -- found version 8.2.1
[1.948s] -- Searching for <gz-sensors8> component [rgbd_camera]
[1.949s] -- Looking for gz-sensors8-rgbd_camera -- found version 8.2.1
[1.949s] -- Searching for dependencies of gz-sensors8-rgbd_camera
[1.949s] -- Looking for gz-sensors8 -- found version 8.2.1
[1.949s] -- Searching for <gz-sensors8> component [thermal_camera]
[1.950s] -- Looking for gz-sensors8-thermal_camera -- found version 8.2.1
[1.950s] -- Searching for dependencies of gz-sensors8-thermal_camera
[1.950s] -- Looking for gz-sensors8 -- found version 8.2.1
[1.950s] -- Searching for <gz-sensors8> component [wide_angle_camera]
[1.951s] -- Looking for gz-sensors8-wide_angle_camera -- found version 8.2.1
[1.951s] -- Searching for dependencies of gz-sensors8-wide_angle_camera
[1.951s] -- Looking for gz-rendering8 -- found version 8.2.1
[1.952s] -- Looking for gz-math7 -- found version 7.5.1
[1.952s] -- Looking for gz-utils2 -- found version 2.2.0
[1.967s] -- Looking for gz-sim8 - found
[1.967s] 
[2.048s] -- Configuring done (2.0s)
[2.100s] -- Generating done (0.0s)
[2.102s] -- Build files have been written to: /home/dorson/Documents/github/Doe/src/doe_simulation/build/doe_simulation
[2.154s] [100%] Built target thruster_driver_plugin
[2.162s] Invoked command in '/home/dorson/Documents/github/Doe/src/doe_simulation/build/doe_simulation' returned '0': CMAKE_PREFIX_PATH=${CMAKE_PREFIX_PATH}:/opt/ros/jazzy DEBUGINFOD_URLS=https://debuginfod.ubuntu.com /usr/bin/cmake --build /home/dorson/Documents/github/Doe/src/doe_simulation/build/doe_simulation -- -j20 -l20
[2.218s] Invoking command in '/home/dorson/Documents/github/Doe/src/doe_simulation/build/doe_simulation': CMAKE_PREFIX_PATH=${CMAKE_PREFIX_PATH}:/opt/ros/jazzy DEBUGINFOD_URLS=https://debuginfod.ubuntu.com /usr/bin/cmake --install /home/dorson/Documents/github/Doe/src/doe_simulation/build/doe_simulation
[2.230s] -- Install configuration: ""
[2.230s] -- Up-to-date: /home/dorson/Documents/github/Doe/src/doe_simulation/install/doe_simulation/share/doe_simulation/environment/library_path.sh
[2.231s] -- Up-to-date: /home/dorson/Documents/github/Doe/src/doe_simulation/install/doe_simulation/share/doe_simulation/environment/library_path.dsv
[2.231s] -- Up-to-date: /home/dorson/Documents/github/Doe/src/doe_simulation/install/doe_simulation/lib/doe_simulation/libthruster_driver_plugin.so
[2.231s] -- Up-to-date: /home/dorson/Documents/github/Doe/src/doe_simulation/install/doe_simulation/share/doe_simulation//launch
[2.231s] -- Up-to-date: /home/dorson/Documents/github/Doe/src/doe_simulation/install/doe_simulation/share/doe_simulation//launch/gazebo_launch.py
[2.231s] -- Up-to-date: /home/dorson/Documents/github/Doe/src/doe_simulation/install/doe_simulation/share/doe_simulation/gazebo/worlds
[2.231s] -- Up-to-date: /home/dorson/Documents/github/Doe/src/doe_simulation/install/doe_simulation/share/doe_simulation/gazebo/worlds/cube.world
[2.231s] -- Up-to-date: /home/dorson/Documents/github/Doe/src/doe_simulation/install/doe_simulation/share/doe_simulation/gazebo/worlds/competition.world
[2.231s] -- Up-to-date: /home/dorson/Documents/github/Doe/src/doe_simulation/install/doe_simulation/share/doe_simulation/gazebo/worlds/thruster_test.world
[2.231s] -- Up-to-date: /home/dorson/Documents/github/Doe/src/doe_simulation/install/doe_simulation/share/doe_simulation/gazebo/models
[2.231s] -- Up-to-date: /home/dorson/Documents/github/Doe/src/doe_simulation/install/doe_simulation/share/doe_simulation/gazebo/models/gate
[2.231s] -- Up-to-date: /home/dorson/Documents/github/Doe/src/doe_simulation/install/doe_simulation/share/doe_simulation/gazebo/models/gate/model.sdf
[2.231s] -- Up-to-date: /home/dorson/Documents/github/Doe/src/doe_simulation/install/doe_simulation/share/doe_simulation/gazebo/models/gate/model.config
[2.231s] -- Up-to-date: /home/dorson/Documents/github/Doe/src/doe_simulation/install/doe_simulation/share/doe_simulation/gazebo/models/gate/meshes
[2.231s] -- Up-to-date: /home/dorson/Documents/github/Doe/src/doe_simulation/install/doe_simulation/share/doe_simulation/gazebo/models/gate/meshes/horCylinderRed.dae
[2.231s] -- Up-to-date: /home/dorson/Documents/github/Doe/src/doe_simulation/install/doe_simulation/share/doe_simulation/gazebo/models/gate/meshes/vertCylinder.dae
[2.231s] -- Up-to-date: /home/dorson/Documents/github/Doe/src/doe_simulation/install/doe_simulation/share/doe_simulation/gazebo/models/gate/meshes/horCylinderBlack.dae
[2.231s] -- Up-to-date: /home/dorson/Documents/github/Doe/src/doe_simulation/install/doe_simulation/share/doe_simulation/gazebo/models/gate/meshes/centrePanel.dae
[2.231s] -- Up-to-date: /home/dorson/Documents/github/Doe/src/doe_simulation/install/doe_simulation/share/doe_simulation/gazebo/models/gate/meshes/banner.dae
[2.231s] -- Up-to-date: /home/dorson/Documents/github/Doe/src/doe_simulation/install/doe_simulation/share/doe_simulation/gazebo/models/triton_auv
[2.231s] -- Up-to-date: /home/dorson/Documents/github/Doe/src/doe_simulation/install/doe_simulation/share/doe_simulation/gazebo/models/triton_auv/model.sdf
[2.232s] -- Up-to-date: /home/dorson/Documents/github/Doe/src/doe_simulation/install/doe_simulation/share/doe_simulation/gazebo/models/triton_auv/model.config
[2.232s] -- Up-to-date: /home/dorson/Documents/github/Doe/src/doe_simulation/install/doe_simulation/share/doe_simulation/gazebo/models/triton_frame
[2.232s] -- Up-to-date: /home/dorson/Documents/github/Doe/src/doe_simulation/install/doe_simulation/share/doe_simulation/gazebo/models/triton_frame/model.sdf
[2.232s] -- Up-to-date: /home/dorson/Documents/github/Doe/src/doe_simulation/install/doe_simulation/share/doe_simulation/gazebo/models/triton_frame/model.config
[2.232s] -- Up-to-date: /home/dorson/Documents/github/Doe/src/doe_simulation/install/doe_simulation/share/doe_simulation/gazebo/models/triton_frame/meshes
[2.232s] -- Up-to-date: /home/dorson/Documents/github/Doe/src/doe_simulation/install/doe_simulation/share/doe_simulation/gazebo/models/triton_frame/meshes/triton_frame.STL
[2.232s] -- Up-to-date: /home/dorson/Documents/github/Doe/src/doe_simulation/install/doe_simulation/share/doe_simulation/gazebo/models/triton_frame/meshes/triton_frame.dae
[2.232s] -- Up-to-date: /home/dorson/Documents/github/Doe/src/doe_simulation/install/doe_simulation/share/doe_simulation/gazebo/models/steelhead.sdf
[2.233s] -- Up-to-date: /home/dorson/Documents/github/Doe/src/doe_simulation/install/doe_simulation/share/doe_simulation/gazebo/models/cube_thruster
[2.233s] -- Up-to-date: /home/dorson/Documents/github/Doe/src/doe_simulation/install/doe_simulation/share/doe_simulation/gazebo/models/cube_thruster/model.sdf
[2.233s] -- Up-to-date: /home/dorson/Documents/github/Doe/src/doe_simulation/install/doe_simulation/share/doe_simulation/gazebo/models/cube_thruster/model.config
[2.233s] -- Up-to-date: /home/dorson/Documents/github/Doe/src/doe_simulation/install/doe_simulation/share/doe_simulation/gazebo/models/triton_thruster
[2.233s] -- Up-to-date: /home/dorson/Documents/github/Doe/src/doe_simulation/install/doe_simulation/share/doe_simulation/gazebo/models/triton_thruster/model.sdf
[2.233s] -- Up-to-date: /home/dorson/Documents/github/Doe/src/doe_simulation/install/doe_simulation/share/doe_simulation/gazebo/models/triton_thruster/model.config
[2.233s] -- Up-to-date: /home/dorson/Documents/github/Doe/src/doe_simulation/install/doe_simulation/share/doe_simulation/gazebo/models/triton_thruster/meshes
[2.233s] -- Up-to-date: /home/dorson/Documents/github/Doe/src/doe_simulation/install/doe_simulation/share/doe_simulation/gazebo/models/triton_thruster/meshes/triton_thruster.dae
[2.233s] -- Up-to-date: /home/dorson/Documents/github/Doe/src/doe_simulation/install/doe_simulation/share/doe_simulation/gazebo/models/triton_thruster/meshes/triton_thruster.STL
[2.233s] -- Up-to-date: /home/dorson/Documents/github/Doe/src/doe_simulation/install/doe_simulation/share/doe_simulation/gazebo/models/cube_auv
[2.233s] -- Up-to-date: /home/dorson/Documents/github/Doe/src/doe_simulation/install/doe_simulation/share/doe_simulation/gazebo/models/cube_auv/model.sdf
[2.233s] -- Up-to-date: /home/dorson/Documents/github/Doe/src/doe_simulation/install/doe_simulation/share/doe_simulation/gazebo/models/cube_auv/model.config
[2.233s] -- Up-to-date: /home/dorson/Documents/github/Doe/src/doe_simulation/install/doe_simulation/share/doe_simulation/gazebo/models/cube_auv/model.urdf
[2.233s] -- Up-to-date: /home/dorson/Documents/github/Doe/src/doe_simulation/install/doe_simulation/share/ament_index/resource_index/package_run_dependencies/doe_simulation
[2.233s] -- Up-to-date: /home/dorson/Documents/github/Doe/src/doe_simulation/install/doe_simulation/share/ament_index/resource_index/parent_prefix_path/doe_simulation
[2.233s] -- Up-to-date: /home/dorson/Documents/github/Doe/src/doe_simulation/install/doe_simulation/share/doe_simulation/environment/ament_prefix_path.sh
[2.233s] -- Up-to-date: /home/dorson/Documents/github/Doe/src/doe_simulation/install/doe_simulation/share/doe_simulation/environment/ament_prefix_path.dsv
[2.233s] -- Up-to-date: /home/dorson/Documents/github/Doe/src/doe_simulation/install/doe_simulation/share/doe_simulation/environment/path.sh
[2.233s] -- Up-to-date: /home/dorson/Documents/github/Doe/src/doe_simulation/install/doe_simulation/share/doe_simulation/environment/path.dsv
[2.233s] -- Up-to-date: /home/dorson/Documents/github/Doe/src/doe_simulation/install/doe_simulation/share/doe_simulation/local_setup.bash
[2.233s] -- Up-to-date: /home/dorson/Documents/github/Doe/src/doe_simulation/install/doe_simulation/share/doe_simulation/local_setup.sh
[2.234s] -- Up-to-date: /home/dorson/Documents/github/Doe/src/doe_simulation/install/doe_simulation/share/doe_simulation/local_setup.zsh
[2.234s] -- Up-to-date: /home/dorson/Documents/github/Doe/src/doe_simulation/install/doe_simulation/share/doe_simulation/local_setup.dsv
[2.234s] -- Installing: /home/dorson/Documents/github/Doe/src/doe_simulation/install/doe_simulation/share/doe_simulation/package.dsv
[2.234s] -- Up-to-date: /home/dorson/Documents/github/Doe/src/doe_simulation/install/doe_simulation/share/ament_index/resource_index/packages/doe_simulation
[2.234s] -- Up-to-date: /home/dorson/Documents/github/Doe/src/doe_simulation/install/doe_simulation/share/doe_simulation/cmake/ament_cmake_export_libraries-extras.cmake
[2.234s] -- Up-to-date: /home/dorson/Documents/github/Doe/src/doe_simulation/install/doe_simulation/share/doe_simulation/cmake/doe_simulationConfig.cmake
[2.234s] -- Up-to-date: /home/dorson/Documents/github/Doe/src/doe_simulation/install/doe_simulation/share/doe_simulation/cmake/doe_simulationConfig-version.cmake
[2.234s] -- Up-to-date: /home/dorson/Documents/github/Doe/src/doe_simulation/install/doe_simulation/share/doe_simulation/package.xml
[2.234s] Invoked command in '/home/dorson/Documents/github/Doe/src/doe_simulation/build/doe_simulation' returned '0': CMAKE_PREFIX_PATH=${CMAKE_PREFIX_PATH}:/opt/ros/jazzy DEBUGINFOD_URLS=https://debuginfod.ubuntu.com /usr/bin/cmake --install /home/dorson/Documents/github/Doe/src/doe_simulation/build/doe_simulation
