[0.011s] Invoking command in '/home/dorson/Documents/github/Doe/src/doe_control/build/doe_control': CMAKE_PREFIX_PATH=${CMAKE_PREFIX_PATH}:/opt/ros/jazzy DEBUGINFOD_URLS=https://debuginfod.ubuntu.com /usr/bin/cmake --build /home/dorson/Documents/github/Doe/src/doe_control/build/doe_control -- -j20 -l20
[0.071s] -- Found ament_cmake: 2.5.2 (/opt/ros/jazzy/share/ament_cmake/cmake)
[0.263s] -- Found rclcpp: 28.1.5 (/opt/ros/jazzy/share/rclcpp/cmake)
[0.289s] -- Found rosidl_generator_c: 4.6.4 (/opt/ros/jazzy/share/rosidl_generator_c/cmake)
[0.297s] -- Found rosidl_generator_cpp: 4.6.4 (/opt/ros/jazzy/share/rosidl_generator_cpp/cmake)
[0.306s] -- Using all available rosidl_typesupport_c: rosidl_typesupport_fastrtps_c;rosidl_typesupport_introspection_c
[0.317s] -- Using all available rosidl_typesupport_cpp: rosidl_typesupport_fastrtps_cpp;rosidl_typesupport_introspection_cpp
[0.366s] -- Found rmw_implementation_cmake: 7.3.1 (/opt/ros/jazzy/share/rmw_implementation_cmake/cmake)
[0.368s] -- Found rmw_fastrtps_cpp: 8.4.1 (/opt/ros/jazzy/share/rmw_fastrtps_cpp/cmake)
[0.452s] -- Using RMW implementation 'rmw_fastrtps_cpp' as default
[0.503s] -- Found rclcpp_components: 28.1.5 (/opt/ros/jazzy/share/rclcpp_components/cmake)
[0.526s] -- Found geometry_msgs: 5.3.5 (/opt/ros/jazzy/share/geometry_msgs/cmake)
[0.550s] -- Found sensor_msgs: 5.3.5 (/opt/ros/jazzy/share/sensor_msgs/cmake)
[0.570s] -- Found nav_msgs: 5.3.5 (/opt/ros/jazzy/share/nav_msgs/cmake)
[0.593s] -- Found tf2: 0.36.4 (/opt/ros/jazzy/share/tf2/cmake)
[0.597s] -- Found ament_lint_auto: 0.17.1 (/opt/ros/jazzy/share/ament_lint_auto/cmake)
[0.677s] -- Added test 'cppcheck' to perform static code analysis on C / C++ code
[0.677s] -- Configured cppcheck include dirs: /home/dorson/Documents/github/Doe/src/doe_control/include
[0.677s] -- Configured cppcheck exclude dirs and/or files: 
[0.678s] -- Added test 'flake8' to check Python code syntax and style conventions
[0.678s] -- Configured 'flake8' exclude dirs and/or files: 
[0.680s] -- Added test 'lint_cmake' to check CMake code style
[0.681s] -- Added test 'pep257' to check Python code against some of the docstring style conventions in PEP 257
[0.686s] -- Added test 'uncrustify' to check C / C++ code style
[0.686s] -- Configured uncrustify additional arguments: 
[0.687s] -- Added test 'xmllint' to check XML markup files
[0.688s] -- Configuring done (0.6s)
[0.692s] [31mCMake Error at CMakeLists.txt:44 (add_library):
[0.692s]   Cannot find source file:
[0.692s] 
[0.692s]     src/thrust_allocator.cpp
[0.692s] 
[0.692s]   Tried extensions .c .C .c++ .cc .cpp .cxx .cu .mpp .m .M .mm .ixx .cppm
[0.692s]   .ccm .cxxm .c++m .h .hh .h++ .hm .hpp .hxx .in .txx .f .F .for .f77 .f90
[0.692s]   .f95 .f03 .hip .ispc
[0.693s] 
[0.693s] [0m
[0.693s] [31mCMake Error at CMakeLists.txt:44 (add_library):
[0.693s]   No SOURCES given to target: triton_controls
[0.693s] 
[0.693s] [0m
[0.693s] [0mCMake Generate step failed.  Build files cannot be regenerated correctly.[0m
[0.703s] gmake: *** [Makefile:267: cmake_check_build_system] Error 1
[0.704s] Invoked command in '/home/dorson/Documents/github/Doe/src/doe_control/build/doe_control' returned '2': CMAKE_PREFIX_PATH=${CMAKE_PREFIX_PATH}:/opt/ros/jazzy DEBUGINFOD_URLS=https://debuginfod.ubuntu.com /usr/bin/cmake --build /home/dorson/Documents/github/Doe/src/doe_control/build/doe_control -- -j20 -l20
