[0.028s] Invoking command in '/home/dorson/Documents/github/Doe/src/doe_simulation/build/doe_simulation': CMAKE_PREFIX_PATH=${CMAKE_PREFIX_PATH}:/opt/ros/jazzy DEBUGINFOD_URLS=https://debuginfod.ubuntu.com /usr/bin/cmake --build /home/dorson/Documents/github/Doe/src/doe_simulation/build/doe_simulation -- -j20 -l20
[0.079s] -- Found ament_cmake: 2.5.2 (/opt/ros/jazzy/share/ament_cmake/cmake)
[0.494s] -- Found ros_gz: 1.0.7 (/opt/ros/jazzy/share/ros_gz/cmake)
[0.494s] -- Found rclcpp: 28.1.5 (/opt/ros/jazzy/share/rclcpp/cmake)
[0.551s] -- Found rosidl_generator_c: 4.6.4 (/opt/ros/jazzy/share/rosidl_generator_c/cmake)
[0.568s] -- Found rosidl_generator_cpp: 4.6.4 (/opt/ros/jazzy/share/rosidl_generator_cpp/cmake)
[0.587s] -- Using all available rosidl_typesupport_c: rosidl_typesupport_fastrtps_c;rosidl_typesupport_introspection_c
[0.613s] -- Using all available rosidl_typesupport_cpp: rosidl_typesupport_fastrtps_cpp;rosidl_typesupport_introspection_cpp
[0.721s] -- Found rmw_implementation_cmake: 7.3.1 (/opt/ros/jazzy/share/rmw_implementation_cmake/cmake)
[0.723s] -- Found rmw_fastrtps_cpp: 8.4.1 (/opt/ros/jazzy/share/rmw_fastrtps_cpp/cmake)
[0.852s] -- Using RMW implementation 'rmw_fastrtps_cpp' as default
[0.970s] -- Found rclcpp_components: 28.1.5 (/opt/ros/jazzy/share/rclcpp_components/cmake)
[1.019s] -- Found geometry_msgs: 5.3.5 (/opt/ros/jazzy/share/geometry_msgs/cmake)
[1.072s] -- Found sensor_msgs: 5.3.5 (/opt/ros/jazzy/share/sensor_msgs/cmake)
[1.114s] -- Found nav_msgs: 5.3.5 (/opt/ros/jazzy/share/nav_msgs/cmake)
[1.183s] -- Looking for gz-plugin2 -- found version 2.0.3
[1.185s] -- Searching for dependencies of gz-plugin2
[1.186s] -- Looking for gz-utils2 -- found version 2.2.0
[1.186s] -- Searching for dependencies of gz-utils2
[1.187s] -- Searching for <gz-utils2> component [cli]
[1.188s] -- Looking for gz-utils2-cli -- found version 2.2.0
[1.188s] -- Searching for dependencies of gz-utils2-cli
[1.190s] -- Searching for <gz-plugin2> component [register]
[1.190s] -- Looking for gz-plugin2-register -- found version 2.0.3
[1.191s] -- Searching for dependencies of gz-plugin2-register
[1.192s] -- Looking for gz-plugin2 - found
[1.192s] 
[1.194s] -- Looking for gz-sim8 -- found version 8.7.0
[1.194s] -- Searching for dependencies of gz-sim8
[1.196s] -- Looking for sdformat14 -- found version 14.5.0
[1.196s] -- Searching for dependencies of sdformat14
[1.206s] -- Checking for module 'tinyxml2'
[1.236s] --   Found tinyxml2, version 10.0.0
[1.295s] -- Looking for gz-math7 -- found version 7.5.1
[1.295s] -- Searching for dependencies of gz-math7
[1.296s] -- Looking for gz-utils2 -- found version 2.2.0
[1.300s] -- Looking for gz-utils2 -- found version 2.2.0
[1.300s] -- Looking for gz-plugin2 -- found version 2.0.3
[1.300s] -- Searching for dependencies of gz-plugin2
[1.300s] -- Looking for gz-utils2 -- found version 2.2.0
[1.301s] -- Searching for <gz-plugin2> component [loader]
[1.302s] -- Looking for gz-plugin2-loader -- found version 2.0.3
[1.303s] -- Searching for dependencies of gz-plugin2-loader
[1.304s] -- Searching for <gz-plugin2> component [register]
[1.305s] -- Looking for gz-transport13 -- found version 13.4.0
[1.305s] -- Searching for dependencies of gz-transport13
[1.378s] -- Config-file not installed for ZeroMQ -- checking for pkg-config
[1.385s] -- Checking for module 'libzmq >= 4'
[1.413s] --   Found libzmq, version 4.3.5
[1.500s] -- Checking for module 'uuid'
[1.529s] --   Found uuid, version 2.39.3
[1.592s] -- Looking for gz-utils2 -- found version 2.2.0
[1.593s] -- Looking for gz-msgs10 -- found version 10.3.1
[1.593s] -- Searching for dependencies of gz-msgs10
[1.633s] -- Looking for gz-utils2 -- found version 2.2.0
[1.634s] -- Looking for gz-math7 -- found version 7.5.1
[1.914s] -- Searching for <gz-transport13> component [log]
[1.918s] -- Looking for gz-transport13-log -- found version 13.4.0
[1.918s] -- Searching for dependencies of gz-transport13-log
[1.920s] -- Searching for <gz-transport13> component [parameters]
[1.933s] -- Looking for gz-transport13-parameters -- found version 13.4.0
[1.934s] -- Searching for dependencies of gz-transport13-parameters
[1.939s] -- Looking for gz-msgs10 -- found version 10.3.1
[1.943s] -- Looking for gz-common5 -- found version 5.7.0
[1.943s] -- Searching for dependencies of gz-common5
[1.944s] -- Looking for gz-utils2 -- found version 2.2.0
[1.946s] -- Looking for dlfcn.h - found
[1.946s] -- Looking for libdl - found
[1.972s] -- Searching for <gz-common5> component [av]
[1.975s] -- Looking for gz-common5-av -- found version 5.7.0
[1.975s] -- Searching for dependencies of gz-common5-av
[1.987s] -- Checking for module 'libswscale'
[2.020s] --   Found libswscale, version 7.5.100
[2.094s] -- Checking for module 'libavdevice >= 56.4.100'
[2.124s] --   Found libavdevice, version 60.3.100
[2.225s] -- Checking for module 'libavformat'
[2.254s] --   Found libavformat, version 60.16.100
[2.337s] -- Checking for module 'libavcodec'
[2.368s] --   Found libavcodec, version 60.31.102
[2.455s] -- Checking for module 'libavutil'
[2.481s] --   Found libavutil, version 58.29.100
[2.565s] -- Searching for <gz-common5> component [events]
[2.565s] -- Looking for gz-common5-events -- found version 5.7.0
[2.565s] -- Searching for dependencies of gz-common5-events
[2.566s] -- Looking for gz-math7 -- found version 7.5.1
[2.567s] -- Searching for <gz-common5> component [graphics]
[2.568s] -- Looking for gz-common5-graphics -- found version 5.7.0
[2.569s] -- Searching for dependencies of gz-common5-graphics
[2.569s] -- Looking for gz-math7 -- found version 7.5.1
[2.575s] -- Searching for <gz-common5> component [io]
[2.576s] -- Looking for gz-common5-io -- found version 5.7.0
[2.576s] -- Searching for dependencies of gz-common5-io
[2.577s] -- Searching for <gz-common5> component [profiler]
[2.578s] -- Looking for gz-common5-profiler -- found version 5.7.0
[2.578s] -- Searching for dependencies of gz-common5-profiler
[2.580s] -- Looking for gz-fuel_tools9 -- found version 9.1.0
[2.581s] -- Searching for dependencies of gz-fuel_tools9
[2.661s] -- Checking for module 'jsoncpp'
[2.692s] --   Found jsoncpp, version 1.9.5
[2.786s] -- Checking for module 'yaml-0.1'
[2.814s] --   Found yaml-0.1, version 0.2.5
[2.886s] -- Checking for module 'libzip'
[2.915s] --   Found libzip, version 1.7.3
[2.980s] -- Looking for gz-utils2 -- found version 2.2.0
[2.981s] -- Looking for gz-common5 -- found version 5.7.0
[2.981s] -- Searching for dependencies of gz-common5
[2.982s] -- Looking for gz-utils2 -- found version 2.2.0
[2.982s] -- Looking for dlfcn.h - found
[2.982s] -- Looking for libdl - found
[2.997s] -- Searching for <gz-common5> component [testing]
[3.025s] -- Looking for gz-common5-testing -- found version 5.7.0
[3.026s] -- Searching for dependencies of gz-common5-testing
[3.030s] -- Looking for gz-math7 -- found version 7.5.1
[3.031s] -- Looking for gz-msgs10 -- found version 10.3.1
[3.038s] -- Looking for gz-gui8 -- found version 8.3.0
[3.038s] -- Searching for dependencies of gz-gui8
[3.084s] -- Looking for gz-utils2 -- found version 2.2.0
[3.085s] -- Looking for gz-math7 -- found version 7.5.1
[3.086s] -- Looking for gz-common5 -- found version 5.7.0
[3.086s] -- Looking for gz-plugin2 -- found version 2.0.3
[3.087s] -- Looking for gz-transport13 -- found version 13.4.0
[3.088s] -- Looking for gz-rendering8 -- found version 8.2.1
[3.088s] -- Searching for dependencies of gz-rendering8
[3.089s] -- Looking for gz-math7 -- found version 7.5.1
[3.089s] -- Searching for dependencies of gz-math7
[3.090s] -- Looking for gz-utils2 -- found version 2.2.0
[3.090s] -- Searching for <gz-math7> component [eigen3]
[3.091s] -- Looking for gz-math7-eigen3 -- found version 7.5.1
[3.091s] -- Searching for dependencies of gz-math7-eigen3
[3.094s] -- Looking for gz-common5 -- found version 5.7.0
[3.094s] -- Searching for dependencies of gz-common5
[3.095s] -- Looking for gz-utils2 -- found version 2.2.0
[3.095s] -- Looking for dlfcn.h - found
[3.095s] -- Looking for libdl - found
[3.110s] -- Searching for <gz-common5> component [graphics]
[3.110s] -- Searching for <gz-common5> component [events]
[3.110s] -- Searching for <gz-common5> component [geospatial]
[3.111s] -- Looking for gz-common5-geospatial -- found version 5.7.0
[3.112s] -- Searching for dependencies of gz-common5-geospatial
[3.112s] -- Looking for gz-math7 -- found version 7.5.1
[3.113s] -- Looking for gz-common5 -- found version 5.7.0
[3.115s] -- Looking for gz-plugin2 -- found version 2.0.3
[3.116s] -- Searching for dependencies of gz-plugin2
[3.116s] -- Looking for gz-utils2 -- found version 2.2.0
[3.117s] -- Searching for <gz-plugin2> component [all]
[3.118s] -- Looking for all libraries of gz-plugin2 -- found version 2.0.3
[3.119s] -- Looking for gz-plugin2 -- found version 2.0.3
[3.121s] -- Looking for gz-utils2 -- found version 2.2.0
[3.128s] -- Looking for gz-msgs10 -- found version 10.3.1
[3.162s] -- Looking for gz-physics7 -- found version 7.4.0
[3.162s] -- Searching for dependencies of gz-physics7
[3.162s] -- Looking for gz-common5 -- found version 5.7.0
[3.163s] -- Looking for gz-math7 -- found version 7.5.1
[3.164s] -- Looking for gz-plugin2 -- found version 2.0.3
[3.165s] -- Looking for gz-utils2 -- found version 2.2.0
[3.167s] -- Searching for <gz-physics7> component [heightmap]
[3.168s] -- Looking for gz-physics7-heightmap -- found version 7.4.0
[3.168s] -- Searching for dependencies of gz-physics7-heightmap
[3.169s] -- Looking for gz-common5 -- found version 5.7.0
[3.170s] -- Searching for <gz-physics7> component [mesh]
[3.171s] -- Looking for gz-physics7-mesh -- found version 7.4.0
[3.171s] -- Searching for dependencies of gz-physics7-mesh
[3.172s] -- Looking for gz-common5 -- found version 5.7.0
[3.173s] -- Searching for <gz-physics7> component [sdf]
[3.174s] -- Looking for gz-physics7-sdf -- found version 7.4.0
[3.174s] -- Searching for dependencies of gz-physics7-sdf
[3.175s] -- Looking for sdformat14 -- found version 14.5.0
[3.177s] -- Looking for gz-sensors8 -- found version 8.2.1
[3.177s] -- Searching for dependencies of gz-sensors8
[3.216s] -- Looking for gz-math7 -- found version 7.5.1
[3.216s] -- Looking for gz-common5 -- found version 5.7.0
[3.217s] -- Looking for gz-transport13 -- found version 13.4.0
[3.218s] -- Looking for gz-rendering8 -- found version 8.2.1
[3.219s] -- Looking for gz-msgs10 -- found version 10.3.1
[3.220s] -- Looking for sdformat14 -- found version 14.5.0
[3.221s] -- Searching for <gz-sensors8> component [air_pressure]
[3.222s] -- Looking for gz-sensors8-air_pressure -- found version 8.2.1
[3.222s] -- Searching for dependencies of gz-sensors8-air_pressure
[3.224s] -- Searching for <gz-sensors8> component [air_speed]
[3.224s] -- Looking for gz-sensors8-air_speed -- found version 8.2.1
[3.225s] -- Searching for dependencies of gz-sensors8-air_speed
[3.226s] -- Searching for <gz-sensors8> component [altimeter]
[3.227s] -- Looking for gz-sensors8-altimeter -- found version 8.2.1
[3.227s] -- Searching for dependencies of gz-sensors8-altimeter
[3.228s] -- Searching for <gz-sensors8> component [imu]
[3.229s] -- Looking for gz-sensors8-imu -- found version 8.2.1
[3.229s] -- Searching for dependencies of gz-sensors8-imu
[3.230s] -- Searching for <gz-sensors8> component [force_torque]
[3.231s] -- Looking for gz-sensors8-force_torque -- found version 8.2.1
[3.232s] -- Searching for dependencies of gz-sensors8-force_torque
[3.233s] -- Searching for <gz-sensors8> component [logical_camera]
[3.234s] -- Looking for gz-sensors8-logical_camera -- found version 8.2.1
[3.234s] -- Searching for dependencies of gz-sensors8-logical_camera
[3.235s] -- Searching for <gz-sensors8> component [magnetometer]
[3.236s] -- Looking for gz-sensors8-magnetometer -- found version 8.2.1
[3.236s] -- Searching for dependencies of gz-sensors8-magnetometer
[3.237s] -- Searching for <gz-sensors8> component [navsat]
[3.238s] -- Looking for gz-sensors8-navsat -- found version 8.2.1
[3.238s] -- Searching for dependencies of gz-sensors8-navsat
[3.239s] -- Searching for <gz-sensors8> component [dvl]
[3.240s] -- Looking for gz-sensors8-dvl -- found version 8.2.1
[3.240s] -- Searching for dependencies of gz-sensors8-dvl
[3.241s] -- Looking for gz-sensors8 -- found version 8.2.1
[3.241s] -- Searching for dependencies of gz-sensors8
[3.279s] -- Looking for gz-math7 -- found version 7.5.1
[3.279s] -- Looking for gz-common5 -- found version 5.7.0
[3.280s] -- Looking for gz-transport13 -- found version 13.4.0
[3.281s] -- Looking for gz-rendering8 -- found version 8.2.1
[3.281s] -- Looking for gz-msgs10 -- found version 10.3.1
[3.282s] -- Looking for sdformat14 -- found version 14.5.0
[3.282s] -- Searching for <gz-sensors8> component [rendering]
[3.283s] -- Looking for gz-sensors8-rendering -- found version 8.2.1
[3.284s] -- Searching for dependencies of gz-sensors8-rendering
[3.286s] -- Searching for <gz-sensors8> component [rendering]
[3.286s] -- Searching for <gz-sensors8> component [lidar]
[3.287s] -- Looking for gz-sensors8-lidar -- found version 8.2.1
[3.287s] -- Searching for dependencies of gz-sensors8-lidar
[3.288s] -- Looking for gz-sensors8 -- found version 8.2.1
[3.289s] -- Searching for <gz-sensors8> component [gpu_lidar]
[3.290s] -- Looking for gz-sensors8-gpu_lidar -- found version 8.2.1
[3.290s] -- Searching for dependencies of gz-sensors8-gpu_lidar
[3.291s] -- Looking for gz-sensors8 -- found version 8.2.1
[3.292s] -- Searching for <gz-sensors8> component [camera]
[3.293s] -- Looking for gz-sensors8-camera -- found version 8.2.1
[3.293s] -- Searching for dependencies of gz-sensors8-camera
[3.294s] -- Looking for gz-sensors8 -- found version 8.2.1
[3.295s] -- Searching for <gz-sensors8> component [boundingbox_camera]
[3.296s] -- Looking for gz-sensors8-boundingbox_camera -- found version 8.2.1
[3.297s] -- Searching for dependencies of gz-sensors8-boundingbox_camera
[3.297s] -- Searching for <gz-sensors8> component [segmentation_camera]
[3.298s] -- Looking for gz-sensors8-segmentation_camera -- found version 8.2.1
[3.299s] -- Searching for dependencies of gz-sensors8-segmentation_camera
[3.300s] -- Searching for <gz-sensors8> component [depth_camera]
[3.301s] -- Looking for gz-sensors8-depth_camera -- found version 8.2.1
[3.301s] -- Searching for dependencies of gz-sensors8-depth_camera
[3.301s] -- Looking for gz-sensors8 -- found version 8.2.1
[3.303s] -- Searching for <gz-sensors8> component [rgbd_camera]
[3.303s] -- Looking for gz-sensors8-rgbd_camera -- found version 8.2.1
[3.304s] -- Searching for dependencies of gz-sensors8-rgbd_camera
[3.304s] -- Looking for gz-sensors8 -- found version 8.2.1
[3.306s] -- Searching for <gz-sensors8> component [thermal_camera]
[3.307s] -- Looking for gz-sensors8-thermal_camera -- found version 8.2.1
[3.307s] -- Searching for dependencies of gz-sensors8-thermal_camera
[3.308s] -- Looking for gz-sensors8 -- found version 8.2.1
[3.309s] -- Searching for <gz-sensors8> component [wide_angle_camera]
[3.310s] -- Looking for gz-sensors8-wide_angle_camera -- found version 8.2.1
[3.311s] -- Searching for dependencies of gz-sensors8-wide_angle_camera
[3.313s] -- Looking for gz-rendering8 -- found version 8.2.1
[3.314s] -- Looking for gz-math7 -- found version 7.5.1
[3.315s] -- Looking for gz-utils2 -- found version 2.2.0
[3.354s] -- Looking for gz-sim8 - found
[3.355s] 
[3.541s] -- Configuring done (3.5s)
[3.668s] -- Generating done (0.1s)
[3.672s] -- Build files have been written to: /home/dorson/Documents/github/Doe/src/doe_simulation/build/doe_simulation
[3.770s] [100%] Built target thruster_driver_plugin
[3.790s] Invoked command in '/home/dorson/Documents/github/Doe/src/doe_simulation/build/doe_simulation' returned '0': CMAKE_PREFIX_PATH=${CMAKE_PREFIX_PATH}:/opt/ros/jazzy DEBUGINFOD_URLS=https://debuginfod.ubuntu.com /usr/bin/cmake --build /home/dorson/Documents/github/Doe/src/doe_simulation/build/doe_simulation -- -j20 -l20
[3.867s] Invoking command in '/home/dorson/Documents/github/Doe/src/doe_simulation/build/doe_simulation': CMAKE_PREFIX_PATH=${CMAKE_PREFIX_PATH}:/opt/ros/jazzy DEBUGINFOD_URLS=https://debuginfod.ubuntu.com /usr/bin/cmake --install /home/dorson/Documents/github/Doe/src/doe_simulation/build/doe_simulation
[3.880s] -- Install configuration: ""
[3.881s] -- Up-to-date: /home/dorson/Documents/github/Doe/src/doe_simulation/install/doe_simulation/share/doe_simulation/environment/library_path.sh
[3.881s] -- Up-to-date: /home/dorson/Documents/github/Doe/src/doe_simulation/install/doe_simulation/share/doe_simulation/environment/library_path.dsv
[3.881s] -- Up-to-date: /home/dorson/Documents/github/Doe/src/doe_simulation/install/doe_simulation/lib/doe_simulation/libthruster_driver_plugin.so
[3.882s] -- Up-to-date: /home/dorson/Documents/github/Doe/src/doe_simulation/install/doe_simulation/share/doe_simulation//launch
[3.882s] -- Installing: /home/dorson/Documents/github/Doe/src/doe_simulation/install/doe_simulation/share/doe_simulation//launch/gazebo_launch.py
[3.882s] -- Up-to-date: /home/dorson/Documents/github/Doe/src/doe_simulation/install/doe_simulation/share/doe_simulation/gazebo/worlds
[3.882s] -- Up-to-date: /home/dorson/Documents/github/Doe/src/doe_simulation/install/doe_simulation/share/doe_simulation/gazebo/worlds/cube.world
[3.883s] -- Up-to-date: /home/dorson/Documents/github/Doe/src/doe_simulation/install/doe_simulation/share/doe_simulation/gazebo/worlds/competition.world
[3.883s] -- Up-to-date: /home/dorson/Documents/github/Doe/src/doe_simulation/install/doe_simulation/share/doe_simulation/gazebo/worlds/thruster_test.world
[3.883s] -- Up-to-date: /home/dorson/Documents/github/Doe/src/doe_simulation/install/doe_simulation/share/doe_simulation/gazebo/models
[3.883s] -- Up-to-date: /home/dorson/Documents/github/Doe/src/doe_simulation/install/doe_simulation/share/doe_simulation/gazebo/models/gate
[3.884s] -- Up-to-date: /home/dorson/Documents/github/Doe/src/doe_simulation/install/doe_simulation/share/doe_simulation/gazebo/models/gate/model.sdf
[3.884s] -- Up-to-date: /home/dorson/Documents/github/Doe/src/doe_simulation/install/doe_simulation/share/doe_simulation/gazebo/models/gate/model.config
[3.884s] -- Up-to-date: /home/dorson/Documents/github/Doe/src/doe_simulation/install/doe_simulation/share/doe_simulation/gazebo/models/gate/meshes
[3.884s] -- Up-to-date: /home/dorson/Documents/github/Doe/src/doe_simulation/install/doe_simulation/share/doe_simulation/gazebo/models/gate/meshes/horCylinderRed.dae
[3.884s] -- Up-to-date: /home/dorson/Documents/github/Doe/src/doe_simulation/install/doe_simulation/share/doe_simulation/gazebo/models/gate/meshes/vertCylinder.dae
[3.884s] -- Up-to-date: /home/dorson/Documents/github/Doe/src/doe_simulation/install/doe_simulation/share/doe_simulation/gazebo/models/gate/meshes/horCylinderBlack.dae
[3.885s] -- Up-to-date: /home/dorson/Documents/github/Doe/src/doe_simulation/install/doe_simulation/share/doe_simulation/gazebo/models/gate/meshes/centrePanel.dae
[3.885s] -- Up-to-date: /home/dorson/Documents/github/Doe/src/doe_simulation/install/doe_simulation/share/doe_simulation/gazebo/models/gate/meshes/banner.dae
[3.885s] -- Up-to-date: /home/dorson/Documents/github/Doe/src/doe_simulation/install/doe_simulation/share/doe_simulation/gazebo/models/triton_auv
[3.885s] -- Up-to-date: /home/dorson/Documents/github/Doe/src/doe_simulation/install/doe_simulation/share/doe_simulation/gazebo/models/triton_auv/model.sdf
[3.885s] -- Up-to-date: /home/dorson/Documents/github/Doe/src/doe_simulation/install/doe_simulation/share/doe_simulation/gazebo/models/triton_auv/model.config
[3.885s] -- Up-to-date: /home/dorson/Documents/github/Doe/src/doe_simulation/install/doe_simulation/share/doe_simulation/gazebo/models/triton_frame
[3.886s] -- Up-to-date: /home/dorson/Documents/github/Doe/src/doe_simulation/install/doe_simulation/share/doe_simulation/gazebo/models/triton_frame/model.sdf
[3.886s] -- Up-to-date: /home/dorson/Documents/github/Doe/src/doe_simulation/install/doe_simulation/share/doe_simulation/gazebo/models/triton_frame/model.config
[3.886s] -- Up-to-date: /home/dorson/Documents/github/Doe/src/doe_simulation/install/doe_simulation/share/doe_simulation/gazebo/models/triton_frame/meshes
[3.886s] -- Up-to-date: /home/dorson/Documents/github/Doe/src/doe_simulation/install/doe_simulation/share/doe_simulation/gazebo/models/triton_frame/meshes/triton_frame.STL
[3.887s] -- Up-to-date: /home/dorson/Documents/github/Doe/src/doe_simulation/install/doe_simulation/share/doe_simulation/gazebo/models/triton_frame/meshes/triton_frame.dae
[3.887s] -- Up-to-date: /home/dorson/Documents/github/Doe/src/doe_simulation/install/doe_simulation/share/doe_simulation/gazebo/models/steelhead.sdf
[3.887s] -- Up-to-date: /home/dorson/Documents/github/Doe/src/doe_simulation/install/doe_simulation/share/doe_simulation/gazebo/models/cube_thruster
[3.888s] -- Up-to-date: /home/dorson/Documents/github/Doe/src/doe_simulation/install/doe_simulation/share/doe_simulation/gazebo/models/cube_thruster/model.sdf
[3.888s] -- Up-to-date: /home/dorson/Documents/github/Doe/src/doe_simulation/install/doe_simulation/share/doe_simulation/gazebo/models/cube_thruster/model.config
[3.889s] -- Up-to-date: /home/dorson/Documents/github/Doe/src/doe_simulation/install/doe_simulation/share/doe_simulation/gazebo/models/triton_thruster
[3.889s] -- Up-to-date: /home/dorson/Documents/github/Doe/src/doe_simulation/install/doe_simulation/share/doe_simulation/gazebo/models/triton_thruster/model.sdf
[3.889s] -- Up-to-date: /home/dorson/Documents/github/Doe/src/doe_simulation/install/doe_simulation/share/doe_simulation/gazebo/models/triton_thruster/model.config
[3.890s] -- Up-to-date: /home/dorson/Documents/github/Doe/src/doe_simulation/install/doe_simulation/share/doe_simulation/gazebo/models/triton_thruster/meshes
[3.890s] -- Up-to-date: /home/dorson/Documents/github/Doe/src/doe_simulation/install/doe_simulation/share/doe_simulation/gazebo/models/triton_thruster/meshes/triton_thruster.dae
[3.890s] -- Up-to-date: /home/dorson/Documents/github/Doe/src/doe_simulation/install/doe_simulation/share/doe_simulation/gazebo/models/triton_thruster/meshes/triton_thruster.STL
[3.890s] -- Up-to-date: /home/dorson/Documents/github/Doe/src/doe_simulation/install/doe_simulation/share/doe_simulation/gazebo/models/cube_auv
[3.890s] -- Up-to-date: /home/dorson/Documents/github/Doe/src/doe_simulation/install/doe_simulation/share/doe_simulation/gazebo/models/cube_auv/model.sdf
[3.890s] -- Up-to-date: /home/dorson/Documents/github/Doe/src/doe_simulation/install/doe_simulation/share/doe_simulation/gazebo/models/cube_auv/model.config
[3.890s] -- Up-to-date: /home/dorson/Documents/github/Doe/src/doe_simulation/install/doe_simulation/share/ament_index/resource_index/package_run_dependencies/doe_simulation
[3.890s] -- Installing: /home/dorson/Documents/github/Doe/src/doe_simulation/install/doe_simulation/share/ament_index/resource_index/parent_prefix_path/doe_simulation
[3.890s] -- Up-to-date: /home/dorson/Documents/github/Doe/src/doe_simulation/install/doe_simulation/share/doe_simulation/environment/ament_prefix_path.sh
[3.891s] -- Up-to-date: /home/dorson/Documents/github/Doe/src/doe_simulation/install/doe_simulation/share/doe_simulation/environment/ament_prefix_path.dsv
[3.891s] -- Up-to-date: /home/dorson/Documents/github/Doe/src/doe_simulation/install/doe_simulation/share/doe_simulation/environment/path.sh
[3.891s] -- Up-to-date: /home/dorson/Documents/github/Doe/src/doe_simulation/install/doe_simulation/share/doe_simulation/environment/path.dsv
[3.891s] -- Up-to-date: /home/dorson/Documents/github/Doe/src/doe_simulation/install/doe_simulation/share/doe_simulation/local_setup.bash
[3.891s] -- Up-to-date: /home/dorson/Documents/github/Doe/src/doe_simulation/install/doe_simulation/share/doe_simulation/local_setup.sh
[3.891s] -- Up-to-date: /home/dorson/Documents/github/Doe/src/doe_simulation/install/doe_simulation/share/doe_simulation/local_setup.zsh
[3.891s] -- Up-to-date: /home/dorson/Documents/github/Doe/src/doe_simulation/install/doe_simulation/share/doe_simulation/local_setup.dsv
[3.891s] -- Installing: /home/dorson/Documents/github/Doe/src/doe_simulation/install/doe_simulation/share/doe_simulation/package.dsv
[3.891s] -- Up-to-date: /home/dorson/Documents/github/Doe/src/doe_simulation/install/doe_simulation/share/ament_index/resource_index/packages/doe_simulation
[3.891s] -- Up-to-date: /home/dorson/Documents/github/Doe/src/doe_simulation/install/doe_simulation/share/doe_simulation/cmake/ament_cmake_export_libraries-extras.cmake
[3.892s] -- Up-to-date: /home/dorson/Documents/github/Doe/src/doe_simulation/install/doe_simulation/share/doe_simulation/cmake/doe_simulationConfig.cmake
[3.892s] -- Up-to-date: /home/dorson/Documents/github/Doe/src/doe_simulation/install/doe_simulation/share/doe_simulation/cmake/doe_simulationConfig-version.cmake
[3.892s] -- Up-to-date: /home/dorson/Documents/github/Doe/src/doe_simulation/install/doe_simulation/share/doe_simulation/package.xml
[3.892s] Invoked command in '/home/dorson/Documents/github/Doe/src/doe_simulation/build/doe_simulation' returned '0': CMAKE_PREFIX_PATH=${CMAKE_PREFIX_PATH}:/opt/ros/jazzy DEBUGINFOD_URLS=https://debuginfod.ubuntu.com /usr/bin/cmake --install /home/dorson/Documents/github/Doe/src/doe_simulation/build/doe_simulation
