[0.560s] Invoking command in '/home/dorson/Documents/github/Doe/src/doe_teleop': DEBUGINFOD_URLS=https://debuginfod.ubuntu.com PYTHONPATH=/home/dorson/Documents/github/Doe/src/doe_teleop/build/doe_teleop/prefix_override:/usr/lib/python3/dist-packages/colcon_core/task/python/colcon_distutils_commands:/home/dorson/Documents/github/Doe/src/doe_teleop/install/doe_teleop/lib/python3.12/site-packages:${PYTHONPATH} /usr/bin/python3 -W ignore:setup.py install is deprecated setup.py egg_info --egg-base build/doe_teleop build --build-base /home/dorson/Documents/github/Doe/src/doe_teleop/build/doe_teleop/build install --record /home/dorson/Documents/github/Doe/src/doe_teleop/build/doe_teleop/install.log --single-version-externally-managed install_data
[0.744s] running egg_info
[0.762s] writing build/doe_teleop/doe_teleop.egg-info/PKG-INFO
[0.762s] writing dependency_links to build/doe_teleop/doe_teleop.egg-info/dependency_links.txt
[0.762s] writing entry points to build/doe_teleop/doe_teleop.egg-info/entry_points.txt
[0.762s] writing requirements to build/doe_teleop/doe_teleop.egg-info/requires.txt
[0.762s] writing top-level names to build/doe_teleop/doe_teleop.egg-info/top_level.txt
[0.791s] reading manifest file 'build/doe_teleop/doe_teleop.egg-info/SOURCES.txt'
[0.791s] writing manifest file 'build/doe_teleop/doe_teleop.egg-info/SOURCES.txt'
[0.791s] running build
[0.791s] running build_py
[0.791s] running install
[0.796s] running install_lib
[0.809s] running install_data
[0.810s] running install_egg_info
[0.823s] removing '/home/dorson/Documents/github/Doe/src/doe_teleop/install/doe_teleop/lib/python3.12/site-packages/doe_teleop-0.0.0-py3.12.egg-info' (and everything under it)
[0.824s] Copying build/doe_teleop/doe_teleop.egg-info to /home/dorson/Documents/github/Doe/src/doe_teleop/install/doe_teleop/lib/python3.12/site-packages/doe_teleop-0.0.0-py3.12.egg-info
[0.824s] running install_scripts
[0.913s] Installing keyboard_teleop script to /home/dorson/Documents/github/Doe/src/doe_teleop/install/doe_teleop/lib/doe_teleop
[0.914s] writing list of installed files to '/home/dorson/Documents/github/Doe/src/doe_teleop/build/doe_teleop/install.log'
[0.936s] Invoked command in '/home/dorson/Documents/github/Doe/src/doe_teleop' returned '0': DEBUGINFOD_URLS=https://debuginfod.ubuntu.com PYTHONPATH=/home/dorson/Documents/github/Doe/src/doe_teleop/build/doe_teleop/prefix_override:/usr/lib/python3/dist-packages/colcon_core/task/python/colcon_distutils_commands:/home/dorson/Documents/github/Doe/src/doe_teleop/install/doe_teleop/lib/python3.12/site-packages:${PYTHONPATH} /usr/bin/python3 -W ignore:setup.py install is deprecated setup.py egg_info --egg-base build/doe_teleop build --build-base /home/dorson/Documents/github/Doe/src/doe_teleop/build/doe_teleop/build install --record /home/dorson/Documents/github/Doe/src/doe_teleop/build/doe_teleop/install.log --single-version-externally-managed install_data
